0:0:0:0:0:0:0:1 - - [16/Dec/2023:15:27:19 +0530] "GET / HTTP/1.1" 200 8054
0:0:0:0:0:0:0:1 - - [16/Dec/2023:15:27:19 +0530] "GET /scripts/index.js?version=18 HTTP/1.1" 304 -
0:0:0:0:0:0:0:1 - - [16/Dec/2023:15:27:19 +0530] "GET /scripts/loader/loader.js?version=18 HTTP/1.1" 304 -
0:0:0:0:0:0:0:1 - - [16/Dec/2023:15:27:19 +0530] "GET /scripts/ajaxCall.js?version=18 HTTP/1.1" 200 7099
0:0:0:0:0:0:0:1 - - [16/Dec/2023:15:27:19 +0530] "GET /scripts/common.js?version=18 HTTP/1.1" 200 1496
0:0:0:0:0:0:0:1 - - [16/Dec/2023:15:27:25 +0530] "POST /Login?mode=login&encodePassword=2703d74ffd1f0f06a2a58e614f0baeb81681eb0af21fd416dca47a68427c0b67 HTTP/1.1" 200 8115
0:0:0:0:0:0:0:1 - - [16/Dec/2023:15:28:54 +0530] "GET / HTTP/1.1" 200 8054
0:0:0:0:0:0:0:1 - - [16/Dec/2023:15:28:59 +0530] "POST /Login?mode=login&encodePassword=2703d74ffd1f0f06a2a58e614f0baeb81681eb0af21fd416dca47a68427c0b67 HTTP/1.1" 200 9413
0:0:0:0:0:0:0:1 - - [16/Dec/2023:15:28:59 +0530] "GET /Images/profileImages/arul/IMG_20230403_091844.jpg HTTP/1.1" 304 -
0:0:0:0:0:0:0:1 - - [16/Dec/2023:15:28:59 +0530] "GET /styleSheet/Profile/editProfile.css?version=18 HTTP/1.1" 304 -
0:0:0:0:0:0:0:1 - - [16/Dec/2023:15:28:59 +0530] "GET /scripts/profile/editProfile.js?version=18 HTTP/1.1" 304 -
0:0:0:0:0:0:0:1 - - [16/Dec/2023:15:28:59 +0530] "GET /scripts/header.js?version=18 HTTP/1.1" 304 -
0:0:0:0:0:0:0:1 - - [16/Dec/2023:15:29:09 +0530] "GET / HTTP/1.1" 200 8054
0:0:0:0:0:0:0:1 - - [16/Dec/2023:15:29:10 +0530] "GET /styleSheet/bootstrap.css?version=18 HTTP/1.1" 200 208796
0:0:0:0:0:0:0:1 - - [16/Dec/2023:15:29:10 +0530] "GET /styleSheet/index.css?version=18 HTTP/1.1" 200 5867
0:0:0:0:0:0:0:1 - - [16/Dec/2023:15:29:10 +0530] "GET /styleSheet/Pagination.css?version=18 HTTP/1.1" 200 974
0:0:0:0:0:0:0:1 - - [16/Dec/2023:15:29:10 +0530] "GET /styleSheet/searchBox.css?version=18 HTTP/1.1" 200 771
0:0:0:0:0:0:0:1 - - [16/Dec/2023:15:29:10 +0530] "GET /styleSheet/header.css?version=18 HTTP/1.1" 200 1668
0:0:0:0:0:0:0:1 - - [16/Dec/2023:15:29:10 +0530] "GET /styleSheet/loader/loader.css?version=18 HTTP/1.1" 200 179
0:0:0:0:0:0:0:1 - - [16/Dec/2023:15:29:10 +0530] "GET /styleSheet/ajax-loader.css?version=18 HTTP/1.1" 200 990
0:0:0:0:0:0:0:1 - - [16/Dec/2023:15:29:10 +0530] "GET /scripts/ajax/libs/jqueryUi/1.10.2/jquery-ui.min.js?version=18 HTTP/1.1" 200 228013
0:0:0:0:0:0:0:1 - - [16/Dec/2023:15:29:10 +0530] "GET /scripts/ajax/libs/jquery/3.6.0/jquery.min.js?version=18 HTTP/1.1" 200 89501
0:0:0:0:0:0:0:1 - - [16/Dec/2023:15:29:10 +0530] "GET /scripts/ajax/libs/jquery/3.5.1/jquery.min.js?version=18 HTTP/1.1" 200 89476
0:0:0:0:0:0:0:1 - - [16/Dec/2023:15:29:10 +0530] "GET /scripts/ajax/libs/jquery/1.9.1/jquery.min.js?version=18 HTTP/1.1" 200 92633
0:0:0:0:0:0:0:1 - - [16/Dec/2023:15:29:10 +0530] "GET /scripts/ajaxCall.js?version=18 HTTP/1.1" 200 7099
0:0:0:0:0:0:0:1 - - [16/Dec/2023:15:29:10 +0530] "GET /scripts/Validator.js?version=18 HTTP/1.1" 200 2628
0:0:0:0:0:0:0:1 - - [16/Dec/2023:15:29:10 +0530] "GET /scripts/loader/loader.js?version=18 HTTP/1.1" 200 1443
0:0:0:0:0:0:0:1 - - [16/Dec/2023:15:29:10 +0530] "GET /scripts/common.js?version=18 HTTP/1.1" 200 1496
0:0:0:0:0:0:0:1 - - [16/Dec/2023:15:29:10 +0530] "GET /scripts/index.js?version=18 HTTP/1.1" 200 1901
0:0:0:0:0:0:0:1 - - [16/Dec/2023:15:29:34 +0530] "GET / HTTP/1.1" 200 8054
0:0:0:0:0:0:0:1 - - [16/Dec/2023:15:29:45 +0530] "POST /Login?mode=login&encodePassword=2703d74ffd1f0f06a2a58e614f0baeb81681eb0af21fd416dca47a68427c0b67 HTTP/1.1" 200 9413
0:0:0:0:0:0:0:1 - - [16/Dec/2023:15:29:45 +0530] "GET /Images/profileImages/arul/IMG_20230403_091844.jpg HTTP/1.1" 200 6221731
0:0:0:0:0:0:0:1 - - [16/Dec/2023:15:29:45 +0530] "GET /styleSheet/Profile/editProfile.css?version=18 HTTP/1.1" 200 2645
0:0:0:0:0:0:0:1 - - [16/Dec/2023:15:29:45 +0530] "GET /scripts/profile/editProfile.js?version=18 HTTP/1.1" 200 1445
0:0:0:0:0:0:0:1 - - [16/Dec/2023:15:29:45 +0530] "GET /Images/Carousel/flight.jpg HTTP/1.1" 200 117179
0:0:0:0:0:0:0:1 - - [16/Dec/2023:15:29:45 +0530] "GET /scripts/header.js?version=18 HTTP/1.1" 200 422
0:0:0:0:0:0:0:1 - - [16/Dec/2023:15:29:45 +0530] "GET /Images/Carousel/3.jpg HTTP/1.1" 200 179609
0:0:0:0:0:0:0:1 - - [16/Dec/2023:15:29:45 +0530] "GET /Images/Carousel/2.webp HTTP/1.1" 200 19862
0:0:0:0:0:0:0:1 - - [16/Dec/2023:15:29:45 +0530] "GET /scripts/home.js?version=18 HTTP/1.1" 200 1040
0:0:0:0:0:0:0:1 - - [16/Dec/2023:15:29:45 +0530] "GET /Images/Carousel/4.jpg HTTP/1.1" 200 93961
0:0:0:0:0:0:0:1 - - [16/Dec/2023:15:29:45 +0530] "GET /Images/Carousel/1.jpg HTTP/1.1" 200 59904
0:0:0:0:0:0:0:1 - - [16/Dec/2023:15:29:45 +0530] "GET /Images/Carousel/5.jpg HTTP/1.1" 200 91362
0:0:0:0:0:0:0:1 - - [16/Dec/2023:15:29:45 +0530] "GET /Images/Carousel/6.jpeg HTTP/1.1" 200 25130
0:0:0:0:0:0:0:1 - - [16/Dec/2023:15:30:03 +0530] "GET /Booking?mode= HTTP/1.1" 200 398074
0:0:0:0:0:0:0:1 - - [16/Dec/2023:15:30:05 +0530] "GET /home.jsp HTTP/1.1" 200 9413
0:0:0:0:0:0:0:1 - - [16/Dec/2023:15:30:54 +0530] "GET /styleSheet/bootstrap.min.css.map HTTP/1.1" 404 407
0:0:0:0:0:0:0:1 - - [16/Dec/2023:15:30:56 +0530] "GET /home.jsp HTTP/1.1" 200 9413
0:0:0:0:0:0:0:1 - - [16/Dec/2023:15:30:56 +0530] "GET /styleSheet/Pagination.css?version=18 HTTP/1.1" 200 974
0:0:0:0:0:0:0:1 - - [16/Dec/2023:15:30:56 +0530] "GET /styleSheet/bootstrap.css?version=18 HTTP/1.1" 200 208796
0:0:0:0:0:0:0:1 - - [16/Dec/2023:15:30:56 +0530] "GET /styleSheet/searchBox.css?version=18 HTTP/1.1" 200 771
0:0:0:0:0:0:0:1 - - [16/Dec/2023:15:30:56 +0530] "GET /styleSheet/index.css?version=18 HTTP/1.1" 200 5867
0:0:0:0:0:0:0:1 - - [16/Dec/2023:15:30:56 +0530] "GET /styleSheet/ajax-loader.css?version=18 HTTP/1.1" 200 990
0:0:0:0:0:0:0:1 - - [16/Dec/2023:15:30:56 +0530] "GET /styleSheet/header.css?version=18 HTTP/1.1" 200 1668
0:0:0:0:0:0:0:1 - - [16/Dec/2023:15:30:56 +0530] "GET /scripts/ajax/libs/jquery/1.9.1/jquery.min.js?version=18 HTTP/1.1" 200 92633
0:0:0:0:0:0:0:1 - - [16/Dec/2023:15:30:56 +0530] "GET /scripts/ajax/libs/jquery/3.5.1/jquery.min.js?version=18 HTTP/1.1" 200 89476
0:0:0:0:0:0:0:1 - - [16/Dec/2023:15:30:56 +0530] "GET /styleSheet/loader/loader.css?version=18 HTTP/1.1" 200 179
0:0:0:0:0:0:0:1 - - [16/Dec/2023:15:30:56 +0530] "GET /scripts/ajax/libs/jquery/3.6.0/jquery.min.js?version=18 HTTP/1.1" 200 89501
0:0:0:0:0:0:0:1 - - [16/Dec/2023:15:30:56 +0530] "GET /styleSheet/Profile/editProfile.css?version=18 HTTP/1.1" 200 2645
0:0:0:0:0:0:0:1 - - [16/Dec/2023:15:30:56 +0530] "GET /scripts/Validator.js?version=18 HTTP/1.1" 200 2628
0:0:0:0:0:0:0:1 - - [16/Dec/2023:15:30:56 +0530] "GET /scripts/ajaxCall.js?version=18 HTTP/1.1" 200 7104
0:0:0:0:0:0:0:1 - - [16/Dec/2023:15:30:56 +0530] "GET /scripts/ajax/libs/jqueryUi/1.10.2/jquery-ui.min.js?version=18 HTTP/1.1" 200 228013
0:0:0:0:0:0:0:1 - - [16/Dec/2023:15:30:56 +0530] "GET /scripts/loader/loader.js?version=18 HTTP/1.1" 200 1443
0:0:0:0:0:0:0:1 - - [16/Dec/2023:15:30:56 +0530] "GET /styleSheet/bootstrap.min.css.map HTTP/1.1" 404 407
0:0:0:0:0:0:0:1 - - [16/Dec/2023:15:30:56 +0530] "GET /scripts/common.js?version=18 HTTP/1.1" 200 1496
0:0:0:0:0:0:0:1 - - [16/Dec/2023:15:30:56 +0530] "GET /Images/profileImages/arul/IMG_20230403_091844.jpg HTTP/1.1" 200 6221731
0:0:0:0:0:0:0:1 - - [16/Dec/2023:15:30:56 +0530] "GET /scripts/profile/editProfile.js?version=18 HTTP/1.1" 200 1445
0:0:0:0:0:0:0:1 - - [16/Dec/2023:15:30:56 +0530] "GET /Images/Carousel/flight.jpg HTTP/1.1" 200 117179
0:0:0:0:0:0:0:1 - - [16/Dec/2023:15:30:56 +0530] "GET /Images/Carousel/1.jpg HTTP/1.1" 200 59904
0:0:0:0:0:0:0:1 - - [16/Dec/2023:15:30:56 +0530] "GET /Images/Carousel/2.webp HTTP/1.1" 200 19862
0:0:0:0:0:0:0:1 - - [16/Dec/2023:15:30:56 +0530] "GET /Images/Carousel/3.jpg HTTP/1.1" 200 179609
0:0:0:0:0:0:0:1 - - [16/Dec/2023:15:30:56 +0530] "GET /scripts/header.js?version=18 HTTP/1.1" 200 422
0:0:0:0:0:0:0:1 - - [16/Dec/2023:15:30:56 +0530] "GET /scripts/home.js?version=18 HTTP/1.1" 200 1040
0:0:0:0:0:0:0:1 - - [16/Dec/2023:15:30:56 +0530] "GET /Images/Carousel/4.jpg HTTP/1.1" 200 93961
0:0:0:0:0:0:0:1 - - [16/Dec/2023:15:30:56 +0530] "GET /Images/Carousel/5.jpg HTTP/1.1" 200 91362
0:0:0:0:0:0:0:1 - - [16/Dec/2023:15:30:56 +0530] "GET /Images/Carousel/6.jpeg HTTP/1.1" 200 25130
0:0:0:0:0:0:0:1 - - [16/Dec/2023:15:30:57 +0530] "GET /Images/favIcon/fav.png HTTP/1.1" 200 5050
0:0:0:0:0:0:0:1 - - [16/Dec/2023:15:31:40 +0530] "POST /uploadImage.jsp HTTP/1.1" 200 51
0:0:0:0:0:0:0:1 - - [16/Dec/2023:15:31:40 +0530] "POST /Ajax?mode=userProfileSubmit&isFileChanged=true&hGender=M&hdob=2000-12-01&fileName=DSC_0205.JPG&fileSize=12738861&fileType=image/jpeg&gender=M&dob=2000-12-01&status=Approved&objectUrl=blob:http://localhost:1000/59a87cf6-1378-4713-b4c3-3b6038cccfad HTTP/1.1" 200 50
0:0:0:0:0:0:0:1 - - [16/Dec/2023:15:31:51 +0530] "GET /styleSheet/bootstrap.min.css.map HTTP/1.1" 404 407
0:0:0:0:0:0:0:1 - - [16/Dec/2023:15:31:58 +0530] "GET /uploadImage.jsp HTTP/1.1" 200 51
0:0:0:0:0:0:0:1 - - [16/Dec/2023:15:31:58 +0530] "GET /favicon.ico HTTP/1.1" 404 407
0:0:0:0:0:0:0:1 - - [16/Dec/2023:15:35:26 +0530] "GET /home.jsp HTTP/1.1" 200 9426
0:0:0:0:0:0:0:1 - - [16/Dec/2023:15:35:26 +0530] "GET /scripts/ajaxCall.js?version=18 HTTP/1.1" 304 -
0:0:0:0:0:0:0:1 - - [16/Dec/2023:15:35:26 +0530] "GET /styleSheet/bootstrap.min.css.map HTTP/1.1" 404 407
0:0:0:0:0:0:0:1 - - [16/Dec/2023:15:35:30 +0530] "GET /Login?mode=L HTTP/1.1" 200 8054
0:0:0:0:0:0:0:1 - - [16/Dec/2023:15:35:30 +0530] "GET /scripts/index.js?version=18 HTTP/1.1" 200 1901
0:0:0:0:0:0:0:1 - - [16/Dec/2023:15:35:30 +0530] "GET /styleSheet/bootstrap.min.css.map HTTP/1.1" 404 407
0:0:0:0:0:0:0:1 - - [16/Dec/2023:15:35:32 +0530] "POST /Login?mode=login&encodePassword=2703d74ffd1f0f06a2a58e614f0baeb81681eb0af21fd416dca47a68427c0b67 HTTP/1.1" 200 9402
0:0:0:0:0:0:0:1 - - [16/Dec/2023:15:35:32 +0530] "GET /Images/profileImages/arul/DSC_0205.JPG HTTP/1.1" 404 407
0:0:0:0:0:0:0:1 - - [16/Dec/2023:15:35:32 +0530] "GET /styleSheet/bootstrap.min.css.map HTTP/1.1" 404 407
0:0:0:0:0:0:0:1 - - [16/Dec/2023:15:35:44 +0530] "POST /Ajax?mode=userProfileSubmit&isFileChanged=true&hGender=M&hdob=2000-12-01&fileName=DSC_0205.JPG&fileSize=12738861&fileType=image/jpeg&gender=M&dob=2000-12-01&status=Approved&objectUrl=blob:http://localhost:1000/3b66d124-617b-407a-8156-9cb47c1bd3b8 HTTP/1.1" 200 88
0:0:0:0:0:0:0:1 - - [16/Dec/2023:15:35:44 +0530] "POST /uploadImage.jsp HTTP/1.1" 200 51
0:0:0:0:0:0:0:1 - - [16/Dec/2023:15:44:08 +0530] "POST /Login?mode=login&encodePassword=2703d74ffd1f0f06a2a58e614f0baeb81681eb0af21fd416dca47a68427c0b67 HTTP/1.1" 200 9402
0:0:0:0:0:0:0:1 - - [16/Dec/2023:15:44:08 +0530] "GET /styleSheet/bootstrap.css?version=18 HTTP/1.1" 200 208796
0:0:0:0:0:0:0:1 - - [16/Dec/2023:15:44:08 +0530] "GET /styleSheet/index.css?version=18 HTTP/1.1" 200 5867
0:0:0:0:0:0:0:1 - - [16/Dec/2023:15:44:08 +0530] "GET /styleSheet/Pagination.css?version=18 HTTP/1.1" 200 974
0:0:0:0:0:0:0:1 - - [16/Dec/2023:15:44:08 +0530] "GET /styleSheet/header.css?version=18 HTTP/1.1" 200 1668
0:0:0:0:0:0:0:1 - - [16/Dec/2023:15:44:08 +0530] "GET /styleSheet/searchBox.css?version=18 HTTP/1.1" 200 771
0:0:0:0:0:0:0:1 - - [16/Dec/2023:15:44:08 +0530] "GET /styleSheet/ajax-loader.css?version=18 HTTP/1.1" 200 990
0:0:0:0:0:0:0:1 - - [16/Dec/2023:15:44:08 +0530] "GET /styleSheet/loader/loader.css?version=18 HTTP/1.1" 200 179
0:0:0:0:0:0:0:1 - - [16/Dec/2023:15:44:08 +0530] "GET /styleSheet/Profile/editProfile.css?version=18 HTTP/1.1" 200 2645
0:0:0:0:0:0:0:1 - - [16/Dec/2023:15:44:08 +0530] "GET /scripts/ajax/libs/jqueryUi/1.10.2/jquery-ui.min.js?version=18 HTTP/1.1" 200 228013
0:0:0:0:0:0:0:1 - - [16/Dec/2023:15:44:08 +0530] "GET /scripts/ajax/libs/jquery/1.9.1/jquery.min.js?version=18 HTTP/1.1" 200 92633
0:0:0:0:0:0:0:1 - - [16/Dec/2023:15:44:08 +0530] "GET /scripts/ajax/libs/jquery/3.6.0/jquery.min.js?version=18 HTTP/1.1" 200 89501
0:0:0:0:0:0:0:1 - - [16/Dec/2023:15:44:08 +0530] "GET /scripts/ajax/libs/jquery/3.5.1/jquery.min.js?version=18 HTTP/1.1" 200 89476
0:0:0:0:0:0:0:1 - - [16/Dec/2023:15:44:08 +0530] "GET /scripts/ajaxCall.js?version=18 HTTP/1.1" 200 7099
0:0:0:0:0:0:0:1 - - [16/Dec/2023:15:44:08 +0530] "GET /scripts/Validator.js?version=18 HTTP/1.1" 200 2628
0:0:0:0:0:0:0:1 - - [16/Dec/2023:15:44:08 +0530] "GET /scripts/loader/loader.js?version=18 HTTP/1.1" 200 1443
0:0:0:0:0:0:0:1 - - [16/Dec/2023:15:44:08 +0530] "GET /scripts/common.js?version=18 HTTP/1.1" 200 1496
0:0:0:0:0:0:0:1 - - [16/Dec/2023:15:44:08 +0530] "GET /Images/profileImages/arul/DSC_0205.JPG HTTP/1.1" 404 407
0:0:0:0:0:0:0:1 - - [16/Dec/2023:15:44:08 +0530] "GET /scripts/profile/editProfile.js?version=18 HTTP/1.1" 200 1445
0:0:0:0:0:0:0:1 - - [16/Dec/2023:15:44:08 +0530] "GET /styleSheet/bootstrap.min.css.map HTTP/1.1" 404 407
0:0:0:0:0:0:0:1 - - [16/Dec/2023:15:44:08 +0530] "GET /Images/Carousel/flight.jpg HTTP/1.1" 200 117179
0:0:0:0:0:0:0:1 - - [16/Dec/2023:15:44:08 +0530] "GET /Images/Carousel/1.jpg HTTP/1.1" 200 59904
0:0:0:0:0:0:0:1 - - [16/Dec/2023:15:44:08 +0530] "GET /Images/Carousel/2.webp HTTP/1.1" 200 19862
0:0:0:0:0:0:0:1 - - [16/Dec/2023:15:44:08 +0530] "GET /Images/Carousel/3.jpg HTTP/1.1" 200 179609
0:0:0:0:0:0:0:1 - - [16/Dec/2023:15:44:08 +0530] "GET /scripts/header.js?version=18 HTTP/1.1" 200 422
0:0:0:0:0:0:0:1 - - [16/Dec/2023:15:44:08 +0530] "GET /scripts/home.js?version=18 HTTP/1.1" 200 1040
0:0:0:0:0:0:0:1 - - [16/Dec/2023:15:44:08 +0530] "GET /Images/Carousel/4.jpg HTTP/1.1" 200 93961
0:0:0:0:0:0:0:1 - - [16/Dec/2023:15:44:08 +0530] "GET /Images/Carousel/5.jpg HTTP/1.1" 200 91362
0:0:0:0:0:0:0:1 - - [16/Dec/2023:15:44:09 +0530] "GET /Images/Carousel/6.jpeg HTTP/1.1" 200 25130
0:0:0:0:0:0:0:1 - - [16/Dec/2023:15:44:10 +0530] "GET /Images/favIcon/fav.png HTTP/1.1" 200 5050
0:0:0:0:0:0:0:1 - - [16/Dec/2023:15:44:18 +0530] "POST /Ajax?mode=userProfileSubmit&isFileChanged=true&hGender=M&hdob=2000-12-01&fileName=DSC_0205.JPG&fileSize=12738861&fileType=image/jpeg&gender=M&dob=2000-12-01&status=Approved&objectUrl=blob:http://localhost:1000/0580f9f8-9131-48e0-95e1-cd8f960dde48 HTTP/1.1" 200 88
0:0:0:0:0:0:0:1 - - [16/Dec/2023:15:44:23 +0530] "POST /upload.jsp HTTP/1.1" 200 40
0:0:0:0:0:0:0:1 - - [16/Dec/2023:15:48:03 +0530] "POST /Login?mode=login&encodePassword=2703d74ffd1f0f06a2a58e614f0baeb81681eb0af21fd416dca47a68427c0b67 HTTP/1.1" 200 9402
0:0:0:0:0:0:0:1 - - [16/Dec/2023:15:48:03 +0530] "GET /scripts/ajaxCall.js?version=18 HTTP/1.1" 304 -
0:0:0:0:0:0:0:1 - - [16/Dec/2023:15:48:03 +0530] "GET /Images/profileImages/arul/DSC_0205.JPG HTTP/1.1" 200 12738861
0:0:0:0:0:0:0:1 - - [16/Dec/2023:15:48:03 +0530] "GET /styleSheet/bootstrap.min.css.map HTTP/1.1" 404 407
0:0:0:0:0:0:0:1 - - [16/Dec/2023:15:48:16 +0530] "POST /Ajax?mode=userProfileSubmit&isFileChanged=true&hGender=M&hdob=2000-12-01&fileName=DSC_0195.JPG&fileSize=14114168&fileType=image/jpeg&gender=M&dob=2000-12-01&status=Approved&objectUrl=blob:http://localhost:1000/5ab6519c-218d-4007-a5b8-621b2c1010f7 HTTP/1.1" 200 50
0:0:0:0:0:0:0:1 - - [16/Dec/2023:15:48:25 +0530] "POST /upload.jsp HTTP/1.1" 200 40
0:0:0:0:0:0:0:1 - - [16/Dec/2023:16:00:07 +0530] "GET /uploadImage.jsp HTTP/1.1" 200 49
0:0:0:0:0:0:0:1 - - [16/Dec/2023:16:00:07 +0530] "GET /favicon.ico HTTP/1.1" 404 407
0:0:0:0:0:0:0:1 - - [16/Dec/2023:16:00:19 +0530] "GET / HTTP/1.1" 200 8054
0:0:0:0:0:0:0:1 - - [16/Dec/2023:16:00:19 +0530] "GET /styleSheet/bootstrap.css?version=18 HTTP/1.1" 200 208796
0:0:0:0:0:0:0:1 - - [16/Dec/2023:16:00:19 +0530] "GET /styleSheet/index.css?version=18 HTTP/1.1" 200 5867
0:0:0:0:0:0:0:1 - - [16/Dec/2023:16:00:19 +0530] "GET /styleSheet/Pagination.css?version=18 HTTP/1.1" 200 974
0:0:0:0:0:0:0:1 - - [16/Dec/2023:16:00:19 +0530] "GET /styleSheet/header.css?version=18 HTTP/1.1" 200 1668
0:0:0:0:0:0:0:1 - - [16/Dec/2023:16:00:19 +0530] "GET /styleSheet/searchBox.css?version=18 HTTP/1.1" 200 771
0:0:0:0:0:0:0:1 - - [16/Dec/2023:16:00:19 +0530] "GET /styleSheet/ajax-loader.css?version=18 HTTP/1.1" 200 990
0:0:0:0:0:0:0:1 - - [16/Dec/2023:16:00:19 +0530] "GET /styleSheet/loader/loader.css?version=18 HTTP/1.1" 200 179
0:0:0:0:0:0:0:1 - - [16/Dec/2023:16:00:19 +0530] "GET /scripts/ajax/libs/jquery/3.5.1/jquery.min.js?version=18 HTTP/1.1" 200 89476
0:0:0:0:0:0:0:1 - - [16/Dec/2023:16:00:19 +0530] "GET /scripts/ajax/libs/jqueryUi/1.10.2/jquery-ui.min.js?version=18 HTTP/1.1" 200 228013
0:0:0:0:0:0:0:1 - - [16/Dec/2023:16:00:19 +0530] "GET /scripts/ajax/libs/jquery/1.9.1/jquery.min.js?version=18 HTTP/1.1" 200 92633
0:0:0:0:0:0:0:1 - - [16/Dec/2023:16:00:19 +0530] "GET /scripts/ajax/libs/jquery/3.6.0/jquery.min.js?version=18 HTTP/1.1" 200 89501
0:0:0:0:0:0:0:1 - - [16/Dec/2023:16:00:19 +0530] "GET /scripts/Validator.js?version=18 HTTP/1.1" 200 2628
0:0:0:0:0:0:0:1 - - [16/Dec/2023:16:00:19 +0530] "GET /scripts/loader/loader.js?version=18 HTTP/1.1" 200 1443
0:0:0:0:0:0:0:1 - - [16/Dec/2023:16:00:19 +0530] "GET /scripts/ajaxCall.js?version=18 HTTP/1.1" 200 7099
0:0:0:0:0:0:0:1 - - [16/Dec/2023:16:00:19 +0530] "GET /scripts/common.js?version=18 HTTP/1.1" 200 1496
0:0:0:0:0:0:0:1 - - [16/Dec/2023:16:00:19 +0530] "GET /scripts/index.js?version=18 HTTP/1.1" 200 1901
0:0:0:0:0:0:0:1 - - [16/Dec/2023:16:00:20 +0530] "GET /Images/favIcon/fav.png HTTP/1.1" 200 5050
0:0:0:0:0:0:0:1 - - [16/Dec/2023:16:00:22 +0530] "POST /Login?mode=login&encodePassword=2703d74ffd1f0f06a2a58e614f0baeb81681eb0af21fd416dca47a68427c0b67 HTTP/1.1" 200 9402
0:0:0:0:0:0:0:1 - - [16/Dec/2023:16:00:22 +0530] "GET /scripts/profile/editProfile.js?version=18 HTTP/1.1" 200 1445
0:0:0:0:0:0:0:1 - - [16/Dec/2023:16:00:22 +0530] "GET /Images/profileImages/arul/DSC_0195.JPG HTTP/1.1" 200 14114168
0:0:0:0:0:0:0:1 - - [16/Dec/2023:16:00:22 +0530] "GET /styleSheet/Profile/editProfile.css?version=18 HTTP/1.1" 200 2645
0:0:0:0:0:0:0:1 - - [16/Dec/2023:16:00:22 +0530] "GET /Images/Carousel/flight.jpg HTTP/1.1" 200 117179
0:0:0:0:0:0:0:1 - - [16/Dec/2023:16:00:22 +0530] "GET /Images/Carousel/1.jpg HTTP/1.1" 200 59904
0:0:0:0:0:0:0:1 - - [16/Dec/2023:16:00:22 +0530] "GET /Images/Carousel/2.webp HTTP/1.1" 200 19862
0:0:0:0:0:0:0:1 - - [16/Dec/2023:16:00:22 +0530] "GET /Images/Carousel/3.jpg HTTP/1.1" 200 179609
0:0:0:0:0:0:0:1 - - [16/Dec/2023:16:00:22 +0530] "GET /scripts/header.js?version=18 HTTP/1.1" 200 422
0:0:0:0:0:0:0:1 - - [16/Dec/2023:16:00:22 +0530] "GET /scripts/home.js?version=18 HTTP/1.1" 200 1040
0:0:0:0:0:0:0:1 - - [16/Dec/2023:16:00:22 +0530] "GET /Images/Carousel/4.jpg HTTP/1.1" 200 93961
0:0:0:0:0:0:0:1 - - [16/Dec/2023:16:00:22 +0530] "GET /Images/Carousel/5.jpg HTTP/1.1" 200 91362
0:0:0:0:0:0:0:1 - - [16/Dec/2023:16:00:22 +0530] "GET /Images/Carousel/6.jpeg HTTP/1.1" 200 25130
0:0:0:0:0:0:0:1 - - [16/Dec/2023:16:00:34 +0530] "POST /Ajax?mode=userProfileSubmit&isFileChanged=true&hGender=M&hdob=2000-12-01&fileName=DSC_0205.JPG&fileSize=12738861&fileType=image/jpeg&gender=M&dob=2000-12-01&status=Approved&objectUrl=blob:http://localhost:1000/a0a769ec-b6cc-40c1-b3e4-adbe7371ed08 HTTP/1.1" 200 88
0:0:0:0:0:0:0:1 - - [16/Dec/2023:16:00:40 +0530] "GET /Booking?mode= HTTP/1.1" 200 398063
0:0:0:0:0:0:0:1 - - [16/Dec/2023:16:00:40 +0530] "GET /scripts/booking.js?version=18 HTTP/1.1" 200 1852
0:0:0:0:0:0:0:1 - - [16/Dec/2023:16:00:40 +0530] "GET /scripts/search.js?version=18 HTTP/1.1" 200 1232
0:0:0:0:0:0:0:1 - - [16/Dec/2023:16:00:40 +0530] "GET /scripts/Pagination.js?version=18 HTTP/1.1" 200 3429
0:0:0:0:0:0:0:1 - - [16/Dec/2023:16:00:42 +0530] "POST /upload.jsp HTTP/1.1" 200 40
0:0:0:0:0:0:0:1 - - [16/Dec/2023:16:00:43 +0530] "GET /home.jsp HTTP/1.1" 200 9402
0:0:0:0:0:0:0:1 - - [16/Dec/2023:16:00:54 +0530] "POST /Ajax?mode=userProfileSubmit&isFileChanged=true&hGender=M&hdob=2000-12-01&fileName=DSC_0205.JPG&fileSize=12738861&fileType=image/jpeg&gender=M&dob=2000-12-01&status=Approved&objectUrl=blob:http://localhost:1000/5b6f4bfd-f81f-4458-b221-c18affdf41e9 HTTP/1.1" 200 88
0:0:0:0:0:0:0:1 - - [16/Dec/2023:16:01:01 +0530] "POST /upload.jsp HTTP/1.1" 200 40
0:0:0:0:0:0:0:1 - - [16/Dec/2023:16:01:04 +0530] "GET /Login?mode=L HTTP/1.1" 200 8054
0:0:0:0:0:0:0:1 - - [16/Dec/2023:16:01:05 +0530] "POST /Login?mode=login&encodePassword=2703d74ffd1f0f06a2a58e614f0baeb81681eb0af21fd416dca47a68427c0b67 HTTP/1.1" 200 9402
0:0:0:0:0:0:0:1 - - [16/Dec/2023:16:02:26 +0530] "GET /Login?mode=L HTTP/1.1" 200 8054
0:0:0:0:0:0:0:1 - - [16/Dec/2023:16:02:26 +0530] "GET /scripts/ajaxCall.js?version=18 HTTP/1.1" 200 7093
0:0:0:0:0:0:0:1 - - [16/Dec/2023:16:02:30 +0530] "GET /styleSheet/bootstrap.min.css.map HTTP/1.1" 404 407
0:0:0:0:0:0:0:1 - - [16/Dec/2023:16:02:32 +0530] "GET /Login?mode=L HTTP/1.1" 200 8054
0:0:0:0:0:0:0:1 - - [16/Dec/2023:16:02:32 +0530] "GET /styleSheet/bootstrap.css?version=18 HTTP/1.1" 200 208796
0:0:0:0:0:0:0:1 - - [16/Dec/2023:16:02:32 +0530] "GET /styleSheet/searchBox.css?version=18 HTTP/1.1" 200 771
0:0:0:0:0:0:0:1 - - [16/Dec/2023:16:02:32 +0530] "GET /styleSheet/ajax-loader.css?version=18 HTTP/1.1" 200 990
0:0:0:0:0:0:0:1 - - [16/Dec/2023:16:02:32 +0530] "GET /styleSheet/header.css?version=18 HTTP/1.1" 200 1668
0:0:0:0:0:0:0:1 - - [16/Dec/2023:16:02:32 +0530] "GET /styleSheet/index.css?version=18 HTTP/1.1" 200 5867
0:0:0:0:0:0:0:1 - - [16/Dec/2023:16:02:32 +0530] "GET /styleSheet/Pagination.css?version=18 HTTP/1.1" 200 974
0:0:0:0:0:0:0:1 - - [16/Dec/2023:16:02:32 +0530] "GET /scripts/ajax/libs/jquery/3.5.1/jquery.min.js?version=18 HTTP/1.1" 200 89476
0:0:0:0:0:0:0:1 - - [16/Dec/2023:16:02:32 +0530] "GET /styleSheet/loader/loader.css?version=18 HTTP/1.1" 200 179
0:0:0:0:0:0:0:1 - - [16/Dec/2023:16:02:32 +0530] "GET /scripts/ajax/libs/jquery/3.6.0/jquery.min.js?version=18 HTTP/1.1" 200 89501
0:0:0:0:0:0:0:1 - - [16/Dec/2023:16:02:32 +0530] "GET /scripts/Validator.js?version=18 HTTP/1.1" 200 2628
0:0:0:0:0:0:0:1 - - [16/Dec/2023:16:02:32 +0530] "GET /scripts/ajaxCall.js?version=18 HTTP/1.1" 200 7093
0:0:0:0:0:0:0:1 - - [16/Dec/2023:16:02:32 +0530] "GET /scripts/ajax/libs/jqueryUi/1.10.2/jquery-ui.min.js?version=18 HTTP/1.1" 200 228013
0:0:0:0:0:0:0:1 - - [16/Dec/2023:16:02:32 +0530] "GET /scripts/ajax/libs/jquery/1.9.1/jquery.min.js?version=18 HTTP/1.1" 200 92633
0:0:0:0:0:0:0:1 - - [16/Dec/2023:16:02:32 +0530] "GET /scripts/loader/loader.js?version=18 HTTP/1.1" 200 1443
0:0:0:0:0:0:0:1 - - [16/Dec/2023:16:02:32 +0530] "GET /scripts/common.js?version=18 HTTP/1.1" 200 1496
0:0:0:0:0:0:0:1 - - [16/Dec/2023:16:02:32 +0530] "GET /scripts/index.js?version=18 HTTP/1.1" 200 1901
0:0:0:0:0:0:0:1 - - [16/Dec/2023:16:02:32 +0530] "GET /styleSheet/bootstrap.min.css.map HTTP/1.1" 404 407
0:0:0:0:0:0:0:1 - - [16/Dec/2023:16:02:33 +0530] "GET /Images/favIcon/fav.png HTTP/1.1" 200 5050
0:0:0:0:0:0:0:1 - - [16/Dec/2023:16:02:35 +0530] "POST /Login?mode=login&encodePassword=2703d74ffd1f0f06a2a58e614f0baeb81681eb0af21fd416dca47a68427c0b67 HTTP/1.1" 200 9402
0:0:0:0:0:0:0:1 - - [16/Dec/2023:16:02:35 +0530] "GET /Images/profileImages/arul/DSC_0195.JPG HTTP/1.1" 200 14114168
0:0:0:0:0:0:0:1 - - [16/Dec/2023:16:02:35 +0530] "GET /styleSheet/Profile/editProfile.css?version=18 HTTP/1.1" 200 2645
0:0:0:0:0:0:0:1 - - [16/Dec/2023:16:02:35 +0530] "GET /scripts/profile/editProfile.js?version=18 HTTP/1.1" 200 1445
0:0:0:0:0:0:0:1 - - [16/Dec/2023:16:02:35 +0530] "GET /scripts/ajaxCall.js?version=18 HTTP/1.1" 304 -
0:0:0:0:0:0:0:1 - - [16/Dec/2023:16:02:35 +0530] "GET /styleSheet/bootstrap.min.css.map HTTP/1.1" 404 407
0:0:0:0:0:0:0:1 - - [16/Dec/2023:16:02:35 +0530] "GET /scripts/header.js?version=18 HTTP/1.1" 200 422
0:0:0:0:0:0:0:1 - - [16/Dec/2023:16:02:35 +0530] "GET /Images/Carousel/3.jpg HTTP/1.1" 200 179609
0:0:0:0:0:0:0:1 - - [16/Dec/2023:16:02:35 +0530] "GET /Images/Carousel/2.webp HTTP/1.1" 200 19862
0:0:0:0:0:0:0:1 - - [16/Dec/2023:16:02:35 +0530] "GET /Images/Carousel/flight.jpg HTTP/1.1" 200 117179
0:0:0:0:0:0:0:1 - - [16/Dec/2023:16:02:35 +0530] "GET /Images/Carousel/1.jpg HTTP/1.1" 200 59904
0:0:0:0:0:0:0:1 - - [16/Dec/2023:16:02:35 +0530] "GET /scripts/home.js?version=18 HTTP/1.1" 200 1040
0:0:0:0:0:0:0:1 - - [16/Dec/2023:16:02:35 +0530] "GET /Images/Carousel/4.jpg HTTP/1.1" 200 93961
0:0:0:0:0:0:0:1 - - [16/Dec/2023:16:02:35 +0530] "GET /Images/Carousel/5.jpg HTTP/1.1" 200 91362
0:0:0:0:0:0:0:1 - - [16/Dec/2023:16:02:35 +0530] "GET /Images/Carousel/6.jpeg HTTP/1.1" 200 25130
0:0:0:0:0:0:0:1 - - [16/Dec/2023:16:02:39 +0530] "GET /Booking?mode= HTTP/1.1" 200 398063
0:0:0:0:0:0:0:1 - - [16/Dec/2023:16:02:39 +0530] "GET /scripts/ajaxCall.js?version=18 HTTP/1.1" 304 -
0:0:0:0:0:0:0:1 - - [16/Dec/2023:16:02:39 +0530] "GET /scripts/booking.js?version=18 HTTP/1.1" 200 1852
0:0:0:0:0:0:0:1 - - [16/Dec/2023:16:02:39 +0530] "GET /scripts/Pagination.js?version=18 HTTP/1.1" 200 3429
0:0:0:0:0:0:0:1 - - [16/Dec/2023:16:02:39 +0530] "GET /styleSheet/bootstrap.min.css.map HTTP/1.1" 404 407
0:0:0:0:0:0:0:1 - - [16/Dec/2023:16:02:39 +0530] "GET /scripts/search.js?version=18 HTTP/1.1" 200 1232
