0:0:0:0:0:0:0:1 - - [05/Nov/2023:13:50:15 +0530] "GET /Travel HTTP/1.1" 404 682
0:0:0:0:0:0:0:1 - - [05/Nov/2023:13:50:15 +0530] "GET /favicon.ico HTTP/1.1" 404 682
0:0:0:0:0:0:0:1 - - [05/Nov/2023:13:52:28 +0530] "GET /Travel HTTP/1.1" 302 -
0:0:0:0:0:0:0:1 - - [05/Nov/2023:13:52:45 +0530] "GET /Travel/ HTTP/1.1" 200 8666
0:0:0:0:0:0:0:1 - - [05/Nov/2023:13:53:02 +0530] "GET /Travel/scripts/ajax/libs/jqueryUi/1.10.2/jquery-ui.min.js?version=18 HTTP/1.1" 404 421
0:0:0:0:0:0:0:1 - - [05/Nov/2023:13:53:02 +0530] "GET /Travel/scripts/ajax/libs/jquery/1.9.1/jquery.min.js?version=18 HTTP/1.1" 404 421
0:0:0:0:0:0:0:1 - - [05/Nov/2023:13:53:02 +0530] "GET /Travel/scripts/ajax/libs/jquery/3.5.1/jquery.min.js?version=18 HTTP/1.1" 404 421
0:0:0:0:0:0:0:1 - - [05/Nov/2023:13:53:02 +0530] "GET /Travel/styleSheet/header.css?version=18 HTTP/1.1" 404 421
0:0:0:0:0:0:0:1 - - [05/Nov/2023:13:53:02 +0530] "GET /Travel/scripts/Validator.js?version=18 HTTP/1.1" 404 421
0:0:0:0:0:0:0:1 - - [05/Nov/2023:13:53:02 +0530] "GET /Travel/scripts/ajax/libs/jquery/3.6.0/jquery.min.js?version=18 HTTP/1.1" 404 421
0:0:0:0:0:0:0:1 - - [05/Nov/2023:13:53:18 +0530] "GET /Travel/scripts/loader/loader.js?version=18 HTTP/1.1" 404 421
0:0:0:0:0:0:0:1 - - [05/Nov/2023:13:53:18 +0530] "GET /Travel/scripts/ajaxCall.js?version=18 HTTP/1.1" 404 421
0:0:0:0:0:0:0:1 - - [05/Nov/2023:13:53:18 +0530] "GET /Travel/styleSheet/loader/loader.css?version=18 HTTP/1.1" 404 421
0:0:0:0:0:0:0:1 - - [05/Nov/2023:13:53:18 +0530] "GET /Travel/scripts/common.js?version=18 HTTP/1.1" 404 421
0:0:0:0:0:0:0:1 - - [05/Nov/2023:13:53:18 +0530] "GET /Travel/scripts/index.js?version=18 HTTP/1.1" 404 421
0:0:0:0:0:0:0:1 - - [05/Nov/2023:13:53:38 +0530] "GET /Travel/Images/favIcon/fav.png HTTP/1.1" 404 421
0:0:0:0:0:0:0:1 - - [05/Nov/2023:17:40:55 +0530] "GET /Travel HTTP/1.1" 302 -
0:0:0:0:0:0:0:1 - - [05/Nov/2023:17:40:57 +0530] "GET /Travel/ HTTP/1.1" 200 8073
0:0:0:0:0:0:0:1 - - [05/Nov/2023:17:40:57 +0530] "GET /Travel/styleSheet/bootstrap.css?version=4 HTTP/1.1" 200 208796
0:0:0:0:0:0:0:1 - - [05/Nov/2023:17:40:57 +0530] "GET /Travel/styleSheet/index.css?version=4 HTTP/1.1" 200 5867
0:0:0:0:0:0:0:1 - - [05/Nov/2023:17:40:57 +0530] "GET /Travel/styleSheet/searchBox.css?version=4 HTTP/1.1" 200 771
0:0:0:0:0:0:0:1 - - [05/Nov/2023:17:40:57 +0530] "GET /Travel/styleSheet/ajax-loader.css?version=4 HTTP/1.1" 200 990
0:0:0:0:0:0:0:1 - - [05/Nov/2023:17:40:57 +0530] "GET /Travel/styleSheet/header.css?version=4 HTTP/1.1" 200 1668
0:0:0:0:0:0:0:1 - - [05/Nov/2023:17:40:57 +0530] "GET /Travel/styleSheet/Pagination.css?version=4 HTTP/1.1" 200 974
0:0:0:0:0:0:0:1 - - [05/Nov/2023:17:40:57 +0530] "GET /Travel/scripts/ajax/libs/jquery/3.6.0/jquery.min.js?version=4 HTTP/1.1" 200 89501
0:0:0:0:0:0:0:1 - - [05/Nov/2023:17:40:57 +0530] "GET /Travel/scripts/ajax/libs/jquery/3.5.1/jquery.min.js?version=4 HTTP/1.1" 200 89476
0:0:0:0:0:0:0:1 - - [05/Nov/2023:17:40:57 +0530] "GET /Travel/scripts/ajax/libs/jquery/1.9.1/jquery.min.js?version=4 HTTP/1.1" 200 92633
0:0:0:0:0:0:0:1 - - [05/Nov/2023:17:40:57 +0530] "GET /Travel/scripts/ajax/libs/jqueryUi/1.10.2/jquery-ui.min.js?version=4 HTTP/1.1" 200 228013
0:0:0:0:0:0:0:1 - - [05/Nov/2023:17:40:57 +0530] "GET /Travel/styleSheet/loader/loader.css?version=4 HTTP/1.1" 200 179
0:0:0:0:0:0:0:1 - - [05/Nov/2023:17:40:57 +0530] "GET /Travel/scripts/ajaxCall.js?version=4 HTTP/1.1" 200 6622
0:0:0:0:0:0:0:1 - - [05/Nov/2023:17:40:57 +0530] "GET /Travel/scripts/Validator.js?version=4 HTTP/1.1" 200 2628
0:0:0:0:0:0:0:1 - - [05/Nov/2023:17:40:57 +0530] "GET /Travel/scripts/loader/loader.js?version=4 HTTP/1.1" 200 1443
0:0:0:0:0:0:0:1 - - [05/Nov/2023:17:40:57 +0530] "GET /Travel/scripts/common.js?version=4 HTTP/1.1" 200 1197
0:0:0:0:0:0:0:1 - - [05/Nov/2023:17:40:57 +0530] "GET /Travel/scripts/index.js?version=4 HTTP/1.1" 200 1901
0:0:0:0:0:0:0:1 - - [05/Nov/2023:17:41:04 +0530] "GET /Travel/styleSheet/bootstrap.min.css.map HTTP/1.1" 404 413
0:0:0:0:0:0:0:1 - - [05/Nov/2023:17:41:19 +0530] "GET /Travel/ HTTP/1.1" 200 8073
0:0:0:0:0:0:0:1 - - [05/Nov/2023:17:41:19 +0530] "GET /Travel/styleSheet/bootstrap.min.css.map HTTP/1.1" 404 413
0:0:0:0:0:0:0:1 - - [05/Nov/2023:17:41:47 +0530] "GET /Travel/ HTTP/1.1" 200 8073
0:0:0:0:0:0:0:1 - - [05/Nov/2023:17:41:47 +0530] "GET /Travel/styleSheet/index.css?version=4 HTTP/1.1" 200 5867
0:0:0:0:0:0:0:1 - - [05/Nov/2023:17:41:47 +0530] "GET /Travel/styleSheet/bootstrap.css?version=4 HTTP/1.1" 200 208796
0:0:0:0:0:0:0:1 - - [05/Nov/2023:17:41:47 +0530] "GET /Travel/styleSheet/Pagination.css?version=4 HTTP/1.1" 404 413
0:0:0:0:0:0:0:1 - - [05/Nov/2023:17:41:47 +0530] "GET /Travel/styleSheet/header.css?version=4 HTTP/1.1" 200 1668
0:0:0:0:0:0:0:1 - - [05/Nov/2023:17:41:47 +0530] "GET /Travel/styleSheet/loader/loader.css?version=4 HTTP/1.1" 200 179
0:0:0:0:0:0:0:1 - - [05/Nov/2023:17:41:47 +0530] "GET /Travel/styleSheet/ajax-loader.css?version=4 HTTP/1.1" 200 990
0:0:0:0:0:0:0:1 - - [05/Nov/2023:17:41:47 +0530] "GET /Travel/styleSheet/searchBox.css?version=4 HTTP/1.1" 200 771
0:0:0:0:0:0:0:1 - - [05/Nov/2023:17:41:47 +0530] "GET /Travel/scripts/ajax/libs/jquery/3.5.1/jquery.min.js?version=4 HTTP/1.1" 200 89476
0:0:0:0:0:0:0:1 - - [05/Nov/2023:17:41:47 +0530] "GET /Travel/scripts/loader/loader.js?version=4 HTTP/1.1" 200 1443
0:0:0:0:0:0:0:1 - - [05/Nov/2023:17:41:47 +0530] "GET /Travel/scripts/ajax/libs/jquery/3.6.0/jquery.min.js?version=4 HTTP/1.1" 404 413
0:0:0:0:0:0:0:1 - - [05/Nov/2023:17:41:47 +0530] "GET /Travel/scripts/ajaxCall.js?version=4 HTTP/1.1" 200 6622
0:0:0:0:0:0:0:1 - - [05/Nov/2023:17:41:47 +0530] "GET /Travel/scripts/ajax/libs/jqueryUi/1.10.2/jquery-ui.min.js?version=4 HTTP/1.1" 200 228013
0:0:0:0:0:0:0:1 - - [05/Nov/2023:17:41:47 +0530] "GET /Travel/scripts/ajax/libs/jquery/1.9.1/jquery.min.js?version=4 HTTP/1.1" 200 92633
0:0:0:0:0:0:0:1 - - [05/Nov/2023:17:41:47 +0530] "GET /Travel/scripts/Validator.js?version=4 HTTP/1.1" 404 413
0:0:0:0:0:0:0:1 - - [05/Nov/2023:17:41:47 +0530] "GET /Travel/scripts/common.js?version=4 HTTP/1.1" 200 1197
0:0:0:0:0:0:0:1 - - [05/Nov/2023:17:41:47 +0530] "GET /Travel/scripts/index.js?version=4 HTTP/1.1" 200 1901
0:0:0:0:0:0:0:1 - - [05/Nov/2023:17:41:52 +0530] "GET /Travel/styleSheet/Pagination.css?version=4 HTTP/1.1" 200 974
0:0:0:0:0:0:0:1 - - [05/Nov/2023:17:41:52 +0530] "GET /Travel/styleSheet/bootstrap.min.css.map HTTP/1.1" 404 413
0:0:0:0:0:0:0:1 - - [05/Nov/2023:17:42:03 +0530] "POST /Travel/ HTTP/1.1" 200 8073
0:0:0:0:0:0:0:1 - - [05/Nov/2023:17:42:03 +0530] "GET /Travel/scripts/ajax/libs/jquery/3.6.0/jquery.min.js?version=4 HTTP/1.1" 404 413
0:0:0:0:0:0:0:1 - - [05/Nov/2023:17:42:03 +0530] "GET /Travel/scripts/Validator.js?version=4 HTTP/1.1" 404 413
0:0:0:0:0:0:0:1 - - [05/Nov/2023:17:42:03 +0530] "GET /Travel/styleSheet/bootstrap.min.css.map HTTP/1.1" 404 413
0:0:0:0:0:0:0:1 - - [05/Nov/2023:17:42:19 +0530] "POST /Travel/ HTTP/1.1" 200 8073
0:0:0:0:0:0:0:1 - - [05/Nov/2023:17:42:19 +0530] "GET /Travel/styleSheet/index.css?version=4 HTTP/1.1" 200 5867
0:0:0:0:0:0:0:1 - - [05/Nov/2023:17:42:19 +0530] "GET /Travel/styleSheet/searchBox.css?version=4 HTTP/1.1" 404 413
0:0:0:0:0:0:0:1 - - [05/Nov/2023:17:42:19 +0530] "GET /Travel/styleSheet/bootstrap.css?version=4 HTTP/1.1" 200 208796
0:0:0:0:0:0:0:1 - - [05/Nov/2023:17:42:19 +0530] "GET /Travel/styleSheet/Pagination.css?version=4 HTTP/1.1" 404 413
0:0:0:0:0:0:0:1 - - [05/Nov/2023:17:42:19 +0530] "GET /Travel/styleSheet/header.css?version=4 HTTP/1.1" 200 1668
0:0:0:0:0:0:0:1 - - [05/Nov/2023:17:42:19 +0530] "GET /Travel/scripts/ajax/libs/jquery/3.5.1/jquery.min.js?version=4 HTTP/1.1" 200 89476
0:0:0:0:0:0:0:1 - - [05/Nov/2023:17:42:19 +0530] "GET /Travel/styleSheet/ajax-loader.css?version=4 HTTP/1.1" 200 990
0:0:0:0:0:0:0:1 - - [05/Nov/2023:17:42:19 +0530] "GET /Travel/scripts/ajax/libs/jquery/3.6.0/jquery.min.js?version=4 HTTP/1.1" 200 89501
0:0:0:0:0:0:0:1 - - [05/Nov/2023:17:42:19 +0530] "GET /Travel/styleSheet/loader/loader.css?version=4 HTTP/1.1" 200 179
0:0:0:0:0:0:0:1 - - [05/Nov/2023:17:42:19 +0530] "GET /Travel/scripts/ajax/libs/jqueryUi/1.10.2/jquery-ui.min.js?version=4 HTTP/1.1" 200 228013
0:0:0:0:0:0:0:1 - - [05/Nov/2023:17:42:19 +0530] "GET /Travel/scripts/Validator.js?version=4 HTTP/1.1" 200 2628
0:0:0:0:0:0:0:1 - - [05/Nov/2023:17:42:19 +0530] "GET /Travel/scripts/ajax/libs/jquery/1.9.1/jquery.min.js?version=4 HTTP/1.1" 200 92633
0:0:0:0:0:0:0:1 - - [05/Nov/2023:17:42:19 +0530] "GET /Travel/scripts/ajaxCall.js?version=4 HTTP/1.1" 200 6622
0:0:0:0:0:0:0:1 - - [05/Nov/2023:17:42:19 +0530] "GET /Travel/scripts/common.js?version=4 HTTP/1.1" 404 413
0:0:0:0:0:0:0:1 - - [05/Nov/2023:17:42:19 +0530] "GET /Travel/scripts/loader/loader.js?version=4 HTTP/1.1" 200 1443
0:0:0:0:0:0:0:1 - - [05/Nov/2023:17:42:19 +0530] "GET /Travel/scripts/index.js?version=4 HTTP/1.1" 200 1901
0:0:0:0:0:0:0:1 - - [05/Nov/2023:17:42:22 +0530] "POST /Travel/Login?mode=login&encodePassword=2703d74ffd1f0f06a2a58e614f0baeb81681eb0af21fd416dca47a68427c0b67 HTTP/1.1" 200 8949
0:0:0:0:0:0:0:1 - - [05/Nov/2023:17:42:22 +0530] "GET /Travel/styleSheet/Pagination.css?version=4 HTTP/1.1" 200 974
0:0:0:0:0:0:0:1 - - [05/Nov/2023:17:42:22 +0530] "GET /Travel/Images/Carousel/flight.jpg HTTP/1.1" 200 117179
0:0:0:0:0:0:0:1 - - [05/Nov/2023:17:42:22 +0530] "GET /Travel/styleSheet/searchBox.css?version=4 HTTP/1.1" 200 771
0:0:0:0:0:0:0:1 - - [05/Nov/2023:17:42:22 +0530] "GET /Travel/scripts/common.js?version=4 HTTP/1.1" 200 1197
0:0:0:0:0:0:0:1 - - [05/Nov/2023:17:42:22 +0530] "GET /Travel/Images/profileImages/arul/arul.jpg HTTP/1.1" 200 123651
0:0:0:0:0:0:0:1 - - [05/Nov/2023:17:42:22 +0530] "GET /Travel/Images/Carousel/1.jpg HTTP/1.1" 200 59904
0:0:0:0:0:0:0:1 - - [05/Nov/2023:17:42:22 +0530] "GET /Travel/Images/Carousel/3.jpg HTTP/1.1" 200 179609
0:0:0:0:0:0:0:1 - - [05/Nov/2023:17:42:22 +0530] "GET /Travel/Images/Carousel/2.webp HTTP/1.1" 200 19862
0:0:0:0:0:0:0:1 - - [05/Nov/2023:17:42:22 +0530] "GET /Travel/Images/Carousel/4.jpg HTTP/1.1" 200 93961
0:0:0:0:0:0:0:1 - - [05/Nov/2023:17:42:22 +0530] "GET /Travel/Images/Carousel/5.jpg HTTP/1.1" 200 91362
0:0:0:0:0:0:0:1 - - [05/Nov/2023:17:42:22 +0530] "GET /Travel/Images/Carousel/6.jpeg HTTP/1.1" 200 25130
0:0:0:0:0:0:0:1 - - [05/Nov/2023:17:42:22 +0530] "GET /Travel/scripts/header.js?version=4 HTTP/1.1" 200 1331
0:0:0:0:0:0:0:1 - - [05/Nov/2023:17:42:22 +0530] "GET /Travel/scripts/home.js?version=4 HTTP/1.1" 200 1040
0:0:0:0:0:0:0:1 - - [05/Nov/2023:17:42:28 +0530] "GET /Travel/styleSheet/bootstrap.min.css.map HTTP/1.1" 404 413
0:0:0:0:0:0:0:1 - - [05/Nov/2023:17:42:36 +0530] "GET /Travel/LoginInfo?mode= HTTP/1.1" 200 11916
0:0:0:0:0:0:0:1 - - [05/Nov/2023:17:42:36 +0530] "GET /Travel/Images/user/male.png HTTP/1.1" 200 718868
0:0:0:0:0:0:0:1 - - [05/Nov/2023:17:42:36 +0530] "GET /Travel/Images/user/female.png HTTP/1.1" 200 756060
0:0:0:0:0:0:0:1 - - [05/Nov/2023:17:42:36 +0530] "GET /Travel/styleSheet/UserDetails.css?version=4 HTTP/1.1" 200 1758
0:0:0:0:0:0:0:1 - - [05/Nov/2023:17:42:36 +0530] "GET /Travel/Images/user/spider-man.jpg HTTP/1.1" 200 53508
0:0:0:0:0:0:0:1 - - [05/Nov/2023:17:42:36 +0530] "GET /Travel/Images/user/wanda.jpg HTTP/1.1" 200 158866
0:0:0:0:0:0:0:1 - - [05/Nov/2023:17:42:38 +0530] "GET /Travel/home.jsp HTTP/1.1" 200 8949
