0:0:0:0:0:0:0:1 - - [10/Dec/2023:11:54:28 +0530] "GET /Travel/ HTTP/1.1" 200 8184
0:0:0:0:0:0:0:1 - - [10/Dec/2023:11:54:28 +0530] "GET /Travel/scripts/index.js?version=18 HTTP/1.1" 200 1901
0:0:0:0:0:0:0:1 - - [10/Dec/2023:11:54:28 +0530] "GET /Travel/scripts/ajaxCall.js?version=18 HTTP/1.1" 304 -
0:0:0:0:0:0:0:1 - - [10/Dec/2023:11:54:28 +0530] "GET /Travel/scripts/common.js?version=18 HTTP/1.1" 304 -
0:0:0:0:0:0:0:1 - - [10/Dec/2023:11:54:30 +0530] "POST /Travel/Login?mode=login&encodePassword=2703d74ffd1f0f06a2a58e614f0baeb81681eb0af21fd416dca47a68427c0b67 HTTP/1.1" 500 345
0:0:0:0:0:0:0:1 - - [10/Dec/2023:11:54:30 +0530] "GET /Travel/styleSheet/500-error.css HTTP/1.1" 200 831
0:0:0:0:0:0:0:1 - - [10/Dec/2023:11:54:30 +0530] "GET /favicon.ico HTTP/1.1" 404 682
0:0:0:0:0:0:0:1 - - [10/Dec/2023:12:06:35 +0530] "GET /Travel HTTP/1.1" 302 -
0:0:0:0:0:0:0:1 - - [10/Dec/2023:12:06:35 +0530] "GET /Travel/ HTTP/1.1" 200 8184
0:0:0:0:0:0:0:1 - - [10/Dec/2023:12:06:36 +0530] "GET /Travel/styleSheet/Pagination.css?version=18 HTTP/1.1" 200 -
0:0:0:0:0:0:0:1 - - [10/Dec/2023:12:06:36 +0530] "GET /Travel/styleSheet/searchBox.css?version=18 HTTP/1.1" 200 -
0:0:0:0:0:0:0:1 - - [10/Dec/2023:12:06:36 +0530] "GET /Travel/styleSheet/header.css?version=18 HTTP/1.1" 200 -
0:0:0:0:0:0:0:1 - - [10/Dec/2023:12:06:36 +0530] "GET /Travel/styleSheet/ajax-loader.css?version=18 HTTP/1.1" 200 -
0:0:0:0:0:0:0:1 - - [10/Dec/2023:12:06:36 +0530] "GET /Travel/styleSheet/bootstrap.css?version=18 HTTP/1.1" 200 -
0:0:0:0:0:0:0:1 - - [10/Dec/2023:12:06:36 +0530] "GET /Travel/styleSheet/index.css?version=18 HTTP/1.1" 200 -
0:0:0:0:0:0:0:1 - - [10/Dec/2023:12:06:36 +0530] "GET /Travel/scripts/ajax/libs/jqueryUi/1.10.2/jquery-ui.min.js?version=18 HTTP/1.1" 200 -
0:0:0:0:0:0:0:1 - - [10/Dec/2023:12:06:36 +0530] "GET /Travel/styleSheet/loader/loader.css?version=18 HTTP/1.1" 200 -
0:0:0:0:0:0:0:1 - - [10/Dec/2023:12:06:36 +0530] "GET /Travel/scripts/ajax/libs/jquery/3.5.1/jquery.min.js?version=18 HTTP/1.1" 200 -
0:0:0:0:0:0:0:1 - - [10/Dec/2023:12:06:36 +0530] "GET /Travel/scripts/ajax/libs/jquery/3.6.0/jquery.min.js?version=18 HTTP/1.1" 200 -
0:0:0:0:0:0:0:1 - - [10/Dec/2023:12:06:36 +0530] "GET /Travel/scripts/ajaxCall.js?version=18 HTTP/1.1" 200 -
0:0:0:0:0:0:0:1 - - [10/Dec/2023:12:06:36 +0530] "GET /Travel/scripts/loader/loader.js?version=18 HTTP/1.1" 200 -
0:0:0:0:0:0:0:1 - - [10/Dec/2023:12:06:36 +0530] "GET /Travel/scripts/Validator.js?version=18 HTTP/1.1" 200 -
0:0:0:0:0:0:0:1 - - [10/Dec/2023:12:06:36 +0530] "GET /Travel/scripts/ajax/libs/jquery/1.9.1/jquery.min.js?version=18 HTTP/1.1" 200 -
0:0:0:0:0:0:0:1 - - [10/Dec/2023:12:06:36 +0530] "GET /Travel/scripts/index.js?version=18 HTTP/1.1" 200 -
0:0:0:0:0:0:0:1 - - [10/Dec/2023:12:06:36 +0530] "GET /Travel/scripts/common.js?version=18 HTTP/1.1" 200 -
0:0:0:0:0:0:0:1 - - [10/Dec/2023:12:06:40 +0530] "GET /Travel/styleSheet/bootstrap.css?version=18 HTTP/1.1" 200 -
0:0:0:0:0:0:0:1 - - [10/Dec/2023:12:06:40 +0530] "GET /Travel/styleSheet/searchBox.css?version=18 HTTP/1.1" 200 -
0:0:0:0:0:0:0:1 - - [10/Dec/2023:12:06:40 +0530] "GET /Travel/styleSheet/header.css?version=18 HTTP/1.1" 200 -
0:0:0:0:0:0:0:1 - - [10/Dec/2023:12:06:40 +0530] "GET /Travel/styleSheet/index.css?version=18 HTTP/1.1" 200 -
0:0:0:0:0:0:0:1 - - [10/Dec/2023:12:06:40 +0530] "GET /Travel/styleSheet/Pagination.css?version=18 HTTP/1.1" 200 -
0:0:0:0:0:0:0:1 - - [10/Dec/2023:12:06:40 +0530] "GET /Travel/styleSheet/ajax-loader.css?version=18 HTTP/1.1" 200 -
0:0:0:0:0:0:0:1 - - [10/Dec/2023:12:06:40 +0530] "GET /Travel/styleSheet/loader/loader.css?version=18 HTTP/1.1" 200 -
0:0:0:0:0:0:0:1 - - [10/Dec/2023:12:07:28 +0530] "GET /Travel HTTP/1.1" 302 -
0:0:0:0:0:0:0:1 - - [10/Dec/2023:12:07:29 +0530] "GET /Travel/ HTTP/1.1" 200 8184
0:0:0:0:0:0:0:1 - - [10/Dec/2023:12:07:29 +0530] "GET /Travel/styleSheet/index.css?version=18 HTTP/1.1" 200 5867
0:0:0:0:0:0:0:1 - - [10/Dec/2023:12:07:29 +0530] "GET /Travel/styleSheet/searchBox.css?version=18 HTTP/1.1" 200 771
0:0:0:0:0:0:0:1 - - [10/Dec/2023:12:07:29 +0530] "GET /Travel/styleSheet/header.css?version=18 HTTP/1.1" 200 1668
0:0:0:0:0:0:0:1 - - [10/Dec/2023:12:07:29 +0530] "GET /Travel/styleSheet/Pagination.css?version=18 HTTP/1.1" 200 974
0:0:0:0:0:0:0:1 - - [10/Dec/2023:12:07:29 +0530] "GET /Travel/styleSheet/bootstrap.css?version=18 HTTP/1.1" 200 208796
0:0:0:0:0:0:0:1 - - [10/Dec/2023:12:07:29 +0530] "GET /Travel/styleSheet/ajax-loader.css?version=18 HTTP/1.1" 200 990
0:0:0:0:0:0:0:1 - - [10/Dec/2023:12:07:29 +0530] "GET /Travel/scripts/ajax/libs/jquery/3.6.0/jquery.min.js?version=18 HTTP/1.1" 200 89501
0:0:0:0:0:0:0:1 - - [10/Dec/2023:12:07:29 +0530] "GET /Travel/scripts/ajax/libs/jquery/3.5.1/jquery.min.js?version=18 HTTP/1.1" 200 89476
0:0:0:0:0:0:0:1 - - [10/Dec/2023:12:07:29 +0530] "GET /Travel/scripts/ajax/libs/jqueryUi/1.10.2/jquery-ui.min.js?version=18 HTTP/1.1" 200 228013
0:0:0:0:0:0:0:1 - - [10/Dec/2023:12:07:29 +0530] "GET /Travel/scripts/Validator.js?version=18 HTTP/1.1" 200 2628
0:0:0:0:0:0:0:1 - - [10/Dec/2023:12:07:29 +0530] "GET /Travel/styleSheet/loader/loader.css?version=18 HTTP/1.1" 200 179
0:0:0:0:0:0:0:1 - - [10/Dec/2023:12:07:29 +0530] "GET /Travel/scripts/ajax/libs/jquery/1.9.1/jquery.min.js?version=18 HTTP/1.1" 200 92633
0:0:0:0:0:0:0:1 - - [10/Dec/2023:12:07:29 +0530] "GET /Travel/scripts/ajaxCall.js?version=18 HTTP/1.1" 200 6959
0:0:0:0:0:0:0:1 - - [10/Dec/2023:12:07:29 +0530] "GET /Travel/scripts/index.js?version=18 HTTP/1.1" 200 1901
0:0:0:0:0:0:0:1 - - [10/Dec/2023:12:07:29 +0530] "GET /Travel/scripts/loader/loader.js?version=18 HTTP/1.1" 200 1443
0:0:0:0:0:0:0:1 - - [10/Dec/2023:12:07:29 +0530] "GET /Travel/scripts/common.js?version=18 HTTP/1.1" 200 1400
0:0:0:0:0:0:0:1 - - [10/Dec/2023:12:07:33 +0530] "POST /Travel/Login?mode=login&encodePassword=2703d74ffd1f0f06a2a58e614f0baeb81681eb0af21fd416dca47a68427c0b67 HTTP/1.1" 500 345
0:0:0:0:0:0:0:1 - - [10/Dec/2023:12:07:33 +0530] "GET /Travel/styleSheet/500-error.css HTTP/1.1" 200 831
0:0:0:0:0:0:0:1 - - [10/Dec/2023:12:09:44 +0530] "GET /Travel HTTP/1.1" 302 -
0:0:0:0:0:0:0:1 - - [10/Dec/2023:12:09:45 +0530] "GET /Travel/ HTTP/1.1" 200 8184
0:0:0:0:0:0:0:1 - - [10/Dec/2023:12:09:46 +0530] "POST /Travel/Login?mode=login&encodePassword=2703d74ffd1f0f06a2a58e614f0baeb81681eb0af21fd416dca47a68427c0b67 HTTP/1.1" 500 345
0:0:0:0:0:0:0:1 - - [10/Dec/2023:12:10:38 +0530] "GET /Travel HTTP/1.1" 302 -
0:0:0:0:0:0:0:1 - - [10/Dec/2023:12:10:39 +0530] "GET /Travel/ HTTP/1.1" 200 8184
0:0:0:0:0:0:0:1 - - [10/Dec/2023:12:10:41 +0530] "POST /Travel/Login?mode=login&encodePassword=2703d74ffd1f0f06a2a58e614f0baeb81681eb0af21fd416dca47a68427c0b67 HTTP/1.1" 500 1333
0:0:0:0:0:0:0:1 - - [10/Dec/2023:12:12:42 +0530] "GET /Travel HTTP/1.1" 302 -
0:0:0:0:0:0:0:1 - - [10/Dec/2023:12:12:43 +0530] "GET /Travel/ HTTP/1.1" 200 8184
0:0:0:0:0:0:0:1 - - [10/Dec/2023:12:12:47 +0530] "POST /Travel/Login?mode=login&encodePassword=2703d74ffd1f0f06a2a58e614f0baeb81681eb0af21fd416dca47a68427c0b67 HTTP/1.1" 200 9620
0:0:0:0:0:0:0:1 - - [10/Dec/2023:12:12:47 +0530] "GET /Travel/Images/profileImages/arul/IMG_20230403_091844.jpg HTTP/1.1" 304 -
0:0:0:0:0:0:0:1 - - [10/Dec/2023:12:12:47 +0530] "GET /Travel/styleSheet/Profile/editProfile.css?version=18 HTTP/1.1" 304 -
0:0:0:0:0:0:0:1 - - [10/Dec/2023:12:12:47 +0530] "GET /Travel/scripts/profile/editProfile.js?version=18 HTTP/1.1" 304 -
0:0:0:0:0:0:0:1 - - [10/Dec/2023:12:15:23 +0530] "GET /Travel HTTP/1.1" 302 -
0:0:0:0:0:0:0:1 - - [10/Dec/2023:12:15:23 +0530] "GET /Travel/ HTTP/1.1" 200 8184
0:0:0:0:0:0:0:1 - - [10/Dec/2023:12:15:26 +0530] "POST /Travel/Login?mode=login&encodePassword=2703d74ffd1f0f06a2a58e614f0baeb81681eb0af21fd416dca47a68427c0b67 HTTP/1.1" 500 434
127.0.0.1 - - [10/Dec/2023:12:19:49 +0530] "GET /Travel HTTP/1.1" 302 -
127.0.0.1 - - [10/Dec/2023:12:19:50 +0530] "GET /Travel/ HTTP/1.1" 200 8184
127.0.0.1 - - [10/Dec/2023:12:19:54 +0530] "POST /Travel/Login?mode=login&encodePassword=2703d74ffd1f0f06a2a58e614f0baeb81681eb0af21fd416dca47a68427c0b67 HTTP/1.1" 500 1333
0:0:0:0:0:0:0:1 - - [10/Dec/2023:12:23:42 +0530] "GET /Travel HTTP/1.1" 302 -
0:0:0:0:0:0:0:1 - - [10/Dec/2023:12:23:43 +0530] "GET /Travel/ HTTP/1.1" 200 8184
0:0:0:0:0:0:0:1 - - [10/Dec/2023:12:23:45 +0530] "GET /Travel/styleSheet/bootstrap.min.css.map HTTP/1.1" 404 421
0:0:0:0:0:0:0:1 - - [10/Dec/2023:12:23:46 +0530] "POST /Travel/Login?mode=login&encodePassword=2703d74ffd1f0f06a2a58e614f0baeb81681eb0af21fd416dca47a68427c0b67 HTTP/1.1" 500 434
0:0:0:0:0:0:0:1 - - [10/Dec/2023:13:34:23 +0530] "GET /Travel/ HTTP/1.1" 200 8184
0:0:0:0:0:0:0:1 - - [10/Dec/2023:13:34:23 +0530] "GET /Travel/scripts/ajaxCall.js?version=18 HTTP/1.1" 304 -
0:0:0:0:0:0:0:1 - - [10/Dec/2023:13:34:24 +0530] "GET /Travel/styleSheet/bootstrap.min.css.map HTTP/1.1" 404 421
0:0:0:0:0:0:0:1 - - [10/Dec/2023:13:34:26 +0530] "POST /Travel/Login?mode=login&encodePassword=2703d74ffd1f0f06a2a58e614f0baeb81681eb0af21fd416dca47a68427c0b67 HTTP/1.1" 500 324
0:0:0:0:0:0:0:1 - - [10/Dec/2023:13:38:35 +0530] "GET /Travel HTTP/1.1" 302 -
0:0:0:0:0:0:0:1 - - [10/Dec/2023:13:38:35 +0530] "GET /Travel/ HTTP/1.1" 200 8184
0:0:0:0:0:0:0:1 - - [10/Dec/2023:13:38:35 +0530] "GET /Travel/styleSheet/bootstrap.min.css.map HTTP/1.1" 404 421
0:0:0:0:0:0:0:1 - - [10/Dec/2023:13:38:37 +0530] "POST /Travel/Login?mode=login&encodePassword=2703d74ffd1f0f06a2a58e614f0baeb81681eb0af21fd416dca47a68427c0b67 HTTP/1.1" 500 324
0:0:0:0:0:0:0:1 - - [10/Dec/2023:13:38:38 +0530] "GET /Travel HTTP/1.1" 302 -
0:0:0:0:0:0:0:1 - - [10/Dec/2023:13:38:38 +0530] "GET /Travel/ HTTP/1.1" 200 8184
0:0:0:0:0:0:0:1 - - [10/Dec/2023:13:38:39 +0530] "GET /Travel/styleSheet/bootstrap.min.css.map HTTP/1.1" 404 421
0:0:0:0:0:0:0:1 - - [10/Dec/2023:13:39:09 +0530] "POST /Travel/Login?mode=login&encodePassword=2703d74ffd1f0f06a2a58e614f0baeb81681eb0af21fd416dca47a68427c0b67 HTTP/1.1" 200 9620
0:0:0:0:0:0:0:1 - - [10/Dec/2023:13:39:09 +0530] "GET /Travel/styleSheet/Profile/editProfile.css?version=18 HTTP/1.1" 304 -
0:0:0:0:0:0:0:1 - - [10/Dec/2023:13:39:09 +0530] "GET /Travel/Images/profileImages/arul/IMG_20230403_091844.jpg HTTP/1.1" 304 -
0:0:0:0:0:0:0:1 - - [10/Dec/2023:13:39:10 +0530] "GET /Travel/styleSheet/bootstrap.min.css.map HTTP/1.1" 404 421
0:0:0:0:0:0:0:1 - - [10/Dec/2023:13:39:52 +0530] "GET /Travel/Booking?mode= HTTP/1.1" 200 398289
0:0:0:0:0:0:0:1 - - [10/Dec/2023:13:39:52 +0530] "GET /Travel/styleSheet/bootstrap.min.css.map HTTP/1.1" 404 421
0:0:0:0:0:0:0:1 - - [10/Dec/2023:13:39:53 +0530] "GET /Travel/scripts/booking.js?version=18 HTTP/1.1" 200 1852
0:0:0:0:0:0:0:1 - - [10/Dec/2023:13:39:53 +0530] "GET /Travel/scripts/Pagination.js?version=18 HTTP/1.1" 200 3429
0:0:0:0:0:0:0:1 - - [10/Dec/2023:13:40:06 +0530] "GET /Travel/Ajax?status=Confirmed&booking_no=165 HTTP/1.1" 200 9
0:0:0:0:0:0:0:1 - - [10/Dec/2023:13:41:21 +0530] "GET /Travel HTTP/1.1" 200 8065
0:0:0:0:0:0:0:1 - - [10/Dec/2023:13:41:21 +0530] "GET /styleSheet/ajax-loader.css?version=18 HTTP/1.1" 200 990
0:0:0:0:0:0:0:1 - - [10/Dec/2023:13:41:21 +0530] "GET /styleSheet/bootstrap.css?version=18 HTTP/1.1" 200 208796
0:0:0:0:0:0:0:1 - - [10/Dec/2023:13:41:21 +0530] "GET /styleSheet/index.css?version=18 HTTP/1.1" 200 5867
0:0:0:0:0:0:0:1 - - [10/Dec/2023:13:41:21 +0530] "GET /styleSheet/header.css?version=18 HTTP/1.1" 200 1668
0:0:0:0:0:0:0:1 - - [10/Dec/2023:13:41:21 +0530] "GET /styleSheet/Pagination.css?version=18 HTTP/1.1" 200 974
0:0:0:0:0:0:0:1 - - [10/Dec/2023:13:41:21 +0530] "GET /styleSheet/loader/loader.css?version=18 HTTP/1.1" 200 179
0:0:0:0:0:0:0:1 - - [10/Dec/2023:13:41:21 +0530] "GET /styleSheet/searchBox.css?version=18 HTTP/1.1" 200 771
0:0:0:0:0:0:0:1 - - [10/Dec/2023:13:41:21 +0530] "GET /scripts/ajax/libs/jquery/3.5.1/jquery.min.js?version=18 HTTP/1.1" 200 89476
0:0:0:0:0:0:0:1 - - [10/Dec/2023:13:41:21 +0530] "GET /scripts/ajax/libs/jquery/3.6.0/jquery.min.js?version=18 HTTP/1.1" 200 89501
0:0:0:0:0:0:0:1 - - [10/Dec/2023:13:41:21 +0530] "GET /scripts/ajaxCall.js?version=18 HTTP/1.1" 200 6959
0:0:0:0:0:0:0:1 - - [10/Dec/2023:13:41:21 +0530] "GET /scripts/Validator.js?version=18 HTTP/1.1" 200 2628
0:0:0:0:0:0:0:1 - - [10/Dec/2023:13:41:21 +0530] "GET /scripts/ajax/libs/jquery/1.9.1/jquery.min.js?version=18 HTTP/1.1" 200 92633
0:0:0:0:0:0:0:1 - - [10/Dec/2023:13:41:21 +0530] "GET /scripts/loader/loader.js?version=18 HTTP/1.1" 200 1443
0:0:0:0:0:0:0:1 - - [10/Dec/2023:13:41:21 +0530] "GET /scripts/ajax/libs/jqueryUi/1.10.2/jquery-ui.min.js?version=18 HTTP/1.1" 200 228013
0:0:0:0:0:0:0:1 - - [10/Dec/2023:13:41:21 +0530] "GET /scripts/common.js?version=18 HTTP/1.1" 200 1400
0:0:0:0:0:0:0:1 - - [10/Dec/2023:13:41:21 +0530] "GET /scripts/index.js?version=18 HTTP/1.1" 200 1901
0:0:0:0:0:0:0:1 - - [10/Dec/2023:13:41:22 +0530] "GET /Images/favIcon/fav.png HTTP/1.1" 200 5050
0:0:0:0:0:0:0:1 - - [10/Dec/2023:13:44:15 +0530] "GET /Travel HTTP/1.1" 302 -
0:0:0:0:0:0:0:1 - - [10/Dec/2023:13:44:16 +0530] "GET /Travel/ HTTP/1.1" 404 762
0:0:0:0:0:0:0:1 - - [10/Dec/2023:13:44:30 +0530] "GET /Travel HTTP/1.1" 302 -
0:0:0:0:0:0:0:1 - - [10/Dec/2023:13:44:30 +0530] "GET /Travel/ HTTP/1.1" 404 762
0:0:0:0:0:0:0:1 - - [10/Dec/2023:13:44:32 +0530] "GET /Travel/ HTTP/1.1" 404 762
0:0:0:0:0:0:0:1 - - [10/Dec/2023:13:47:12 +0530] "GET / HTTP/1.1" 200 8065
0:0:0:0:0:0:0:1 - - [10/Dec/2023:13:47:17 +0530] "POST /Login?mode=login&encodePassword=2703d74ffd1f0f06a2a58e614f0baeb81681eb0af21fd416dca47a68427c0b67 HTTP/1.1" 200 9424
0:0:0:0:0:0:0:1 - - [10/Dec/2023:13:47:17 +0530] "GET /Images/profileImages/arul/IMG_20230403_091844.jpg HTTP/1.1" 200 6221731
0:0:0:0:0:0:0:1 - - [10/Dec/2023:13:47:17 +0530] "GET /scripts/profile/editProfile.js?version=18 HTTP/1.1" 200 1445
0:0:0:0:0:0:0:1 - - [10/Dec/2023:13:47:17 +0530] "GET /styleSheet/Profile/editProfile.css?version=18 HTTP/1.1" 200 2645
0:0:0:0:0:0:0:1 - - [10/Dec/2023:13:47:17 +0530] "GET /Images/Carousel/1.jpg HTTP/1.1" 200 59904
0:0:0:0:0:0:0:1 - - [10/Dec/2023:13:47:17 +0530] "GET /Images/Carousel/2.webp HTTP/1.1" 200 19862
0:0:0:0:0:0:0:1 - - [10/Dec/2023:13:47:17 +0530] "GET /Images/Carousel/3.jpg HTTP/1.1" 200 179609
0:0:0:0:0:0:0:1 - - [10/Dec/2023:13:47:17 +0530] "GET /Images/Carousel/flight.jpg HTTP/1.1" 200 117179
0:0:0:0:0:0:0:1 - - [10/Dec/2023:13:47:17 +0530] "GET /scripts/header.js?version=18 HTTP/1.1" 200 422
0:0:0:0:0:0:0:1 - - [10/Dec/2023:13:47:17 +0530] "GET /Images/Carousel/4.jpg HTTP/1.1" 200 93961
0:0:0:0:0:0:0:1 - - [10/Dec/2023:13:47:17 +0530] "GET /Images/Carousel/5.jpg HTTP/1.1" 200 91362
0:0:0:0:0:0:0:1 - - [10/Dec/2023:13:47:17 +0530] "GET /scripts/home.js?version=18 HTTP/1.1" 200 1040
0:0:0:0:0:0:0:1 - - [10/Dec/2023:13:47:17 +0530] "GET /Images/Carousel/6.jpeg HTTP/1.1" 200 25130
0:0:0:0:0:0:0:1 - - [10/Dec/2023:13:47:31 +0530] "GET /Booking?mode= HTTP/1.1" 200 398085
0:0:0:0:0:0:0:1 - - [10/Dec/2023:13:47:31 +0530] "GET /scripts/booking.js?version=18 HTTP/1.1" 200 1852
0:0:0:0:0:0:0:1 - - [10/Dec/2023:13:47:31 +0530] "GET /scripts/Pagination.js?version=18 HTTP/1.1" 200 3429
0:0:0:0:0:0:0:1 - - [10/Dec/2023:13:47:31 +0530] "GET /scripts/search.js?version=18 HTTP/1.1" 200 1232
0:0:0:0:0:0:0:1 - - [10/Dec/2023:13:47:33 +0530] "GET /home.jsp HTTP/1.1" 200 9424
0:0:0:0:0:0:0:1 - - [10/Dec/2023:13:47:36 +0530] "GET /LoginInfo?mode= HTTP/1.1" 200 11699
0:0:0:0:0:0:0:1 - - [10/Dec/2023:13:47:36 +0530] "GET /Images/user/female.png HTTP/1.1" 200 756060
0:0:0:0:0:0:0:1 - - [10/Dec/2023:13:47:36 +0530] "GET /Images/user/male.png HTTP/1.1" 200 718868
0:0:0:0:0:0:0:1 - - [10/Dec/2023:13:47:36 +0530] "GET /styleSheet/UserDetails.css?version=18 HTTP/1.1" 200 1758
0:0:0:0:0:0:0:1 - - [10/Dec/2023:13:47:36 +0530] "GET /Images/user/wanda.jpg HTTP/1.1" 200 158866
0:0:0:0:0:0:0:1 - - [10/Dec/2023:13:47:36 +0530] "GET /Images/user/spider-man.jpg HTTP/1.1" 200 53508
0:0:0:0:0:0:0:1 - - [10/Dec/2023:13:47:49 +0530] "GET /styleSheet/bootstrap.min.css.map HTTP/1.1" 404 407
0:0:0:0:0:0:0:1 - - [10/Dec/2023:13:49:23 +0530] "GET /LoginInfo?mode= HTTP/1.1" 200 11699
0:0:0:0:0:0:0:1 - - [10/Dec/2023:13:49:39 +0530] "GET /home.jsp HTTP/1.1" 200 9424
0:0:0:0:0:0:0:1 - - [10/Dec/2023:13:49:55 +0530] "GET /styleSheet/bootstrap.min.css.map HTTP/1.1" 404 407
0:0:0:0:0:0:0:1 - - [10/Dec/2023:13:50:06 +0530] "GET /Images/profileImages/arul/IMG_20230403_091844.jpg HTTP/1.1" 200 6221731
0:0:0:0:0:0:0:1 - - [10/Dec/2023:13:52:03 +0530] "GET /Booking?mode= HTTP/1.1" 200 398085
0:0:0:0:0:0:0:1 - - [10/Dec/2023:13:52:03 +0530] "GET /styleSheet/bootstrap.min.css.map HTTP/1.1" 404 407
0:0:0:0:0:0:0:1 - - [10/Dec/2023:13:52:10 +0530] "GET /Booking?mode= HTTP/1.1" 200 398085
0:0:0:0:0:0:0:1 - - [10/Dec/2023:13:52:10 +0530] "GET /styleSheet/bootstrap.min.css.map HTTP/1.1" 404 407
0:0:0:0:0:0:0:1 - - [10/Dec/2023:13:52:13 +0530] "GET /Booking?mode= HTTP/1.1" 200 398085
0:0:0:0:0:0:0:1 - - [10/Dec/2023:13:52:13 +0530] "GET /styleSheet/bootstrap.min.css.map HTTP/1.1" 404 407
0:0:0:0:0:0:0:1 - - [10/Dec/2023:13:52:16 +0530] "GET /home.jsp HTTP/1.1" 200 9424
0:0:0:0:0:0:0:1 - - [10/Dec/2023:13:52:16 +0530] "GET /styleSheet/bootstrap.min.css.map HTTP/1.1" 404 407
0:0:0:0:0:0:0:1 - - [10/Dec/2023:13:52:20 +0530] "GET /Vehicle?mode= HTTP/1.1" 200 25032
0:0:0:0:0:0:0:1 - - [10/Dec/2023:13:52:20 +0530] "GET /styleSheet/bootstrap.min.css.map HTTP/1.1" 404 407
0:0:0:0:0:0:0:1 - - [10/Dec/2023:13:52:40 +0530] "GET /Login?mode=L HTTP/1.1" 200 8065
0:0:0:0:0:0:0:1 - - [10/Dec/2023:13:52:40 +0530] "GET /styleSheet/bootstrap.min.css.map HTTP/1.1" 404 407
0:0:0:0:0:0:0:1 - - [10/Dec/2023:13:52:43 +0530] "POST /Login?mode=login&encodePassword=ea6d7a3524c9ff6ca21e22b7be354f54f5297a7b948ccb75ee45a465b897b650 HTTP/1.1" 200 9390
0:0:0:0:0:0:0:1 - - [10/Dec/2023:13:52:43 +0530] "GET /Images/user/noUser.png HTTP/1.1" 200 17656
0:0:0:0:0:0:0:1 - - [10/Dec/2023:13:52:43 +0530] "GET /styleSheet/bootstrap.min.css.map HTTP/1.1" 404 407
0:0:0:0:0:0:0:1 - - [10/Dec/2023:13:53:03 +0530] "POST /upload.jsp HTTP/1.1" 200 54
0:0:0:0:0:0:0:1 - - [10/Dec/2023:13:53:03 +0530] "POST /Ajax?mode=userProfileSubmit&isFileChanged=true&hGender=F&hdob=2020-03-19&fileName=IMG_20210203_080746_optimized.jpg&fileSize=458842&fileType=image/jpeg&gender=F&dob=2020-03-19&status=Pending%20Approval&objectUrl=blob:http://localhost:1000/95f6ce27-7b14-4827-ab8f-163a73c14710 HTTP/1.1" 200 50
0:0:0:0:0:0:0:1 - - [10/Dec/2023:13:53:12 +0530] "GET /Login?mode=L HTTP/1.1" 200 8065
0:0:0:0:0:0:0:1 - - [10/Dec/2023:13:53:12 +0530] "GET /styleSheet/bootstrap.min.css.map HTTP/1.1" 404 407
0:0:0:0:0:0:0:1 - - [10/Dec/2023:13:53:14 +0530] "POST /Login?mode=login&encodePassword=ea6d7a3524c9ff6ca21e22b7be354f54f5297a7b948ccb75ee45a465b897b650 HTTP/1.1" 200 9429
0:0:0:0:0:0:0:1 - - [10/Dec/2023:13:53:14 +0530] "GET /Images/profileImages/jiyara/IMG_20210203_080746_optimized.jpg HTTP/1.1" 404 407
0:0:0:0:0:0:0:1 - - [10/Dec/2023:13:53:15 +0530] "GET /styleSheet/bootstrap.min.css.map HTTP/1.1" 404 407
0:0:0:0:0:0:0:1 - - [10/Dec/2023:13:58:46 +0530] "POST /Login?mode=login&encodePassword=ea6d7a3524c9ff6ca21e22b7be354f54f5297a7b948ccb75ee45a465b897b650 HTTP/1.1" 200 9429
0:0:0:0:0:0:0:1 - - [10/Dec/2023:13:58:46 +0530] "GET /Images/profileImages/jiyara/IMG_20210203_080746_optimized.jpg HTTP/1.1" 404 407
0:0:0:0:0:0:0:1 - - [10/Dec/2023:13:58:46 +0530] "GET /styleSheet/bootstrap.min.css.map HTTP/1.1" 404 407
0:0:0:0:0:0:0:1 - - [10/Dec/2023:13:59:05 +0530] "POST /Ajax?mode=userProfileSubmit&isFileChanged=true&hGender=F&hdob=2020-03-19&fileName=IMG_20210203_080746_optimized.jpg&fileSize=458842&fileType=image/jpeg&gender=F&dob=2020-03-19&status=Pending%20Approval&objectUrl=blob:http://localhost:1000/d4a09e22-d20b-450d-bae8-8f0e148d5c12 HTTP/1.1" 200 109
0:0:0:0:0:0:0:1 - - [10/Dec/2023:13:59:05 +0530] "POST /upload.jsp HTTP/1.1" 200 51
0:0:0:0:0:0:0:1 - - [10/Dec/2023:14:38:41 +0530] "POST /Login?mode=login&encodePassword=ea6d7a3524c9ff6ca21e22b7be354f54f5297a7b948ccb75ee45a465b897b650 HTTP/1.1" 200 9429
0:0:0:0:0:0:0:1 - - [10/Dec/2023:14:38:41 +0530] "GET /Images/profileImages/jiyara/IMG_20210203_080746_optimized.jpg HTTP/1.1" 404 407
0:0:0:0:0:0:0:1 - - [10/Dec/2023:14:38:41 +0530] "GET /styleSheet/bootstrap.min.css.map HTTP/1.1" 404 407
0:0:0:0:0:0:0:1 - - [10/Dec/2023:14:38:51 +0530] "GET /Login?mode=L HTTP/1.1" 200 8065
0:0:0:0:0:0:0:1 - - [10/Dec/2023:14:38:51 +0530] "GET /styleSheet/bootstrap.min.css.map HTTP/1.1" 404 407
0:0:0:0:0:0:0:1 - - [10/Dec/2023:14:38:53 +0530] "POST /Login?mode=login&encodePassword=ea6d7a3524c9ff6ca21e22b7be354f54f5297a7b948ccb75ee45a465b897b650 HTTP/1.1" 200 9429
0:0:0:0:0:0:0:1 - - [10/Dec/2023:14:38:53 +0530] "GET /Images/profileImages/jiyara/IMG_20210203_080746_optimized.jpg HTTP/1.1" 404 407
0:0:0:0:0:0:0:1 - - [10/Dec/2023:14:38:53 +0530] "GET /styleSheet/bootstrap.min.css.map HTTP/1.1" 404 407
0:0:0:0:0:0:0:1 - - [10/Dec/2023:14:39:16 +0530] "POST /Ajax?mode=userProfileSubmit&isFileChanged=true&hGender=F&hdob=2020-03-19&fileName=IMG_20210203_080746_optimized.jpg&fileSize=458842&fileType=image/jpeg&gender=F&dob=2020-03-19&status=Pending%20Approval&objectUrl=blob:http://localhost:1000/9814df1a-8662-42e2-8f01-a97ef53ece41 HTTP/1.1" 200 109
0:0:0:0:0:0:0:1 - - [10/Dec/2023:14:39:17 +0530] "POST /upload.jsp HTTP/1.1" 500 310
0:0:0:0:0:0:0:1 - - [10/Dec/2023:14:41:23 +0530] "GET /Login?mode=L HTTP/1.1" 200 8065
0:0:0:0:0:0:0:1 - - [10/Dec/2023:14:41:23 +0530] "GET /styleSheet/bootstrap.min.css.map HTTP/1.1" 404 407
0:0:0:0:0:0:0:1 - - [10/Dec/2023:14:41:25 +0530] "POST /Login?mode=login&encodePassword=ea6d7a3524c9ff6ca21e22b7be354f54f5297a7b948ccb75ee45a465b897b650 HTTP/1.1" 200 9429
0:0:0:0:0:0:0:1 - - [10/Dec/2023:14:41:25 +0530] "GET /Images/profileImages/jiyara/IMG_20210203_080746_optimized.jpg HTTP/1.1" 404 407
0:0:0:0:0:0:0:1 - - [10/Dec/2023:14:41:25 +0530] "GET /styleSheet/bootstrap.min.css.map HTTP/1.1" 404 407
0:0:0:0:0:0:0:1 - - [10/Dec/2023:14:41:34 +0530] "POST /upload.jsp HTTP/1.1" 200 14120
0:0:0:0:0:0:0:1 - - [10/Dec/2023:14:41:34 +0530] "POST /Ajax?mode=userProfileSubmit&isFileChanged=true&hGender=F&hdob=2020-03-19&fileName=IMG_20210203_080746_optimized.jpg&fileSize=458842&fileType=image/jpeg&gender=F&dob=2020-03-19&status=Pending%20Approval&objectUrl=blob:http://localhost:1000/e7f44dd8-6dbd-4999-a370-6f1e21abdec6 HTTP/1.1" 200 109
0:0:0:0:0:0:0:1 - - [10/Dec/2023:14:46:24 +0530] "GET /Travel HTTP/1.1" 302 -
0:0:0:0:0:0:0:1 - - [10/Dec/2023:14:46:24 +0530] "GET /Travel/ HTTP/1.1" 404 762
0:0:0:0:0:0:0:1 - - [10/Dec/2023:14:46:28 +0530] "GET / HTTP/1.1" 200 8065
0:0:0:0:0:0:0:1 - - [10/Dec/2023:14:46:29 +0530] "GET /styleSheet/bootstrap.min.css.map HTTP/1.1" 404 407
0:0:0:0:0:0:0:1 - - [10/Dec/2023:14:46:30 +0530] "POST /Login?mode=login&encodePassword=ea6d7a3524c9ff6ca21e22b7be354f54f5297a7b948ccb75ee45a465b897b650 HTTP/1.1" 200 9429
0:0:0:0:0:0:0:1 - - [10/Dec/2023:14:46:30 +0530] "GET /Images/profileImages/jiyara/IMG_20210203_080746_optimized.jpg HTTP/1.1" 404 407
0:0:0:0:0:0:0:1 - - [10/Dec/2023:14:46:30 +0530] "GET /styleSheet/bootstrap.min.css.map HTTP/1.1" 404 407
0:0:0:0:0:0:0:1 - - [10/Dec/2023:14:46:37 +0530] "POST /Ajax?mode=userProfileSubmit&isFileChanged=true&hGender=F&hdob=2020-03-19&fileName=IMG_20210203_080746_optimized.jpg&fileSize=458842&fileType=image/jpeg&gender=F&dob=2020-03-19&status=Pending%20Approval&objectUrl=blob:http://localhost:1000/2dbba040-47d5-45ca-b782-60d82dc1741a HTTP/1.1" 200 109
0:0:0:0:0:0:0:1 - - [10/Dec/2023:14:46:38 +0530] "POST /upload.jsp HTTP/1.1" 200 40
