0:0:0:0:0:0:0:1 - - [19/Nov/2023:13:40:06 +0530] "GET /Travel HTTP/1.1" 302 -
0:0:0:0:0:0:0:1 - - [19/Nov/2023:13:40:08 +0530] "GET /Travel/ HTTP/1.1" 200 8073
0:0:0:0:0:0:0:1 - - [19/Nov/2023:13:40:08 +0530] "GET /Travel/styleSheet/index.css?version=4 HTTP/1.1" 304 -
0:0:0:0:0:0:0:1 - - [19/Nov/2023:13:40:08 +0530] "GET /Travel/styleSheet/bootstrap.css?version=4 HTTP/1.1" 304 -
0:0:0:0:0:0:0:1 - - [19/Nov/2023:13:40:08 +0530] "GET /Travel/styleSheet/ajax-loader.css?version=4 HTTP/1.1" 304 -
0:0:0:0:0:0:0:1 - - [19/Nov/2023:13:40:08 +0530] "GET /Travel/styleSheet/searchBox.css?version=4 HTTP/1.1" 304 -
0:0:0:0:0:0:0:1 - - [19/Nov/2023:13:40:08 +0530] "GET /Travel/styleSheet/Pagination.css?version=4 HTTP/1.1" 304 -
0:0:0:0:0:0:0:1 - - [19/Nov/2023:13:40:08 +0530] "GET /Travel/scripts/ajax/libs/jquery/3.5.1/jquery.min.js?version=4 HTTP/1.1" 304 -
0:0:0:0:0:0:0:1 - - [19/Nov/2023:13:40:08 +0530] "GET /Travel/styleSheet/loader/loader.css?version=4 HTTP/1.1" 304 -
0:0:0:0:0:0:0:1 - - [19/Nov/2023:13:40:08 +0530] "GET /Travel/styleSheet/header.css?version=4 HTTP/1.1" 304 -
0:0:0:0:0:0:0:1 - - [19/Nov/2023:13:40:08 +0530] "GET /Travel/scripts/ajax/libs/jquery/3.6.0/jquery.min.js?version=4 HTTP/1.1" 304 -
0:0:0:0:0:0:0:1 - - [19/Nov/2023:13:40:08 +0530] "GET /Travel/scripts/ajax/libs/jqueryUi/1.10.2/jquery-ui.min.js?version=4 HTTP/1.1" 304 -
0:0:0:0:0:0:0:1 - - [19/Nov/2023:13:40:08 +0530] "GET /Travel/scripts/Validator.js?version=4 HTTP/1.1" 304 -
0:0:0:0:0:0:0:1 - - [19/Nov/2023:13:40:08 +0530] "GET /Travel/scripts/ajax/libs/jquery/1.9.1/jquery.min.js?version=4 HTTP/1.1" 304 -
0:0:0:0:0:0:0:1 - - [19/Nov/2023:13:40:08 +0530] "GET /Travel/scripts/ajaxCall.js?version=4 HTTP/1.1" 304 -
0:0:0:0:0:0:0:1 - - [19/Nov/2023:13:40:08 +0530] "GET /Travel/scripts/loader/loader.js?version=4 HTTP/1.1" 304 -
0:0:0:0:0:0:0:1 - - [19/Nov/2023:13:40:08 +0530] "GET /Travel/scripts/index.js?version=4 HTTP/1.1" 304 -
0:0:0:0:0:0:0:1 - - [19/Nov/2023:13:40:08 +0530] "GET /Travel/scripts/common.js?version=4 HTTP/1.1" 304 -
0:0:0:0:0:0:0:1 - - [19/Nov/2023:13:40:08 +0530] "GET /Travel/Images/favIcon/fav.png HTTP/1.1" 304 -
0:0:0:0:0:0:0:1 - - [19/Nov/2023:13:40:13 +0530] "POST /Travel/Login?mode=login&encodePassword=2703d74ffd1f0f06a2a58e614f0baeb81681eb0af21fd416dca47a68427c0b67 HTTP/1.1" 200 8949
0:0:0:0:0:0:0:1 - - [19/Nov/2023:13:40:13 +0530] "GET /Travel/Images/profileImages/arul/arul.jpg HTTP/1.1" 304 -
0:0:0:0:0:0:0:1 - - [19/Nov/2023:13:40:13 +0530] "GET /Travel/Images/Carousel/flight.jpg HTTP/1.1" 304 -
0:0:0:0:0:0:0:1 - - [19/Nov/2023:13:40:13 +0530] "GET /Travel/Images/Carousel/1.jpg HTTP/1.1" 304 -
0:0:0:0:0:0:0:1 - - [19/Nov/2023:13:40:13 +0530] "GET /Travel/Images/Carousel/4.jpg HTTP/1.1" 304 -
0:0:0:0:0:0:0:1 - - [19/Nov/2023:13:40:13 +0530] "GET /Travel/Images/Carousel/2.webp HTTP/1.1" 304 -
0:0:0:0:0:0:0:1 - - [19/Nov/2023:13:40:13 +0530] "GET /Travel/Images/Carousel/3.jpg HTTP/1.1" 304 -
0:0:0:0:0:0:0:1 - - [19/Nov/2023:13:40:13 +0530] "GET /Travel/scripts/header.js?version=4 HTTP/1.1" 304 -
0:0:0:0:0:0:0:1 - - [19/Nov/2023:13:40:13 +0530] "GET /Travel/scripts/home.js?version=4 HTTP/1.1" 304 -
0:0:0:0:0:0:0:1 - - [19/Nov/2023:13:40:13 +0530] "GET /Travel/Images/Carousel/6.jpeg HTTP/1.1" 304 -
0:0:0:0:0:0:0:1 - - [19/Nov/2023:13:40:13 +0530] "GET /Travel/Images/Carousel/5.jpg HTTP/1.1" 304 -
0:0:0:0:0:0:0:1 - - [19/Nov/2023:13:40:39 +0530] "GET /Travel/Booking?mode= HTTP/1.1" 200 391844
0:0:0:0:0:0:0:1 - - [19/Nov/2023:13:40:40 +0530] "GET /Travel/scripts/booking.js?version=4 HTTP/1.1" 200 1852
0:0:0:0:0:0:0:1 - - [19/Nov/2023:13:40:40 +0530] "GET /Travel/scripts/Pagination.js?version=4 HTTP/1.1" 200 3429
0:0:0:0:0:0:0:1 - - [19/Nov/2023:13:40:40 +0530] "GET /Travel/scripts/search.js?version=4 HTTP/1.1" 200 1232
0:0:0:0:0:0:0:1 - - [19/Nov/2023:13:44:22 +0530] "GET /Travel HTTP/1.1" 302 -
0:0:0:0:0:0:0:1 - - [19/Nov/2023:13:44:23 +0530] "GET /Travel/ HTTP/1.1" 200 8073
0:0:0:0:0:0:0:1 - - [19/Nov/2023:13:44:25 +0530] "POST /Travel/Login?mode=login&encodePassword=2703d74ffd1f0f06a2a58e614f0baeb81681eb0af21fd416dca47a68427c0b67 HTTP/1.1" 200 8949
0:0:0:0:0:0:0:1 - - [19/Nov/2023:13:44:27 +0530] "GET /Travel/Booking?mode= HTTP/1.1" 200 391844
