Properties key[log_user] value[]
Properties key[isLoggable] value[Y]
Properties key[log_user] value[]
Properties key[isLoggable] value[Y]
Properties key[log_user] value[]
Properties key[isLoggable] value[Y]
Inside Login sERVLET
Properties key[log_user] value[]
Properties key[isLoggable] value[Y]
Properties key[log_user] value[]
Properties key[isLoggable] value[Y]
Properties key[log_user] value[]
Properties key[isLoggable] value[Y]
Properties key[log_user] value[]
Properties key[isLoggable] value[Y]
Properties key[log_user] value[]
Properties key[isLoggable] value[Y]
Properties key[log_user] value[]
Properties key[isLoggable] value[Y]
Properties key[log_user] value[]
Properties key[isLoggable] value[Y]
Properties key[log_user] value[]
Properties key[isLoggable] value[Y]
Properties key[log_user] value[]
Properties key[isLoggable] value[Y]
Properties key[log_user] value[]
Properties key[isLoggable] value[Y]
Properties key[log_user] value[]
Properties key[isLoggable] value[Y]
Properties key[log_user] value[]
Properties key[isLoggable] value[Y]
Properties key[log_user] value[]
Properties key[isLoggable] value[Y]
Properties key[log_user] value[]
Properties key[isLoggable] value[Y]
propertiesSet true
Properties key[log_user] value[]
Inside Log Path from AuthFilter
Inside Log Path from Generic
Before {log4j.appender.file.MaxFileSize=200KB, log4j.appender.stdout.Target=System.out, isLoggable=Y, log_user=arul, log4j.appender.stdout.layout=org.apache.log4j.PatternLayout, log=/Git/My Repository/Completed/Travel_Current_Project/Travel/Logs/2023/08/16/, log4j.appender.file=org.apache.log4j.RollingFileAppender, format=[%d{dd-MM-yyyy hh:mm:ss:sss a z}] %-5p [Line:%-2L] - %m %n, log4j.appender.stdout.layout.ConversionPattern=${format}, log4j.appender.file.layout=org.apache.log4j.PatternLayout, log4j.appender.file.layout.ConversionPattern=${format}, log4j.appender.stdout=org.apache.log4j.ConsoleAppender, log4j.rootLogger=DEBUG , file, log4j.appender.file.File=${log}log4j/log4j.log, log4j.appender.file.MaxBackupIndex=1}
Log Properties Updated for Key [log_user] value [arul]
After {log4j.appender.file.MaxFileSize=200KB, log4j.appender.stdout.Target=System.out, isLoggable=Y, log_user=arul, log4j.appender.stdout.layout=org.apache.log4j.PatternLayout, log=/Git/My Repository/Completed/Travel_Current_Project/Travel/Logs/2023/08/16/, log4j.appender.file=org.apache.log4j.RollingFileAppender, format=[%d{dd-MM-yyyy hh:mm:ss:sss a z}] %-5p [Line:%-2L] - %m %n, log4j.appender.stdout.layout.ConversionPattern=${format}, log4j.appender.file.layout=org.apache.log4j.PatternLayout, log4j.appender.file.layout.ConversionPattern=${format}, log4j.appender.stdout=org.apache.log4j.ConsoleAppender, log4j.rootLogger=DEBUG , file, log4j.appender.file.File=${log}log4j/log4j.log, log4j.appender.file.MaxBackupIndex=1}
KEY => [LOG_PATH => /Git/My Repository/Completed/Travel_Current_Project/Travel/]
Properties key[log_user] value[]
Properties key[isLoggable] value[Y]
Inside setProperties() Log Path [/Git/My Repository/Completed/Travel_Current_Project/Travel/] folder [Logs/2023/08/16/]
Log will be redirected to /Git/My Repository/Completed/Travel_Current_Project/Travel/Logs/2023/08/16/
Before {log4j.appender.file.MaxFileSize=200KB, log4j.appender.stdout.Target=System.out, isLoggable=Y, log4j.appender.stdout.layout=org.apache.log4j.PatternLayout, log=/Git/My Repository/Completed/Travel_Current_Project/Travel/Logs/2023/08/16/, log4j.appender.file=org.apache.log4j.RollingFileAppender, format=[%d{dd-MM-yyyy hh:mm:ss:sss a z}] %-5p [Line:%-2L] - %m %n, log4j.appender.stdout.layout.ConversionPattern=${format}, log4j.appender.file.layout=org.apache.log4j.PatternLayout, log4j.appender.file.layout.ConversionPattern=${format}, log4j.appender.stdout=org.apache.log4j.ConsoleAppender, log4j.rootLogger=DEBUG , file, log4j.appender.file.File=${log}log4j/log4j.log, log4j.appender.file.MaxBackupIndex=1}
Log Properties Updated for Key [log] value [/Git/My Repository/Completed/Travel_Current_Project/Travel/Logs/2023/08/16/]
After {log4j.appender.file.MaxFileSize=200KB, log4j.appender.stdout.Target=System.out, isLoggable=Y, log4j.appender.stdout.layout=org.apache.log4j.PatternLayout, log=/Git/My Repository/Completed/Travel_Current_Project/Travel/Logs/2023/08/16/, log4j.appender.file=org.apache.log4j.RollingFileAppender, format=[%d{dd-MM-yyyy hh:mm:ss:sss a z}] %-5p [Line:%-2L] - %m %n, log4j.appender.stdout.layout.ConversionPattern=${format}, log4j.appender.file.layout=org.apache.log4j.PatternLayout, log4j.appender.file.layout.ConversionPattern=${format}, log4j.appender.stdout=org.apache.log4j.ConsoleAppender, log4j.rootLogger=DEBUG , file, log4j.appender.file.File=${log}log4j/log4j.log, log4j.appender.file.MaxBackupIndex=1}
Properties key[log_user] value[]
Properties key[isLoggable] value[Y]
Properties key[log] value[/Git/My Repository/Completed/Travel_Current_Project/Travel/Logs/2023/08/16/]
Properties key[log_user] value[]
Properties key[isLoggable] value[Y]
Properties key[log_user] value[]
Properties key[isLoggable] value[Y]
Properties key[isLoggable] value[Y]
Properties key[log_user] value[]
Properties key[isLoggable] value[Y]
Properties key[log_user] value[]
Properties key[isLoggable] value[Y]
Properties key[log_user] value[]
Properties key[isLoggable] value[Y]
Inside Login sERVLET
Properties key[log_user] value[]
Properties key[isLoggable] value[Y]
Properties key[log_user] value[]
Properties key[isLoggable] value[Y]
Properties key[log_user] value[]
Properties key[isLoggable] value[Y]
Properties key[log_user] value[]
Properties key[isLoggable] value[Y]
Properties key[log_user] value[]
Properties key[isLoggable] value[Y]
Properties key[log_user] value[]
Properties key[isLoggable] value[Y]
Properties key[log_user] value[]
Properties key[isLoggable] value[Y]
Properties key[log_user] value[]
Properties key[isLoggable] value[Y]
Properties key[log_user] value[]
Properties key[isLoggable] value[Y]
Properties key[log_user] value[]
Properties key[isLoggable] value[Y]
Properties key[log_user] value[]
Properties key[isLoggable] value[Y]
Properties key[log_user] value[]
Properties key[isLoggable] value[Y]
Properties key[log_user] value[]
Properties key[isLoggable] value[Y]
Properties key[log_user] value[]
Properties key[isLoggable] value[Y]
