Properties key[log_user] value[arul]
Properties key[isLoggable] value[Y]
Properties key[log_user] value[arul]
Properties key[isLoggable] value[Y]
Inside Login sERVLET
Properties key[log_user] value[arul]
Properties key[isLoggable] value[Y]
Properties key[log_user] value[arul]
Properties key[isLoggable] value[Y]
Properties key[log_user] value[arul]
Properties key[isLoggable] value[Y]
Properties key[log_user] value[arul]
Properties key[isLoggable] value[Y]
Properties key[log_user] value[arul]
Properties key[isLoggable] value[Y]
Properties key[log_user] value[arul]
Properties key[isLoggable] value[Y]
Properties key[log_user] value[arul]
Properties key[isLoggable] value[Y]
Properties key[log_user] value[arul]
Properties key[isLoggable] value[Y]
Properties key[log_user] value[arul]
Properties key[isLoggable] value[Y]
Properties key[log_user] value[arul]
Properties key[isLoggable] value[Y]
Properties key[log_user] value[arul]
Properties key[isLoggable] value[Y]
Properties key[log_user] value[arul]
Properties key[isLoggable] value[Y]
Properties key[log_user] value[arul]
Properties key[isLoggable] value[Y]
Properties key[log_user] value[arul]
Properties key[isLoggable] value[Y]
Properties key[log_user] value[arul]
Properties key[isLoggable] value[Y]
propertiesSet null
Inside Log Path from AuthFilter
Inside Log Path from Generic
Properties key[log_user] value[arul]
Properties key[isLoggable] value[Y]
propertiesSet null
Inside Log Path from AuthFilter
Inside Log Path from Generic
Properties key[log_user] value[arul]
Properties key[isLoggable] value[Y]
propertiesSet null
Inside Log Path from AuthFilter
Inside Log Path from Generic
Log Properties Updated for Key [log_user] value [jiyara]
KEY => [LOG_PATH => /Git/My Repository/Completed/Travel_Current_Project/Travel/]
Properties key[log_user] value[arul]
Properties key[isLoggable] value[Y]
Inside setProperties() Log Path [/Git/My Repository/Completed/Travel_Current_Project/Travel/] folder [Logs/2023/08/16/]
Log will be redirected to /Git/My Repository/Completed/Travel_Current_Project/Travel/Logs/2023/08/16/
Log Properties Updated for Key [log] value [/Git/My Repository/Completed/Travel_Current_Project/Travel/Logs/2023/08/16/]
Properties key[log_user] value[arul]
Properties key[isLoggable] value[Y]
Properties key[log] value[/Git/My Repository/Completed/Travel_Current_Project/Travel/Logs/2023/08/16/]
Properties key[log_user] value[arul]
Properties key[isLoggable] value[Y]
Properties key[log_user] value[arul]
Properties key[isLoggable] value[Y]
Properties key[isLoggable] value[Y]
Properties key[log_user] value[arul]
Properties key[isLoggable] value[Y]
Properties key[log] value[/Git/My Repository/Completed/Travel_Current_Project/Travel/Logs/2023/08/16/]
Properties key[log_user] value[arul]
Properties key[isLoggable] value[Y]
Properties key[log_user] value[arul]
Properties key[isLoggable] value[Y]
