[26-08-2023 05:05:53:053 pm IST] DEBUG [Line:59] - [AuthFilter          ] [jiyara] Inside do fIletr 
[26-08-2023 05:05:53:053 pm IST] DEBUG [Line:59] - [LoginServlet        ] [jiyara]  mode                      =>  login  
[26-08-2023 05:05:53:053 pm IST] DEBUG [Line:59] - [LoginServlet        ] [jiyara]  encodePassword            =>  ea6d7a3524c9ff6ca21e22b7be354f54f5297a7b948ccb75ee45a465b897b650  
[26-08-2023 05:05:53:053 pm IST] DEBUG [Line:59] - [LoginServlet        ] [jiyara]  txtUser                   =>  jiyara  
[26-08-2023 05:05:53:053 pm IST] DEBUG [Line:59] - [LoginServlet        ] [jiyara]  txtPassword               =>  jiyara  
[26-08-2023 05:05:53:053 pm IST] DEBUG [Line:59] - [LoginServlet        ] [jiyara]  username                  =>    
[26-08-2023 05:05:53:053 pm IST] DEBUG [Line:59] - [LoginServlet        ] [jiyara]  pass1                     =>    
[26-08-2023 05:05:53:053 pm IST] DEBUG [Line:59] - [LoginServlet        ] [jiyara]  pass2                     =>    
[26-08-2023 05:05:53:053 pm IST] DEBUG [Line:59] - [LoginServlet        ] [jiyara]  user_id                   =>    
[26-08-2023 05:05:53:053 pm IST] DEBUG [Line:59] - [Logindao            ] [jiyara] com.mysql.cj.jdbc.ClientPreparedStatement: SELECT li.*,concat(ui.image_path,'/',ui.image_name) image_path FROM login_info li LEFT OUTER JOIN user_image ui ON li.user_id = ui.user_id WHERE li.USER_ID='jiyara' 
[26-08-2023 05:05:53:053 pm IST] DEBUG [Line:59] - [LoginServlet        ] [jiyara]  Last Login 2023-08-26T17:02:24 
[26-08-2023 05:05:53:053 pm IST] DEBUG [Line:59] - [LoginServlet        ] [jiyara] DB UserId : jiyara Username : Jiyara Password : jiyara 
[26-08-2023 05:05:53:053 pm IST] DEBUG [Line:59] - [Logindao            ] [jiyara] com.mysql.cj.jdbc.ClientPreparedStatement: UPDATE login_info SET LAST_LOGIN=sysdate() WHERE USER_ID='jiyara' 
[26-08-2023 05:05:53:053 pm IST] DEBUG [Line:59] - [Generic             ] [jiyara] Access Log Entered true 
[26-08-2023 05:05:53:053 pm IST] DEBUG [Line:59] - [Dbmanager           ] [jiyara]  Connection Closed [true]  
[26-08-2023 05:06:24:024 pm IST] DEBUG [Line:59] - [AjaxServlet         ] [jiyara]  [object FormData]         =>    
[26-08-2023 05:06:24:024 pm IST] DEBUG [Line:59] - [AjaxServlet         ] [jiyara]  hGender                   =>  T  
[26-08-2023 05:06:24:024 pm IST] DEBUG [Line:59] - [AjaxServlet         ] [jiyara]  hdob                      =>  2020-03-19  
[26-08-2023 05:06:24:024 pm IST] DEBUG [Line:59] - [AjaxServlet         ] [jiyara]  gender                    =>  M  
[26-08-2023 05:06:24:024 pm IST] DEBUG [Line:59] - [AjaxServlet         ] [jiyara]  dob                       =>  2020-03-19  
[26-08-2023 05:06:24:024 pm IST] DEBUG [Line:59] - [AjaxServlet         ] [jiyara]  status                    =>  Pending  
[26-08-2023 05:06:24:024 pm IST] DEBUG [Line:59] - [AjaxServlet         ] [jiyara]  [object File]             =>  C:\fakepath\IMG20210201165305.jpg  
[26-08-2023 05:06:24:024 pm IST] DEBUG [Line:59] - [AjaxServlet         ] [jiyara]  mode                      =>  userProfileSubmit  
[26-08-2023 05:06:24:024 pm IST] INFO  [Line:59] - [AjaxServlet         ] [jiyara] Context Real Path  : M:\Git\My Repository\Completed\Travel_Current_Project\Travel\Travel\Images 
[26-08-2023 05:06:24:024 pm IST] INFO  [Line:59] - [AjaxServlet         ] [jiyara] Inside ajax 
[26-08-2023 05:06:24:024 pm IST] DEBUG [Line:59] - [Dbmanager           ] [jiyara]  Connection Closed [true]  
[26-08-2023 05:06:24:024 pm IST] DEBUG [Line:59] - [Generic             ] [jiyara]  Image Upload Path [/Git/My Repository/Completed/Travel_Current_Project/Travel/Travel/Images/jiyara\]  
[26-08-2023 05:06:24:024 pm IST] ERROR [Line:61] - [AjaxServlet    ] [jiyara] Exception in Ajax Servlet  ** Error in *** javax.servlet.ServletException => org.apache.tomcat.util.http.fileupload.impl.InvalidContentTypeException: the request doesn't contain a multipart/form-data or multipart/mixed stream, content type header is application/x-www-form-urlencoded; charset=UTF-8 
 
javax.servlet.ServletException: org.apache.tomcat.util.http.fileupload.impl.InvalidContentTypeException: the request doesn't contain a multipart/form-data or multipart/mixed stream, content type header is application/x-www-form-urlencoded; charset=UTF-8
	at org.apache.catalina.connector.Request.parseParts(Request.java:2959)
	at org.apache.catalina.connector.Request.getParts(Request.java:2823)
	at org.apache.catalina.connector.Request.getPart(Request.java:2990)
	at org.apache.catalina.connector.RequestFacade.getPart(RequestFacade.java:1105)
	at com.web.common.UploadJava.uploadImage(UploadJava.java:23)
	at com.web.common.AjaxProcess.getUploadResponse(AjaxProcess.java:244)
	at com.web.controller.AjaxServlet.service(AjaxServlet.java:63)
	at javax.servlet.http.HttpServlet.service(HttpServlet.java:764)
	at org.apache.catalina.core.ApplicationFilterChain.internalDoFilter(ApplicationFilterChain.java:227)
	at org.apache.catalina.core.ApplicationFilterChain.doFilter(ApplicationFilterChain.java:162)
	at org.apache.tomcat.websocket.server.WsFilter.doFilter(WsFilter.java:53)
	at org.apache.catalina.core.ApplicationFilterChain.internalDoFilter(ApplicationFilterChain.java:189)
	at org.apache.catalina.core.ApplicationFilterChain.doFilter(ApplicationFilterChain.java:162)
	at com.web.filter.AuthFilter.doFilter(AuthFilter.java:88)
	at org.apache.catalina.core.ApplicationFilterChain.internalDoFilter(ApplicationFilterChain.java:189)
	at org.apache.catalina.core.ApplicationFilterChain.doFilter(ApplicationFilterChain.java:162)
	at org.apache.catalina.core.StandardWrapperValve.invoke(StandardWrapperValve.java:197)
	at org.apache.catalina.core.StandardContextValve.invoke(StandardContextValve.java:97)
	at org.apache.catalina.authenticator.AuthenticatorBase.invoke(AuthenticatorBase.java:540)
	at org.apache.catalina.core.StandardHostValve.invoke(StandardHostValve.java:135)
	at org.apache.catalina.valves.ErrorReportValve.invoke(ErrorReportValve.java:92)
	at org.apache.catalina.valves.AbstractAccessLogValve.invoke(AbstractAccessLogValve.java:687)
	at org.apache.catalina.core.StandardEngineValve.invoke(StandardEngineValve.java:78)
	at org.apache.catalina.connector.CoyoteAdapter.service(CoyoteAdapter.java:357)
	at org.apache.coyote.http11.Http11Processor.service(Http11Processor.java:382)
	at org.apache.coyote.AbstractProcessorLight.process(AbstractProcessorLight.java:65)
	at org.apache.coyote.AbstractProtocol$ConnectionHandler.process(AbstractProtocol.java:893)
	at org.apache.tomcat.util.net.NioEndpoint$SocketProcessor.doRun(NioEndpoint.java:1726)
	at org.apache.tomcat.util.net.SocketProcessorBase.run(SocketProcessorBase.java:49)
	at org.apache.tomcat.util.threads.ThreadPoolExecutor.runWorker(ThreadPoolExecutor.java:1191)
	at org.apache.tomcat.util.threads.ThreadPoolExecutor$Worker.run(ThreadPoolExecutor.java:659)
	at org.apache.tomcat.util.threads.TaskThread$WrappingRunnable.run(TaskThread.java:61)
	at java.base/java.lang.Thread.run(Thread.java:833)
Caused by: org.apache.tomcat.util.http.fileupload.impl.InvalidContentTypeException: the request doesn't contain a multipart/form-data or multipart/mixed stream, content type header is application/x-www-form-urlencoded; charset=UTF-8
	at org.apache.tomcat.util.http.fileupload.impl.FileItemIteratorImpl.init(FileItemIteratorImpl.java:151)
	at org.apache.tomcat.util.http.fileupload.impl.FileItemIteratorImpl.getMultiPartStream(FileItemIteratorImpl.java:205)
	at org.apache.tomcat.util.http.fileupload.impl.FileItemIteratorImpl.findNextItem(FileItemIteratorImpl.java:224)
	at org.apache.tomcat.util.http.fileupload.impl.FileItemIteratorImpl.<init>(FileItemIteratorImpl.java:142)
	at org.apache.tomcat.util.http.fileupload.FileUploadBase.getItemIterator(FileUploadBase.java:252)
	at org.apache.tomcat.util.http.fileupload.FileUploadBase.parseRequest(FileUploadBase.java:276)
	at org.apache.catalina.connector.Request.parseParts(Request.java:2921)
	... 32 more
[26-08-2023 05:06:24:024 pm IST] DEBUG [Line:59] - [Dbmanager           ] [jiyara]  Connection Closed [true]  
[26-08-2023 05:16:11:011 pm IST] DEBUG [Line:59] - [AuthFilter          ] [jiyara] Inside do fIletr 
[26-08-2023 05:16:11:011 pm IST] DEBUG [Line:59] - [LoginServlet        ] [jiyara]  mode                      =>  login  
[26-08-2023 05:16:11:011 pm IST] DEBUG [Line:59] - [LoginServlet        ] [jiyara]  encodePassword            =>  ea6d7a3524c9ff6ca21e22b7be354f54f5297a7b948ccb75ee45a465b897b650  
[26-08-2023 05:16:11:011 pm IST] DEBUG [Line:59] - [LoginServlet        ] [jiyara]  txtUser                   =>  jiyara  
[26-08-2023 05:16:11:011 pm IST] DEBUG [Line:59] - [LoginServlet        ] [jiyara]  txtPassword               =>  jiyara  
[26-08-2023 05:16:11:011 pm IST] DEBUG [Line:59] - [LoginServlet        ] [jiyara]  username                  =>    
[26-08-2023 05:16:11:011 pm IST] DEBUG [Line:59] - [LoginServlet        ] [jiyara]  pass1                     =>    
[26-08-2023 05:16:11:011 pm IST] DEBUG [Line:59] - [LoginServlet        ] [jiyara]  pass2                     =>    
[26-08-2023 05:16:11:011 pm IST] DEBUG [Line:59] - [LoginServlet        ] [jiyara]  user_id                   =>    
[26-08-2023 05:16:11:011 pm IST] DEBUG [Line:59] - [Logindao            ] [jiyara] com.mysql.cj.jdbc.ClientPreparedStatement: SELECT li.*,concat(ui.image_path,'/',ui.image_name) image_path FROM login_info li LEFT OUTER JOIN user_image ui ON li.user_id = ui.user_id WHERE li.USER_ID='jiyara' 
[26-08-2023 05:16:11:011 pm IST] DEBUG [Line:59] - [LoginServlet        ] [jiyara]  Last Login 2023-08-26T17:05:53 
[26-08-2023 05:16:11:011 pm IST] DEBUG [Line:59] - [LoginServlet        ] [jiyara] DB UserId : jiyara Username : Jiyara Password : jiyara 
[26-08-2023 05:16:11:011 pm IST] DEBUG [Line:59] - [Logindao            ] [jiyara] com.mysql.cj.jdbc.ClientPreparedStatement: UPDATE login_info SET LAST_LOGIN=sysdate() WHERE USER_ID='jiyara' 
[26-08-2023 05:16:11:011 pm IST] DEBUG [Line:59] - [Generic             ] [jiyara] Access Log Entered true 
[26-08-2023 05:16:11:011 pm IST] DEBUG [Line:59] - [Dbmanager           ] [jiyara]  Connection Closed [true]  
[26-08-2023 05:16:26:026 pm IST] DEBUG [Line:59] - [AjaxServlet         ] [jiyara]  [object FormData]         =>    
[26-08-2023 05:16:26:026 pm IST] DEBUG [Line:59] - [AjaxServlet         ] [jiyara]  hGender                   =>  T  
[26-08-2023 05:16:26:026 pm IST] DEBUG [Line:59] - [AjaxServlet         ] [jiyara]  hdob                      =>  2020-03-19  
[26-08-2023 05:16:26:026 pm IST] DEBUG [Line:59] - [AjaxServlet         ] [jiyara]  gender                    =>  M  
[26-08-2023 05:16:26:026 pm IST] DEBUG [Line:59] - [AjaxServlet         ] [jiyara]  dob                       =>  2020-03-19  
[26-08-2023 05:16:26:026 pm IST] DEBUG [Line:59] - [AjaxServlet         ] [jiyara]  status                    =>  Pending  
[26-08-2023 05:16:26:026 pm IST] DEBUG [Line:59] - [AjaxServlet         ] [jiyara]  [object File]             =>  C:\fakepath\IMG20210201165305.jpg  
[26-08-2023 05:16:26:026 pm IST] DEBUG [Line:59] - [AjaxServlet         ] [jiyara]  mode                      =>  userProfileSubmit  
[26-08-2023 05:16:26:026 pm IST] INFO  [Line:59] - [AjaxServlet         ] [jiyara] Context Real Path  : M:\Git\My Repository\Completed\Travel_Current_Project\Travel\Travel\Images 
[26-08-2023 05:16:26:026 pm IST] INFO  [Line:59] - [AjaxServlet         ] [jiyara] Inside ajax 
[26-08-2023 05:16:26:026 pm IST] DEBUG [Line:59] - [Dbmanager           ] [jiyara]  Connection Closed [true]  
[26-08-2023 05:16:26:026 pm IST] DEBUG [Line:59] - [Generic             ] [jiyara]  Image Upload Path [/Git/My Repository/Completed/Travel_Current_Project/Travel/Travel/Images/jiyara/]  
[26-08-2023 05:16:26:026 pm IST] ERROR [Line:61] - [AjaxServlet    ] [jiyara] Exception in Ajax Servlet  ** Error in *** javax.servlet.ServletException => org.apache.tomcat.util.http.fileupload.impl.InvalidContentTypeException: the request doesn't contain a multipart/form-data or multipart/mixed stream, content type header is application/x-www-form-urlencoded; charset=UTF-8 
 
javax.servlet.ServletException: org.apache.tomcat.util.http.fileupload.impl.InvalidContentTypeException: the request doesn't contain a multipart/form-data or multipart/mixed stream, content type header is application/x-www-form-urlencoded; charset=UTF-8
	at org.apache.catalina.connector.Request.parseParts(Request.java:2959)
	at org.apache.catalina.connector.Request.getParts(Request.java:2823)
	at org.apache.catalina.connector.Request.getPart(Request.java:2990)
	at org.apache.catalina.connector.RequestFacade.getPart(RequestFacade.java:1105)
	at com.web.common.UploadJava.uploadImage(UploadJava.java:23)
	at com.web.common.AjaxProcess.getUploadResponse(AjaxProcess.java:244)
	at com.web.controller.AjaxServlet.service(AjaxServlet.java:63)
	at javax.servlet.http.HttpServlet.service(HttpServlet.java:764)
	at org.apache.catalina.core.ApplicationFilterChain.internalDoFilter(ApplicationFilterChain.java:227)
	at org.apache.catalina.core.ApplicationFilterChain.doFilter(ApplicationFilterChain.java:162)
	at org.apache.tomcat.websocket.server.WsFilter.doFilter(WsFilter.java:53)
	at org.apache.catalina.core.ApplicationFilterChain.internalDoFilter(ApplicationFilterChain.java:189)
	at org.apache.catalina.core.ApplicationFilterChain.doFilter(ApplicationFilterChain.java:162)
	at com.web.filter.AuthFilter.doFilter(AuthFilter.java:88)
	at org.apache.catalina.core.ApplicationFilterChain.internalDoFilter(ApplicationFilterChain.java:189)
	at org.apache.catalina.core.ApplicationFilterChain.doFilter(ApplicationFilterChain.java:162)
	at org.apache.catalina.core.StandardWrapperValve.invoke(StandardWrapperValve.java:197)
	at org.apache.catalina.core.StandardContextValve.invoke(StandardContextValve.java:97)
	at org.apache.catalina.authenticator.AuthenticatorBase.invoke(AuthenticatorBase.java:540)
	at org.apache.catalina.core.StandardHostValve.invoke(StandardHostValve.java:135)
	at org.apache.catalina.valves.ErrorReportValve.invoke(ErrorReportValve.java:92)
	at org.apache.catalina.valves.AbstractAccessLogValve.invoke(AbstractAccessLogValve.java:687)
	at org.apache.catalina.core.StandardEngineValve.invoke(StandardEngineValve.java:78)
	at org.apache.catalina.connector.CoyoteAdapter.service(CoyoteAdapter.java:357)
	at org.apache.coyote.http11.Http11Processor.service(Http11Processor.java:382)
	at org.apache.coyote.AbstractProcessorLight.process(AbstractProcessorLight.java:65)
	at org.apache.coyote.AbstractProtocol$ConnectionHandler.process(AbstractProtocol.java:893)
	at org.apache.tomcat.util.net.NioEndpoint$SocketProcessor.doRun(NioEndpoint.java:1726)
	at org.apache.tomcat.util.net.SocketProcessorBase.run(SocketProcessorBase.java:49)
	at org.apache.tomcat.util.threads.ThreadPoolExecutor.runWorker(ThreadPoolExecutor.java:1191)
	at org.apache.tomcat.util.threads.ThreadPoolExecutor$Worker.run(ThreadPoolExecutor.java:659)
	at org.apache.tomcat.util.threads.TaskThread$WrappingRunnable.run(TaskThread.java:61)
	at java.base/java.lang.Thread.run(Thread.java:833)
Caused by: org.apache.tomcat.util.http.fileupload.impl.InvalidContentTypeException: the request doesn't contain a multipart/form-data or multipart/mixed stream, content type header is application/x-www-form-urlencoded; charset=UTF-8
	at org.apache.tomcat.util.http.fileupload.impl.FileItemIteratorImpl.init(FileItemIteratorImpl.java:151)
	at org.apache.tomcat.util.http.fileupload.impl.FileItemIteratorImpl.getMultiPartStream(FileItemIteratorImpl.java:205)
	at org.apache.tomcat.util.http.fileupload.impl.FileItemIteratorImpl.findNextItem(FileItemIteratorImpl.java:224)
	at org.apache.tomcat.util.http.fileupload.impl.FileItemIteratorImpl.<init>(FileItemIteratorImpl.java:142)
	at org.apache.tomcat.util.http.fileupload.FileUploadBase.getItemIterator(FileUploadBase.java:252)
	at org.apache.tomcat.util.http.fileupload.FileUploadBase.parseRequest(FileUploadBase.java:276)
	at org.apache.catalina.connector.Request.parseParts(Request.java:2921)
	... 32 more
[26-08-2023 05:16:26:026 pm IST] DEBUG [Line:59] - [Dbmanager           ] [jiyara]  Connection Closed [true]  
[26-08-2023 05:16:36:036 pm IST] DEBUG [Line:59] - [Dbmanager           ] [jiyara]  Connection Closed [true]  
[26-08-2023 05:16:36:036 pm IST] DEBUG [Line:59] - [Generic             ] [jiyara]  Console File Path [null] 
[26-08-2023 05:16:36:036 pm IST] DEBUG [Line:59] - [Generic             ] [jiyara]  File Path Added to session  
[26-08-2023 05:16:36:036 pm IST] DEBUG [Line:59] - [Generic             ] [jiyara]  Console File Path [null] isLog [true]  
[26-08-2023 05:16:36:036 pm IST] DEBUG [Line:59] - [Generic             ] [jiyara] Inside setSystemOutLogs filePath[/Git/My Repository/Completed/Travel_Current_Project/Travel/Logs/2023/08/26/Console/] fileName [1693050396307_console.log] 
[26-08-2023 05:16:36:036 pm IST] DEBUG [Line:59] - [Generic             ] [jiyara] Get PrintStream [java.io.PrintStream@5b2f8ac5] 
[26-08-2023 05:16:36:036 pm IST] DEBUG [Line:59] - [AuthFilter          ] [jiyara] Session Created 3CB6D06407E1ADAB44A9D9C5F375F345 
[26-08-2023 05:16:36:036 pm IST] DEBUG [Line:59] - [AuthFilter          ] [jiyara] Inside do fIletr 
[26-08-2023 05:16:36:036 pm IST] DEBUG [Line:59] - [LoginServlet        ] [jiyara]  mode                      =>  login  
[26-08-2023 05:16:36:036 pm IST] DEBUG [Line:59] - [LoginServlet        ] [jiyara]  encodePassword            =>  ea6d7a3524c9ff6ca21e22b7be354f54f5297a7b948ccb75ee45a465b897b650  
[26-08-2023 05:16:36:036 pm IST] DEBUG [Line:59] - [LoginServlet        ] [jiyara]  txtUser                   =>  jiyara  
[26-08-2023 05:16:36:036 pm IST] DEBUG [Line:59] - [LoginServlet        ] [jiyara]  txtPassword               =>  jiyara  
[26-08-2023 05:16:36:036 pm IST] DEBUG [Line:59] - [LoginServlet        ] [jiyara]  username                  =>    
[26-08-2023 05:16:36:036 pm IST] DEBUG [Line:59] - [LoginServlet        ] [jiyara]  pass1                     =>    
[26-08-2023 05:16:36:036 pm IST] DEBUG [Line:59] - [LoginServlet        ] [jiyara]  pass2                     =>    
[26-08-2023 05:16:36:036 pm IST] DEBUG [Line:59] - [LoginServlet        ] [jiyara]  user_id                   =>    
[26-08-2023 05:16:36:036 pm IST] DEBUG [Line:59] - [Logindao            ] [jiyara] com.mysql.cj.jdbc.ClientPreparedStatement: SELECT li.*,concat(ui.image_path,'/',ui.image_name) image_path FROM login_info li LEFT OUTER JOIN user_image ui ON li.user_id = ui.user_id WHERE li.USER_ID='jiyara' 
[26-08-2023 05:16:36:036 pm IST] DEBUG [Line:59] - [LoginServlet        ] [jiyara]  Last Login 2023-08-26T17:16:11 
[26-08-2023 05:16:36:036 pm IST] DEBUG [Line:59] - [LoginServlet        ] [jiyara] DB UserId : jiyara Username : Jiyara Password : jiyara 
[26-08-2023 05:16:36:036 pm IST] DEBUG [Line:59] - [Logindao            ] [jiyara] com.mysql.cj.jdbc.ClientPreparedStatement: UPDATE login_info SET LAST_LOGIN=sysdate() WHERE USER_ID='jiyara' 
[26-08-2023 05:16:36:036 pm IST] DEBUG [Line:59] - [Generic             ] [jiyara] Access Log Entered true 
[26-08-2023 05:16:36:036 pm IST] DEBUG [Line:59] - [Dbmanager           ] [jiyara]  Connection Closed [true]  
[26-08-2023 05:16:50:050 pm IST] DEBUG [Line:59] - [AjaxServlet         ] [jiyara]  mode                      =>  userProfileSubmit  
[26-08-2023 05:16:50:050 pm IST] DEBUG [Line:59] - [AjaxServlet         ] [jiyara]  hGender                   =>  T  
[26-08-2023 05:16:50:050 pm IST] DEBUG [Line:59] - [AjaxServlet         ] [jiyara]  hdob                      =>  2020-03-19  
[26-08-2023 05:16:50:050 pm IST] DEBUG [Line:59] - [AjaxServlet         ] [jiyara]  gender                    =>  F  
[26-08-2023 05:16:50:050 pm IST] DEBUG [Line:59] - [AjaxServlet         ] [jiyara]  dob                       =>  2020-03-19  
[26-08-2023 05:16:50:050 pm IST] INFO  [Line:59] - [AjaxServlet         ] [jiyara] Context Real Path  : M:\Git\My Repository\Completed\Travel_Current_Project\Travel\Travel\Images 
[26-08-2023 05:16:50:050 pm IST] INFO  [Line:59] - [AjaxServlet         ] [jiyara] Inside ajax 
[26-08-2023 05:16:51:051 pm IST] DEBUG [Line:59] - [Dbmanager           ] [jiyara]  Connection Closed [true]  
[26-08-2023 05:16:51:051 pm IST] DEBUG [Line:59] - [Generic             ] [jiyara]  Image Upload Path [/Git/My Repository/Completed/Travel_Current_Project/Travel/Travel/Images/jiyara/]  
[26-08-2023 05:16:51:051 pm IST] ERROR [Line:61] - [AjaxServlet    ] [jiyara] Exception in Ajax Servlet  ** Error in *** java.lang.NullPointerException => Cannot invoke "javax.servlet.http.Part.getHeader(String)" because "part" is null 
 
java.lang.NullPointerException: Cannot invoke "javax.servlet.http.Part.getHeader(String)" because "part" is null
	at com.web.common.UploadJava.getSubmittedFileName(UploadJava.java:63)
	at com.web.common.UploadJava.uploadImage(UploadJava.java:24)
	at com.web.common.AjaxProcess.getUploadResponse(AjaxProcess.java:244)
	at com.web.controller.AjaxServlet.service(AjaxServlet.java:63)
	at javax.servlet.http.HttpServlet.service(HttpServlet.java:764)
	at org.apache.catalina.core.ApplicationFilterChain.internalDoFilter(ApplicationFilterChain.java:227)
	at org.apache.catalina.core.ApplicationFilterChain.doFilter(ApplicationFilterChain.java:162)
	at org.apache.tomcat.websocket.server.WsFilter.doFilter(WsFilter.java:53)
	at org.apache.catalina.core.ApplicationFilterChain.internalDoFilter(ApplicationFilterChain.java:189)
	at org.apache.catalina.core.ApplicationFilterChain.doFilter(ApplicationFilterChain.java:162)
	at com.web.filter.AuthFilter.doFilter(AuthFilter.java:88)
	at org.apache.catalina.core.ApplicationFilterChain.internalDoFilter(ApplicationFilterChain.java:189)
	at org.apache.catalina.core.ApplicationFilterChain.doFilter(ApplicationFilterChain.java:162)
	at org.apache.catalina.core.StandardWrapperValve.invoke(StandardWrapperValve.java:197)
	at org.apache.catalina.core.StandardContextValve.invoke(StandardContextValve.java:97)
	at org.apache.catalina.authenticator.AuthenticatorBase.invoke(AuthenticatorBase.java:540)
	at org.apache.catalina.core.StandardHostValve.invoke(StandardHostValve.java:135)
	at org.apache.catalina.valves.ErrorReportValve.invoke(ErrorReportValve.java:92)
	at org.apache.catalina.valves.AbstractAccessLogValve.invoke(AbstractAccessLogValve.java:687)
	at org.apache.catalina.core.StandardEngineValve.invoke(StandardEngineValve.java:78)
	at org.apache.catalina.connector.CoyoteAdapter.service(CoyoteAdapter.java:357)
	at org.apache.coyote.http11.Http11Processor.service(Http11Processor.java:382)
	at org.apache.coyote.AbstractProcessorLight.process(AbstractProcessorLight.java:65)
	at org.apache.coyote.AbstractProtocol$ConnectionHandler.process(AbstractProtocol.java:893)
	at org.apache.tomcat.util.net.NioEndpoint$SocketProcessor.doRun(NioEndpoint.java:1726)
	at org.apache.tomcat.util.net.SocketProcessorBase.run(SocketProcessorBase.java:49)
	at org.apache.tomcat.util.threads.ThreadPoolExecutor.runWorker(ThreadPoolExecutor.java:1191)
	at org.apache.tomcat.util.threads.ThreadPoolExecutor$Worker.run(ThreadPoolExecutor.java:659)
	at org.apache.tomcat.util.threads.TaskThread$WrappingRunnable.run(TaskThread.java:61)
	at java.base/java.lang.Thread.run(Thread.java:833)
[26-08-2023 05:16:51:051 pm IST] DEBUG [Line:59] - [Dbmanager           ] [jiyara]  Connection Closed [true]  
[26-08-2023 05:17:51:051 pm IST] DEBUG [Line:59] - [AuthFilter          ] [jiyara] Inside do fIletr 
[26-08-2023 05:17:51:051 pm IST] DEBUG [Line:59] - [LoginServlet        ] [jiyara]  mode                      =>  login  
[26-08-2023 05:17:51:051 pm IST] DEBUG [Line:59] - [LoginServlet        ] [jiyara]  encodePassword            =>  ea6d7a3524c9ff6ca21e22b7be354f54f5297a7b948ccb75ee45a465b897b650  
[26-08-2023 05:17:51:051 pm IST] DEBUG [Line:59] - [LoginServlet        ] [jiyara]  txtUser                   =>  jiyara  
[26-08-2023 05:17:51:051 pm IST] DEBUG [Line:59] - [LoginServlet        ] [jiyara]  txtPassword               =>  jiyara  
[26-08-2023 05:17:51:051 pm IST] DEBUG [Line:59] - [LoginServlet        ] [jiyara]  username                  =>    
[26-08-2023 05:17:51:051 pm IST] DEBUG [Line:59] - [LoginServlet        ] [jiyara]  pass1                     =>    
[26-08-2023 05:17:51:051 pm IST] DEBUG [Line:59] - [LoginServlet        ] [jiyara]  pass2                     =>    
[26-08-2023 05:17:51:051 pm IST] DEBUG [Line:59] - [LoginServlet        ] [jiyara]  user_id                   =>    
[26-08-2023 05:17:51:051 pm IST] DEBUG [Line:59] - [Logindao            ] [jiyara] com.mysql.cj.jdbc.ClientPreparedStatement: SELECT li.*,concat(ui.image_path,'/',ui.image_name) image_path FROM login_info li LEFT OUTER JOIN user_image ui ON li.user_id = ui.user_id WHERE li.USER_ID='jiyara' 
[26-08-2023 05:17:51:051 pm IST] DEBUG [Line:59] - [LoginServlet        ] [jiyara]  Last Login 2023-08-26T17:16:36 
[26-08-2023 05:17:51:051 pm IST] DEBUG [Line:59] - [LoginServlet        ] [jiyara] DB UserId : jiyara Username : Jiyara Password : jiyara 
[26-08-2023 05:17:51:051 pm IST] DEBUG [Line:59] - [Logindao            ] [jiyara] com.mysql.cj.jdbc.ClientPreparedStatement: UPDATE login_info SET LAST_LOGIN=sysdate() WHERE USER_ID='jiyara' 
[26-08-2023 05:17:51:051 pm IST] DEBUG [Line:59] - [Generic             ] [jiyara] Access Log Entered true 
[26-08-2023 05:17:51:051 pm IST] DEBUG [Line:59] - [Dbmanager           ] [jiyara]  Connection Closed [true]  
[26-08-2023 05:18:03:003 pm IST] DEBUG [Line:59] - [AjaxServlet         ] [jiyara]  mode                      =>  userProfileSubmit  
[26-08-2023 05:18:03:003 pm IST] DEBUG [Line:59] - [AjaxServlet         ] [jiyara]  hGender                   =>  T  
[26-08-2023 05:18:03:003 pm IST] DEBUG [Line:59] - [AjaxServlet         ] [jiyara]  hdob                      =>  2020-03-19  
[26-08-2023 05:18:03:003 pm IST] DEBUG [Line:59] - [AjaxServlet         ] [jiyara]  gender                    =>  F  
[26-08-2023 05:18:03:003 pm IST] DEBUG [Line:59] - [AjaxServlet         ] [jiyara]  dob                       =>  2020-03-19  
[26-08-2023 05:18:03:003 pm IST] INFO  [Line:59] - [AjaxServlet         ] [jiyara] Context Real Path  : M:\Git\My Repository\Completed\Travel_Current_Project\Travel\Travel\Images 
[26-08-2023 05:18:03:003 pm IST] INFO  [Line:59] - [AjaxServlet         ] [jiyara] Inside ajax 
[26-08-2023 05:18:03:003 pm IST] DEBUG [Line:59] - [Dbmanager           ] [jiyara]  Connection Closed [true]  
[26-08-2023 05:18:03:003 pm IST] DEBUG [Line:59] - [Generic             ] [jiyara]  Image Upload Path [/Git/My Repository/Completed/Travel_Current_Project/Travel/Travel/Images/jiyara/]  
[26-08-2023 05:18:03:003 pm IST] DEBUG [Line:59] - [Generic             ] [jiyara] Upload header [form-data; name="imageFile"; filename="IMG20210201165305.jpg"] 
[26-08-2023 05:18:03:003 pm IST] DEBUG [Line:59] - [Generic             ] [jiyara] Upload header elem [form-data] 
[26-08-2023 05:18:03:003 pm IST] DEBUG [Line:59] - [Generic             ] [jiyara] Upload header elem [ name="imageFile"] 
[26-08-2023 05:18:03:003 pm IST] DEBUG [Line:59] - [Generic             ] [jiyara] Upload header elem [ filename="IMG20210201165305.jpg"] 
[26-08-2023 05:18:03:003 pm IST] DEBUG [Line:59] - [Generic             ] [jiyara] Upload header FileName [IMG20210201165305.jpg] 
[26-08-2023 05:18:03:003 pm IST] DEBUG [Line:59] - [Generic             ] [jiyara]  filePart [org.apache.catalina.core.ApplicationPart@7c993a08] filePath [/Git/My Repository/Completed/Travel_Current_Project/Travel/Travel/Images/jiyara/\IMG20210201165305.jpg] filePath [/Git/My Repository/Completed/Travel_Current_Project/Travel/Travel/Images/jiyara/\IMG20210201165305.jpg]  
[26-08-2023 05:18:03:003 pm IST] DEBUG [Line:59] - [Generic             ] [jiyara]  fileContent [sun.nio.ch.ChannelInputStream@2bcc7364]
 fileOutputStream [java.io.FileOutputStream@3ef55142] 
[26-08-2023 05:18:03:003 pm IST] DEBUG [Line:59] - [Generic             ] [jiyara] Upload Successful 
[26-08-2023 05:18:03:003 pm IST] DEBUG [Line:59] - [Dbmanager           ] [jiyara]  Connection Closed [true]  
[26-08-2023 05:49:41:041 pm IST] DEBUG [Line:59] - [AjaxServlet         ] [jiyara]  mode                      =>  userProfileSubmit  
[26-08-2023 05:49:41:041 pm IST] DEBUG [Line:59] - [AjaxServlet         ] [jiyara]  hGender                   =>  T  
[26-08-2023 05:49:41:041 pm IST] DEBUG [Line:59] - [AjaxServlet         ] [jiyara]  hdob                      =>  2020-03-19  
[26-08-2023 05:49:41:041 pm IST] DEBUG [Line:59] - [AjaxServlet         ] [jiyara]  gender                    =>  F  
[26-08-2023 05:49:41:041 pm IST] DEBUG [Line:59] - [AjaxServlet         ] [jiyara]  dob                       =>  2020-03-19  
[26-08-2023 05:49:41:041 pm IST] INFO  [Line:59] - [AjaxServlet         ] [jiyara] Context Real Path  : M:\Git\My Repository\Completed\Travel_Current_Project\Travel\Travel\Images 
[26-08-2023 05:49:41:041 pm IST] INFO  [Line:59] - [AjaxServlet         ] [jiyara] Inside ajax 
[26-08-2023 05:49:41:041 pm IST] DEBUG [Line:59] - [Dbmanager           ] [jiyara]  Connection Closed [true]  
[26-08-2023 05:49:41:041 pm IST] DEBUG [Line:59] - [Generic             ] [jiyara]  Image Upload Path [/Git/My Repository/Completed/Travel_Current_Project/Travel/Travel/Images/jiyara/]  
[26-08-2023 05:49:41:041 pm IST] DEBUG [Line:59] - [Generic             ] [jiyara] Upload header [form-data; name="imageFile"; filename="IMG20210201165305.jpg"] 
[26-08-2023 05:49:41:041 pm IST] DEBUG [Line:59] - [Generic             ] [jiyara] Upload header elem [form-data] 
[26-08-2023 05:49:41:041 pm IST] DEBUG [Line:59] - [Generic             ] [jiyara] Upload header elem [ name="imageFile"] 
[26-08-2023 05:49:41:041 pm IST] DEBUG [Line:59] - [Generic             ] [jiyara] Upload header elem [ filename="IMG20210201165305.jpg"] 
[26-08-2023 05:49:41:041 pm IST] DEBUG [Line:59] - [Generic             ] [jiyara] Upload header FileName [IMG20210201165305.jpg] 
[26-08-2023 05:49:41:041 pm IST] DEBUG [Line:59] - [Generic             ] [jiyara]  filePart [org.apache.catalina.core.ApplicationPart@3abeaa47] fileName [IMG20210201165305.jpg] filePath [/Git/My Repository/Completed/Travel_Current_Project/Travel/Travel/Images/jiyara/\IMG20210201165305.jpg]  
[26-08-2023 05:49:41:041 pm IST] DEBUG [Line:59] - [Generic             ] [jiyara]  fileContent [sun.nio.ch.ChannelInputStream@4ee5e98b]	 fileOutputStream [java.io.FileOutputStream@e26d3ff] 
[26-08-2023 05:49:41:041 pm IST] DEBUG [Line:59] - [Generic             ] [jiyara] Upload Successful 
[26-08-2023 05:49:41:041 pm IST] DEBUG [Line:59] - [AjaxProcess         ] [jiyara] Login_Info [username=null, password1=null, password2=null, role=null, create_time=null, user_id=jiyara, altered_user=Jiyara, last_login=null, dob=2020-03-19, gender=F, status=null] 
[26-08-2023 05:49:41:041 pm IST] ERROR [Line:65] -   
[26-08-2023 05:49:41:041 pm IST] DEBUG [Line:59] - [AjaxProcess         ] [jiyara] ImagePath Of User jiyara 
[26-08-2023 05:49:41:041 pm IST] DEBUG [Line:59] - [UserImageDao        ] [jiyara] com.mysql.cj.jdbc.ClientPreparedStatement: INSERT INTO USER_IMAGE VALUES('jiyara','IMG20210201165305.jpg','Images/jiyara',sysdate(),'jiyara') 
[26-08-2023 05:49:41:041 pm IST] DEBUG [Line:59] - [AjaxProcess         ] [jiyara] User Image Info Updated [true] 
[26-08-2023 05:49:41:041 pm IST] DEBUG [Line:59] - [Dbmanager           ] [jiyara]  Connection Closed [true]  
[26-08-2023 05:50:24:024 pm IST] DEBUG [Line:59] - [Dbmanager           ] [jiyara]  Connection Closed [true]  
[26-08-2023 05:50:24:024 pm IST] DEBUG [Line:59] - [Generic             ] [jiyara]  Console File Path [null] 
[26-08-2023 05:50:24:024 pm IST] DEBUG [Line:59] - [Generic             ] [jiyara]  File Path Added to session  
[26-08-2023 05:50:24:024 pm IST] DEBUG [Line:59] - [Generic             ] [jiyara]  Console File Path [null] isLog [true]  
[26-08-2023 05:50:24:024 pm IST] DEBUG [Line:59] - [Generic             ] [jiyara] Inside setSystemOutLogs filePath[/Git/My Repository/Completed/Travel_Current_Project/Travel/Logs/2023/08/26/Console/] fileName [1693052424103_console.log] 
[26-08-2023 05:50:24:024 pm IST] DEBUG [Line:59] - [Generic             ] [jiyara] Get PrintStream [java.io.PrintStream@3dcacdb7] 
[26-08-2023 05:50:24:024 pm IST] DEBUG [Line:59] - [Dbmanager           ] [jiyara]  Connection Closed [true]  
[26-08-2023 05:50:24:024 pm IST] DEBUG [Line:59] - [AuthFilter          ] [jiyara] Inside do fIletr 
[26-08-2023 05:50:24:024 pm IST] DEBUG [Line:59] - [LoginServlet        ] [jiyara]  mode                      =>  login  
[26-08-2023 05:50:24:024 pm IST] DEBUG [Line:59] - [LoginServlet        ] [jiyara]  encodePassword            =>  ea6d7a3524c9ff6ca21e22b7be354f54f5297a7b948ccb75ee45a465b897b650  
[26-08-2023 05:50:24:024 pm IST] DEBUG [Line:59] - [LoginServlet        ] [jiyara]  txtUser                   =>  jiyara  
[26-08-2023 05:50:24:024 pm IST] DEBUG [Line:59] - [LoginServlet        ] [jiyara]  txtPassword               =>  jiyara  
[26-08-2023 05:50:24:024 pm IST] DEBUG [Line:59] - [LoginServlet        ] [jiyara]  username                  =>    
[26-08-2023 05:50:24:024 pm IST] DEBUG [Line:59] - [LoginServlet        ] [jiyara]  pass1                     =>    
[26-08-2023 05:50:24:024 pm IST] DEBUG [Line:59] - [LoginServlet        ] [jiyara]  pass2                     =>    
[26-08-2023 05:50:24:024 pm IST] DEBUG [Line:59] - [LoginServlet        ] [jiyara]  user_id                   =>    
[26-08-2023 05:50:24:024 pm IST] DEBUG [Line:59] - [Logindao            ] [jiyara] com.mysql.cj.jdbc.ClientPreparedStatement: SELECT li.*,concat(ui.image_path,'/',ui.image_name) image_path FROM login_info li LEFT OUTER JOIN user_image ui ON li.user_id = ui.user_id WHERE li.USER_ID='jiyara' 
[26-08-2023 05:50:24:024 pm IST] DEBUG [Line:59] - [LoginServlet        ] [jiyara]  Last Login 2023-08-26T17:17:51 
[26-08-2023 05:50:24:024 pm IST] DEBUG [Line:59] - [LoginServlet        ] [jiyara] DB UserId : jiyara Username : Jiyara Password : jiyara 
[26-08-2023 05:50:24:024 pm IST] DEBUG [Line:59] - [Logindao            ] [jiyara] com.mysql.cj.jdbc.ClientPreparedStatement: UPDATE login_info SET LAST_LOGIN=sysdate() WHERE USER_ID='jiyara' 
[26-08-2023 05:50:24:024 pm IST] DEBUG [Line:59] - [Generic             ] [jiyara] Access Log Entered true 
[26-08-2023 05:50:24:024 pm IST] DEBUG [Line:59] - [Dbmanager           ] [jiyara]  Connection Closed [true]  
[26-08-2023 05:50:38:038 pm IST] DEBUG [Line:59] - [Dbmanager           ] []  Connection Closed [true]  
[26-08-2023 05:50:38:038 pm IST] DEBUG [Line:59] - [Generic             ] []  Console File Path [/Git/My Repository/Completed/Travel_Current_Project/Travel/Logs/2023/08/26/Console/] 
[26-08-2023 05:50:38:038 pm IST] DEBUG [Line:59] - [AuthFilter          ] [] Inside do fIletr 
[26-08-2023 05:50:38:038 pm IST] DEBUG [Line:59] - [LoginServlet        ] []  mode                      =>  L  
[26-08-2023 05:50:38:038 pm IST] DEBUG [Line:59] - [LoginServlet        ] [] Session On Logout org.apache.catalina.session.StandardSessionFacade@57966da5 
[26-08-2023 05:50:38:038 pm IST] ERROR [Line:65] -   
[26-08-2023 05:53:58:058 pm IST] DEBUG [Line:59] - [Dbmanager           ] [jiyara]  Connection Closed [true]  
[26-08-2023 05:53:58:058 pm IST] DEBUG [Line:59] - [Generic             ] [jiyara]  Console File Path [null] 
[26-08-2023 05:53:58:058 pm IST] DEBUG [Line:59] - [Generic             ] [jiyara]  File Path Added to session  
[26-08-2023 05:53:58:058 pm IST] DEBUG [Line:59] - [Generic             ] [jiyara]  Console File Path [null] isLog [true]  
[26-08-2023 05:53:58:058 pm IST] DEBUG [Line:59] - [Generic             ] [jiyara] Inside setSystemOutLogs filePath[/Git/My Repository/Completed/Travel_Current_Project/Travel/Logs/2023/08/26/Console/] fileName [1693052638046_console.log] 
[26-08-2023 05:53:58:058 pm IST] DEBUG [Line:59] - [Generic             ] [jiyara] Get PrintStream [java.io.PrintStream@652b2821] 
[26-08-2023 05:53:58:058 pm IST] DEBUG [Line:59] - [AuthFilter          ] [jiyara] Inside do fIletr 
[26-08-2023 05:53:58:058 pm IST] DEBUG [Line:59] - [LoginServlet        ] [jiyara]  mode                      =>  login  
[26-08-2023 05:53:58:058 pm IST] DEBUG [Line:59] - [LoginServlet        ] [jiyara]  encodePassword            =>  ea6d7a3524c9ff6ca21e22b7be354f54f5297a7b948ccb75ee45a465b897b650  
[26-08-2023 05:53:58:058 pm IST] DEBUG [Line:59] - [LoginServlet        ] [jiyara]  txtUser                   =>  jiyara  
[26-08-2023 05:53:58:058 pm IST] DEBUG [Line:59] - [LoginServlet        ] [jiyara]  txtPassword               =>  jiyara  
[26-08-2023 05:53:58:058 pm IST] DEBUG [Line:59] - [LoginServlet        ] [jiyara]  username                  =>    
[26-08-2023 05:53:58:058 pm IST] DEBUG [Line:59] - [LoginServlet        ] [jiyara]  pass1                     =>    
[26-08-2023 05:53:58:058 pm IST] DEBUG [Line:59] - [LoginServlet        ] [jiyara]  pass2                     =>    
[26-08-2023 05:53:58:058 pm IST] DEBUG [Line:59] - [LoginServlet        ] [jiyara]  user_id                   =>    
[26-08-2023 05:53:58:058 pm IST] DEBUG [Line:59] - [Logindao            ] [jiyara] com.mysql.cj.jdbc.ClientPreparedStatement: SELECT li.*,concat(ui.image_path,'/',ui.image_name) image_path FROM login_info li LEFT OUTER JOIN user_image ui ON li.user_id = ui.user_id WHERE li.USER_ID='jiyara' 
[26-08-2023 05:53:58:058 pm IST] DEBUG [Line:59] - [LoginServlet        ] [jiyara]  Last Login 2023-08-26T17:50:24 
[26-08-2023 05:53:58:058 pm IST] DEBUG [Line:59] - [LoginServlet        ] [jiyara] DB UserId : jiyara Username : Jiyara Password : jiyara 
[26-08-2023 05:53:58:058 pm IST] DEBUG [Line:59] - [Logindao            ] [jiyara] com.mysql.cj.jdbc.ClientPreparedStatement: UPDATE login_info SET LAST_LOGIN=sysdate() WHERE USER_ID='jiyara' 
[26-08-2023 05:53:58:058 pm IST] DEBUG [Line:59] - [Generic             ] [jiyara] Access Log Entered true 
[26-08-2023 05:53:58:058 pm IST] DEBUG [Line:59] - [Dbmanager           ] [jiyara]  Connection Closed [true]  
[26-08-2023 05:56:01:001 pm IST] DEBUG [Line:59] - [Dbmanager           ] [jiyara]  Connection Closed [true]  
[26-08-2023 05:56:01:001 pm IST] DEBUG [Line:59] - [Generic             ] [jiyara]  Console File Path [null] 
[26-08-2023 05:56:01:001 pm IST] DEBUG [Line:59] - [Generic             ] [jiyara]  File Path Added to session  
[26-08-2023 05:56:01:001 pm IST] DEBUG [Line:59] - [Generic             ] [jiyara]  Console File Path [null] isLog [true]  
[26-08-2023 05:56:01:001 pm IST] DEBUG [Line:59] - [Generic             ] [jiyara] Inside setSystemOutLogs filePath[/Git/My Repository/Completed/Travel_Current_Project/Travel/Logs/2023/08/26/Console/] fileName [1693052761037_console.log] 
[26-08-2023 05:56:01:001 pm IST] DEBUG [Line:59] - [Generic             ] [jiyara] Get PrintStream [java.io.PrintStream@15a6368a] 
[26-08-2023 05:56:01:001 pm IST] DEBUG [Line:59] - [AuthFilter          ] [jiyara] Inside do fIletr 
[26-08-2023 05:56:01:001 pm IST] DEBUG [Line:59] - [LoginServlet        ] [jiyara]  mode                      =>  login  
[26-08-2023 05:56:01:001 pm IST] DEBUG [Line:59] - [LoginServlet        ] [jiyara]  encodePassword            =>  ea6d7a3524c9ff6ca21e22b7be354f54f5297a7b948ccb75ee45a465b897b650  
[26-08-2023 05:56:01:001 pm IST] DEBUG [Line:59] - [LoginServlet        ] [jiyara]  txtUser                   =>  jiyara  
[26-08-2023 05:56:01:001 pm IST] DEBUG [Line:59] - [LoginServlet        ] [jiyara]  txtPassword               =>  jiyara  
[26-08-2023 05:56:01:001 pm IST] DEBUG [Line:59] - [LoginServlet        ] [jiyara]  username                  =>    
[26-08-2023 05:56:01:001 pm IST] DEBUG [Line:59] - [LoginServlet        ] [jiyara]  pass1                     =>    
[26-08-2023 05:56:01:001 pm IST] DEBUG [Line:59] - [LoginServlet        ] [jiyara]  pass2                     =>    
[26-08-2023 05:56:01:001 pm IST] DEBUG [Line:59] - [LoginServlet        ] [jiyara]  user_id                   =>    
[26-08-2023 05:56:01:001 pm IST] DEBUG [Line:59] - [Logindao            ] [jiyara] com.mysql.cj.jdbc.ClientPreparedStatement: SELECT li.*,concat(ui.image_path,'/',ui.image_name) image_path FROM login_info li LEFT OUTER JOIN user_image ui ON li.user_id = ui.user_id WHERE li.USER_ID='jiyara' 
[26-08-2023 05:56:01:001 pm IST] DEBUG [Line:59] - [LoginServlet        ] [jiyara]  Last Login 2023-08-26T17:53:58 
[26-08-2023 05:56:01:001 pm IST] DEBUG [Line:59] - [LoginServlet        ] [jiyara] DB UserId : jiyara Username : Jiyara Password : jiyara 
[26-08-2023 05:56:01:001 pm IST] DEBUG [Line:59] - [Logindao            ] [jiyara] com.mysql.cj.jdbc.ClientPreparedStatement: UPDATE login_info SET LAST_LOGIN=sysdate() WHERE USER_ID='jiyara' 
[26-08-2023 05:56:01:001 pm IST] DEBUG [Line:59] - [Generic             ] [jiyara] Access Log Entered true 
[26-08-2023 05:56:01:001 pm IST] DEBUG [Line:59] - [Dbmanager           ] [jiyara]  Connection Closed [true]  
[26-08-2023 05:57:29:029 pm IST] DEBUG [Line:59] - [AjaxServlet         ] [jiyara]  mode                      =>  userProfileSubmit  
[26-08-2023 05:57:29:029 pm IST] DEBUG [Line:59] - [AjaxServlet         ] [jiyara]  hGender                   =>  F  
[26-08-2023 05:57:29:029 pm IST] DEBUG [Line:59] - [AjaxServlet         ] [jiyara]  hdob                      =>  2020-03-19  
[26-08-2023 05:57:29:029 pm IST] DEBUG [Line:59] - [AjaxServlet         ] [jiyara]  gender                    =>  F  
[26-08-2023 05:57:29:029 pm IST] DEBUG [Line:59] - [AjaxServlet         ] [jiyara]  dob                       =>  2020-03-19  
[26-08-2023 05:57:29:029 pm IST] INFO  [Line:59] - [AjaxServlet         ] [jiyara] Context Real Path  : M:\Git\My Repository\Completed\Travel_Current_Project\Travel\Travel\Images 
[26-08-2023 05:57:29:029 pm IST] INFO  [Line:59] - [AjaxServlet         ] [jiyara] Inside ajax 
[26-08-2023 05:57:29:029 pm IST] DEBUG [Line:59] - [Dbmanager           ] [jiyara]  Connection Closed [true]  
[26-08-2023 05:57:29:029 pm IST] DEBUG [Line:59] - [Generic             ] [jiyara]  Image Upload Path [/Git/My Repository/Completed/Travel_Current_Project/Travel/Travel/Images/jiyara/]  
[26-08-2023 05:57:29:029 pm IST] DEBUG [Line:59] - [Generic             ] [jiyara] Upload header [form-data; name="imageFile"; filename="2020-12-25-11-50-31-937.jpg"] 
[26-08-2023 05:57:29:029 pm IST] DEBUG [Line:59] - [Generic             ] [jiyara] Upload header elem [form-data] 
[26-08-2023 05:57:29:029 pm IST] DEBUG [Line:59] - [Generic             ] [jiyara] Upload header elem [ name="imageFile"] 
[26-08-2023 05:57:29:029 pm IST] DEBUG [Line:59] - [Generic             ] [jiyara] Upload header elem [ filename="2020-12-25-11-50-31-937.jpg"] 
[26-08-2023 05:57:29:029 pm IST] DEBUG [Line:59] - [Generic             ] [jiyara] Upload header FileName [2020-12-25-11-50-31-937.jpg] 
[26-08-2023 05:57:29:029 pm IST] DEBUG [Line:59] - [Generic             ] [jiyara]  filePart [org.apache.catalina.core.ApplicationPart@2e27b31d] fileName [2020-12-25-11-50-31-937.jpg] filePath [/Git/My Repository/Completed/Travel_Current_Project/Travel/Travel/Images/jiyara/\2020-12-25-11-50-31-937.jpg]  
[26-08-2023 05:57:29:029 pm IST] DEBUG [Line:59] - [Generic             ] [jiyara]  fileContent [sun.nio.ch.ChannelInputStream@f5f98d9]	 fileOutputStream [java.io.FileOutputStream@6ee213ab] 
[26-08-2023 05:57:29:029 pm IST] DEBUG [Line:59] - [Generic             ] [jiyara] Upload Successful 
[26-08-2023 05:57:29:029 pm IST] DEBUG [Line:59] - [AjaxProcess         ] [jiyara] Login_Info [username=null, password1=null, password2=null, role=null, create_time=null, user_id=jiyara, altered_user=Jiyara, last_login=null, dob=2020-03-19, gender=F, status=null] 
[26-08-2023 05:57:29:029 pm IST] ERROR [Line:65] -   
[26-08-2023 05:57:29:029 pm IST] DEBUG [Line:59] - [AjaxProcess         ] [jiyara] ImagePath Of User jiyara 
[26-08-2023 05:57:29:029 pm IST] DEBUG [Line:59] - [UserImageDao        ] [jiyara] com.mysql.cj.jdbc.ClientPreparedStatement: INSERT INTO USER_IMAGE VALUES('jiyara','2020-12-25-11-50-31-937.jpg','Images/jiyara',sysdate(),'jiyara') 
[26-08-2023 05:57:29:029 pm IST] DEBUG [Line:59] - [AjaxProcess         ] [jiyara] User Image Info Updated [true] 
[26-08-2023 05:57:29:029 pm IST] DEBUG [Line:59] - [Dbmanager           ] [jiyara]  Connection Closed [true]  
[26-08-2023 06:04:48:048 pm IST] DEBUG [Line:59] - [Dbmanager           ] [jiyara]  Connection Closed [true]  
[26-08-2023 06:04:48:048 pm IST] DEBUG [Line:59] - [Generic             ] [jiyara]  Console File Path [null] 
[26-08-2023 06:04:48:048 pm IST] DEBUG [Line:59] - [Generic             ] [jiyara]  File Path Added to session  
[26-08-2023 06:04:48:048 pm IST] DEBUG [Line:59] - [Generic             ] [jiyara]  Console File Path [null] isLog [true]  
[26-08-2023 06:04:48:048 pm IST] DEBUG [Line:59] - [Generic             ] [jiyara] Inside setSystemOutLogs filePath[/Git/My Repository/Completed/Travel_Current_Project/Travel/Logs/2023/08/26/Console/] fileName [1693053288644_console.log] 
[26-08-2023 06:04:48:048 pm IST] DEBUG [Line:59] - [Generic             ] [jiyara] Get PrintStream [java.io.PrintStream@4263d776] 
[26-08-2023 06:04:48:048 pm IST] DEBUG [Line:59] - [Dbmanager           ] [jiyara]  Connection Closed [true]  
[26-08-2023 06:04:48:048 pm IST] DEBUG [Line:59] - [AuthFilter          ] [jiyara] Inside do fIletr 
[26-08-2023 06:04:48:048 pm IST] DEBUG [Line:59] - [LoginServlet        ] [jiyara]  mode                      =>  login  
[26-08-2023 06:04:48:048 pm IST] DEBUG [Line:59] - [LoginServlet        ] [jiyara]  encodePassword            =>  ea6d7a3524c9ff6ca21e22b7be354f54f5297a7b948ccb75ee45a465b897b650  
[26-08-2023 06:04:48:048 pm IST] DEBUG [Line:59] - [LoginServlet        ] [jiyara]  txtUser                   =>  jiyara  
[26-08-2023 06:04:48:048 pm IST] DEBUG [Line:59] - [LoginServlet        ] [jiyara]  txtPassword               =>  jiyara  
[26-08-2023 06:04:48:048 pm IST] DEBUG [Line:59] - [LoginServlet        ] [jiyara]  username                  =>    
[26-08-2023 06:04:48:048 pm IST] DEBUG [Line:59] - [LoginServlet        ] [jiyara]  pass1                     =>    
[26-08-2023 06:04:48:048 pm IST] DEBUG [Line:59] - [LoginServlet        ] [jiyara]  pass2                     =>    
[26-08-2023 06:04:48:048 pm IST] DEBUG [Line:59] - [LoginServlet        ] [jiyara]  user_id                   =>    
[26-08-2023 06:04:48:048 pm IST] DEBUG [Line:59] - [Logindao            ] [jiyara] com.mysql.cj.jdbc.ClientPreparedStatement: SELECT li.*,concat(ui.image_path,'/',ui.image_name) image_path FROM login_info li LEFT OUTER JOIN user_image ui ON li.user_id = ui.user_id WHERE li.USER_ID='jiyara' 
[26-08-2023 06:04:48:048 pm IST] DEBUG [Line:59] - [LoginServlet        ] [jiyara]  Last Login 2023-08-26T17:56:01 
[26-08-2023 06:04:48:048 pm IST] DEBUG [Line:59] - [LoginServlet        ] [jiyara] DB UserId : jiyara Username : Jiyara Password : jiyara 
[26-08-2023 06:04:48:048 pm IST] DEBUG [Line:59] - [Logindao            ] [jiyara] com.mysql.cj.jdbc.ClientPreparedStatement: UPDATE login_info SET LAST_LOGIN=sysdate() WHERE USER_ID='jiyara' 
[26-08-2023 06:04:48:048 pm IST] DEBUG [Line:59] - [Generic             ] [jiyara] Access Log Entered true 
[26-08-2023 06:04:48:048 pm IST] DEBUG [Line:59] - [Dbmanager           ] [jiyara]  Connection Closed [true]  
[26-08-2023 06:06:02:002 pm IST] DEBUG [Line:59] - [Dbmanager           ] []  Connection Closed [true]  
[26-08-2023 06:06:02:002 pm IST] DEBUG [Line:59] - [Generic             ] []  Console File Path [/Git/My Repository/Completed/Travel_Current_Project/Travel/Logs/2023/08/26/Console/] 
[26-08-2023 06:06:02:002 pm IST] DEBUG [Line:59] - [AuthFilter          ] [] Inside do fIletr 
[26-08-2023 06:06:02:002 pm IST] DEBUG [Line:59] - [LoginServlet        ] []  mode                      =>  L  
[26-08-2023 06:06:02:002 pm IST] DEBUG [Line:59] - [LoginServlet        ] [] Session On Logout org.apache.catalina.session.StandardSessionFacade@3db3714e 
[26-08-2023 06:06:02:002 pm IST] ERROR [Line:65] -   
[26-08-2023 06:06:09:009 pm IST] DEBUG [Line:59] - [Dbmanager           ] [sumathi]  Connection Closed [true]  
[26-08-2023 06:06:09:009 pm IST] DEBUG [Line:59] - [Generic             ] [sumathi]  Console File Path [null] 
[26-08-2023 06:06:09:009 pm IST] DEBUG [Line:59] - [Generic             ] [sumathi]  File Path Added to session  
[26-08-2023 06:06:09:009 pm IST] DEBUG [Line:59] - [Generic             ] [sumathi]  Console File Path [null] isLog [true]  
[26-08-2023 06:06:09:009 pm IST] DEBUG [Line:59] - [Generic             ] [sumathi] Inside setSystemOutLogs filePath[/Git/My Repository/Completed/Travel_Current_Project/Travel/Logs/2023/08/26/Console/] fileName [1693053369891_console.log] 
[26-08-2023 06:06:09:009 pm IST] DEBUG [Line:59] - [Generic             ] [sumathi] Get PrintStream [java.io.PrintStream@1d543046] 
[26-08-2023 06:06:09:009 pm IST] DEBUG [Line:59] - [AuthFilter          ] [sumathi] Inside do fIletr 
[26-08-2023 06:06:09:009 pm IST] DEBUG [Line:59] - [LoginServlet        ] [sumathi]  mode                      =>  login  
[26-08-2023 06:06:09:009 pm IST] DEBUG [Line:59] - [LoginServlet        ] [sumathi]  encodePassword            =>  d598578752f30a8b38de6b775b60ce30b36a6bfff953f63ca810b25a4f99a920  
[26-08-2023 06:06:09:009 pm IST] DEBUG [Line:59] - [LoginServlet        ] [sumathi]  txtUser                   =>  sumathi  
[26-08-2023 06:06:09:009 pm IST] DEBUG [Line:59] - [LoginServlet        ] [sumathi]  txtPassword               =>  sumathi  
[26-08-2023 06:06:09:009 pm IST] DEBUG [Line:59] - [LoginServlet        ] [sumathi]  username                  =>    
[26-08-2023 06:06:09:009 pm IST] DEBUG [Line:59] - [LoginServlet        ] [sumathi]  pass1                     =>    
[26-08-2023 06:06:09:009 pm IST] DEBUG [Line:59] - [LoginServlet        ] [sumathi]  pass2                     =>    
[26-08-2023 06:06:09:009 pm IST] DEBUG [Line:59] - [LoginServlet        ] [sumathi]  user_id                   =>    
[26-08-2023 06:06:09:009 pm IST] DEBUG [Line:59] - [Logindao            ] [sumathi] com.mysql.cj.jdbc.ClientPreparedStatement: SELECT li.*,concat(ui.image_path,'/',ui.image_name) image_path FROM login_info li LEFT OUTER JOIN user_image ui ON li.user_id = ui.user_id WHERE li.USER_ID='sumathi' 
[26-08-2023 06:06:09:009 pm IST] DEBUG [Line:59] - [Dbmanager           ] [sumathi]  Connection Closed [true]  
[26-08-2023 06:06:29:029 pm IST] DEBUG [Line:59] - [AuthFilter          ] [sumathi] Inside do fIletr 
[26-08-2023 06:06:29:029 pm IST] DEBUG [Line:59] - [LoginServlet        ] [sumathi]  mode                      =>  register  
[26-08-2023 06:06:29:029 pm IST] DEBUG [Line:59] - [LoginServlet        ] [sumathi]  txtUser                   =>  sumathi  
[26-08-2023 06:06:29:029 pm IST] DEBUG [Line:59] - [LoginServlet        ] [sumathi]  txtPassword               =>    
[26-08-2023 06:06:29:029 pm IST] DEBUG [Line:59] - [LoginServlet        ] [sumathi]  username                  =>  Sumathi Chandran  
[26-08-2023 06:06:29:029 pm IST] DEBUG [Line:59] - [LoginServlet        ] [sumathi]  pass1                     =>  sumathi  
[26-08-2023 06:06:29:029 pm IST] DEBUG [Line:59] - [LoginServlet        ] [sumathi]  pass2                     =>  sumathi  
[26-08-2023 06:06:29:029 pm IST] DEBUG [Line:59] - [LoginServlet        ] [sumathi]  user_id                   =>  sumathi  
[26-08-2023 06:06:29:029 pm IST] DEBUG [Line:59] - [Logindao            ] [sumathi] com.mysql.cj.jdbc.ClientPreparedStatement: SELECT li.*,concat(ui.image_path,'/',ui.image_name) image_path FROM login_info li LEFT OUTER JOIN user_image ui ON li.user_id = ui.user_id WHERE li.USER_ID='sumathi' 
[26-08-2023 06:06:29:029 pm IST] DEBUG [Line:59] - [LoginServlet        ] [sumathi]  In LoginServlet : name= Sumathi Chandran ; password1 = sumathi Password 2 = sumathi User_id = sumathi 
[26-08-2023 06:06:29:029 pm IST] DEBUG [Line:59] - [Dbmanager           ] [sumathi]  Connection Closed [true]  
[26-08-2023 06:06:35:035 pm IST] DEBUG [Line:59] - [AuthFilter          ] [sumathi] Inside do fIletr 
[26-08-2023 06:06:35:035 pm IST] DEBUG [Line:59] - [LoginServlet        ] [sumathi]  mode                      =>  login  
[26-08-2023 06:06:35:035 pm IST] DEBUG [Line:59] - [LoginServlet        ] [sumathi]  encodePassword            =>  d598578752f30a8b38de6b775b60ce30b36a6bfff953f63ca810b25a4f99a920  
[26-08-2023 06:06:35:035 pm IST] DEBUG [Line:59] - [LoginServlet        ] [sumathi]  txtUser                   =>  sumathi  
[26-08-2023 06:06:35:035 pm IST] DEBUG [Line:59] - [LoginServlet        ] [sumathi]  txtPassword               =>  sumathi  
[26-08-2023 06:06:35:035 pm IST] DEBUG [Line:59] - [LoginServlet        ] [sumathi]  username                  =>    
[26-08-2023 06:06:35:035 pm IST] DEBUG [Line:59] - [LoginServlet        ] [sumathi]  pass1                     =>    
[26-08-2023 06:06:35:035 pm IST] DEBUG [Line:59] - [LoginServlet        ] [sumathi]  pass2                     =>    
[26-08-2023 06:06:35:035 pm IST] DEBUG [Line:59] - [LoginServlet        ] [sumathi]  user_id                   =>    
[26-08-2023 06:06:35:035 pm IST] DEBUG [Line:59] - [Logindao            ] [sumathi] com.mysql.cj.jdbc.ClientPreparedStatement: SELECT li.*,concat(ui.image_path,'/',ui.image_name) image_path FROM login_info li LEFT OUTER JOIN user_image ui ON li.user_id = ui.user_id WHERE li.USER_ID='sumathi' 
[26-08-2023 06:06:35:035 pm IST] DEBUG [Line:59] - [LoginServlet        ] [sumathi]  Last Login 2023-08-26T18:06:29 
[26-08-2023 06:06:35:035 pm IST] DEBUG [Line:59] - [LoginServlet        ] [sumathi] DB UserId : sumathi Username : Sumathi Chandran Password : sumathi 
[26-08-2023 06:06:35:035 pm IST] DEBUG [Line:59] - [Logindao            ] [sumathi] com.mysql.cj.jdbc.ClientPreparedStatement: UPDATE login_info SET LAST_LOGIN=sysdate() WHERE USER_ID='sumathi' 
[26-08-2023 06:06:35:035 pm IST] DEBUG [Line:59] - [Generic             ] [sumathi] Access Log Entered true 
[26-08-2023 06:06:35:035 pm IST] DEBUG [Line:59] - [Dbmanager           ] [sumathi]  Connection Closed [true]  
[26-08-2023 06:06:38:038 pm IST] DEBUG [Line:59] - [BookingServlet      ] [sumathi]  mode                      =>    
[26-08-2023 06:06:38:038 pm IST] DEBUG [Line:59] - [Bookingdao          ] [sumathi] com.mysql.cj.jdbc.ClientPreparedStatement: SELECT A.*,B.* FROM BOOKING A,CUSTOMER B WHERE A.CUSTOMER_ID=B.CUSTOMER_ID 
[26-08-2023 06:06:38:038 pm IST] DEBUG [Line:59] - [Dbmanager           ] [sumathi]  Connection Closed [true]  
[26-08-2023 06:08:04:004 pm IST] DEBUG [Line:59] - [AjaxServlet         ] [sumathi]  mode                      =>  userProfileSubmit  
[26-08-2023 06:08:04:004 pm IST] DEBUG [Line:59] - [AjaxServlet         ] [sumathi]  hGender                   =>    
[26-08-2023 06:08:04:004 pm IST] DEBUG [Line:59] - [AjaxServlet         ] [sumathi]  hdob                      =>     
[26-08-2023 06:08:04:004 pm IST] DEBUG [Line:59] - [AjaxServlet         ] [sumathi]  gender                    =>  F  
[26-08-2023 06:08:04:004 pm IST] DEBUG [Line:59] - [AjaxServlet         ] [sumathi]  dob                       =>  1980-03-03  
[26-08-2023 06:08:04:004 pm IST] INFO  [Line:59] - [AjaxServlet         ] [sumathi] Context Real Path  : M:\Git\My Repository\Completed\Travel_Current_Project\Travel\Travel\Images 
[26-08-2023 06:08:04:004 pm IST] INFO  [Line:59] - [AjaxServlet         ] [sumathi] Inside ajax 
[26-08-2023 06:08:04:004 pm IST] DEBUG [Line:59] - [Dbmanager           ] [sumathi]  Connection Closed [true]  
[26-08-2023 06:08:04:004 pm IST] DEBUG [Line:59] - [Generic             ] [sumathi]  Image Upload Path [/Git/My Repository/Completed/Travel_Current_Project/Travel/Travel/Images/sumathi/]  
[26-08-2023 06:08:04:004 pm IST] DEBUG [Line:59] - [Generic             ] [sumathi] Upload header [form-data; name="imageFile"; filename="IMG20210203160311.jpg"] 
[26-08-2023 06:08:04:004 pm IST] DEBUG [Line:59] - [Generic             ] [sumathi] Upload header elem [form-data] 
[26-08-2023 06:08:04:004 pm IST] DEBUG [Line:59] - [Generic             ] [sumathi] Upload header elem [ name="imageFile"] 
[26-08-2023 06:08:04:004 pm IST] DEBUG [Line:59] - [Generic             ] [sumathi] Upload header elem [ filename="IMG20210203160311.jpg"] 
[26-08-2023 06:08:04:004 pm IST] DEBUG [Line:59] - [Generic             ] [sumathi] Upload header FileName [IMG20210203160311.jpg] 
[26-08-2023 06:08:04:004 pm IST] DEBUG [Line:59] - [Generic             ] [sumathi]  filePart [org.apache.catalina.core.ApplicationPart@70337ddd] fileName [IMG20210203160311.jpg] filePath [/Git/My Repository/Completed/Travel_Current_Project/Travel/Travel/Images/sumathi/\IMG20210203160311.jpg]  
[26-08-2023 06:08:04:004 pm IST] DEBUG [Line:59] - [Generic             ] [sumathi]  fileContent [sun.nio.ch.ChannelInputStream@3659bfd]	 fileOutputStream [java.io.FileOutputStream@542f598d] 
[26-08-2023 06:08:04:004 pm IST] DEBUG [Line:59] - [Generic             ] [sumathi] Upload Successful 
[26-08-2023 06:08:04:004 pm IST] DEBUG [Line:59] - [AjaxProcess         ] [sumathi] Login_Info [username=null, password1=null, password2=null, role=null, create_time=null, user_id=sumathi, altered_user=Sumathi Chandran, last_login=null, dob=1980-03-03, gender=F, status=null] 
[26-08-2023 06:08:04:004 pm IST] ERROR [Line:65] -   
[26-08-2023 06:08:04:004 pm IST] DEBUG [Line:59] - [AjaxProcess         ] [sumathi] ImagePath Of User sumathi 
[26-08-2023 06:08:04:004 pm IST] DEBUG [Line:59] - [UserImageDao        ] [sumathi] com.mysql.cj.jdbc.ClientPreparedStatement: INSERT INTO USER_IMAGE VALUES('sumathi','IMG20210203160311.jpg','Images/sumathi',sysdate(),'sumathi') 
[26-08-2023 06:08:04:004 pm IST] DEBUG [Line:59] - [AjaxProcess         ] [sumathi] User Image Info Updated [true] 
[26-08-2023 06:08:04:004 pm IST] DEBUG [Line:59] - [Dbmanager           ] [sumathi]  Connection Closed [true]  
[26-08-2023 06:08:21:021 pm IST] DEBUG [Line:59] - [Dbmanager           ] []  Connection Closed [true]  
[26-08-2023 06:08:21:021 pm IST] DEBUG [Line:59] - [Generic             ] []  Console File Path [/Git/My Repository/Completed/Travel_Current_Project/Travel/Logs/2023/08/26/Console/] 
[26-08-2023 06:08:21:021 pm IST] DEBUG [Line:59] - [AuthFilter          ] [] Inside do fIletr 
[26-08-2023 06:08:21:021 pm IST] DEBUG [Line:59] - [LoginServlet        ] []  mode                      =>  L  
[26-08-2023 06:08:21:021 pm IST] DEBUG [Line:59] - [LoginServlet        ] [] Session On Logout org.apache.catalina.session.StandardSessionFacade@df1ade 
[26-08-2023 06:08:21:021 pm IST] ERROR [Line:65] -   
[26-08-2023 06:08:26:026 pm IST] DEBUG [Line:59] - [Dbmanager           ] [jiyara]  Connection Closed [true]  
[26-08-2023 06:08:26:026 pm IST] DEBUG [Line:59] - [Generic             ] [jiyara]  Console File Path [null] 
[26-08-2023 06:08:26:026 pm IST] DEBUG [Line:59] - [Generic             ] [jiyara]  File Path Added to session  
[26-08-2023 06:08:26:026 pm IST] DEBUG [Line:59] - [Generic             ] [jiyara]  Console File Path [null] isLog [true]  
[26-08-2023 06:08:26:026 pm IST] DEBUG [Line:59] - [Generic             ] [jiyara] Inside setSystemOutLogs filePath[/Git/My Repository/Completed/Travel_Current_Project/Travel/Logs/2023/08/26/Console/] fileName [1693053506184_console.log] 
[26-08-2023 06:08:26:026 pm IST] DEBUG [Line:59] - [Generic             ] [jiyara] Get PrintStream [java.io.PrintStream@204a6360] 
[26-08-2023 06:08:26:026 pm IST] DEBUG [Line:59] - [AuthFilter          ] [jiyara] Inside do fIletr 
[26-08-2023 06:08:26:026 pm IST] DEBUG [Line:59] - [LoginServlet        ] [jiyara]  mode                      =>  login  
[26-08-2023 06:08:26:026 pm IST] DEBUG [Line:59] - [LoginServlet        ] [jiyara]  encodePassword            =>  ea6d7a3524c9ff6ca21e22b7be354f54f5297a7b948ccb75ee45a465b897b650  
[26-08-2023 06:08:26:026 pm IST] DEBUG [Line:59] - [LoginServlet        ] [jiyara]  txtUser                   =>  jiyara  
[26-08-2023 06:08:26:026 pm IST] DEBUG [Line:59] - [LoginServlet        ] [jiyara]  txtPassword               =>  jiyara  
[26-08-2023 06:08:26:026 pm IST] DEBUG [Line:59] - [LoginServlet        ] [jiyara]  username                  =>    
[26-08-2023 06:08:26:026 pm IST] DEBUG [Line:59] - [LoginServlet        ] [jiyara]  pass1                     =>    
[26-08-2023 06:08:26:026 pm IST] DEBUG [Line:59] - [LoginServlet        ] [jiyara]  pass2                     =>    
[26-08-2023 06:08:26:026 pm IST] DEBUG [Line:59] - [LoginServlet        ] [jiyara]  user_id                   =>    
[26-08-2023 06:08:26:026 pm IST] DEBUG [Line:59] - [Logindao            ] [jiyara] com.mysql.cj.jdbc.ClientPreparedStatement: SELECT li.*,concat(ui.image_path,'/',ui.image_name) image_path FROM login_info li LEFT OUTER JOIN user_image ui ON li.user_id = ui.user_id WHERE li.USER_ID='jiyara' 
[26-08-2023 06:08:26:026 pm IST] DEBUG [Line:59] - [LoginServlet        ] [jiyara]  Last Login 2023-08-26T18:04:48 
[26-08-2023 06:08:26:026 pm IST] DEBUG [Line:59] - [LoginServlet        ] [jiyara] DB UserId : jiyara Username : Jiyara Password : jiyara 
[26-08-2023 06:08:26:026 pm IST] DEBUG [Line:59] - [Logindao            ] [jiyara] com.mysql.cj.jdbc.ClientPreparedStatement: UPDATE login_info SET LAST_LOGIN=sysdate() WHERE USER_ID='jiyara' 
[26-08-2023 06:08:26:026 pm IST] DEBUG [Line:59] - [Generic             ] [jiyara] Access Log Entered true 
[26-08-2023 06:08:26:026 pm IST] DEBUG [Line:59] - [Dbmanager           ] [jiyara]  Connection Closed [true]  
[26-08-2023 06:08:46:046 pm IST] DEBUG [Line:59] - [AjaxServlet         ] [jiyara]  mode                      =>  userProfileSubmit  
[26-08-2023 06:08:46:046 pm IST] DEBUG [Line:59] - [AjaxServlet         ] [jiyara]  hGender                   =>  F  
[26-08-2023 06:08:46:046 pm IST] DEBUG [Line:59] - [AjaxServlet         ] [jiyara]  hdob                      =>  2020-03-19  
[26-08-2023 06:08:46:046 pm IST] DEBUG [Line:59] - [AjaxServlet         ] [jiyara]  gender                    =>  F  
[26-08-2023 06:08:46:046 pm IST] DEBUG [Line:59] - [AjaxServlet         ] [jiyara]  dob                       =>  2020-03-19  
[26-08-2023 06:08:46:046 pm IST] INFO  [Line:59] - [AjaxServlet         ] [jiyara] Context Real Path  : M:\Git\My Repository\Completed\Travel_Current_Project\Travel\Travel\Images 
[26-08-2023 06:08:46:046 pm IST] INFO  [Line:59] - [AjaxServlet         ] [jiyara] Inside ajax 
[26-08-2023 06:08:46:046 pm IST] DEBUG [Line:59] - [Dbmanager           ] [jiyara]  Connection Closed [true]  
[26-08-2023 06:08:46:046 pm IST] DEBUG [Line:59] - [Generic             ] [jiyara]  Image Upload Path [/Git/My Repository/Completed/Travel_Current_Project/Travel/Travel/Images/jiyara/]  
[26-08-2023 06:08:46:046 pm IST] DEBUG [Line:59] - [Generic             ] [jiyara] Upload header [form-data; name="imageFile"; filename="IMG_20210203_080535_optimized.jpg"] 
[26-08-2023 06:08:46:046 pm IST] DEBUG [Line:59] - [Generic             ] [jiyara] Upload header elem [form-data] 
[26-08-2023 06:08:46:046 pm IST] DEBUG [Line:59] - [Generic             ] [jiyara] Upload header elem [ name="imageFile"] 
[26-08-2023 06:08:46:046 pm IST] DEBUG [Line:59] - [Generic             ] [jiyara] Upload header elem [ filename="IMG_20210203_080535_optimized.jpg"] 
[26-08-2023 06:08:46:046 pm IST] DEBUG [Line:59] - [Generic             ] [jiyara] Upload header FileName [IMG_20210203_080535_optimized.jpg] 
[26-08-2023 06:08:46:046 pm IST] DEBUG [Line:59] - [Generic             ] [jiyara]  filePart [org.apache.catalina.core.ApplicationPart@5dd05269] fileName [IMG_20210203_080535_optimized.jpg] filePath [/Git/My Repository/Completed/Travel_Current_Project/Travel/Travel/Images/jiyara/\IMG_20210203_080535_optimized.jpg]  
[26-08-2023 06:08:46:046 pm IST] DEBUG [Line:59] - [Generic             ] [jiyara]  fileContent [sun.nio.ch.ChannelInputStream@2bf87ed0]	 fileOutputStream [java.io.FileOutputStream@25ead159] 
[26-08-2023 06:08:46:046 pm IST] DEBUG [Line:59] - [Generic             ] [jiyara] Upload Successful 
[26-08-2023 06:08:46:046 pm IST] DEBUG [Line:59] - [AjaxProcess         ] [jiyara] Login_Info [username=null, password1=null, password2=null, role=null, create_time=null, user_id=jiyara, altered_user=Jiyara, last_login=null, dob=2020-03-19, gender=F, status=null] 
[26-08-2023 06:08:46:046 pm IST] ERROR [Line:65] -   
[26-08-2023 06:08:46:046 pm IST] DEBUG [Line:59] - [AjaxProcess         ] [jiyara] ImagePath Of User jiyara 
[26-08-2023 06:08:46:046 pm IST] DEBUG [Line:59] - [UserImageDao        ] [jiyara] com.mysql.cj.jdbc.ClientPreparedStatement: INSERT INTO USER_IMAGE VALUES('jiyara','IMG_20210203_080535_optimized.jpg','Images/jiyara',sysdate(),'jiyara') 
[26-08-2023 06:08:46:046 pm IST] DEBUG [Line:59] - [AjaxProcess         ] [jiyara] User Image Info Updated [true] 
[26-08-2023 06:08:46:046 pm IST] DEBUG [Line:59] - [Dbmanager           ] [jiyara]  Connection Closed [true]  
[27-08-2023 11:01:15:015 am IST] DEBUG [Line:59] - [AuthFilter          ] [] Session Created BF9BF0B49823CD21560A580C09DED684 
[27-08-2023 11:02:32:032 am IST] DEBUG [Line:59] - [Dbmanager           ] [jiyara]  Connection Closed [true]  
[27-08-2023 11:02:32:032 am IST] DEBUG [Line:59] - [Generic             ] [jiyara]  Console File Path [null] 
[27-08-2023 11:02:32:032 am IST] DEBUG [Line:59] - [Generic             ] [jiyara]  File Path Added to session  
[27-08-2023 11:02:32:032 am IST] DEBUG [Line:59] - [Generic             ] [jiyara]  Console File Path [null] isLog [true]  
[27-08-2023 11:02:32:032 am IST] DEBUG [Line:59] - [Generic             ] [jiyara] Inside setSystemOutLogs filePath[/Git/My Repository/Completed/Travel_Current_Project/Travel/Logs/2023/08/27/Console/] fileName [1693114352398_console.log] 
[27-08-2023 11:02:32:032 am IST] DEBUG [Line:59] - [Generic             ] [jiyara] Get PrintStream [java.io.PrintStream@4ec29e88] 
[27-08-2023 11:02:32:032 am IST] DEBUG [Line:59] - [Dbmanager           ] [jiyara]  Connection Closed [true]  
[27-08-2023 11:02:32:032 am IST] DEBUG [Line:59] - [AuthFilter          ] [jiyara] Inside do fIletr 
[27-08-2023 11:02:32:032 am IST] DEBUG [Line:59] - [LoginServlet        ] [jiyara]  mode                      =>  login  
[27-08-2023 11:02:32:032 am IST] DEBUG [Line:59] - [LoginServlet        ] [jiyara]  encodePassword            =>  ea6d7a3524c9ff6ca21e22b7be354f54f5297a7b948ccb75ee45a465b897b650  
[27-08-2023 11:02:32:032 am IST] DEBUG [Line:59] - [LoginServlet        ] [jiyara]  txtUser                   =>  jiyara  
[27-08-2023 11:02:32:032 am IST] DEBUG [Line:59] - [LoginServlet        ] [jiyara]  txtPassword               =>  jiyara  
[27-08-2023 11:02:32:032 am IST] DEBUG [Line:59] - [LoginServlet        ] [jiyara]  username                  =>    
[27-08-2023 11:02:32:032 am IST] DEBUG [Line:59] - [LoginServlet        ] [jiyara]  pass1                     =>    
[27-08-2023 11:02:32:032 am IST] DEBUG [Line:59] - [LoginServlet        ] [jiyara]  pass2                     =>    
[27-08-2023 11:02:32:032 am IST] DEBUG [Line:59] - [LoginServlet        ] [jiyara]  user_id                   =>    
[27-08-2023 11:02:32:032 am IST] DEBUG [Line:59] - [Logindao            ] [jiyara] com.mysql.cj.jdbc.ClientPreparedStatement: SELECT li.*,concat(ui.image_path,'/',ui.image_name) image_path FROM login_info li LEFT OUTER JOIN user_image ui ON li.user_id = ui.user_id WHERE li.USER_ID='jiyara' 
[27-08-2023 11:02:32:032 am IST] DEBUG [Line:59] - [LoginServlet        ] [jiyara]  Last Login 2023-08-26T18:08:26 
[27-08-2023 11:02:32:032 am IST] DEBUG [Line:59] - [LoginServlet        ] [jiyara] DB UserId : jiyara Username : Jiyara Password : jiyara 
[27-08-2023 11:02:32:032 am IST] DEBUG [Line:59] - [Logindao            ] [jiyara] com.mysql.cj.jdbc.ClientPreparedStatement: UPDATE login_info SET LAST_LOGIN=sysdate() WHERE USER_ID='jiyara' 
[27-08-2023 11:02:32:032 am IST] DEBUG [Line:59] - [Generic             ] [jiyara] Access Log Entered true 
[27-08-2023 11:02:32:032 am IST] DEBUG [Line:59] - [Dbmanager           ] [jiyara]  Connection Closed [true]  
