26-Feb-2023 13:33:33.964 INFO [http-nio-1000-exec-1] org.apache.catalina.core.ApplicationContext.log HTMLManager: init: Associated with Deployer 'Catalina:type=Deployer,host=localhost'
26-Feb-2023 13:33:33.964 INFO [http-nio-1000-exec-1] org.apache.catalina.core.ApplicationContext.log HTMLManager: init: Global resources are available
26-Feb-2023 13:33:33.988 INFO [http-nio-1000-exec-1] org.apache.catalina.core.ApplicationContext.log HTMLManager: list: Listing contexts for virtual host 'localhost'
26-Feb-2023 13:37:01.658 INFO [http-nio-1000-exec-7] org.apache.catalina.core.ApplicationContext.log HTMLManager: list: Listing contexts for virtual host 'localhost'
26-Feb-2023 13:56:23.866 INFO [http-nio-1000-exec-2] org.apache.catalina.core.ApplicationContext.log HTMLManager: init: Associated with Deployer 'Catalina:type=Deployer,host=localhost'
26-Feb-2023 13:56:23.866 INFO [http-nio-1000-exec-2] org.apache.catalina.core.ApplicationContext.log HTMLManager: init: Global resources are available
26-Feb-2023 13:56:23.948 INFO [http-nio-1000-exec-2] org.apache.catalina.core.ApplicationContext.log HTMLManager: list: Listing contexts for virtual host 'localhost'
26-Feb-2023 14:32:20.176 INFO [http-nio-1000-exec-3] org.apache.catalina.core.ApplicationContext.log HTMLManager: init: Associated with Deployer 'Catalina:type=Deployer,host=localhost'
26-Feb-2023 14:32:20.176 INFO [http-nio-1000-exec-3] org.apache.catalina.core.ApplicationContext.log HTMLManager: init: Global resources are available
26-Feb-2023 14:32:20.184 INFO [http-nio-1000-exec-3] org.apache.catalina.core.ApplicationContext.log HTMLManager: list: Listing contexts for virtual host 'localhost'
26-Feb-2023 14:33:34.240 INFO [http-nio-1000-exec-6] org.apache.catalina.core.ApplicationContext.log HTMLManager: list: Listing contexts for virtual host 'localhost'
26-Feb-2023 14:34:24.109 INFO [http-nio-1000-exec-4] org.apache.catalina.core.ApplicationContext.log HTMLManager: list: Listing contexts for virtual host 'localhost'
26-Feb-2023 14:35:19.716 INFO [http-nio-1000-exec-2] org.apache.catalina.core.ApplicationContext.log HTMLManager: list: Listing contexts for virtual host 'localhost'
26-Feb-2023 14:35:22.432 INFO [http-nio-1000-exec-4] org.apache.catalina.core.ApplicationContext.log HTMLManager: list: Listing contexts for virtual host 'localhost'
26-Feb-2023 14:35:28.925 INFO [http-nio-1000-exec-7] org.apache.catalina.core.ApplicationContext.log HTMLManager: sessions: Session action 'null' for web application '/'
26-Feb-2023 14:35:36.118 INFO [http-nio-1000-exec-11] org.apache.catalina.core.ApplicationContext.log HTMLManager: sessions: Session action 'invalidateSessions' for web application '/'
26-Feb-2023 14:35:36.118 INFO [http-nio-1000-exec-11] org.apache.catalina.core.ApplicationContext.log HTMLManager: Invalidating session id 6E618A51F33421BECE7338430C4E498D
26-Feb-2023 14:35:37.490 INFO [http-nio-1000-exec-12] org.apache.catalina.core.ApplicationContext.log HTMLManager: list: Listing contexts for virtual host 'localhost'
26-Feb-2023 14:37:55.721 INFO [http-nio-1000-exec-16] org.apache.catalina.core.ApplicationContext.log HTMLManager: list: Listing contexts for virtual host 'localhost'
26-Feb-2023 14:38:03.689 INFO [http-nio-1000-exec-17] org.apache.catalina.core.ApplicationContext.log HTMLManager: sessions: Session action 'null' for web application '/'
26-Feb-2023 14:38:19.652 INFO [http-nio-1000-exec-12] org.apache.catalina.core.ApplicationContext.log HTMLManager: list: Listing contexts for virtual host 'localhost'
