03-Jul-2023 14:02:05.291 WARNING [main] org.apache.tomcat.util.digester.SetPropertiesRule.begin Match [Server/Service/Engine/Host] failed to set property [reloadable] to [true]
03-Jul-2023 14:02:05.323 INFO [main] org.apache.catalina.startup.VersionLoggerListener.log Server version name:   Apache Tomcat/9.0.53
03-Jul-2023 14:02:05.323 INFO [main] org.apache.catalina.startup.VersionLoggerListener.log Server built:          Sep 6 2021 19:09:00 UTC
03-Jul-2023 14:02:05.323 INFO [main] org.apache.catalina.startup.VersionLoggerListener.log Server version number: 9.0.53.0
03-Jul-2023 14:02:05.323 INFO [main] org.apache.catalina.startup.VersionLoggerListener.log OS Name:               Windows 10
03-Jul-2023 14:02:05.323 INFO [main] org.apache.catalina.startup.VersionLoggerListener.log OS Version:            10.0
03-Jul-2023 14:02:05.323 INFO [main] org.apache.catalina.startup.VersionLoggerListener.log Architecture:          amd64
03-Jul-2023 14:02:05.323 INFO [main] org.apache.catalina.startup.VersionLoggerListener.log Java Home:             C:\Program Files\Java\jdk1.8.0_241\jre
03-Jul-2023 14:02:05.323 INFO [main] org.apache.catalina.startup.VersionLoggerListener.log JVM Version:           1.8.0_241-b07
03-Jul-2023 14:02:05.323 INFO [main] org.apache.catalina.startup.VersionLoggerListener.log JVM Vendor:            Oracle Corporation
03-Jul-2023 14:02:05.323 INFO [main] org.apache.catalina.startup.VersionLoggerListener.log CATALINA_BASE:         M:\Git\My Repository\Completed\Travel_Current_Project\Tomcat-Server
03-Jul-2023 14:02:05.323 INFO [main] org.apache.catalina.startup.VersionLoggerListener.log CATALINA_HOME:         M:\Git\My Repository\Completed\Travel_Current_Project\Tomcat-Server
03-Jul-2023 14:02:05.323 INFO [main] org.apache.catalina.startup.VersionLoggerListener.log Command line argument: -Djava.util.logging.config.file=M:\Git\My Repository\Completed\Travel_Current_Project\Tomcat-Server\conf\logging.properties
03-Jul-2023 14:02:05.323 INFO [main] org.apache.catalina.startup.VersionLoggerListener.log Command line argument: -Djava.util.logging.manager=org.apache.juli.ClassLoaderLogManager
03-Jul-2023 14:02:05.323 INFO [main] org.apache.catalina.startup.VersionLoggerListener.log Command line argument: -Djdk.tls.ephemeralDHKeySize=2048
03-Jul-2023 14:02:05.323 INFO [main] org.apache.catalina.startup.VersionLoggerListener.log Command line argument: -Djava.protocol.handler.pkgs=org.apache.catalina.webresources
03-Jul-2023 14:02:05.323 INFO [main] org.apache.catalina.startup.VersionLoggerListener.log Command line argument: -Dignore.endorsed.dirs=
03-Jul-2023 14:02:05.323 INFO [main] org.apache.catalina.startup.VersionLoggerListener.log Command line argument: -Dcatalina.base=M:\Git\My Repository\Completed\Travel_Current_Project\Tomcat-Server
03-Jul-2023 14:02:05.323 INFO [main] org.apache.catalina.startup.VersionLoggerListener.log Command line argument: -Dcatalina.home=M:\Git\My Repository\Completed\Travel_Current_Project\Tomcat-Server
03-Jul-2023 14:02:05.338 INFO [main] org.apache.catalina.startup.VersionLoggerListener.log Command line argument: -Djava.io.tmpdir=M:\Git\My Repository\Completed\Travel_Current_Project\Tomcat-Server\temp
03-Jul-2023 14:02:05.402 INFO [main] org.apache.catalina.core.AprLifecycleListener.lifecycleEvent Loaded Apache Tomcat Native library [1.2.31] using APR version [1.7.0].
03-Jul-2023 14:02:05.402 INFO [main] org.apache.catalina.core.AprLifecycleListener.lifecycleEvent APR capabilities: IPv6 [true], sendfile [true], accept filters [false], random [true], UDS [true].
03-Jul-2023 14:02:05.402 INFO [main] org.apache.catalina.core.AprLifecycleListener.lifecycleEvent APR/OpenSSL configuration: useAprConnector [false], useOpenSSL [true]
03-Jul-2023 14:02:05.417 INFO [main] org.apache.catalina.core.AprLifecycleListener.initializeSSL OpenSSL successfully initialized [OpenSSL 1.1.1l  24 Aug 2021]
03-Jul-2023 14:02:05.926 INFO [main] org.apache.coyote.AbstractProtocol.init Initializing ProtocolHandler ["http-nio-1000"]
03-Jul-2023 14:02:05.958 INFO [main] org.apache.catalina.startup.Catalina.load Server initialization in [915] milliseconds
03-Jul-2023 14:02:06.005 INFO [main] org.apache.catalina.core.StandardService.startInternal Starting service [Catalina]
03-Jul-2023 14:02:06.005 INFO [main] org.apache.catalina.core.StandardEngine.startInternal Starting Servlet engine: [Apache Tomcat/9.0.53]
03-Jul-2023 14:02:06.021 INFO [main] org.apache.catalina.startup.HostConfig.deployDirectory Deploying web application directory [M:\Git\My Repository\Completed\Travel_Current_Project\Travel\Logs]
03-Jul-2023 14:02:06.481 WARNING [main] org.apache.catalina.util.SessionIdGeneratorBase.createSecureRandom Creation of SecureRandom instance for session ID generation using [SHA1PRNG] took [174] milliseconds.
03-Jul-2023 14:02:06.513 INFO [main] org.apache.catalina.startup.HostConfig.deployDirectory Deployment of web application directory [M:\Git\My Repository\Completed\Travel_Current_Project\Travel\Logs] has finished in [492] ms
03-Jul-2023 14:02:06.513 INFO [main] org.apache.catalina.startup.HostConfig.deployDirectory Deploying web application directory [M:\Git\My Repository\Completed\Travel_Current_Project\Travel\Travel]
03-Jul-2023 14:02:09.610 INFO [main] org.apache.jasper.servlet.TldScanner.scanJars At least one JAR was scanned for TLDs yet contained no TLDs. Enable debug logging for this logger for a complete list of JARs that were scanned but no TLDs were found in them. Skipping unneeded JARs during scanning can improve startup time and JSP compilation time.
03-Jul-2023 14:02:09.626 INFO [main] org.apache.catalina.startup.HostConfig.deployDirectory Deployment of web application directory [M:\Git\My Repository\Completed\Travel_Current_Project\Travel\Travel] has finished in [3,113] ms
03-Jul-2023 14:02:09.626 INFO [main] org.apache.coyote.AbstractProtocol.start Starting ProtocolHandler ["http-nio-1000"]
03-Jul-2023 14:02:09.658 INFO [main] org.apache.catalina.startup.Catalina.start Server startup in [3700] milliseconds
03-Jul-2023 14:02:17.922 SEVERE [main] org.apache.catalina.startup.Catalina.stopServer Could not contact [localhost:8005] (base port [8005] and offset [0]). Tomcat may not be running.
03-Jul-2023 14:02:17.922 SEVERE [main] org.apache.catalina.startup.Catalina.stopServer Error stopping Catalina
	java.net.ConnectException: Connection refused: connect
		at java.net.DualStackPlainSocketImpl.connect0(Native Method)
		at java.net.DualStackPlainSocketImpl.socketConnect(DualStackPlainSocketImpl.java:79)
		at java.net.AbstractPlainSocketImpl.doConnect(AbstractPlainSocketImpl.java:350)
		at java.net.AbstractPlainSocketImpl.connectToAddress(AbstractPlainSocketImpl.java:206)
		at java.net.AbstractPlainSocketImpl.connect(AbstractPlainSocketImpl.java:188)
		at java.net.PlainSocketImpl.connect(PlainSocketImpl.java:172)
		at java.net.SocksSocketImpl.connect(SocksSocketImpl.java:392)
		at java.net.Socket.connect(Socket.java:606)
		at java.net.Socket.connect(Socket.java:555)
		at java.net.Socket.<init>(Socket.java:451)
		at java.net.Socket.<init>(Socket.java:228)
		at org.apache.catalina.startup.Catalina.stopServer(Catalina.java:667)
		at sun.reflect.NativeMethodAccessorImpl.invoke0(Native Method)
		at sun.reflect.NativeMethodAccessorImpl.invoke(NativeMethodAccessorImpl.java:62)
		at sun.reflect.DelegatingMethodAccessorImpl.invoke(DelegatingMethodAccessorImpl.java:43)
		at java.lang.reflect.Method.invoke(Method.java:498)
		at org.apache.catalina.startup.Bootstrap.stopServer(Bootstrap.java:391)
		at org.apache.catalina.startup.Bootstrap.main(Bootstrap.java:481)
