Properties key[log_user] value[arul]
Properties key[isLoggable] value[Y]
Properties key[log_user] value[arul]
Properties key[isLoggable] value[Y]
Properties key[log_user] value[arul]
Properties key[isLoggable] value[Y]
Properties key[log_user] value[arul]
Properties key[isLoggable] value[Y]
Properties key[log_user] value[arul]
Properties key[isLoggable] value[Y]
Properties key[log_user] value[arul]
Properties key[isLoggable] value[Y]
Properties key[log_user] value[arul]
Properties key[isLoggable] value[Y]
Properties key[log_user] value[arul]
Properties key[isLoggable] value[Y]
Properties key[log_user] value[arul]
Properties key[isLoggable] value[Y]
Properties key[log_user] value[arul]
Properties key[isLoggable] value[Y]
Properties key[log_user] value[arul]
Properties key[isLoggable] value[Y]
Properties key[log_user] value[arul]
Properties key[isLoggable] value[Y]
Properties key[log_user] value[arul]
Properties key[isLoggable] value[Y]
Properties key[log_user] value[arul]
Properties key[isLoggable] value[Y]
Log will be redirected to /Git/My Repository/Completed/Travel_Current_Project/Travel/Logs/2023/07/02
Log Properties Updated for Key [log] value [/Git/My Repository/Completed/Travel_Current_Project/Travel/Logs/2023/07/02]
Log Properties Updated for Key [log_user] value [arul]
Properties key[log] value[/Git/My Repository/Completed/Travel_Current_Project/Travel/Logs/2023/07/02]
Properties key[log_user] value[arul]
Properties key[isLoggable] value[Y]
Properties key[log_user] value[arul]
Properties key[isLoggable] value[Y]
Properties key[isLoggable] value[Y]
Properties key[log_user] value[arul]
Properties key[isLoggable] value[Y]
Properties key[log_user] value[arul]
Properties key[isLoggable] value[Y]
Log will be redirected to /Git/My Repository/Completed/Travel_Current_Project/Travel/Logs/2023/07/02
Log Properties Updated for Key [log] value [/Git/My Repository/Completed/Travel_Current_Project/Travel/Logs/2023/07/02]
Log will be redirected to /Git/My Repository/Completed/Travel_Current_Project/Travel/Logs/2023/07/02
Log Properties Updated for Key [log] value [/Git/My Repository/Completed/Travel_Current_Project/Travel/Logs/2023/07/02]
Log Properties Updated for Key [log_user] value [arul]
Properties key[log] value[/Git/My Repository/Completed/Travel_Current_Project/Travel/Logs/2023/07/02]
Properties key[log_user] value[arul]
Properties key[isLoggable] value[Y]
Properties key[log_user] value[arul]
Properties key[isLoggable] value[Y]
Properties key[isLoggable] value[Y]
Properties key[log_user] value[arul]
Properties key[isLoggable] value[Y]
Properties key[log_user] value[arul]
Properties key[isLoggable] value[Y]
Properties key[log_user] value[arul]
Properties key[isLoggable] value[Y]
Properties key[log_user] value[arul]
Properties key[isLoggable] value[Y]
Properties key[log_user] value[arul]
Properties key[isLoggable] value[Y]
Log will be redirected to /Git/My Repository/Completed/Travel_Current_Project/Travel/Logs/2023/07/02
Log Properties Updated for Key [log] value [/Git/My Repository/Completed/Travel_Current_Project/Travel/Logs/2023/07/02]
Properties key[log_user] value[arul]
Properties key[isLoggable] value[Y]
Properties key[log_user] value[arul]
Properties key[isLoggable] value[Y]
Log will be redirected to /Git/My Repository/Completed/Travel_Current_Project/Travel/Logs/2023/07/02
Log Properties Updated for Key [log] value [/Git/My Repository/Completed/Travel_Current_Project/Travel/Logs/2023/07/02]
Log Properties Updated for Key [log_user] value [arul]
Properties key[log] value[/Git/My Repository/Completed/Travel_Current_Project/Travel/Logs/2023/07/02]
Properties key[log_user] value[arul]
Properties key[isLoggable] value[Y]
Properties key[log_user] value[arul]
Properties key[isLoggable] value[Y]
Properties key[isLoggable] value[Y]
Properties key[log_user] value[arul]
Properties key[isLoggable] value[Y]
Properties key[log_user] value[arul]
Properties key[isLoggable] value[Y]
Properties key[log_user] value[arul]
Properties key[isLoggable] value[Y]
Properties key[log_user] value[arul]
Properties key[isLoggable] value[Y]
Properties key[log_user] value[arul]
Properties key[isLoggable] value[Y]
Properties key[log_user] value[arul]
Properties key[isLoggable] value[Y]
Log will be redirected to /Git/My Repository/Completed/Travel_Current_Project/Travel/Logs/2023/07/02
Log Properties Updated for Key [log] value [/Git/My Repository/Completed/Travel_Current_Project/Travel/Logs/2023/07/02]
Properties key[log_user] value[arul]
Properties key[isLoggable] value[Y]
Properties key[log_user] value[arul]
Properties key[isLoggable] value[Y]
Properties key[log_user] value[arul]
Properties key[isLoggable] value[Y]
Properties key[log_user] value[arul]
Properties key[isLoggable] value[Y]
Properties key[log_user] value[arul]
Properties key[isLoggable] value[Y]
Log will be redirected to /Git/My Repository/Completed/Travel_Current_Project/Travel/Logs/2023/07/02
Log Properties Updated for Key [log] value [/Git/My Repository/Completed/Travel_Current_Project/Travel/Logs/2023/07/02]
Log Properties Updated for Key [log_user] value [arul]
Properties key[log] value[/Git/My Repository/Completed/Travel_Current_Project/Travel/Logs/2023/07/02]
Properties key[log_user] value[arul]
Properties key[isLoggable] value[Y]
Properties key[log_user] value[arul]
Properties key[isLoggable] value[Y]
Properties key[isLoggable] value[Y]
Properties key[log_user] value[arul]
Properties key[isLoggable] value[Y]
Properties key[log_user] value[arul]
Properties key[isLoggable] value[Y]
Properties key[log_user] value[arul]
Properties key[isLoggable] value[Y]
Properties key[log_user] value[arul]
Properties key[isLoggable] value[Y]
Properties key[log_user] value[arul]
Properties key[isLoggable] value[Y]
Properties key[log_user] value[arul]
Properties key[isLoggable] value[Y]
Log will be redirected to /Git/My Repository/Completed/Travel_Current_Project/Travel/Logs/2023/07/02
Log Properties Updated for Key [log] value [/Git/My Repository/Completed/Travel_Current_Project/Travel/Logs/2023/07/02]
Properties key[log_user] value[arul]
Properties key[isLoggable] value[Y]
Properties key[log_user] value[arul]
Properties key[isLoggable] value[Y]
Properties key[log_user] value[arul]
Properties key[isLoggable] value[Y]
Properties key[log_user] value[arul]
Properties key[isLoggable] value[Y]
Properties key[log_user] value[arul]
Properties key[isLoggable] value[Y]
Log will be redirected to /Git/My Repository/Completed/Travel_Current_Project/Travel/Logs/2023/07/02
Log Properties Updated for Key [log] value [/Git/My Repository/Completed/Travel_Current_Project/Travel/Logs/2023/07/02]
Log Properties Updated for Key [log_user] value [arul]
Properties key[log] value[/Git/My Repository/Completed/Travel_Current_Project/Travel/Logs/2023/07/02]
Properties key[log_user] value[arul]
Properties key[isLoggable] value[Y]
Properties key[log_user] value[arul]
Properties key[isLoggable] value[Y]
Properties key[isLoggable] value[Y]
Properties key[log_user] value[arul]
Properties key[isLoggable] value[Y]
Properties key[log_user] value[arul]
Properties key[isLoggable] value[Y]
Properties key[log_user] value[arul]
Properties key[isLoggable] value[Y]
Properties key[log_user] value[arul]
Properties key[isLoggable] value[Y]
Properties key[log_user] value[arul]
Properties key[isLoggable] value[Y]
Properties key[log_user] value[arul]
Properties key[isLoggable] value[Y]
Log will be redirected to /Git/My Repository/Completed/Travel_Current_Project/Travel/Logs/2023/07/02
Log Properties Updated for Key [log] value [/Git/My Repository/Completed/Travel_Current_Project/Travel/Logs/2023/07/02]
Properties key[log_user] value[arul]
Properties key[isLoggable] value[Y]
Properties key[log_user] value[arul]
Properties key[isLoggable] value[Y]
Properties key[log_user] value[arul]
Properties key[isLoggable] value[Y]
Properties key[log_user] value[arul]
Properties key[isLoggable] value[Y]
Properties key[log_user] value[arul]
Properties key[isLoggable] value[Y]
Log will be redirected to /Git/My Repository/Completed/Travel_Current_Project/Travel/Logs/2023/07/02
Log Properties Updated for Key [log] value [/Git/My Repository/Completed/Travel_Current_Project/Travel/Logs/2023/07/02]
Log Properties Updated for Key [log_user] value [arul]
Properties key[log] value[/Git/My Repository/Completed/Travel_Current_Project/Travel/Logs/2023/07/02]
Properties key[log_user] value[arul]
Properties key[isLoggable] value[Y]
Properties key[log_user] value[arul]
Properties key[isLoggable] value[Y]
Properties key[isLoggable] value[Y]
Properties key[log_user] value[arul]
Properties key[isLoggable] value[Y]
Properties key[log_user] value[arul]
Properties key[isLoggable] value[Y]
Properties key[log_user] value[arul]
Properties key[isLoggable] value[Y]
Properties key[log_user] value[arul]
Properties key[isLoggable] value[Y]
Properties key[log_user] value[arul]
Properties key[isLoggable] value[Y]
Properties key[log_user] value[arul]
Properties key[isLoggable] value[Y]
Log will be redirected to /Git/My Repository/Completed/Travel_Current_Project/Travel/Logs/2023/07/02
Log Properties Updated for Key [log] value [/Git/My Repository/Completed/Travel_Current_Project/Travel/Logs/2023/07/02]
Properties key[log_user] value[arul]
Properties key[isLoggable] value[Y]
Properties key[log_user] value[arul]
Properties key[isLoggable] value[Y]
Properties key[log_user] value[arul]
Properties key[isLoggable] value[Y]
Properties key[log_user] value[arul]
Properties key[isLoggable] value[Y]
Properties key[log_user] value[arul]
Properties key[isLoggable] value[Y]
Log will be redirected to /Git/My Repository/Completed/Travel_Current_Project/Travel/Logs/2023/07/02
Log Properties Updated for Key [log] value [/Git/My Repository/Completed/Travel_Current_Project/Travel/Logs/2023/07/02]
Log Properties Updated for Key [log_user] value [arul]
Properties key[log] value[/Git/My Repository/Completed/Travel_Current_Project/Travel/Logs/2023/07/02]
Properties key[log_user] value[arul]
Properties key[isLoggable] value[Y]
Properties key[log_user] value[arul]
Properties key[isLoggable] value[Y]
Properties key[isLoggable] value[Y]
Properties key[log_user] value[arul]
Properties key[isLoggable] value[Y]
Properties key[log_user] value[arul]
Properties key[isLoggable] value[Y]
Properties key[log_user] value[arul]
Properties key[isLoggable] value[Y]
Properties key[log_user] value[arul]
Properties key[isLoggable] value[Y]
Properties key[log_user] value[arul]
Properties key[isLoggable] value[Y]
Properties key[log_user] value[arul]
Properties key[isLoggable] value[Y]
Log will be redirected to /Git/My Repository/Completed/Travel_Current_Project/Travel/Logs/2023/07/02
Log Properties Updated for Key [log] value [/Git/My Repository/Completed/Travel_Current_Project/Travel/Logs/2023/07/02]
Properties key[log_user] value[arul]
Properties key[isLoggable] value[Y]
Properties key[log_user] value[arul]
Properties key[isLoggable] value[Y]
Properties key[log_user] value[arul]
Properties key[isLoggable] value[Y]
Properties key[log_user] value[arul]
Properties key[isLoggable] value[Y]
Properties key[log_user] value[arul]
Properties key[isLoggable] value[Y]
Log will be redirected to /Git/My Repository/Completed/Travel_Current_Project/Travel/Logs/2023/07/02
Log Properties Updated for Key [log] value [/Git/My Repository/Completed/Travel_Current_Project/Travel/Logs/2023/07/02]
Log Properties Updated for Key [log_user] value [arul]
Properties key[log] value[/Git/My Repository/Completed/Travel_Current_Project/Travel/Logs/2023/07/02]
Properties key[log_user] value[arul]
Properties key[isLoggable] value[Y]
Properties key[log_user] value[arul]
Properties key[isLoggable] value[Y]
Properties key[isLoggable] value[Y]
Properties key[log_user] value[arul]
Properties key[isLoggable] value[Y]
Properties key[log_user] value[arul]
Properties key[isLoggable] value[Y]
Properties key[log_user] value[arul]
Properties key[isLoggable] value[Y]
Properties key[log_user] value[arul]
Properties key[isLoggable] value[Y]
Properties key[log_user] value[arul]
Properties key[isLoggable] value[Y]
Properties key[log_user] value[arul]
Properties key[isLoggable] value[Y]
Log will be redirected to /Git/My Repository/Completed/Travel_Current_Project/Travel/Logs/2023/07/02
Log Properties Updated for Key [log] value [/Git/My Repository/Completed/Travel_Current_Project/Travel/Logs/2023/07/02]
Log will be redirected to /Git/My Repository/Completed/Travel_Current_Project/Travel/Logs/2023/07/02
Log Properties Updated for Key [log] value [/Git/My Repository/Completed/Travel_Current_Project/Travel/Logs/2023/07/02]
Log Properties Updated for Key [log_user] value [arul]
Properties key[log] value[/Git/My Repository/Completed/Travel_Current_Project/Travel/Logs/2023/07/02]
Properties key[log_user] value[arul]
Properties key[isLoggable] value[Y]
Properties key[log_user] value[arul]
Properties key[isLoggable] value[Y]
Properties key[isLoggable] value[Y]
Properties key[log_user] value[arul]
Properties key[isLoggable] value[Y]
Properties key[log_user] value[arul]
Properties key[isLoggable] value[Y]
Properties key[log_user] value[arul]
Properties key[isLoggable] value[Y]
Properties key[log_user] value[arul]
Properties key[isLoggable] value[Y]
Properties key[log_user] value[arul]
Properties key[isLoggable] value[Y]
Properties key[log_user] value[arul]
Properties key[isLoggable] value[Y]
Log will be redirected to /Git/My Repository/Completed/Travel_Current_Project/Travel/Logs/2023/07/02
Log Properties Updated for Key [log] value [/Git/My Repository/Completed/Travel_Current_Project/Travel/Logs/2023/07/02]
Log will be redirected to /Git/My Repository/Completed/Travel_Current_Project/Travel/Logs/2023/07/02
Log Properties Updated for Key [log] value [/Git/My Repository/Completed/Travel_Current_Project/Travel/Logs/2023/07/02]
Log Properties Updated for Key [log_user] value [arul]
Properties key[log] value[/Git/My Repository/Completed/Travel_Current_Project/Travel/Logs/2023/07/02]
Properties key[log_user] value[arul]
Properties key[isLoggable] value[Y]
Properties key[log_user] value[arul]
Properties key[isLoggable] value[Y]
Properties key[isLoggable] value[Y]
Properties key[log_user] value[arul]
Properties key[isLoggable] value[Y]
Properties key[log_user] value[arul]
Properties key[isLoggable] value[Y]
Properties key[log_user] value[arul]
Properties key[isLoggable] value[Y]
Properties key[log_user] value[arul]
Properties key[isLoggable] value[Y]
Properties key[log_user] value[arul]
Properties key[isLoggable] value[Y]
Properties key[log_user] value[arul]
Properties key[isLoggable] value[Y]
Log will be redirected to /Git/My Repository/Completed/Travel_Current_Project/Travel/Logs/2023/07/02
Log Properties Updated for Key [log] value [/Git/My Repository/Completed/Travel_Current_Project/Travel/Logs/2023/07/02]
Log will be redirected to /Git/My Repository/Completed/Travel_Current_Project/Travel/Logs/2023/07/02
Log Properties Updated for Key [log] value [/Git/My Repository/Completed/Travel_Current_Project/Travel/Logs/2023/07/02]
Log will be redirected to /Git/My Repository/Completed/Travel_Current_Project/Travel/Logs/2023/07/02
Log Properties Updated for Key [log] value [/Git/My Repository/Completed/Travel_Current_Project/Travel/Logs/2023/07/02]
Log Properties Updated for Key [log_user] value [arul]
Properties key[log] value[/Git/My Repository/Completed/Travel_Current_Project/Travel/Logs/2023/07/02]
Properties key[log_user] value[arul]
Properties key[isLoggable] value[Y]
Properties key[log_user] value[arul]
Properties key[isLoggable] value[Y]
Properties key[isLoggable] value[Y]
Properties key[log_user] value[arul]
Properties key[isLoggable] value[Y]
Properties key[log_user] value[arul]
Properties key[isLoggable] value[Y]
Properties key[log_user] value[arul]
Properties key[isLoggable] value[Y]
Properties key[log_user] value[arul]
Properties key[isLoggable] value[Y]
