10-Dec-2023 12:23:29.289 INFO [main] org.apache.catalina.startup.VersionLoggerListener.log Server version name:   Apache Tomcat/9.0.53
10-Dec-2023 12:23:29.289 INFO [main] org.apache.catalina.startup.VersionLoggerListener.log Server built:          Sep 6 2021 19:09:00 UTC
10-Dec-2023 12:23:29.289 INFO [main] org.apache.catalina.startup.VersionLoggerListener.log Server version number: 9.0.53.0
10-Dec-2023 12:23:29.289 INFO [main] org.apache.catalina.startup.VersionLoggerListener.log OS Name:               Windows 10
10-Dec-2023 12:23:29.289 INFO [main] org.apache.catalina.startup.VersionLoggerListener.log OS Version:            10.0
10-Dec-2023 12:23:29.289 INFO [main] org.apache.catalina.startup.VersionLoggerListener.log Architecture:          amd64
10-Dec-2023 12:23:29.289 INFO [main] org.apache.catalina.startup.VersionLoggerListener.log Java Home:             C:\Program Files\Java\jdk1.8.0_241\jre
10-Dec-2023 12:23:29.289 INFO [main] org.apache.catalina.startup.VersionLoggerListener.log JVM Version:           1.8.0_241-b07
10-Dec-2023 12:23:29.289 INFO [main] org.apache.catalina.startup.VersionLoggerListener.log JVM Vendor:            Oracle Corporation
10-Dec-2023 12:23:29.304 INFO [main] org.apache.catalina.startup.VersionLoggerListener.log CATALINA_BASE:         M:\Git\My Repository\Completed\Travel_Current_Project\Tomcat-9.0
10-Dec-2023 12:23:29.304 INFO [main] org.apache.catalina.startup.VersionLoggerListener.log CATALINA_HOME:         M:\Git\My Repository\Completed\Travel_Current_Project\Tomcat-9.0
10-Dec-2023 12:23:29.304 INFO [main] org.apache.catalina.startup.VersionLoggerListener.log Command line argument: -Djava.util.logging.config.file=M:\Git\My Repository\Completed\Travel_Current_Project\Tomcat-9.0\conf\logging.properties
10-Dec-2023 12:23:29.304 INFO [main] org.apache.catalina.startup.VersionLoggerListener.log Command line argument: -Djava.util.logging.manager=org.apache.juli.ClassLoaderLogManager
10-Dec-2023 12:23:29.304 INFO [main] org.apache.catalina.startup.VersionLoggerListener.log Command line argument: -Djdk.tls.ephemeralDHKeySize=2048
10-Dec-2023 12:23:29.304 INFO [main] org.apache.catalina.startup.VersionLoggerListener.log Command line argument: -Djava.protocol.handler.pkgs=org.apache.catalina.webresources
10-Dec-2023 12:23:29.304 INFO [main] org.apache.catalina.startup.VersionLoggerListener.log Command line argument: -Dignore.endorsed.dirs=
10-Dec-2023 12:23:29.307 INFO [main] org.apache.catalina.startup.VersionLoggerListener.log Command line argument: -Dcatalina.base=M:\Git\My Repository\Completed\Travel_Current_Project\Tomcat-9.0
10-Dec-2023 12:23:29.307 INFO [main] org.apache.catalina.startup.VersionLoggerListener.log Command line argument: -Dcatalina.home=M:\Git\My Repository\Completed\Travel_Current_Project\Tomcat-9.0
10-Dec-2023 12:23:29.307 INFO [main] org.apache.catalina.startup.VersionLoggerListener.log Command line argument: -Djava.io.tmpdir=M:\Git\My Repository\Completed\Travel_Current_Project\Tomcat-9.0\temp
10-Dec-2023 12:23:29.311 INFO [main] org.apache.catalina.core.AprLifecycleListener.lifecycleEvent Loaded Apache Tomcat Native library [1.2.31] using APR version [1.7.0].
10-Dec-2023 12:23:29.311 INFO [main] org.apache.catalina.core.AprLifecycleListener.lifecycleEvent APR capabilities: IPv6 [true], sendfile [true], accept filters [false], random [true], UDS [true].
10-Dec-2023 12:23:29.311 INFO [main] org.apache.catalina.core.AprLifecycleListener.lifecycleEvent APR/OpenSSL configuration: useAprConnector [false], useOpenSSL [true]
10-Dec-2023 12:23:29.320 INFO [main] org.apache.catalina.core.AprLifecycleListener.initializeSSL OpenSSL successfully initialized [OpenSSL 1.1.1l  24 Aug 2021]
10-Dec-2023 12:23:29.760 INFO [main] org.apache.coyote.AbstractProtocol.init Initializing ProtocolHandler ["http-nio-1000"]
10-Dec-2023 12:23:29.791 INFO [main] org.apache.catalina.startup.Catalina.load Server initialization in [750] milliseconds
10-Dec-2023 12:23:29.838 INFO [main] org.apache.catalina.core.StandardService.startInternal Starting service [Catalina]
10-Dec-2023 12:23:29.838 INFO [main] org.apache.catalina.core.StandardEngine.startInternal Starting Servlet engine: [Apache Tomcat/9.0.53]
10-Dec-2023 12:23:29.854 INFO [main] org.apache.catalina.startup.HostConfig.deployDirectory Deploying web application directory [M:\Git\My Repository\Completed\Travel_Current_Project\Travel\Travel]
10-Dec-2023 12:23:31.780 INFO [main] org.apache.jasper.servlet.TldScanner.scanJars At least one JAR was scanned for TLDs yet contained no TLDs. Enable debug logging for this logger for a complete list of JARs that were scanned but no TLDs were found in them. Skipping unneeded JARs during scanning can improve startup time and JSP compilation time.
10-Dec-2023 12:23:32.036 WARNING [main] org.apache.catalina.util.SessionIdGeneratorBase.createSecureRandom Creation of SecureRandom instance for session ID generation using [SHA1PRNG] took [235] milliseconds.
10-Dec-2023 12:23:32.067 INFO [main] org.apache.catalina.startup.HostConfig.deployDirectory Deployment of web application directory [M:\Git\My Repository\Completed\Travel_Current_Project\Travel\Travel] has finished in [2,213] ms
10-Dec-2023 12:23:32.067 INFO [main] org.apache.coyote.AbstractProtocol.start Starting ProtocolHandler ["http-nio-1000"]
10-Dec-2023 12:23:32.083 INFO [main] org.apache.catalina.startup.Catalina.start Server startup in [2297] milliseconds
10-Dec-2023 12:27:36.288 INFO [main] org.apache.catalina.startup.VersionLoggerListener.log Server version name:   Apache Tomcat/9.0.53
10-Dec-2023 12:27:36.288 INFO [main] org.apache.catalina.startup.VersionLoggerListener.log Server built:          Sep 6 2021 19:09:00 UTC
10-Dec-2023 12:27:36.288 INFO [main] org.apache.catalina.startup.VersionLoggerListener.log Server version number: 9.0.53.0
10-Dec-2023 12:27:36.288 INFO [main] org.apache.catalina.startup.VersionLoggerListener.log OS Name:               Windows 10
10-Dec-2023 12:27:36.288 INFO [main] org.apache.catalina.startup.VersionLoggerListener.log OS Version:            10.0
10-Dec-2023 12:27:36.288 INFO [main] org.apache.catalina.startup.VersionLoggerListener.log Architecture:          amd64
10-Dec-2023 12:27:36.288 INFO [main] org.apache.catalina.startup.VersionLoggerListener.log Java Home:             C:\Program Files\Java\jdk1.8.0_241\jre
10-Dec-2023 12:27:36.288 INFO [main] org.apache.catalina.startup.VersionLoggerListener.log JVM Version:           1.8.0_241-b07
10-Dec-2023 12:27:36.288 INFO [main] org.apache.catalina.startup.VersionLoggerListener.log JVM Vendor:            Oracle Corporation
10-Dec-2023 12:27:36.288 INFO [main] org.apache.catalina.startup.VersionLoggerListener.log CATALINA_BASE:         M:\Git\My Repository\Completed\Travel_Current_Project\Tomcat-9.0
10-Dec-2023 12:27:36.288 INFO [main] org.apache.catalina.startup.VersionLoggerListener.log CATALINA_HOME:         M:\Git\My Repository\Completed\Travel_Current_Project\Tomcat-9.0
10-Dec-2023 12:27:36.288 INFO [main] org.apache.catalina.startup.VersionLoggerListener.log Command line argument: -Djava.util.logging.config.file=M:\Git\My Repository\Completed\Travel_Current_Project\Tomcat-9.0\conf\logging.properties
10-Dec-2023 12:27:36.288 INFO [main] org.apache.catalina.startup.VersionLoggerListener.log Command line argument: -Djava.util.logging.manager=org.apache.juli.ClassLoaderLogManager
10-Dec-2023 12:27:36.288 INFO [main] org.apache.catalina.startup.VersionLoggerListener.log Command line argument: -Djdk.tls.ephemeralDHKeySize=2048
10-Dec-2023 12:27:36.288 INFO [main] org.apache.catalina.startup.VersionLoggerListener.log Command line argument: -Djava.protocol.handler.pkgs=org.apache.catalina.webresources
10-Dec-2023 12:27:36.288 INFO [main] org.apache.catalina.startup.VersionLoggerListener.log Command line argument: -Dignore.endorsed.dirs=
10-Dec-2023 12:27:36.288 INFO [main] org.apache.catalina.startup.VersionLoggerListener.log Command line argument: -Dcatalina.base=M:\Git\My Repository\Completed\Travel_Current_Project\Tomcat-9.0
10-Dec-2023 12:27:36.288 INFO [main] org.apache.catalina.startup.VersionLoggerListener.log Command line argument: -Dcatalina.home=M:\Git\My Repository\Completed\Travel_Current_Project\Tomcat-9.0
10-Dec-2023 12:27:36.288 INFO [main] org.apache.catalina.startup.VersionLoggerListener.log Command line argument: -Djava.io.tmpdir=M:\Git\My Repository\Completed\Travel_Current_Project\Tomcat-9.0\temp
10-Dec-2023 12:27:36.304 INFO [main] org.apache.catalina.core.AprLifecycleListener.lifecycleEvent Loaded Apache Tomcat Native library [1.2.31] using APR version [1.7.0].
10-Dec-2023 12:27:36.304 INFO [main] org.apache.catalina.core.AprLifecycleListener.lifecycleEvent APR capabilities: IPv6 [true], sendfile [true], accept filters [false], random [true], UDS [true].
10-Dec-2023 12:27:36.304 INFO [main] org.apache.catalina.core.AprLifecycleListener.lifecycleEvent APR/OpenSSL configuration: useAprConnector [false], useOpenSSL [true]
10-Dec-2023 12:27:36.310 INFO [main] org.apache.catalina.core.AprLifecycleListener.initializeSSL OpenSSL successfully initialized [OpenSSL 1.1.1l  24 Aug 2021]
10-Dec-2023 12:27:36.808 INFO [main] org.apache.coyote.AbstractProtocol.init Initializing ProtocolHandler ["http-nio-1000"]
10-Dec-2023 12:27:36.822 SEVERE [main] org.apache.catalina.util.LifecycleBase.handleSubClassException Failed to initialize component [Connector[HTTP/1.1-1000]]
	org.apache.catalina.LifecycleException: Protocol handler initialization failed
		at org.apache.catalina.connector.Connector.initInternal(Connector.java:1049)
		at org.apache.catalina.util.LifecycleBase.init(LifecycleBase.java:136)
		at org.apache.catalina.core.StandardService.initInternal(StandardService.java:556)
		at org.apache.catalina.util.LifecycleBase.init(LifecycleBase.java:136)
		at org.apache.catalina.core.StandardServer.initInternal(StandardServer.java:1042)
		at org.apache.catalina.util.LifecycleBase.init(LifecycleBase.java:136)
		at org.apache.catalina.startup.Catalina.load(Catalina.java:724)
		at org.apache.catalina.startup.Catalina.load(Catalina.java:746)
		at sun.reflect.NativeMethodAccessorImpl.invoke0(Native Method)
		at sun.reflect.NativeMethodAccessorImpl.invoke(NativeMethodAccessorImpl.java:62)
		at sun.reflect.DelegatingMethodAccessorImpl.invoke(DelegatingMethodAccessorImpl.java:43)
		at java.lang.reflect.Method.invoke(Method.java:498)
		at org.apache.catalina.startup.Bootstrap.load(Bootstrap.java:305)
		at org.apache.catalina.startup.Bootstrap.main(Bootstrap.java:475)
	Caused by: java.net.BindException: Address already in use: bind
		at sun.nio.ch.Net.bind0(Native Method)
		at sun.nio.ch.Net.bind(Net.java:433)
		at sun.nio.ch.Net.bind(Net.java:425)
		at sun.nio.ch.ServerSocketChannelImpl.bind(ServerSocketChannelImpl.java:223)
		at org.apache.tomcat.util.net.NioEndpoint.initServerSocket(NioEndpoint.java:271)
		at org.apache.tomcat.util.net.NioEndpoint.bind(NioEndpoint.java:226)
		at org.apache.tomcat.util.net.AbstractEndpoint.bindWithCleanup(AbstractEndpoint.java:1208)
		at org.apache.tomcat.util.net.AbstractEndpoint.init(AbstractEndpoint.java:1221)
		at org.apache.coyote.AbstractProtocol.init(AbstractProtocol.java:603)
		at org.apache.coyote.http11.AbstractHttp11Protocol.init(AbstractHttp11Protocol.java:80)
		at org.apache.catalina.connector.Connector.initInternal(Connector.java:1046)
		... 13 more
10-Dec-2023 12:27:36.822 INFO [main] org.apache.catalina.startup.Catalina.load Server initialization in [797] milliseconds
10-Dec-2023 12:27:36.869 INFO [main] org.apache.catalina.core.StandardService.startInternal Starting service [Catalina]
10-Dec-2023 12:27:36.869 INFO [main] org.apache.catalina.core.StandardEngine.startInternal Starting Servlet engine: [Apache Tomcat/9.0.53]
10-Dec-2023 12:27:36.885 INFO [main] org.apache.catalina.startup.HostConfig.deployDirectory Deploying web application directory [M:\Git\My Repository\Completed\Travel_Current_Project\Travel\Travel]
10-Dec-2023 12:27:38.831 INFO [main] org.apache.jasper.servlet.TldScanner.scanJars At least one JAR was scanned for TLDs yet contained no TLDs. Enable debug logging for this logger for a complete list of JARs that were scanned but no TLDs were found in them. Skipping unneeded JARs during scanning can improve startup time and JSP compilation time.
10-Dec-2023 12:27:39.098 WARNING [main] org.apache.catalina.util.SessionIdGeneratorBase.createSecureRandom Creation of SecureRandom instance for session ID generation using [SHA1PRNG] took [220] milliseconds.
10-Dec-2023 12:27:39.130 INFO [main] org.apache.catalina.startup.HostConfig.deployDirectory Deployment of web application directory [M:\Git\My Repository\Completed\Travel_Current_Project\Travel\Travel] has finished in [2,245] ms
10-Dec-2023 12:27:39.130 INFO [main] org.apache.catalina.startup.Catalina.start Server startup in [2304] milliseconds
10-Dec-2023 12:27:39.130 SEVERE [main] org.apache.catalina.core.StandardServer.await Failed to create server shutdown socket on address [localhost] and port [8005] (base port [8005] and offset [0])
	java.net.BindException: Address already in use: JVM_Bind
		at java.net.DualStackPlainSocketImpl.bind0(Native Method)
		at java.net.DualStackPlainSocketImpl.socketBind(DualStackPlainSocketImpl.java:106)
		at java.net.AbstractPlainSocketImpl.bind(AbstractPlainSocketImpl.java:387)
		at java.net.PlainSocketImpl.bind(PlainSocketImpl.java:190)
		at java.net.ServerSocket.bind(ServerSocket.java:375)
		at java.net.ServerSocket.<init>(ServerSocket.java:237)
		at org.apache.catalina.core.StandardServer.await(StandardServer.java:577)
		at org.apache.catalina.startup.Catalina.await(Catalina.java:864)
		at org.apache.catalina.startup.Catalina.start(Catalina.java:810)
		at sun.reflect.NativeMethodAccessorImpl.invoke0(Native Method)
		at sun.reflect.NativeMethodAccessorImpl.invoke(NativeMethodAccessorImpl.java:62)
		at sun.reflect.DelegatingMethodAccessorImpl.invoke(DelegatingMethodAccessorImpl.java:43)
		at java.lang.reflect.Method.invoke(Method.java:498)
		at org.apache.catalina.startup.Bootstrap.start(Bootstrap.java:345)
		at org.apache.catalina.startup.Bootstrap.main(Bootstrap.java:476)
10-Dec-2023 12:27:39.130 INFO [main] org.apache.coyote.AbstractProtocol.pause Pausing ProtocolHandler ["http-nio-1000"]
10-Dec-2023 12:27:39.130 INFO [main] org.apache.catalina.core.StandardService.stopInternal Stopping service [Catalina]
10-Dec-2023 12:27:39.145 INFO [main] org.apache.coyote.AbstractProtocol.stop Stopping ProtocolHandler ["http-nio-1000"]
10-Dec-2023 12:27:39.145 INFO [main] org.apache.coyote.AbstractProtocol.destroy Destroying ProtocolHandler ["http-nio-1000"]
10-Dec-2023 13:38:45.421 INFO [main] org.apache.catalina.startup.VersionLoggerListener.log Server version name:   Apache Tomcat/9.0.53
10-Dec-2023 13:38:45.421 INFO [main] org.apache.catalina.startup.VersionLoggerListener.log Server built:          Sep 6 2021 19:09:00 UTC
10-Dec-2023 13:38:45.421 INFO [main] org.apache.catalina.startup.VersionLoggerListener.log Server version number: 9.0.53.0
10-Dec-2023 13:38:45.421 INFO [main] org.apache.catalina.startup.VersionLoggerListener.log OS Name:               Windows 10
10-Dec-2023 13:38:45.437 INFO [main] org.apache.catalina.startup.VersionLoggerListener.log OS Version:            10.0
10-Dec-2023 13:38:45.437 INFO [main] org.apache.catalina.startup.VersionLoggerListener.log Architecture:          amd64
10-Dec-2023 13:38:45.437 INFO [main] org.apache.catalina.startup.VersionLoggerListener.log Java Home:             C:\Program Files\Java\jdk1.8.0_241\jre
10-Dec-2023 13:38:45.437 INFO [main] org.apache.catalina.startup.VersionLoggerListener.log JVM Version:           1.8.0_241-b07
10-Dec-2023 13:38:45.437 INFO [main] org.apache.catalina.startup.VersionLoggerListener.log JVM Vendor:            Oracle Corporation
10-Dec-2023 13:38:45.437 INFO [main] org.apache.catalina.startup.VersionLoggerListener.log CATALINA_BASE:         M:\Git\My Repository\Completed\Travel_Current_Project\Tomcat-9.0
10-Dec-2023 13:38:45.437 INFO [main] org.apache.catalina.startup.VersionLoggerListener.log CATALINA_HOME:         M:\Git\My Repository\Completed\Travel_Current_Project\Tomcat-9.0
10-Dec-2023 13:38:45.437 INFO [main] org.apache.catalina.startup.VersionLoggerListener.log Command line argument: -Djava.util.logging.config.file=M:\Git\My Repository\Completed\Travel_Current_Project\Tomcat-9.0\conf\logging.properties
10-Dec-2023 13:38:45.437 INFO [main] org.apache.catalina.startup.VersionLoggerListener.log Command line argument: -Djava.util.logging.manager=org.apache.juli.ClassLoaderLogManager
10-Dec-2023 13:38:45.437 INFO [main] org.apache.catalina.startup.VersionLoggerListener.log Command line argument: -Djdk.tls.ephemeralDHKeySize=2048
10-Dec-2023 13:38:45.437 INFO [main] org.apache.catalina.startup.VersionLoggerListener.log Command line argument: -Djava.protocol.handler.pkgs=org.apache.catalina.webresources
10-Dec-2023 13:38:45.437 INFO [main] org.apache.catalina.startup.VersionLoggerListener.log Command line argument: -Dignore.endorsed.dirs=
10-Dec-2023 13:38:45.437 INFO [main] org.apache.catalina.startup.VersionLoggerListener.log Command line argument: -Dcatalina.base=M:\Git\My Repository\Completed\Travel_Current_Project\Tomcat-9.0
10-Dec-2023 13:38:45.437 INFO [main] org.apache.catalina.startup.VersionLoggerListener.log Command line argument: -Dcatalina.home=M:\Git\My Repository\Completed\Travel_Current_Project\Tomcat-9.0
10-Dec-2023 13:38:45.437 INFO [main] org.apache.catalina.startup.VersionLoggerListener.log Command line argument: -Djava.io.tmpdir=M:\Git\My Repository\Completed\Travel_Current_Project\Tomcat-9.0\temp
10-Dec-2023 13:38:45.452 INFO [main] org.apache.catalina.core.AprLifecycleListener.lifecycleEvent Loaded Apache Tomcat Native library [1.2.31] using APR version [1.7.0].
10-Dec-2023 13:38:45.452 INFO [main] org.apache.catalina.core.AprLifecycleListener.lifecycleEvent APR capabilities: IPv6 [true], sendfile [true], accept filters [false], random [true], UDS [true].
10-Dec-2023 13:38:45.452 INFO [main] org.apache.catalina.core.AprLifecycleListener.lifecycleEvent APR/OpenSSL configuration: useAprConnector [false], useOpenSSL [true]
10-Dec-2023 13:38:45.452 INFO [main] org.apache.catalina.core.AprLifecycleListener.initializeSSL OpenSSL successfully initialized [OpenSSL 1.1.1l  24 Aug 2021]
10-Dec-2023 13:38:46.158 INFO [main] org.apache.coyote.AbstractProtocol.init Initializing ProtocolHandler ["http-nio-1000"]
10-Dec-2023 13:38:46.189 SEVERE [main] org.apache.catalina.util.LifecycleBase.handleSubClassException Failed to initialize component [Connector[HTTP/1.1-1000]]
	org.apache.catalina.LifecycleException: Protocol handler initialization failed
		at org.apache.catalina.connector.Connector.initInternal(Connector.java:1049)
		at org.apache.catalina.util.LifecycleBase.init(LifecycleBase.java:136)
		at org.apache.catalina.core.StandardService.initInternal(StandardService.java:556)
		at org.apache.catalina.util.LifecycleBase.init(LifecycleBase.java:136)
		at org.apache.catalina.core.StandardServer.initInternal(StandardServer.java:1042)
		at org.apache.catalina.util.LifecycleBase.init(LifecycleBase.java:136)
		at org.apache.catalina.startup.Catalina.load(Catalina.java:724)
		at org.apache.catalina.startup.Catalina.load(Catalina.java:746)
		at sun.reflect.NativeMethodAccessorImpl.invoke0(Native Method)
		at sun.reflect.NativeMethodAccessorImpl.invoke(NativeMethodAccessorImpl.java:62)
		at sun.reflect.DelegatingMethodAccessorImpl.invoke(DelegatingMethodAccessorImpl.java:43)
		at java.lang.reflect.Method.invoke(Method.java:498)
		at org.apache.catalina.startup.Bootstrap.load(Bootstrap.java:305)
		at org.apache.catalina.startup.Bootstrap.main(Bootstrap.java:475)
	Caused by: java.net.BindException: Address already in use: bind
		at sun.nio.ch.Net.bind0(Native Method)
		at sun.nio.ch.Net.bind(Net.java:433)
		at sun.nio.ch.Net.bind(Net.java:425)
		at sun.nio.ch.ServerSocketChannelImpl.bind(ServerSocketChannelImpl.java:223)
		at org.apache.tomcat.util.net.NioEndpoint.initServerSocket(NioEndpoint.java:271)
		at org.apache.tomcat.util.net.NioEndpoint.bind(NioEndpoint.java:226)
		at org.apache.tomcat.util.net.AbstractEndpoint.bindWithCleanup(AbstractEndpoint.java:1208)
		at org.apache.tomcat.util.net.AbstractEndpoint.init(AbstractEndpoint.java:1221)
		at org.apache.coyote.AbstractProtocol.init(AbstractProtocol.java:603)
		at org.apache.coyote.http11.AbstractHttp11Protocol.init(AbstractHttp11Protocol.java:80)
		at org.apache.catalina.connector.Connector.initInternal(Connector.java:1046)
		... 13 more
10-Dec-2023 13:38:46.189 INFO [main] org.apache.catalina.startup.Catalina.load Server initialization in [1131] milliseconds
10-Dec-2023 13:38:46.252 INFO [main] org.apache.catalina.core.StandardService.startInternal Starting service [Catalina]
10-Dec-2023 13:38:46.252 INFO [main] org.apache.catalina.core.StandardEngine.startInternal Starting Servlet engine: [Apache Tomcat/9.0.53]
10-Dec-2023 13:38:46.268 INFO [main] org.apache.catalina.startup.HostConfig.deployDirectory Deploying web application directory [M:\Git\My Repository\Completed\Travel_Current_Project\Travel\Travel]
10-Dec-2023 13:38:48.695 INFO [main] org.apache.jasper.servlet.TldScanner.scanJars At least one JAR was scanned for TLDs yet contained no TLDs. Enable debug logging for this logger for a complete list of JARs that were scanned but no TLDs were found in them. Skipping unneeded JARs during scanning can improve startup time and JSP compilation time.
10-Dec-2023 13:38:48.978 WARNING [main] org.apache.catalina.util.SessionIdGeneratorBase.createSecureRandom Creation of SecureRandom instance for session ID generation using [SHA1PRNG] took [236] milliseconds.
10-Dec-2023 13:38:49.009 INFO [main] org.apache.catalina.startup.HostConfig.deployDirectory Deployment of web application directory [M:\Git\My Repository\Completed\Travel_Current_Project\Travel\Travel] has finished in [2,741] ms
10-Dec-2023 13:38:49.009 INFO [main] org.apache.catalina.startup.Catalina.start Server startup in [2822] milliseconds
10-Dec-2023 13:38:53.039 INFO [main] org.apache.catalina.startup.VersionLoggerListener.log Server version name:   Apache Tomcat/9.0.53
10-Dec-2023 13:38:53.055 INFO [main] org.apache.catalina.startup.VersionLoggerListener.log Server built:          Sep 6 2021 19:09:00 UTC
10-Dec-2023 13:38:53.055 INFO [main] org.apache.catalina.startup.VersionLoggerListener.log Server version number: 9.0.53.0
10-Dec-2023 13:38:53.055 INFO [main] org.apache.catalina.startup.VersionLoggerListener.log OS Name:               Windows 10
10-Dec-2023 13:38:53.055 INFO [main] org.apache.catalina.startup.VersionLoggerListener.log OS Version:            10.0
10-Dec-2023 13:38:53.055 INFO [main] org.apache.catalina.startup.VersionLoggerListener.log Architecture:          amd64
10-Dec-2023 13:38:53.055 INFO [main] org.apache.catalina.startup.VersionLoggerListener.log Java Home:             C:\Program Files\Java\jdk1.8.0_241\jre
10-Dec-2023 13:38:53.055 INFO [main] org.apache.catalina.startup.VersionLoggerListener.log JVM Version:           1.8.0_241-b07
10-Dec-2023 13:38:53.055 INFO [main] org.apache.catalina.startup.VersionLoggerListener.log JVM Vendor:            Oracle Corporation
10-Dec-2023 13:38:53.055 INFO [main] org.apache.catalina.startup.VersionLoggerListener.log CATALINA_BASE:         M:\Git\My Repository\Completed\Travel_Current_Project\Tomcat-9.0
10-Dec-2023 13:38:53.055 INFO [main] org.apache.catalina.startup.VersionLoggerListener.log CATALINA_HOME:         M:\Git\My Repository\Completed\Travel_Current_Project\Tomcat-9.0
10-Dec-2023 13:38:53.055 INFO [main] org.apache.catalina.startup.VersionLoggerListener.log Command line argument: -Djava.util.logging.config.file=M:\Git\My Repository\Completed\Travel_Current_Project\Tomcat-9.0\conf\logging.properties
10-Dec-2023 13:38:53.055 INFO [main] org.apache.catalina.startup.VersionLoggerListener.log Command line argument: -Djava.util.logging.manager=org.apache.juli.ClassLoaderLogManager
10-Dec-2023 13:38:53.055 INFO [main] org.apache.catalina.startup.VersionLoggerListener.log Command line argument: -Djdk.tls.ephemeralDHKeySize=2048
10-Dec-2023 13:38:53.055 INFO [main] org.apache.catalina.startup.VersionLoggerListener.log Command line argument: -Djava.protocol.handler.pkgs=org.apache.catalina.webresources
10-Dec-2023 13:38:53.055 INFO [main] org.apache.catalina.startup.VersionLoggerListener.log Command line argument: -Dignore.endorsed.dirs=
10-Dec-2023 13:38:53.055 INFO [main] org.apache.catalina.startup.VersionLoggerListener.log Command line argument: -Dcatalina.base=M:\Git\My Repository\Completed\Travel_Current_Project\Tomcat-9.0
10-Dec-2023 13:38:53.055 INFO [main] org.apache.catalina.startup.VersionLoggerListener.log Command line argument: -Dcatalina.home=M:\Git\My Repository\Completed\Travel_Current_Project\Tomcat-9.0
10-Dec-2023 13:38:53.055 INFO [main] org.apache.catalina.startup.VersionLoggerListener.log Command line argument: -Djava.io.tmpdir=M:\Git\My Repository\Completed\Travel_Current_Project\Tomcat-9.0\temp
10-Dec-2023 13:38:53.055 INFO [main] org.apache.catalina.core.AprLifecycleListener.lifecycleEvent Loaded Apache Tomcat Native library [1.2.31] using APR version [1.7.0].
10-Dec-2023 13:38:53.055 INFO [main] org.apache.catalina.core.AprLifecycleListener.lifecycleEvent APR capabilities: IPv6 [true], sendfile [true], accept filters [false], random [true], UDS [true].
10-Dec-2023 13:38:53.071 INFO [main] org.apache.catalina.core.AprLifecycleListener.lifecycleEvent APR/OpenSSL configuration: useAprConnector [false], useOpenSSL [true]
10-Dec-2023 13:38:53.075 INFO [main] org.apache.catalina.core.AprLifecycleListener.initializeSSL OpenSSL successfully initialized [OpenSSL 1.1.1l  24 Aug 2021]
10-Dec-2023 13:38:53.537 INFO [main] org.apache.coyote.AbstractProtocol.init Initializing ProtocolHandler ["http-nio-1000"]
10-Dec-2023 13:38:53.573 INFO [main] org.apache.catalina.startup.Catalina.load Server initialization in [763] milliseconds
10-Dec-2023 13:38:53.620 INFO [main] org.apache.catalina.core.StandardService.startInternal Starting service [Catalina]
10-Dec-2023 13:38:53.620 INFO [main] org.apache.catalina.core.StandardEngine.startInternal Starting Servlet engine: [Apache Tomcat/9.0.53]
10-Dec-2023 13:38:53.637 INFO [main] org.apache.catalina.startup.HostConfig.deployDirectory Deploying web application directory [M:\Git\My Repository\Completed\Travel_Current_Project\Travel\Travel]
10-Dec-2023 13:38:55.641 INFO [main] org.apache.jasper.servlet.TldScanner.scanJars At least one JAR was scanned for TLDs yet contained no TLDs. Enable debug logging for this logger for a complete list of JARs that were scanned but no TLDs were found in them. Skipping unneeded JARs during scanning can improve startup time and JSP compilation time.
10-Dec-2023 13:38:55.941 WARNING [main] org.apache.catalina.util.SessionIdGeneratorBase.createSecureRandom Creation of SecureRandom instance for session ID generation using [SHA1PRNG] took [263] milliseconds.
10-Dec-2023 13:38:55.961 INFO [main] org.apache.catalina.startup.HostConfig.deployDirectory Deployment of web application directory [M:\Git\My Repository\Completed\Travel_Current_Project\Travel\Travel] has finished in [2,324] ms
10-Dec-2023 13:38:55.976 INFO [main] org.apache.coyote.AbstractProtocol.start Starting ProtocolHandler ["http-nio-1000"]
10-Dec-2023 13:38:55.992 INFO [main] org.apache.catalina.startup.Catalina.start Server startup in [2429] milliseconds
10-Dec-2023 13:41:03.993 INFO [main] org.apache.catalina.startup.VersionLoggerListener.log Server version name:   Apache Tomcat/9.0.53
10-Dec-2023 13:41:04.000 INFO [main] org.apache.catalina.startup.VersionLoggerListener.log Server built:          Sep 6 2021 19:09:00 UTC
10-Dec-2023 13:41:04.000 INFO [main] org.apache.catalina.startup.VersionLoggerListener.log Server version number: 9.0.53.0
10-Dec-2023 13:41:04.000 INFO [main] org.apache.catalina.startup.VersionLoggerListener.log OS Name:               Windows 10
10-Dec-2023 13:41:04.000 INFO [main] org.apache.catalina.startup.VersionLoggerListener.log OS Version:            10.0
10-Dec-2023 13:41:04.000 INFO [main] org.apache.catalina.startup.VersionLoggerListener.log Architecture:          amd64
10-Dec-2023 13:41:04.000 INFO [main] org.apache.catalina.startup.VersionLoggerListener.log Java Home:             C:\Program Files\Java\jdk1.8.0_241\jre
10-Dec-2023 13:41:04.000 INFO [main] org.apache.catalina.startup.VersionLoggerListener.log JVM Version:           1.8.0_241-b07
10-Dec-2023 13:41:04.000 INFO [main] org.apache.catalina.startup.VersionLoggerListener.log JVM Vendor:            Oracle Corporation
10-Dec-2023 13:41:04.000 INFO [main] org.apache.catalina.startup.VersionLoggerListener.log CATALINA_BASE:         M:\Git\My Repository\Completed\Travel_Current_Project\Tomcat-9.0
10-Dec-2023 13:41:04.000 INFO [main] org.apache.catalina.startup.VersionLoggerListener.log CATALINA_HOME:         M:\Git\My Repository\Completed\Travel_Current_Project\Tomcat-9.0
10-Dec-2023 13:41:04.000 INFO [main] org.apache.catalina.startup.VersionLoggerListener.log Command line argument: -Djava.util.logging.config.file=M:\Git\My Repository\Completed\Travel_Current_Project\Tomcat-9.0\conf\logging.properties
10-Dec-2023 13:41:04.016 INFO [main] org.apache.catalina.startup.VersionLoggerListener.log Command line argument: -Djava.util.logging.manager=org.apache.juli.ClassLoaderLogManager
10-Dec-2023 13:41:04.016 INFO [main] org.apache.catalina.startup.VersionLoggerListener.log Command line argument: -Djdk.tls.ephemeralDHKeySize=2048
10-Dec-2023 13:41:04.016 INFO [main] org.apache.catalina.startup.VersionLoggerListener.log Command line argument: -Djava.protocol.handler.pkgs=org.apache.catalina.webresources
10-Dec-2023 13:41:04.016 INFO [main] org.apache.catalina.startup.VersionLoggerListener.log Command line argument: -Dignore.endorsed.dirs=
10-Dec-2023 13:41:04.016 INFO [main] org.apache.catalina.startup.VersionLoggerListener.log Command line argument: -Dcatalina.base=M:\Git\My Repository\Completed\Travel_Current_Project\Tomcat-9.0
10-Dec-2023 13:41:04.016 INFO [main] org.apache.catalina.startup.VersionLoggerListener.log Command line argument: -Dcatalina.home=M:\Git\My Repository\Completed\Travel_Current_Project\Tomcat-9.0
10-Dec-2023 13:41:04.016 INFO [main] org.apache.catalina.startup.VersionLoggerListener.log Command line argument: -Djava.io.tmpdir=M:\Git\My Repository\Completed\Travel_Current_Project\Tomcat-9.0\temp
10-Dec-2023 13:41:04.024 INFO [main] org.apache.catalina.core.AprLifecycleListener.lifecycleEvent Loaded Apache Tomcat Native library [1.2.31] using APR version [1.7.0].
10-Dec-2023 13:41:04.024 INFO [main] org.apache.catalina.core.AprLifecycleListener.lifecycleEvent APR capabilities: IPv6 [true], sendfile [true], accept filters [false], random [true], UDS [true].
10-Dec-2023 13:41:04.024 INFO [main] org.apache.catalina.core.AprLifecycleListener.lifecycleEvent APR/OpenSSL configuration: useAprConnector [false], useOpenSSL [true]
10-Dec-2023 13:41:04.032 INFO [main] org.apache.catalina.core.AprLifecycleListener.initializeSSL OpenSSL successfully initialized [OpenSSL 1.1.1l  24 Aug 2021]
10-Dec-2023 13:41:04.495 INFO [main] org.apache.coyote.AbstractProtocol.init Initializing ProtocolHandler ["http-nio-1000"]
10-Dec-2023 13:41:04.534 INFO [main] org.apache.catalina.startup.Catalina.load Server initialization in [780] milliseconds
10-Dec-2023 13:41:04.590 INFO [main] org.apache.catalina.core.StandardService.startInternal Starting service [Catalina]
10-Dec-2023 13:41:04.590 INFO [main] org.apache.catalina.core.StandardEngine.startInternal Starting Servlet engine: [Apache Tomcat/9.0.53]
10-Dec-2023 13:41:04.606 INFO [main] org.apache.catalina.startup.HostConfig.deployDirectory Deploying web application directory [M:\Git\My Repository\Completed\Travel_Current_Project\Travel\ROOT]
10-Dec-2023 13:41:06.584 INFO [main] org.apache.jasper.servlet.TldScanner.scanJars At least one JAR was scanned for TLDs yet contained no TLDs. Enable debug logging for this logger for a complete list of JARs that were scanned but no TLDs were found in them. Skipping unneeded JARs during scanning can improve startup time and JSP compilation time.
10-Dec-2023 13:41:06.842 WARNING [main] org.apache.catalina.util.SessionIdGeneratorBase.createSecureRandom Creation of SecureRandom instance for session ID generation using [SHA1PRNG] took [220] milliseconds.
10-Dec-2023 13:41:06.876 INFO [main] org.apache.catalina.startup.HostConfig.deployDirectory Deployment of web application directory [M:\Git\My Repository\Completed\Travel_Current_Project\Travel\ROOT] has finished in [2,270] ms
10-Dec-2023 13:41:06.878 INFO [main] org.apache.coyote.AbstractProtocol.start Starting ProtocolHandler ["http-nio-1000"]
10-Dec-2023 13:41:06.889 INFO [main] org.apache.catalina.startup.Catalina.start Server startup in [2360] milliseconds
10-Dec-2023 13:41:26.900 INFO [Catalina-utility-2] org.apache.catalina.startup.HostConfig.deployDirectory Deploying web application directory [M:\Git\My Repository\Completed\Travel_Current_Project\Travel\Travel]
10-Dec-2023 13:41:26.941 INFO [Catalina-utility-2] org.apache.catalina.startup.HostConfig.deployDirectory Deployment of web application directory [M:\Git\My Repository\Completed\Travel_Current_Project\Travel\Travel] has finished in [41] ms
10-Dec-2023 13:44:06.511 INFO [main] org.apache.catalina.startup.VersionLoggerListener.log Server version name:   Apache Tomcat/9.0.53
10-Dec-2023 13:44:06.511 INFO [main] org.apache.catalina.startup.VersionLoggerListener.log Server built:          Sep 6 2021 19:09:00 UTC
10-Dec-2023 13:44:06.520 INFO [main] org.apache.catalina.startup.VersionLoggerListener.log Server version number: 9.0.53.0
10-Dec-2023 13:44:06.520 INFO [main] org.apache.catalina.startup.VersionLoggerListener.log OS Name:               Windows 10
10-Dec-2023 13:44:06.520 INFO [main] org.apache.catalina.startup.VersionLoggerListener.log OS Version:            10.0
10-Dec-2023 13:44:06.520 INFO [main] org.apache.catalina.startup.VersionLoggerListener.log Architecture:          amd64
10-Dec-2023 13:44:06.520 INFO [main] org.apache.catalina.startup.VersionLoggerListener.log Java Home:             C:\Program Files\Java\jdk1.8.0_241\jre
10-Dec-2023 13:44:06.520 INFO [main] org.apache.catalina.startup.VersionLoggerListener.log JVM Version:           1.8.0_241-b07
10-Dec-2023 13:44:06.520 INFO [main] org.apache.catalina.startup.VersionLoggerListener.log JVM Vendor:            Oracle Corporation
10-Dec-2023 13:44:06.520 INFO [main] org.apache.catalina.startup.VersionLoggerListener.log CATALINA_BASE:         M:\Git\My Repository\Completed\Travel_Current_Project\Tomcat-9.0
10-Dec-2023 13:44:06.520 INFO [main] org.apache.catalina.startup.VersionLoggerListener.log CATALINA_HOME:         M:\Git\My Repository\Completed\Travel_Current_Project\Tomcat-9.0
10-Dec-2023 13:44:06.520 INFO [main] org.apache.catalina.startup.VersionLoggerListener.log Command line argument: -Djava.util.logging.config.file=M:\Git\My Repository\Completed\Travel_Current_Project\Tomcat-9.0\conf\logging.properties
10-Dec-2023 13:44:06.520 INFO [main] org.apache.catalina.startup.VersionLoggerListener.log Command line argument: -Djava.util.logging.manager=org.apache.juli.ClassLoaderLogManager
10-Dec-2023 13:44:06.520 INFO [main] org.apache.catalina.startup.VersionLoggerListener.log Command line argument: -Djdk.tls.ephemeralDHKeySize=2048
10-Dec-2023 13:44:06.520 INFO [main] org.apache.catalina.startup.VersionLoggerListener.log Command line argument: -Djava.protocol.handler.pkgs=org.apache.catalina.webresources
10-Dec-2023 13:44:06.520 INFO [main] org.apache.catalina.startup.VersionLoggerListener.log Command line argument: -Dignore.endorsed.dirs=
10-Dec-2023 13:44:06.520 INFO [main] org.apache.catalina.startup.VersionLoggerListener.log Command line argument: -Dcatalina.base=M:\Git\My Repository\Completed\Travel_Current_Project\Tomcat-9.0
10-Dec-2023 13:44:06.527 INFO [main] org.apache.catalina.startup.VersionLoggerListener.log Command line argument: -Dcatalina.home=M:\Git\My Repository\Completed\Travel_Current_Project\Tomcat-9.0
10-Dec-2023 13:44:06.527 INFO [main] org.apache.catalina.startup.VersionLoggerListener.log Command line argument: -Djava.io.tmpdir=M:\Git\My Repository\Completed\Travel_Current_Project\Tomcat-9.0\temp
10-Dec-2023 13:44:06.527 INFO [main] org.apache.catalina.core.AprLifecycleListener.lifecycleEvent Loaded Apache Tomcat Native library [1.2.31] using APR version [1.7.0].
10-Dec-2023 13:44:06.527 INFO [main] org.apache.catalina.core.AprLifecycleListener.lifecycleEvent APR capabilities: IPv6 [true], sendfile [true], accept filters [false], random [true], UDS [true].
10-Dec-2023 13:44:06.527 INFO [main] org.apache.catalina.core.AprLifecycleListener.lifecycleEvent APR/OpenSSL configuration: useAprConnector [false], useOpenSSL [true]
10-Dec-2023 13:44:06.543 INFO [main] org.apache.catalina.core.AprLifecycleListener.initializeSSL OpenSSL successfully initialized [OpenSSL 1.1.1l  24 Aug 2021]
10-Dec-2023 13:44:07.061 INFO [main] org.apache.coyote.AbstractProtocol.init Initializing ProtocolHandler ["http-nio-1000"]
10-Dec-2023 13:44:07.092 INFO [main] org.apache.catalina.startup.Catalina.load Server initialization in [860] milliseconds
10-Dec-2023 13:44:07.139 INFO [main] org.apache.catalina.core.StandardService.startInternal Starting service [Catalina]
10-Dec-2023 13:44:07.139 INFO [main] org.apache.catalina.core.StandardEngine.startInternal Starting Servlet engine: [Apache Tomcat/9.0.53]
10-Dec-2023 13:44:07.139 INFO [main] org.apache.catalina.startup.HostConfig.deployDirectory Deploying web application directory [M:\Git\My Repository\Completed\Travel_Current_Project\Travel\ROOT]
10-Dec-2023 13:44:09.275 INFO [main] org.apache.jasper.servlet.TldScanner.scanJars At least one JAR was scanned for TLDs yet contained no TLDs. Enable debug logging for this logger for a complete list of JARs that were scanned but no TLDs were found in them. Skipping unneeded JARs during scanning can improve startup time and JSP compilation time.
10-Dec-2023 13:44:09.558 WARNING [main] org.apache.catalina.util.SessionIdGeneratorBase.createSecureRandom Creation of SecureRandom instance for session ID generation using [SHA1PRNG] took [236] milliseconds.
10-Dec-2023 13:44:09.573 INFO [main] org.apache.catalina.startup.HostConfig.deployDirectory Deployment of web application directory [M:\Git\My Repository\Completed\Travel_Current_Project\Travel\ROOT] has finished in [2,434] ms
10-Dec-2023 13:44:09.573 INFO [main] org.apache.catalina.startup.HostConfig.deployDirectory Deploying web application directory [M:\Git\My Repository\Completed\Travel_Current_Project\Travel\Travel]
10-Dec-2023 13:44:09.605 INFO [main] org.apache.catalina.startup.HostConfig.deployDirectory Deployment of web application directory [M:\Git\My Repository\Completed\Travel_Current_Project\Travel\Travel] has finished in [32] ms
10-Dec-2023 13:44:09.605 INFO [main] org.apache.coyote.AbstractProtocol.start Starting ProtocolHandler ["http-nio-1000"]
10-Dec-2023 13:44:09.627 INFO [main] org.apache.catalina.startup.Catalina.start Server startup in [2532] milliseconds
10-Dec-2023 13:55:21.045 INFO [Catalina-utility-1] org.apache.catalina.startup.HostConfig.undeploy Undeploying context [/Travel]
10-Dec-2023 13:56:01.140 INFO [Catalina-utility-1] org.apache.catalina.startup.HostConfig.deployDirectory Deploying web application directory [M:\Git\My Repository\Completed\Travel_Current_Project\Travel\Travel]
10-Dec-2023 13:56:01.252 INFO [Catalina-utility-1] org.apache.catalina.startup.HostConfig.deployDirectory Deployment of web application directory [M:\Git\My Repository\Completed\Travel_Current_Project\Travel\Travel] has finished in [112] ms
10-Dec-2023 14:38:28.894 INFO [main] org.apache.catalina.startup.VersionLoggerListener.log Server version name:   Apache Tomcat/9.0.53
10-Dec-2023 14:38:28.910 INFO [main] org.apache.catalina.startup.VersionLoggerListener.log Server built:          Sep 6 2021 19:09:00 UTC
10-Dec-2023 14:38:28.910 INFO [main] org.apache.catalina.startup.VersionLoggerListener.log Server version number: 9.0.53.0
10-Dec-2023 14:38:28.910 INFO [main] org.apache.catalina.startup.VersionLoggerListener.log OS Name:               Windows 10
10-Dec-2023 14:38:28.910 INFO [main] org.apache.catalina.startup.VersionLoggerListener.log OS Version:            10.0
10-Dec-2023 14:38:28.910 INFO [main] org.apache.catalina.startup.VersionLoggerListener.log Architecture:          amd64
10-Dec-2023 14:38:28.910 INFO [main] org.apache.catalina.startup.VersionLoggerListener.log Java Home:             C:\Program Files\Java\jdk1.8.0_241\jre
10-Dec-2023 14:38:28.910 INFO [main] org.apache.catalina.startup.VersionLoggerListener.log JVM Version:           1.8.0_241-b07
10-Dec-2023 14:38:28.910 INFO [main] org.apache.catalina.startup.VersionLoggerListener.log JVM Vendor:            Oracle Corporation
10-Dec-2023 14:38:28.910 INFO [main] org.apache.catalina.startup.VersionLoggerListener.log CATALINA_BASE:         M:\Git\My Repository\Completed\Travel_Current_Project\Tomcat-9.0
10-Dec-2023 14:38:28.910 INFO [main] org.apache.catalina.startup.VersionLoggerListener.log CATALINA_HOME:         M:\Git\My Repository\Completed\Travel_Current_Project\Tomcat-9.0
10-Dec-2023 14:38:28.910 INFO [main] org.apache.catalina.startup.VersionLoggerListener.log Command line argument: -Djava.util.logging.config.file=M:\Git\My Repository\Completed\Travel_Current_Project\Tomcat-9.0\conf\logging.properties
10-Dec-2023 14:38:28.910 INFO [main] org.apache.catalina.startup.VersionLoggerListener.log Command line argument: -Djava.util.logging.manager=org.apache.juli.ClassLoaderLogManager
10-Dec-2023 14:38:28.910 INFO [main] org.apache.catalina.startup.VersionLoggerListener.log Command line argument: -Djdk.tls.ephemeralDHKeySize=2048
10-Dec-2023 14:38:28.910 INFO [main] org.apache.catalina.startup.VersionLoggerListener.log Command line argument: -Djava.protocol.handler.pkgs=org.apache.catalina.webresources
10-Dec-2023 14:38:28.910 INFO [main] org.apache.catalina.startup.VersionLoggerListener.log Command line argument: -Dignore.endorsed.dirs=
10-Dec-2023 14:38:28.910 INFO [main] org.apache.catalina.startup.VersionLoggerListener.log Command line argument: -Dcatalina.base=M:\Git\My Repository\Completed\Travel_Current_Project\Tomcat-9.0
10-Dec-2023 14:38:28.910 INFO [main] org.apache.catalina.startup.VersionLoggerListener.log Command line argument: -Dcatalina.home=M:\Git\My Repository\Completed\Travel_Current_Project\Tomcat-9.0
10-Dec-2023 14:38:28.910 INFO [main] org.apache.catalina.startup.VersionLoggerListener.log Command line argument: -Djava.io.tmpdir=M:\Git\My Repository\Completed\Travel_Current_Project\Tomcat-9.0\temp
10-Dec-2023 14:38:28.924 INFO [main] org.apache.catalina.core.AprLifecycleListener.lifecycleEvent Loaded Apache Tomcat Native library [1.2.31] using APR version [1.7.0].
10-Dec-2023 14:38:28.925 INFO [main] org.apache.catalina.core.AprLifecycleListener.lifecycleEvent APR capabilities: IPv6 [true], sendfile [true], accept filters [false], random [true], UDS [true].
10-Dec-2023 14:38:28.925 INFO [main] org.apache.catalina.core.AprLifecycleListener.lifecycleEvent APR/OpenSSL configuration: useAprConnector [false], useOpenSSL [true]
10-Dec-2023 14:38:28.928 INFO [main] org.apache.catalina.core.AprLifecycleListener.initializeSSL OpenSSL successfully initialized [OpenSSL 1.1.1l  24 Aug 2021]
10-Dec-2023 14:38:29.360 INFO [main] org.apache.coyote.AbstractProtocol.init Initializing ProtocolHandler ["http-nio-1000"]
10-Dec-2023 14:38:29.398 INFO [main] org.apache.catalina.startup.Catalina.load Server initialization in [769] milliseconds
10-Dec-2023 14:38:29.445 INFO [main] org.apache.catalina.core.StandardService.startInternal Starting service [Catalina]
10-Dec-2023 14:38:29.445 INFO [main] org.apache.catalina.core.StandardEngine.startInternal Starting Servlet engine: [Apache Tomcat/9.0.53]
10-Dec-2023 14:38:29.445 INFO [main] org.apache.catalina.startup.HostConfig.deployDirectory Deploying web application directory [M:\Git\My Repository\Completed\Travel_Current_Project\Travel\ROOT]
10-Dec-2023 14:38:31.627 INFO [main] org.apache.jasper.servlet.TldScanner.scanJars At least one JAR was scanned for TLDs yet contained no TLDs. Enable debug logging for this logger for a complete list of JARs that were scanned but no TLDs were found in them. Skipping unneeded JARs during scanning can improve startup time and JSP compilation time.
10-Dec-2023 14:38:31.894 WARNING [main] org.apache.catalina.util.SessionIdGeneratorBase.createSecureRandom Creation of SecureRandom instance for session ID generation using [SHA1PRNG] took [229] milliseconds.
10-Dec-2023 14:38:31.926 INFO [main] org.apache.catalina.startup.HostConfig.deployDirectory Deployment of web application directory [M:\Git\My Repository\Completed\Travel_Current_Project\Travel\ROOT] has finished in [2,481] ms
10-Dec-2023 14:38:31.926 INFO [main] org.apache.catalina.startup.HostConfig.deployDirectory Deploying web application directory [M:\Git\My Repository\Completed\Travel_Current_Project\Travel\Travel]
10-Dec-2023 14:38:31.957 INFO [main] org.apache.catalina.startup.HostConfig.deployDirectory Deployment of web application directory [M:\Git\My Repository\Completed\Travel_Current_Project\Travel\Travel] has finished in [31] ms
10-Dec-2023 14:38:31.957 INFO [main] org.apache.coyote.AbstractProtocol.start Starting ProtocolHandler ["http-nio-1000"]
10-Dec-2023 14:38:31.989 INFO [main] org.apache.catalina.startup.Catalina.start Server startup in [2589] milliseconds
10-Dec-2023 14:40:47.691 INFO [main] org.apache.catalina.startup.VersionLoggerListener.log Server version name:   Apache Tomcat/9.0.53
10-Dec-2023 14:40:47.691 INFO [main] org.apache.catalina.startup.VersionLoggerListener.log Server built:          Sep 6 2021 19:09:00 UTC
10-Dec-2023 14:40:47.691 INFO [main] org.apache.catalina.startup.VersionLoggerListener.log Server version number: 9.0.53.0
10-Dec-2023 14:40:47.706 INFO [main] org.apache.catalina.startup.VersionLoggerListener.log OS Name:               Windows 10
10-Dec-2023 14:40:47.706 INFO [main] org.apache.catalina.startup.VersionLoggerListener.log OS Version:            10.0
10-Dec-2023 14:40:47.706 INFO [main] org.apache.catalina.startup.VersionLoggerListener.log Architecture:          amd64
10-Dec-2023 14:40:47.706 INFO [main] org.apache.catalina.startup.VersionLoggerListener.log Java Home:             C:\Program Files\Java\jdk1.8.0_241\jre
10-Dec-2023 14:40:47.706 INFO [main] org.apache.catalina.startup.VersionLoggerListener.log JVM Version:           1.8.0_241-b07
10-Dec-2023 14:40:47.706 INFO [main] org.apache.catalina.startup.VersionLoggerListener.log JVM Vendor:            Oracle Corporation
10-Dec-2023 14:40:47.706 INFO [main] org.apache.catalina.startup.VersionLoggerListener.log CATALINA_BASE:         M:\Git\My Repository\Completed\Travel_Current_Project\Tomcat-9.0
10-Dec-2023 14:40:47.706 INFO [main] org.apache.catalina.startup.VersionLoggerListener.log CATALINA_HOME:         M:\Git\My Repository\Completed\Travel_Current_Project\Tomcat-9.0
10-Dec-2023 14:40:47.706 INFO [main] org.apache.catalina.startup.VersionLoggerListener.log Command line argument: -Djava.util.logging.config.file=M:\Git\My Repository\Completed\Travel_Current_Project\Tomcat-9.0\conf\logging.properties
10-Dec-2023 14:40:47.706 INFO [main] org.apache.catalina.startup.VersionLoggerListener.log Command line argument: -Djava.util.logging.manager=org.apache.juli.ClassLoaderLogManager
10-Dec-2023 14:40:47.706 INFO [main] org.apache.catalina.startup.VersionLoggerListener.log Command line argument: -Djdk.tls.ephemeralDHKeySize=2048
10-Dec-2023 14:40:47.706 INFO [main] org.apache.catalina.startup.VersionLoggerListener.log Command line argument: -Djava.protocol.handler.pkgs=org.apache.catalina.webresources
10-Dec-2023 14:40:47.706 INFO [main] org.apache.catalina.startup.VersionLoggerListener.log Command line argument: -Dignore.endorsed.dirs=
10-Dec-2023 14:40:47.706 INFO [main] org.apache.catalina.startup.VersionLoggerListener.log Command line argument: -Dcatalina.base=M:\Git\My Repository\Completed\Travel_Current_Project\Tomcat-9.0
10-Dec-2023 14:40:47.706 INFO [main] org.apache.catalina.startup.VersionLoggerListener.log Command line argument: -Dcatalina.home=M:\Git\My Repository\Completed\Travel_Current_Project\Tomcat-9.0
10-Dec-2023 14:40:47.706 INFO [main] org.apache.catalina.startup.VersionLoggerListener.log Command line argument: -Djava.io.tmpdir=M:\Git\My Repository\Completed\Travel_Current_Project\Tomcat-9.0\temp
10-Dec-2023 14:40:47.721 INFO [main] org.apache.catalina.core.AprLifecycleListener.lifecycleEvent Loaded Apache Tomcat Native library [1.2.31] using APR version [1.7.0].
10-Dec-2023 14:40:47.721 INFO [main] org.apache.catalina.core.AprLifecycleListener.lifecycleEvent APR capabilities: IPv6 [true], sendfile [true], accept filters [false], random [true], UDS [true].
10-Dec-2023 14:40:47.721 INFO [main] org.apache.catalina.core.AprLifecycleListener.lifecycleEvent APR/OpenSSL configuration: useAprConnector [false], useOpenSSL [true]
10-Dec-2023 14:40:47.722 INFO [main] org.apache.catalina.core.AprLifecycleListener.initializeSSL OpenSSL successfully initialized [OpenSSL 1.1.1l  24 Aug 2021]
10-Dec-2023 14:40:48.255 INFO [main] org.apache.coyote.AbstractProtocol.init Initializing ProtocolHandler ["http-nio-1000"]
10-Dec-2023 14:40:48.286 INFO [main] org.apache.catalina.startup.Catalina.load Server initialization in [890] milliseconds
10-Dec-2023 14:40:48.334 INFO [main] org.apache.catalina.core.StandardService.startInternal Starting service [Catalina]
10-Dec-2023 14:40:48.334 INFO [main] org.apache.catalina.core.StandardEngine.startInternal Starting Servlet engine: [Apache Tomcat/9.0.53]
10-Dec-2023 14:40:48.349 INFO [main] org.apache.catalina.startup.HostConfig.deployDirectory Deploying web application directory [M:\Git\My Repository\Completed\Travel_Current_Project\Travel\ROOT]
10-Dec-2023 14:40:50.525 INFO [main] org.apache.jasper.servlet.TldScanner.scanJars At least one JAR was scanned for TLDs yet contained no TLDs. Enable debug logging for this logger for a complete list of JARs that were scanned but no TLDs were found in them. Skipping unneeded JARs during scanning can improve startup time and JSP compilation time.
10-Dec-2023 14:40:50.783 WARNING [main] org.apache.catalina.util.SessionIdGeneratorBase.createSecureRandom Creation of SecureRandom instance for session ID generation using [SHA1PRNG] took [235] milliseconds.
10-Dec-2023 14:40:50.799 INFO [main] org.apache.catalina.startup.HostConfig.deployDirectory Deployment of web application directory [M:\Git\My Repository\Completed\Travel_Current_Project\Travel\ROOT] has finished in [2,450] ms
10-Dec-2023 14:40:50.799 INFO [main] org.apache.catalina.startup.HostConfig.deployDirectory Deploying web application directory [M:\Git\My Repository\Completed\Travel_Current_Project\Travel\Travel]
10-Dec-2023 14:40:50.830 INFO [main] org.apache.catalina.startup.HostConfig.deployDirectory Deployment of web application directory [M:\Git\My Repository\Completed\Travel_Current_Project\Travel\Travel] has finished in [31] ms
10-Dec-2023 14:40:50.830 INFO [main] org.apache.coyote.AbstractProtocol.start Starting ProtocolHandler ["http-nio-1000"]
10-Dec-2023 14:40:50.846 INFO [main] org.apache.catalina.startup.Catalina.start Server startup in [2558] milliseconds
10-Dec-2023 14:41:12.625 INFO [main] org.apache.catalina.startup.VersionLoggerListener.log Server version name:   Apache Tomcat/9.0.53
10-Dec-2023 14:41:12.640 INFO [main] org.apache.catalina.startup.VersionLoggerListener.log Server built:          Sep 6 2021 19:09:00 UTC
10-Dec-2023 14:41:12.640 INFO [main] org.apache.catalina.startup.VersionLoggerListener.log Server version number: 9.0.53.0
10-Dec-2023 14:41:12.640 INFO [main] org.apache.catalina.startup.VersionLoggerListener.log OS Name:               Windows 10
10-Dec-2023 14:41:12.640 INFO [main] org.apache.catalina.startup.VersionLoggerListener.log OS Version:            10.0
10-Dec-2023 14:41:12.640 INFO [main] org.apache.catalina.startup.VersionLoggerListener.log Architecture:          amd64
10-Dec-2023 14:41:12.640 INFO [main] org.apache.catalina.startup.VersionLoggerListener.log Java Home:             C:\Program Files\Java\jdk1.8.0_241\jre
10-Dec-2023 14:41:12.640 INFO [main] org.apache.catalina.startup.VersionLoggerListener.log JVM Version:           1.8.0_241-b07
10-Dec-2023 14:41:12.640 INFO [main] org.apache.catalina.startup.VersionLoggerListener.log JVM Vendor:            Oracle Corporation
10-Dec-2023 14:41:12.640 INFO [main] org.apache.catalina.startup.VersionLoggerListener.log CATALINA_BASE:         M:\Git\My Repository\Completed\Travel_Current_Project\Tomcat-9.0
10-Dec-2023 14:41:12.640 INFO [main] org.apache.catalina.startup.VersionLoggerListener.log CATALINA_HOME:         M:\Git\My Repository\Completed\Travel_Current_Project\Tomcat-9.0
10-Dec-2023 14:41:12.640 INFO [main] org.apache.catalina.startup.VersionLoggerListener.log Command line argument: -Djava.util.logging.config.file=M:\Git\My Repository\Completed\Travel_Current_Project\Tomcat-9.0\conf\logging.properties
10-Dec-2023 14:41:12.640 INFO [main] org.apache.catalina.startup.VersionLoggerListener.log Command line argument: -Djava.util.logging.manager=org.apache.juli.ClassLoaderLogManager
10-Dec-2023 14:41:12.640 INFO [main] org.apache.catalina.startup.VersionLoggerListener.log Command line argument: -Djdk.tls.ephemeralDHKeySize=2048
10-Dec-2023 14:41:12.640 INFO [main] org.apache.catalina.startup.VersionLoggerListener.log Command line argument: -Djava.protocol.handler.pkgs=org.apache.catalina.webresources
10-Dec-2023 14:41:12.640 INFO [main] org.apache.catalina.startup.VersionLoggerListener.log Command line argument: -Dignore.endorsed.dirs=
10-Dec-2023 14:41:12.640 INFO [main] org.apache.catalina.startup.VersionLoggerListener.log Command line argument: -Dcatalina.base=M:\Git\My Repository\Completed\Travel_Current_Project\Tomcat-9.0
10-Dec-2023 14:41:12.640 INFO [main] org.apache.catalina.startup.VersionLoggerListener.log Command line argument: -Dcatalina.home=M:\Git\My Repository\Completed\Travel_Current_Project\Tomcat-9.0
10-Dec-2023 14:41:12.640 INFO [main] org.apache.catalina.startup.VersionLoggerListener.log Command line argument: -Djava.io.tmpdir=M:\Git\My Repository\Completed\Travel_Current_Project\Tomcat-9.0\temp
10-Dec-2023 14:41:12.640 INFO [main] org.apache.catalina.core.AprLifecycleListener.lifecycleEvent Loaded Apache Tomcat Native library [1.2.31] using APR version [1.7.0].
10-Dec-2023 14:41:12.640 INFO [main] org.apache.catalina.core.AprLifecycleListener.lifecycleEvent APR capabilities: IPv6 [true], sendfile [true], accept filters [false], random [true], UDS [true].
10-Dec-2023 14:41:12.640 INFO [main] org.apache.catalina.core.AprLifecycleListener.lifecycleEvent APR/OpenSSL configuration: useAprConnector [false], useOpenSSL [true]
10-Dec-2023 14:41:12.656 INFO [main] org.apache.catalina.core.AprLifecycleListener.initializeSSL OpenSSL successfully initialized [OpenSSL 1.1.1l  24 Aug 2021]
10-Dec-2023 14:41:13.064 INFO [main] org.apache.coyote.AbstractProtocol.init Initializing ProtocolHandler ["http-nio-1000"]
10-Dec-2023 14:41:13.096 INFO [main] org.apache.catalina.startup.Catalina.load Server initialization in [696] milliseconds
10-Dec-2023 14:41:13.143 INFO [main] org.apache.catalina.core.StandardService.startInternal Starting service [Catalina]
10-Dec-2023 14:41:13.143 INFO [main] org.apache.catalina.core.StandardEngine.startInternal Starting Servlet engine: [Apache Tomcat/9.0.53]
10-Dec-2023 14:41:13.143 INFO [main] org.apache.catalina.startup.HostConfig.deployDirectory Deploying web application directory [M:\Git\My Repository\Completed\Travel_Current_Project\Travel\ROOT]
10-Dec-2023 14:41:15.298 INFO [main] org.apache.jasper.servlet.TldScanner.scanJars At least one JAR was scanned for TLDs yet contained no TLDs. Enable debug logging for this logger for a complete list of JARs that were scanned but no TLDs were found in them. Skipping unneeded JARs during scanning can improve startup time and JSP compilation time.
10-Dec-2023 14:41:15.576 WARNING [main] org.apache.catalina.util.SessionIdGeneratorBase.createSecureRandom Creation of SecureRandom instance for session ID generation using [SHA1PRNG] took [235] milliseconds.
10-Dec-2023 14:41:15.608 INFO [main] org.apache.catalina.startup.HostConfig.deployDirectory Deployment of web application directory [M:\Git\My Repository\Completed\Travel_Current_Project\Travel\ROOT] has finished in [2,465] ms
10-Dec-2023 14:41:15.608 INFO [main] org.apache.catalina.startup.HostConfig.deployDirectory Deploying web application directory [M:\Git\My Repository\Completed\Travel_Current_Project\Travel\Travel]
10-Dec-2023 14:41:15.639 INFO [main] org.apache.catalina.startup.HostConfig.deployDirectory Deployment of web application directory [M:\Git\My Repository\Completed\Travel_Current_Project\Travel\Travel] has finished in [31] ms
10-Dec-2023 14:41:15.639 INFO [main] org.apache.coyote.AbstractProtocol.start Starting ProtocolHandler ["http-nio-1000"]
10-Dec-2023 14:41:15.655 INFO [main] org.apache.catalina.startup.Catalina.start Server startup in [2559] milliseconds
10-Dec-2023 14:44:10.410 INFO [main] org.apache.catalina.startup.VersionLoggerListener.log Server version name:   Apache Tomcat/9.0.53
10-Dec-2023 14:44:10.410 INFO [main] org.apache.catalina.startup.VersionLoggerListener.log Server built:          Sep 6 2021 19:09:00 UTC
10-Dec-2023 14:44:10.410 INFO [main] org.apache.catalina.startup.VersionLoggerListener.log Server version number: 9.0.53.0
10-Dec-2023 14:44:10.410 INFO [main] org.apache.catalina.startup.VersionLoggerListener.log OS Name:               Windows 10
10-Dec-2023 14:44:10.410 INFO [main] org.apache.catalina.startup.VersionLoggerListener.log OS Version:            10.0
10-Dec-2023 14:44:10.410 INFO [main] org.apache.catalina.startup.VersionLoggerListener.log Architecture:          amd64
10-Dec-2023 14:44:10.410 INFO [main] org.apache.catalina.startup.VersionLoggerListener.log Java Home:             C:\Program Files\Java\jdk1.8.0_241\jre
10-Dec-2023 14:44:10.410 INFO [main] org.apache.catalina.startup.VersionLoggerListener.log JVM Version:           1.8.0_241-b07
10-Dec-2023 14:44:10.410 INFO [main] org.apache.catalina.startup.VersionLoggerListener.log JVM Vendor:            Oracle Corporation
10-Dec-2023 14:44:10.410 INFO [main] org.apache.catalina.startup.VersionLoggerListener.log CATALINA_BASE:         M:\Git\My Repository\Completed\Travel_Current_Project\Tomcat-9.0
10-Dec-2023 14:44:10.410 INFO [main] org.apache.catalina.startup.VersionLoggerListener.log CATALINA_HOME:         M:\Git\My Repository\Completed\Travel_Current_Project\Tomcat-9.0
10-Dec-2023 14:44:10.410 INFO [main] org.apache.catalina.startup.VersionLoggerListener.log Command line argument: -Djava.util.logging.config.file=M:\Git\My Repository\Completed\Travel_Current_Project\Tomcat-9.0\conf\logging.properties
10-Dec-2023 14:44:10.410 INFO [main] org.apache.catalina.startup.VersionLoggerListener.log Command line argument: -Djava.util.logging.manager=org.apache.juli.ClassLoaderLogManager
10-Dec-2023 14:44:10.410 INFO [main] org.apache.catalina.startup.VersionLoggerListener.log Command line argument: -Djdk.tls.ephemeralDHKeySize=2048
10-Dec-2023 14:44:10.410 INFO [main] org.apache.catalina.startup.VersionLoggerListener.log Command line argument: -Djava.protocol.handler.pkgs=org.apache.catalina.webresources
10-Dec-2023 14:44:10.410 INFO [main] org.apache.catalina.startup.VersionLoggerListener.log Command line argument: -Dignore.endorsed.dirs=
10-Dec-2023 14:44:10.410 INFO [main] org.apache.catalina.startup.VersionLoggerListener.log Command line argument: -Dcatalina.base=M:\Git\My Repository\Completed\Travel_Current_Project\Tomcat-9.0
10-Dec-2023 14:44:10.410 INFO [main] org.apache.catalina.startup.VersionLoggerListener.log Command line argument: -Dcatalina.home=M:\Git\My Repository\Completed\Travel_Current_Project\Tomcat-9.0
10-Dec-2023 14:44:10.410 INFO [main] org.apache.catalina.startup.VersionLoggerListener.log Command line argument: -Djava.io.tmpdir=M:\Git\My Repository\Completed\Travel_Current_Project\Tomcat-9.0\temp
10-Dec-2023 14:44:10.426 INFO [main] org.apache.catalina.core.AprLifecycleListener.lifecycleEvent Loaded Apache Tomcat Native library [1.2.31] using APR version [1.7.0].
10-Dec-2023 14:44:10.426 INFO [main] org.apache.catalina.core.AprLifecycleListener.lifecycleEvent APR capabilities: IPv6 [true], sendfile [true], accept filters [false], random [true], UDS [true].
10-Dec-2023 14:44:10.426 INFO [main] org.apache.catalina.core.AprLifecycleListener.lifecycleEvent APR/OpenSSL configuration: useAprConnector [false], useOpenSSL [true]
10-Dec-2023 14:44:10.434 INFO [main] org.apache.catalina.core.AprLifecycleListener.initializeSSL OpenSSL successfully initialized [OpenSSL 1.1.1l  24 Aug 2021]
10-Dec-2023 14:44:10.897 INFO [main] org.apache.coyote.AbstractProtocol.init Initializing ProtocolHandler ["http-nio-1000"]
10-Dec-2023 14:44:10.928 INFO [main] org.apache.catalina.startup.Catalina.load Server initialization in [746] milliseconds
10-Dec-2023 14:44:10.960 INFO [main] org.apache.catalina.core.StandardService.startInternal Starting service [Catalina]
10-Dec-2023 14:44:10.960 INFO [main] org.apache.catalina.core.StandardEngine.startInternal Starting Servlet engine: [Apache Tomcat/9.0.53]
10-Dec-2023 14:44:10.975 INFO [main] org.apache.catalina.startup.HostConfig.deployDirectory Deploying web application directory [M:\Git\My Repository\Completed\Travel_Current_Project\Travel\ROOT]
10-Dec-2023 14:44:12.859 INFO [main] org.apache.jasper.servlet.TldScanner.scanJars At least one JAR was scanned for TLDs yet contained no TLDs. Enable debug logging for this logger for a complete list of JARs that were scanned but no TLDs were found in them. Skipping unneeded JARs during scanning can improve startup time and JSP compilation time.
10-Dec-2023 14:44:13.110 WARNING [main] org.apache.catalina.util.SessionIdGeneratorBase.createSecureRandom Creation of SecureRandom instance for session ID generation using [SHA1PRNG] took [220] milliseconds.
10-Dec-2023 14:44:13.141 INFO [main] org.apache.catalina.startup.HostConfig.deployDirectory Deployment of web application directory [M:\Git\My Repository\Completed\Travel_Current_Project\Travel\ROOT] has finished in [2,166] ms
10-Dec-2023 14:44:13.141 INFO [main] org.apache.catalina.startup.HostConfig.deployDirectory Deploying web application directory [M:\Git\My Repository\Completed\Travel_Current_Project\Travel\Travel]
10-Dec-2023 14:44:13.157 INFO [main] org.apache.catalina.startup.HostConfig.deployDirectory Deployment of web application directory [M:\Git\My Repository\Completed\Travel_Current_Project\Travel\Travel] has finished in [16] ms
10-Dec-2023 14:44:13.172 INFO [main] org.apache.coyote.AbstractProtocol.start Starting ProtocolHandler ["http-nio-1000"]
10-Dec-2023 14:44:13.188 INFO [main] org.apache.catalina.startup.Catalina.start Server startup in [2261] milliseconds
10-Dec-2023 14:45:30.050 INFO [main] org.apache.catalina.startup.VersionLoggerListener.log Server version name:   Apache Tomcat/9.0.53
10-Dec-2023 14:45:30.054 INFO [main] org.apache.catalina.startup.VersionLoggerListener.log Server built:          Sep 6 2021 19:09:00 UTC
10-Dec-2023 14:45:30.054 INFO [main] org.apache.catalina.startup.VersionLoggerListener.log Server version number: 9.0.53.0
10-Dec-2023 14:45:30.055 INFO [main] org.apache.catalina.startup.VersionLoggerListener.log OS Name:               Windows 10
10-Dec-2023 14:45:30.055 INFO [main] org.apache.catalina.startup.VersionLoggerListener.log OS Version:            10.0
10-Dec-2023 14:45:30.055 INFO [main] org.apache.catalina.startup.VersionLoggerListener.log Architecture:          amd64
10-Dec-2023 14:45:30.055 INFO [main] org.apache.catalina.startup.VersionLoggerListener.log Java Home:             C:\Program Files\Java\jdk1.8.0_241\jre
10-Dec-2023 14:45:30.055 INFO [main] org.apache.catalina.startup.VersionLoggerListener.log JVM Version:           1.8.0_241-b07
10-Dec-2023 14:45:30.056 INFO [main] org.apache.catalina.startup.VersionLoggerListener.log JVM Vendor:            Oracle Corporation
10-Dec-2023 14:45:30.056 INFO [main] org.apache.catalina.startup.VersionLoggerListener.log CATALINA_BASE:         M:\Git\My Repository\Completed\Travel_Current_Project\Tomcat-9.0
10-Dec-2023 14:45:30.056 INFO [main] org.apache.catalina.startup.VersionLoggerListener.log CATALINA_HOME:         M:\Git\My Repository\Completed\Travel_Current_Project\Tomcat-9.0
10-Dec-2023 14:45:30.058 INFO [main] org.apache.catalina.startup.VersionLoggerListener.log Command line argument: -Djava.util.logging.config.file=M:\Git\My Repository\Completed\Travel_Current_Project\Tomcat-9.0\conf\logging.properties
10-Dec-2023 14:45:30.058 INFO [main] org.apache.catalina.startup.VersionLoggerListener.log Command line argument: -Djava.util.logging.manager=org.apache.juli.ClassLoaderLogManager
10-Dec-2023 14:45:30.058 INFO [main] org.apache.catalina.startup.VersionLoggerListener.log Command line argument: -Djdk.tls.ephemeralDHKeySize=2048
10-Dec-2023 14:45:30.058 INFO [main] org.apache.catalina.startup.VersionLoggerListener.log Command line argument: -Djava.protocol.handler.pkgs=org.apache.catalina.webresources
10-Dec-2023 14:45:30.059 INFO [main] org.apache.catalina.startup.VersionLoggerListener.log Command line argument: -Dignore.endorsed.dirs=
10-Dec-2023 14:45:30.059 INFO [main] org.apache.catalina.startup.VersionLoggerListener.log Command line argument: -Dcatalina.base=M:\Git\My Repository\Completed\Travel_Current_Project\Tomcat-9.0
10-Dec-2023 14:45:30.059 INFO [main] org.apache.catalina.startup.VersionLoggerListener.log Command line argument: -Dcatalina.home=M:\Git\My Repository\Completed\Travel_Current_Project\Tomcat-9.0
10-Dec-2023 14:45:30.060 INFO [main] org.apache.catalina.startup.VersionLoggerListener.log Command line argument: -Djava.io.tmpdir=M:\Git\My Repository\Completed\Travel_Current_Project\Tomcat-9.0\temp
10-Dec-2023 14:45:30.065 INFO [main] org.apache.catalina.core.AprLifecycleListener.lifecycleEvent Loaded Apache Tomcat Native library [1.2.31] using APR version [1.7.0].
10-Dec-2023 14:45:30.066 INFO [main] org.apache.catalina.core.AprLifecycleListener.lifecycleEvent APR capabilities: IPv6 [true], sendfile [true], accept filters [false], random [true], UDS [true].
10-Dec-2023 14:45:30.066 INFO [main] org.apache.catalina.core.AprLifecycleListener.lifecycleEvent APR/OpenSSL configuration: useAprConnector [false], useOpenSSL [true]
10-Dec-2023 14:45:30.074 INFO [main] org.apache.catalina.core.AprLifecycleListener.initializeSSL OpenSSL successfully initialized [OpenSSL 1.1.1l  24 Aug 2021]
10-Dec-2023 14:45:30.539 INFO [main] org.apache.coyote.AbstractProtocol.init Initializing ProtocolHandler ["http-nio-1000"]
10-Dec-2023 14:45:30.571 INFO [main] org.apache.catalina.startup.Catalina.load Server initialization in [805] milliseconds
10-Dec-2023 14:45:30.613 INFO [main] org.apache.catalina.core.StandardService.startInternal Starting service [Catalina]
10-Dec-2023 14:45:30.614 INFO [main] org.apache.catalina.core.StandardEngine.startInternal Starting Servlet engine: [Apache Tomcat/9.0.53]
10-Dec-2023 14:45:30.628 INFO [main] org.apache.catalina.startup.HostConfig.deployDirectory Deploying web application directory [M:\Git\My Repository\Completed\Travel_Current_Project\Travel\ROOT]
10-Dec-2023 14:45:32.528 INFO [main] org.apache.jasper.servlet.TldScanner.scanJars At least one JAR was scanned for TLDs yet contained no TLDs. Enable debug logging for this logger for a complete list of JARs that were scanned but no TLDs were found in them. Skipping unneeded JARs during scanning can improve startup time and JSP compilation time.
10-Dec-2023 14:45:32.795 WARNING [main] org.apache.catalina.util.SessionIdGeneratorBase.createSecureRandom Creation of SecureRandom instance for session ID generation using [SHA1PRNG] took [230] milliseconds.
10-Dec-2023 14:45:32.818 INFO [main] org.apache.catalina.startup.HostConfig.deployDirectory Deployment of web application directory [M:\Git\My Repository\Completed\Travel_Current_Project\Travel\ROOT] has finished in [2,191] ms
10-Dec-2023 14:45:32.818 INFO [main] org.apache.catalina.startup.HostConfig.deployDirectory Deploying web application directory [M:\Git\My Repository\Completed\Travel_Current_Project\Travel\Travel]
10-Dec-2023 14:45:32.843 INFO [main] org.apache.catalina.startup.HostConfig.deployDirectory Deployment of web application directory [M:\Git\My Repository\Completed\Travel_Current_Project\Travel\Travel] has finished in [25] ms
10-Dec-2023 14:45:32.847 INFO [main] org.apache.coyote.AbstractProtocol.start Starting ProtocolHandler ["http-nio-1000"]
10-Dec-2023 14:45:32.865 INFO [main] org.apache.catalina.startup.Catalina.start Server startup in [2293] milliseconds
10-Dec-2023 14:46:03.240 INFO [main] org.apache.catalina.startup.VersionLoggerListener.log Server version name:   Apache Tomcat/9.0.53
10-Dec-2023 14:46:03.240 INFO [main] org.apache.catalina.startup.VersionLoggerListener.log Server built:          Sep 6 2021 19:09:00 UTC
10-Dec-2023 14:46:03.240 INFO [main] org.apache.catalina.startup.VersionLoggerListener.log Server version number: 9.0.53.0
10-Dec-2023 14:46:03.240 INFO [main] org.apache.catalina.startup.VersionLoggerListener.log OS Name:               Windows 10
10-Dec-2023 14:46:03.240 INFO [main] org.apache.catalina.startup.VersionLoggerListener.log OS Version:            10.0
10-Dec-2023 14:46:03.240 INFO [main] org.apache.catalina.startup.VersionLoggerListener.log Architecture:          amd64
10-Dec-2023 14:46:03.240 INFO [main] org.apache.catalina.startup.VersionLoggerListener.log Java Home:             C:\Program Files\Java\jdk1.8.0_241\jre
10-Dec-2023 14:46:03.240 INFO [main] org.apache.catalina.startup.VersionLoggerListener.log JVM Version:           1.8.0_241-b07
10-Dec-2023 14:46:03.240 INFO [main] org.apache.catalina.startup.VersionLoggerListener.log JVM Vendor:            Oracle Corporation
10-Dec-2023 14:46:03.256 INFO [main] org.apache.catalina.startup.VersionLoggerListener.log CATALINA_BASE:         M:\Git\My Repository\Completed\Travel_Current_Project\Tomcat-9.0
10-Dec-2023 14:46:03.256 INFO [main] org.apache.catalina.startup.VersionLoggerListener.log CATALINA_HOME:         M:\Git\My Repository\Completed\Travel_Current_Project\Tomcat-9.0
10-Dec-2023 14:46:03.256 INFO [main] org.apache.catalina.startup.VersionLoggerListener.log Command line argument: -Djava.util.logging.config.file=M:\Git\My Repository\Completed\Travel_Current_Project\Tomcat-9.0\conf\logging.properties
10-Dec-2023 14:46:03.256 INFO [main] org.apache.catalina.startup.VersionLoggerListener.log Command line argument: -Djava.util.logging.manager=org.apache.juli.ClassLoaderLogManager
10-Dec-2023 14:46:03.256 INFO [main] org.apache.catalina.startup.VersionLoggerListener.log Command line argument: -Djdk.tls.ephemeralDHKeySize=2048
10-Dec-2023 14:46:03.256 INFO [main] org.apache.catalina.startup.VersionLoggerListener.log Command line argument: -Djava.protocol.handler.pkgs=org.apache.catalina.webresources
10-Dec-2023 14:46:03.256 INFO [main] org.apache.catalina.startup.VersionLoggerListener.log Command line argument: -Dignore.endorsed.dirs=
10-Dec-2023 14:46:03.256 INFO [main] org.apache.catalina.startup.VersionLoggerListener.log Command line argument: -Dcatalina.base=M:\Git\My Repository\Completed\Travel_Current_Project\Tomcat-9.0
10-Dec-2023 14:46:03.256 INFO [main] org.apache.catalina.startup.VersionLoggerListener.log Command line argument: -Dcatalina.home=M:\Git\My Repository\Completed\Travel_Current_Project\Tomcat-9.0
10-Dec-2023 14:46:03.256 INFO [main] org.apache.catalina.startup.VersionLoggerListener.log Command line argument: -Djava.io.tmpdir=M:\Git\My Repository\Completed\Travel_Current_Project\Tomcat-9.0\temp
10-Dec-2023 14:46:03.272 INFO [main] org.apache.catalina.core.AprLifecycleListener.lifecycleEvent Loaded Apache Tomcat Native library [1.2.31] using APR version [1.7.0].
10-Dec-2023 14:46:03.272 INFO [main] org.apache.catalina.core.AprLifecycleListener.lifecycleEvent APR capabilities: IPv6 [true], sendfile [true], accept filters [false], random [true], UDS [true].
10-Dec-2023 14:46:03.272 INFO [main] org.apache.catalina.core.AprLifecycleListener.lifecycleEvent APR/OpenSSL configuration: useAprConnector [false], useOpenSSL [true]
10-Dec-2023 14:46:03.272 INFO [main] org.apache.catalina.core.AprLifecycleListener.initializeSSL OpenSSL successfully initialized [OpenSSL 1.1.1l  24 Aug 2021]
10-Dec-2023 14:46:03.749 INFO [main] org.apache.coyote.AbstractProtocol.init Initializing ProtocolHandler ["http-nio-1000"]
10-Dec-2023 14:46:03.777 INFO [main] org.apache.catalina.startup.Catalina.load Server initialization in [787] milliseconds
10-Dec-2023 14:46:03.835 INFO [main] org.apache.catalina.core.StandardService.startInternal Starting service [Catalina]
10-Dec-2023 14:46:03.835 INFO [main] org.apache.catalina.core.StandardEngine.startInternal Starting Servlet engine: [Apache Tomcat/9.0.53]
10-Dec-2023 14:46:03.850 INFO [main] org.apache.catalina.startup.HostConfig.deployDirectory Deploying web application directory [M:\Git\My Repository\Completed\Travel_Current_Project\Travel\ROOT]
10-Dec-2023 14:46:05.778 INFO [main] org.apache.jasper.servlet.TldScanner.scanJars At least one JAR was scanned for TLDs yet contained no TLDs. Enable debug logging for this logger for a complete list of JARs that were scanned but no TLDs were found in them. Skipping unneeded JARs during scanning can improve startup time and JSP compilation time.
10-Dec-2023 14:46:06.067 WARNING [main] org.apache.catalina.util.SessionIdGeneratorBase.createSecureRandom Creation of SecureRandom instance for session ID generation using [SHA1PRNG] took [243] milliseconds.
10-Dec-2023 14:46:06.087 INFO [main] org.apache.catalina.startup.HostConfig.deployDirectory Deployment of web application directory [M:\Git\My Repository\Completed\Travel_Current_Project\Travel\ROOT] has finished in [2,237] ms
10-Dec-2023 14:46:06.087 INFO [main] org.apache.catalina.startup.HostConfig.deployDirectory Deploying web application directory [M:\Git\My Repository\Completed\Travel_Current_Project\Travel\Travel]
10-Dec-2023 14:46:06.120 INFO [main] org.apache.catalina.startup.HostConfig.deployDirectory Deployment of web application directory [M:\Git\My Repository\Completed\Travel_Current_Project\Travel\Travel] has finished in [33] ms
10-Dec-2023 14:46:06.120 INFO [main] org.apache.coyote.AbstractProtocol.start Starting ProtocolHandler ["http-nio-1000"]
10-Dec-2023 14:46:06.153 INFO [main] org.apache.catalina.startup.Catalina.start Server startup in [2368] milliseconds
