 Errors exists in PrintStream [false]
Response Commited [false] Redirect to Login Page [No]
 Request Path : /scripts/ajaxCall.js
 PrintStream [java.io.PrintStream@324e5899]
Response Commited [false] Redirect to Login Page [No]
 Request Path : /scripts/common.js
 PrintStream [java.io.PrintStream@324e5899]
Response Commited [false] Redirect to Login Page [No]
 Request Path : /scripts/loader/loader.js
 PrintStream [java.io.PrintStream@324e5899]
Response Commited [false] Redirect to Login Page [No]
 Request Path : /Login
 PrintStream [java.io.PrintStream@324e5899]
 User Id : from auth filter arul
 User Id : from Session filter null
Inside Log Path from Genericuser[arul]
printStream java.io.PrintStream@324e5899
com.mysql.cj.jdbc.ClientPreparedStatement:  select prop_value from properties_path where prop_key ='LOG_PATH'
KEY => [LOG_PATH => /Git/My Repository/Completed/Travel_Current_Project/Logs]
Properties key[isLoggable] value[true]
Inside setProperties() Log Path [/Git/My Repository/Completed/Travel_Current_Project/Logs] folder [2023/10-October/23-Monday/]
Log Properties Updated for Key [log] true value [/Git/My Repository/Completed/Travel_Current_Project/Logs/2023/10-October/23-Monday/]
consoleFilePath [/Git/My Repository/Completed/Travel_Current_Project/Logs/2023/10-October/23-Monday/]
Properties key[isLoggable] value[true]
Properties key[isLoggable] value[true]
Log will be redirected to /Git/My Repository/Completed/Travel_Current_Project/Logs/2023/10-October/23-Monday/
Properties key[isLoggable] value[true]
Inside Login sERVLET
Properties key[isLoggable] value[true]
Properties key[isLoggable] value[true]
Properties key[isLoggable] value[true]
Properties key[isLoggable] value[true]
Properties key[isLoggable] value[true]
Properties key[isLoggable] value[true]
Properties key[isLoggable] value[true]
Properties key[isLoggable] value[true]
Properties key[isLoggable] value[true]
Properties key[isLoggable] value[true]
Properties key[isLoggable] value[true]
Properties key[isLoggable] value[true]
Properties key[isLoggable] value[true]
Properties key[isLoggable] value[true]
Response Commited [true] Redirect to Login Page [Yes]
 Request Path : /scripts/header.js
 PrintStream [java.io.PrintStream@324e5899]
Response Commited [false] Redirect to Login Page [No]
 Request Path : /Booking
 PrintStream [java.io.PrintStream@324e5899]
Properties key[isLoggable] value[true]
Properties key[isLoggable] value[true]
Properties key[isLoggable] value[true]
Properties key[isLoggable] value[true]
Response Commited [true] Redirect to Login Page [No]
 Request Path : /scripts/booking.js
 PrintStream [java.io.PrintStream@324e5899]
 Request Path : /scripts/search.js
 PrintStream [java.io.PrintStream@324e5899]
 Request Path : /scripts/Pagination.js
 PrintStream [java.io.PrintStream@324e5899]
Response Commited [true] Redirect to Login Page [No]
Response Commited [true] Redirect to Login Page [No]
Response Commited [true] Redirect to Login Page [No]
 Request Path : /styleSheet/bootstrap.min.css.map
 PrintStream [java.io.PrintStream@324e5899]
Response Commited [true] Redirect to Login Page [No]
 Request Path : /styleSheet/bootstrap.min.css.map
 PrintStream [java.io.PrintStream@324e5899]
Response Commited [true] Redirect to Login Page [No]
 Request Path : /Booking
 PrintStream [java.io.PrintStream@324e5899]
Properties key[isLoggable] value[true]
Properties key[isLoggable] value[true]
Properties key[isLoggable] value[true]
Properties key[isLoggable] value[true]
 Request Path : /styleSheet/bootstrap.css
 PrintStream [java.io.PrintStream@324e5899]
Response Commited [false] Redirect to Login Page [No]
 Request Path : /styleSheet/searchBox.css
 PrintStream [java.io.PrintStream@324e5899]
Response Commited [true] Redirect to Login Page [No]
Response Commited [true] Redirect to Login Page [No]
 Request Path : /styleSheet/index.css
 PrintStream [java.io.PrintStream@324e5899]
 Request Path : /styleSheet/header.css
 PrintStream [java.io.PrintStream@324e5899]
Response Commited [true] Redirect to Login Page [No]
 Request Path : /styleSheet/Pagination.css
 PrintStream [java.io.PrintStream@324e5899]
 Request Path : /styleSheet/ajax-loader.css
 PrintStream [java.io.PrintStream@324e5899]
Response Commited [true] Redirect to Login Page [No]
 Request Path : /styleSheet/loader/loader.css
 PrintStream [java.io.PrintStream@324e5899]
Response Commited [true] Redirect to Login Page [No]
Response Commited [true] Redirect to Login Page [No]
Response Commited [true] Redirect to Login Page [No]
 Request Path : /scripts/ajax/libs/jquery/3.6.0/jquery.min.js
 PrintStream [java.io.PrintStream@324e5899]
Response Commited [false] Redirect to Login Page [No]
 Request Path : /scripts/ajax/libs/jquery/3.5.1/jquery.min.js
 PrintStream [java.io.PrintStream@324e5899]
Response Commited [false] Redirect to Login Page [No]
 Request Path : /scripts/ajax/libs/jqueryUi/1.10.2/jquery-ui.min.js
 PrintStream [java.io.PrintStream@324e5899]
 Request Path : /scripts/ajax/libs/jquery/1.9.1/jquery.min.js
Response Commited [false] Redirect to Login Page [No]
 PrintStream [java.io.PrintStream@324e5899]
Response Commited [false] Redirect to Login Page [No]
 Request Path : /scripts/Validator.js
 PrintStream [java.io.PrintStream@324e5899]
Response Commited [true] Redirect to Login Page [No]
 Request Path : /scripts/ajaxCall.js
 PrintStream [java.io.PrintStream@324e5899]
Response Commited [true] Redirect to Login Page [No]
 Request Path : /scripts/loader/loader.js
 PrintStream [java.io.PrintStream@324e5899]
Response Commited [true] Redirect to Login Page [No]
 Request Path : /scripts/common.js
 PrintStream [java.io.PrintStream@324e5899]
Response Commited [true] Redirect to Login Page [No]
 Request Path : /scripts/header.js
 PrintStream [java.io.PrintStream@324e5899]
 Request Path : /scripts/booking.js
 PrintStream [java.io.PrintStream@324e5899]
Response Commited [true] Redirect to Login Page [No]
Response Commited [true] Redirect to Login Page [No]
 Request Path : /scripts/search.js
 PrintStream [java.io.PrintStream@324e5899]
Response Commited [true] Redirect to Login Page [No]
 Request Path : /scripts/Pagination.js
 PrintStream [java.io.PrintStream@324e5899]
Response Commited [true] Redirect to Login Page [No]
 Request Path : /styleSheet/bootstrap.min.css.map
 PrintStream [java.io.PrintStream@324e5899]
Response Commited [true] Redirect to Login Page [No]
 Request Path : /Booking
 PrintStream [java.io.PrintStream@324e5899]
Properties key[isLoggable] value[true]
Properties key[isLoggable] value[true]
Properties key[isLoggable] value[true]
Properties key[isLoggable] value[true]
Response Commited [true] Redirect to Login Page [No]
 Request Path : /styleSheet/bootstrap.css
 PrintStream [java.io.PrintStream@324e5899]
Response Commited [false] Redirect to Login Page [No]
 Request Path : /styleSheet/Pagination.css
 PrintStream [java.io.PrintStream@324e5899]
Response Commited [true] Redirect to Login Page [No]
 Request Path : /styleSheet/header.css
 PrintStream [java.io.PrintStream@324e5899]
Response Commited [true] Redirect to Login Page [No]
 Request Path : /styleSheet/index.css
 PrintStream [java.io.PrintStream@324e5899]
Response Commited [true] Redirect to Login Page [No]
 Request Path : /styleSheet/searchBox.css
 PrintStream [java.io.PrintStream@324e5899]
Response Commited [true] Redirect to Login Page [No]
 Request Path : /styleSheet/ajax-loader.css
 PrintStream [java.io.PrintStream@324e5899]
 Request Path : /styleSheet/loader/loader.css
 PrintStream [java.io.PrintStream@324e5899]
Response Commited [true] Redirect to Login Page [No]
Response Commited [true] Redirect to Login Page [No]
 Request Path : /scripts/ajax/libs/jquery/3.5.1/jquery.min.js
 PrintStream [java.io.PrintStream@324e5899]
Response Commited [false] Redirect to Login Page [No]
 Request Path : /scripts/ajax/libs/jquery/1.9.1/jquery.min.js
 PrintStream [java.io.PrintStream@324e5899]
Response Commited [false] Redirect to Login Page [No]
 Request Path : /scripts/ajax/libs/jquery/3.6.0/jquery.min.js
 PrintStream [java.io.PrintStream@324e5899]
Response Commited [false] Redirect to Login Page [No]
 Request Path : /scripts/ajax/libs/jqueryUi/1.10.2/jquery-ui.min.js
 PrintStream [java.io.PrintStream@324e5899]
Response Commited [false] Redirect to Login Page [No]
 Request Path : /scripts/Validator.js
 PrintStream [java.io.PrintStream@324e5899]
 Request Path : /scripts/loader/loader.js
 PrintStream [java.io.PrintStream@324e5899]
Response Commited [true] Redirect to Login Page [No]
Response Commited [true] Redirect to Login Page [No]
 Request Path : /scripts/ajaxCall.js
 PrintStream [java.io.PrintStream@324e5899]
Response Commited [true] Redirect to Login Page [No]
 Request Path : /scripts/common.js
 PrintStream [java.io.PrintStream@324e5899]
Response Commited [true] Redirect to Login Page [No]
 Request Path : /scripts/booking.js
 PrintStream [java.io.PrintStream@324e5899]
 Request Path : /scripts/header.js
 PrintStream [java.io.PrintStream@324e5899]
Response Commited [true] Redirect to Login Page [No]
Response Commited [true] Redirect to Login Page [No]
 Request Path : /styleSheet/bootstrap.min.css.map
 PrintStream [java.io.PrintStream@324e5899]
Response Commited [true] Redirect to Login Page [No]
 Request Path : /scripts/Pagination.js
 PrintStream [java.io.PrintStream@324e5899]
Response Commited [true] Redirect to Login Page [No]
 Request Path : /scripts/search.js
 PrintStream [java.io.PrintStream@324e5899]
Response Commited [true] Redirect to Login Page [No]
 Request Path : /Booking
 PrintStream [java.io.PrintStream@324e5899]
Properties key[isLoggable] value[true]
Properties key[isLoggable] value[true]
Properties key[isLoggable] value[true]
Properties key[isLoggable] value[true]
Response Commited [true] Redirect to Login Page [No]
 Request Path : /styleSheet/bootstrap.css
 PrintStream [java.io.PrintStream@324e5899]
Response Commited [false] Redirect to Login Page [No]
 Request Path : /styleSheet/header.css
 PrintStream [java.io.PrintStream@324e5899]
 Request Path : /styleSheet/searchBox.css
 PrintStream [java.io.PrintStream@324e5899]
Response Commited [true] Redirect to Login Page [No]
Response Commited [true] Redirect to Login Page [No]
 Request Path : /styleSheet/ajax-loader.css
 PrintStream [java.io.PrintStream@324e5899]
 Request Path : /styleSheet/index.css
 PrintStream [java.io.PrintStream@324e5899]
Response Commited [true] Redirect to Login Page [No]
 Request Path : /styleSheet/Pagination.css
 PrintStream [java.io.PrintStream@324e5899]
Response Commited [true] Redirect to Login Page [No]
Response Commited [true] Redirect to Login Page [No]
 Request Path : /styleSheet/loader/loader.css
 PrintStream [java.io.PrintStream@324e5899]
 Request Path : /scripts/ajax/libs/jquery/3.5.1/jquery.min.js
 PrintStream [java.io.PrintStream@324e5899]
Response Commited [true] Redirect to Login Page [No]
Response Commited [false] Redirect to Login Page [No]
 Request Path : /scripts/ajax/libs/jqueryUi/1.10.2/jquery-ui.min.js
 PrintStream [java.io.PrintStream@324e5899]
Response Commited [false] Redirect to Login Page [No]
 Request Path : /scripts/ajaxCall.js
 PrintStream [java.io.PrintStream@324e5899]
Response Commited [true] Redirect to Login Page [No]
 Request Path : /scripts/ajax/libs/jquery/3.6.0/jquery.min.js
 PrintStream [java.io.PrintStream@324e5899]
Response Commited [false] Redirect to Login Page [No]
 Request Path : /scripts/Validator.js
 PrintStream [java.io.PrintStream@324e5899]
 Request Path : /scripts/ajax/libs/jquery/1.9.1/jquery.min.js
 PrintStream [java.io.PrintStream@324e5899]
Response Commited [true] Redirect to Login Page [No]
Response Commited [false] Redirect to Login Page [No]
 Request Path : /scripts/loader/loader.js
 PrintStream [java.io.PrintStream@324e5899]
Response Commited [true] Redirect to Login Page [No]
 Request Path : /scripts/common.js
 PrintStream [java.io.PrintStream@324e5899]
Response Commited [true] Redirect to Login Page [No]
 Request Path : /scripts/header.js
 PrintStream [java.io.PrintStream@324e5899]
Response Commited [true] Redirect to Login Page [No]
 Request Path : /scripts/booking.js
 PrintStream [java.io.PrintStream@324e5899]
Response Commited [true] Redirect to Login Page [No]
 Request Path : /styleSheet/bootstrap.min.css.map
 PrintStream [java.io.PrintStream@324e5899]
Response Commited [true] Redirect to Login Page [No]
 Request Path : /scripts/search.js
 PrintStream [java.io.PrintStream@324e5899]
Response Commited [true] Redirect to Login Page [No]
 Request Path : /scripts/Pagination.js
 PrintStream [java.io.PrintStream@324e5899]
Response Commited [true] Redirect to Login Page [No]
 Request Path : /Booking
 PrintStream [java.io.PrintStream@324e5899]
Properties key[isLoggable] value[true]
Properties key[isLoggable] value[true]
Properties key[isLoggable] value[true]
Properties key[isLoggable] value[true]
Response Commited [true] Redirect to Login Page [No]
 Request Path : /styleSheet/index.css
 PrintStream [java.io.PrintStream@324e5899]
Response Commited [true] Redirect to Login Page [No]
 Request Path : /styleSheet/bootstrap.css
 PrintStream [java.io.PrintStream@324e5899]
 Request Path : /styleSheet/searchBox.css
 PrintStream [java.io.PrintStream@324e5899]
Response Commited [true] Redirect to Login Page [No]
Response Commited [false] Redirect to Login Page [No]
 Request Path : /styleSheet/header.css
 PrintStream [java.io.PrintStream@324e5899]
Response Commited [true] Redirect to Login Page [No]
 Request Path : /styleSheet/Pagination.css
 PrintStream [java.io.PrintStream@324e5899]
Response Commited [true] Redirect to Login Page [No]
 Request Path : /styleSheet/ajax-loader.css
 PrintStream [java.io.PrintStream@324e5899]
Response Commited [true] Redirect to Login Page [No]
 Request Path : /scripts/ajax/libs/jquery/3.5.1/jquery.min.js
 PrintStream [java.io.PrintStream@324e5899]
 Request Path : /styleSheet/loader/loader.css
 PrintStream [java.io.PrintStream@324e5899]
Response Commited [true] Redirect to Login Page [No]
Response Commited [false] Redirect to Login Page [No]
 Request Path : /scripts/ajax/libs/jqueryUi/1.10.2/jquery-ui.min.js
 PrintStream [java.io.PrintStream@324e5899]
Response Commited [false] Redirect to Login Page [No]
 Request Path : /scripts/Validator.js
 PrintStream [java.io.PrintStream@324e5899]
Response Commited [true] Redirect to Login Page [No]
 Request Path : /scripts/ajax/libs/jquery/3.6.0/jquery.min.js
 PrintStream [java.io.PrintStream@324e5899]
 Request Path : /scripts/ajax/libs/jquery/1.9.1/jquery.min.js
 PrintStream [java.io.PrintStream@324e5899]
Response Commited [false] Redirect to Login Page [No]
Response Commited [false] Redirect to Login Page [No]
 Request Path : /scripts/loader/loader.js
 PrintStream [java.io.PrintStream@324e5899]
Response Commited [true] Redirect to Login Page [No]
 Request Path : /scripts/ajaxCall.js
 PrintStream [java.io.PrintStream@324e5899]
Response Commited [true] Redirect to Login Page [No]
 Request Path : /scripts/common.js
 PrintStream [java.io.PrintStream@324e5899]
Response Commited [true] Redirect to Login Page [No]
 Request Path : /styleSheet/bootstrap.min.css.map
 PrintStream [java.io.PrintStream@324e5899]
Response Commited [true] Redirect to Login Page [No]
 Request Path : /Images/Carousel/flight.jpg
 PrintStream [java.io.PrintStream@324e5899]
Response Commited [false] Redirect to Login Page [No]
 Request Path : /Images/profileImages/arul/arul.jpg
 PrintStream [java.io.PrintStream@324e5899]
Response Commited [false] Redirect to Login Page [No]
 Request Path : /Images/Carousel/1.jpg
 PrintStream [java.io.PrintStream@324e5899]
Response Commited [false] Redirect to Login Page [No]
 Request Path : /Images/Carousel/2.webp
 PrintStream [java.io.PrintStream@324e5899]
Response Commited [true] Redirect to Login Page [No]
 Request Path : /Images/Carousel/3.jpg
 PrintStream [java.io.PrintStream@324e5899]
Response Commited [false] Redirect to Login Page [No]
 Request Path : /scripts/header.js
 PrintStream [java.io.PrintStream@324e5899]
Response Commited [true] Redirect to Login Page [No]
 Request Path : /scripts/booking.js
 PrintStream [java.io.PrintStream@324e5899]
Response Commited [true] Redirect to Login Page [No]
 Request Path : /scripts/Pagination.js
 PrintStream [java.io.PrintStream@324e5899]
Response Commited [true] Redirect to Login Page [No]
 Request Path : /scripts/search.js
 PrintStream [java.io.PrintStream@324e5899]
Response Commited [true] Redirect to Login Page [No]
 Request Path : /Images/Carousel/6.jpeg
 Request Path : /Images/Carousel/4.jpg
 PrintStream [java.io.PrintStream@324e5899]
 PrintStream [java.io.PrintStream@324e5899]
 Request Path : /Images/Carousel/5.jpg
 PrintStream [java.io.PrintStream@324e5899]
Response Commited [false] Redirect to Login Page [No]
Response Commited [false] Redirect to Login Page [No]
Response Commited [true] Redirect to Login Page [No]
 Request Path : /Images/favIcon/fav.png
 PrintStream [java.io.PrintStream@324e5899]
Response Commited [true] Redirect to Login Page [No]
 Request Path : /styleSheet/bootstrap.min.css.map
 PrintStream [java.io.PrintStream@324e5899]
Response Commited [true] Redirect to Login Page [No]
 Request Path : /Booking
 PrintStream [java.io.PrintStream@324e5899]
Properties key[isLoggable] value[true]
Properties key[isLoggable] value[true]
Properties key[isLoggable] value[true]
Properties key[isLoggable] value[true]
Response Commited [true] Redirect to Login Page [No]
 Request Path : /styleSheet/index.css
 PrintStream [java.io.PrintStream@324e5899]
Response Commited [true] Redirect to Login Page [No]
 Request Path : /styleSheet/bootstrap.css
 PrintStream [java.io.PrintStream@324e5899]
 Request Path : /styleSheet/searchBox.css
 PrintStream [java.io.PrintStream@324e5899]
Response Commited [false] Redirect to Login Page [No]
 Request Path : /styleSheet/ajax-loader.css
 PrintStream [java.io.PrintStream@324e5899]
Response Commited [true] Redirect to Login Page [No]
Response Commited [true] Redirect to Login Page [No]
 Request Path : /styleSheet/header.css
 PrintStream [java.io.PrintStream@324e5899]
 Request Path : /styleSheet/Pagination.css
 PrintStream [java.io.PrintStream@324e5899]
Response Commited [true] Redirect to Login Page [No]
Response Commited [true] Redirect to Login Page [No]
 Request Path : /scripts/ajax/libs/jquery/3.6.0/jquery.min.js
 Request Path : /scripts/ajax/libs/jquery/3.5.1/jquery.min.js
 PrintStream [java.io.PrintStream@324e5899]
 PrintStream [java.io.PrintStream@324e5899]
Response Commited [false] Redirect to Login Page [No]
Response Commited [false] Redirect to Login Page [No]
 Request Path : /styleSheet/loader/loader.css
 PrintStream [java.io.PrintStream@324e5899]
Response Commited [true] Redirect to Login Page [No]
 Request Path : /scripts/ajax/libs/jqueryUi/1.10.2/jquery-ui.min.js
 PrintStream [java.io.PrintStream@324e5899]
Response Commited [false] Redirect to Login Page [No]
 Request Path : /scripts/ajax/libs/jquery/1.9.1/jquery.min.js
 PrintStream [java.io.PrintStream@324e5899]
Response Commited [false] Redirect to Login Page [No]
 Request Path : /scripts/common.js
 PrintStream [java.io.PrintStream@324e5899]
 Request Path : /scripts/ajaxCall.js
 PrintStream [java.io.PrintStream@324e5899]
Response Commited [true] Redirect to Login Page [No]
 Request Path : /scripts/Validator.js
 PrintStream [java.io.PrintStream@324e5899]
Response Commited [true] Redirect to Login Page [No]
Response Commited [true] Redirect to Login Page [No]
 Request Path : /scripts/loader/loader.js
 PrintStream [java.io.PrintStream@324e5899]
Response Commited [true] Redirect to Login Page [No]
 Request Path : /Images/profileImages/arul/arul.jpg
 PrintStream [java.io.PrintStream@324e5899]
Response Commited [false] Redirect to Login Page [No]
 Request Path : /Images/Carousel/flight.jpg
 PrintStream [java.io.PrintStream@324e5899]
 Request Path : /styleSheet/bootstrap.min.css.map
 PrintStream [java.io.PrintStream@324e5899]
Response Commited [false] Redirect to Login Page [No]
Response Commited [true] Redirect to Login Page [No]
 Request Path : /Images/Carousel/2.webp
 Request Path : /Images/Carousel/1.jpg
 PrintStream [java.io.PrintStream@324e5899]
 PrintStream [java.io.PrintStream@324e5899]
Response Commited [false] Redirect to Login Page [No]
Response Commited [true] Redirect to Login Page [No]
 Request Path : /scripts/header.js
 PrintStream [java.io.PrintStream@324e5899]
 Request Path : /Images/Carousel/3.jpg
 PrintStream [java.io.PrintStream@324e5899]
Response Commited [true] Redirect to Login Page [No]
Response Commited [false] Redirect to Login Page [No]
 Request Path : /scripts/booking.js
 PrintStream [java.io.PrintStream@324e5899]
Response Commited [true] Redirect to Login Page [No]
 Request Path : /scripts/Pagination.js
 PrintStream [java.io.PrintStream@324e5899]
Response Commited [true] Redirect to Login Page [No]
 Request Path : /scripts/search.js
 Request Path : /Images/Carousel/4.jpg
 PrintStream [java.io.PrintStream@324e5899]
 PrintStream [java.io.PrintStream@324e5899]
Response Commited [true] Redirect to Login Page [No]
Response Commited [false] Redirect to Login Page [No]
 Request Path : /Images/Carousel/5.jpg
 PrintStream [java.io.PrintStream@324e5899]
Response Commited [false] Redirect to Login Page [No]
 Request Path : /Images/Carousel/6.jpeg
 PrintStream [java.io.PrintStream@324e5899]
Response Commited [true] Redirect to Login Page [No]
 Request Path : /Images/favIcon/fav.png
 PrintStream [java.io.PrintStream@324e5899]
Response Commited [true] Redirect to Login Page [No]
 Request Path : /styleSheet/bootstrap.min.css.map
 PrintStream [java.io.PrintStream@324e5899]
Response Commited [true] Redirect to Login Page [No]
 Request Path : /styleSheet/bootstrap.min.css.map
 PrintStream [java.io.PrintStream@324e5899]
Response Commited [true] Redirect to Login Page [No]
 Request Path : /Booking
 PrintStream [java.io.PrintStream@324e5899]
Properties key[isLoggable] value[true]
Properties key[isLoggable] value[true]
Properties key[isLoggable] value[true]
Properties key[isLoggable] value[true]
Response Commited [true] Redirect to Login Page [No]
 Request Path : /styleSheet/bootstrap.css
 PrintStream [java.io.PrintStream@324e5899]
Response Commited [false] Redirect to Login Page [No]
 Request Path : /styleSheet/index.css
 PrintStream [java.io.PrintStream@324e5899]
Response Commited [true] Redirect to Login Page [No]
 Request Path : /styleSheet/Pagination.css
 PrintStream [java.io.PrintStream@324e5899]
Response Commited [true] Redirect to Login Page [No]
 Request Path : /styleSheet/header.css
 PrintStream [java.io.PrintStream@324e5899]
Response Commited [true] Redirect to Login Page [No]
 Request Path : /styleSheet/searchBox.css
 PrintStream [java.io.PrintStream@324e5899]
 Request Path : /styleSheet/ajax-loader.css
 PrintStream [java.io.PrintStream@324e5899]
Response Commited [true] Redirect to Login Page [No]
Response Commited [true] Redirect to Login Page [No]
 Request Path : /scripts/ajax/libs/jquery/3.6.0/jquery.min.js
 PrintStream [java.io.PrintStream@324e5899]
 Request Path : /scripts/ajax/libs/jquery/3.5.1/jquery.min.js
 PrintStream [java.io.PrintStream@324e5899]
Response Commited [false] Redirect to Login Page [No]
Response Commited [false] Redirect to Login Page [No]
 Request Path : /scripts/ajax/libs/jqueryUi/1.10.2/jquery-ui.min.js
 PrintStream [java.io.PrintStream@324e5899]
 Request Path : /scripts/ajax/libs/jquery/1.9.1/jquery.min.js
 PrintStream [java.io.PrintStream@324e5899]
Response Commited [false] Redirect to Login Page [No]
Response Commited [false] Redirect to Login Page [No]
 Request Path : /scripts/Validator.js
 PrintStream [java.io.PrintStream@324e5899]
Response Commited [true] Redirect to Login Page [No]
 Request Path : /styleSheet/loader/loader.css
 PrintStream [java.io.PrintStream@324e5899]
Response Commited [true] Redirect to Login Page [No]
 Request Path : /scripts/ajaxCall.js
 PrintStream [java.io.PrintStream@324e5899]
Response Commited [true] Redirect to Login Page [No]
 Request Path : /scripts/loader/loader.js
 PrintStream [java.io.PrintStream@324e5899]
 Request Path : /scripts/common.js
 PrintStream [java.io.PrintStream@324e5899]
Response Commited [true] Redirect to Login Page [No]
Response Commited [true] Redirect to Login Page [No]
 Request Path : /Images/profileImages/arul/arul.jpg
 PrintStream [java.io.PrintStream@324e5899]
 Request Path : /Images/Carousel/flight.jpg
 PrintStream [java.io.PrintStream@324e5899]
Response Commited [false] Redirect to Login Page [No]
Response Commited [false] Redirect to Login Page [No]
 Request Path : /Images/Carousel/2.webp
 PrintStream [java.io.PrintStream@324e5899]
Response Commited [true] Redirect to Login Page [No]
 Request Path : /Images/Carousel/1.jpg
 PrintStream [java.io.PrintStream@324e5899]
Response Commited [false] Redirect to Login Page [No]
 Request Path : /Images/Carousel/3.jpg
 PrintStream [java.io.PrintStream@324e5899]
 Request Path : /styleSheet/bootstrap.min.css.map
 PrintStream [java.io.PrintStream@324e5899]
Response Commited [false] Redirect to Login Page [No]
Response Commited [true] Redirect to Login Page [No]
 Request Path : /scripts/header.js
 PrintStream [java.io.PrintStream@324e5899]
Response Commited [true] Redirect to Login Page [No]
 Request Path : /scripts/booking.js
 PrintStream [java.io.PrintStream@324e5899]
Response Commited [true] Redirect to Login Page [No]
 Request Path : /scripts/Pagination.js
 PrintStream [java.io.PrintStream@324e5899]
Response Commited [true] Redirect to Login Page [No]
 Request Path : /scripts/search.js
 PrintStream [java.io.PrintStream@324e5899]
Response Commited [true] Redirect to Login Page [No]
 Request Path : /Images/Carousel/4.jpg
 PrintStream [java.io.PrintStream@324e5899]
Response Commited [false] Redirect to Login Page [No]
 Request Path : /Images/Carousel/5.jpg
 Request Path : /Images/Carousel/6.jpeg
 PrintStream [java.io.PrintStream@324e5899]
 PrintStream [java.io.PrintStream@324e5899]
Response Commited [false] Redirect to Login Page [No]
Response Commited [true] Redirect to Login Page [No]
 Request Path : /Images/favIcon/fav.png
 PrintStream [java.io.PrintStream@324e5899]
Response Commited [true] Redirect to Login Page [No]
 Request Path : /Ajax
 PrintStream [java.io.PrintStream@324e5899]
Properties key[isLoggable] value[true]
Properties key[isLoggable] value[true]
Properties key[isLoggable] value[true]
Properties key[isLoggable] value[true]
Properties key[isLoggable] value[true]
Properties key[isLoggable] value[true]
Properties key[isLoggable] value[true]
Response Commited [true] Redirect to Login Page [No]
 Request Path : /Ajax
 PrintStream [java.io.PrintStream@324e5899]
Properties key[isLoggable] value[true]
Properties key[isLoggable] value[true]
Properties key[isLoggable] value[true]
Properties key[isLoggable] value[true]
Properties key[isLoggable] value[true]
Properties key[isLoggable] value[true]
Properties key[isLoggable] value[true]
Response Commited [true] Redirect to Login Page [No]
 Request Path : /Login
 PrintStream [java.io.PrintStream@324e5899]
 User Id : from auth filter null
 User Id : from Session filter null
 Redirect from propUser in Empty :)
Response Commited [false] Redirect to Login Page [Yes]
 Request Path : /scripts/index.js
 PrintStream [java.io.PrintStream@324e5899]
Response Commited [true] Redirect to Login Page [No]
 Request Path : /Login
 PrintStream [java.io.PrintStream@324e5899]
 User Id : from auth filter arul
 User Id : from Session filter null
Inside Login sERVLET
Properties key[isLoggable] value[true]
Properties key[isLoggable] value[true]
Properties key[isLoggable] value[true]
Properties key[isLoggable] value[true]
Properties key[isLoggable] value[true]
Properties key[isLoggable] value[true]
Properties key[isLoggable] value[true]
Properties key[isLoggable] value[true]
Properties key[isLoggable] value[true]
Properties key[isLoggable] value[true]
Properties key[isLoggable] value[true]
Properties key[isLoggable] value[true]
Properties key[isLoggable] value[true]
Properties key[isLoggable] value[true]
Response Commited [true] Redirect to Login Page [No]
 Request Path : /scripts/home.js
 PrintStream [java.io.PrintStream@324e5899]
Response Commited [true] Redirect to Login Page [No]
 Request Path : /Login
 PrintStream [java.io.PrintStream@324e5899]
 User Id : from auth filter arul
 User Id : from Session filter null
Inside Login sERVLET
Properties key[isLoggable] value[true]
Properties key[isLoggable] value[true]
Properties key[isLoggable] value[true]
Properties key[isLoggable] value[true]
Properties key[isLoggable] value[true]
Properties key[isLoggable] value[true]
Properties key[isLoggable] value[true]
Properties key[isLoggable] value[true]
Properties key[isLoggable] value[true]
Properties key[isLoggable] value[true]
Properties key[isLoggable] value[true]
Properties key[isLoggable] value[true]
Properties key[isLoggable] value[true]
Properties key[isLoggable] value[true]
Response Commited [true] Redirect to Login Page [No]
 Request Path : /index.jsp
 PrintStream [java.io.PrintStream@324e5899]
Response Commited [false] Redirect to Login Page [No]
 Request Path : /styleSheet/bootstrap.min.css.map
 PrintStream [java.io.PrintStream@324e5899]
Response Commited [true] Redirect to Login Page [No]
 Request Path : /Login
 PrintStream [java.io.PrintStream@324e5899]
 User Id : from auth filter arul
 User Id : from Session filter null
Inside Login sERVLET
Properties key[isLoggable] value[true]
Properties key[isLoggable] value[true]
Properties key[isLoggable] value[true]
Properties key[isLoggable] value[true]
Properties key[isLoggable] value[true]
Properties key[isLoggable] value[true]
Properties key[isLoggable] value[true]
Properties key[isLoggable] value[true]
Properties key[isLoggable] value[true]
Properties key[isLoggable] value[true]
Properties key[isLoggable] value[true]
Properties key[isLoggable] value[true]
Properties key[isLoggable] value[true]
Properties key[isLoggable] value[true]
Response Commited [true] Redirect to Login Page [No]
 Errors exists in PrintStream [false]
Response Commited [false] Redirect to Login Page [No]
 Request Path : /Login
 PrintStream [java.io.PrintStream@eea03b5]
 User Id : from auth filter arul
 User Id : from Session filter null
Properties key[log] value[/Git/My Repository/Completed/Travel_Current_Project/Logs/2023/10-October/23-Monday/]
Inside Login sERVLET
Properties key[isLoggable] value[true]
Properties key[isLoggable] value[true]
Properties key[isLoggable] value[true]
Properties key[isLoggable] value[true]
Properties key[isLoggable] value[true]
Properties key[isLoggable] value[true]
Properties key[isLoggable] value[true]
Properties key[isLoggable] value[true]
Properties key[isLoggable] value[true]
Properties key[isLoggable] value[true]
Properties key[isLoggable] value[true]
Properties key[isLoggable] value[true]
Properties key[isLoggable] value[true]
Properties key[isLoggable] value[true]
Response Commited [true] Redirect to Login Page [No]
 Request Path : /Booking
 PrintStream [java.io.PrintStream@eea03b5]
Properties key[log] value[/Git/My Repository/Completed/Travel_Current_Project/Logs/2023/10-October/23-Monday/]
Properties key[isLoggable] value[true]
Properties key[isLoggable] value[true]
Properties key[isLoggable] value[true]
Properties key[isLoggable] value[true]
Response Commited [true] Redirect to Login Page [No]
 Request Path : /scripts/Pagination.js
 PrintStream [java.io.PrintStream@eea03b5]
Properties key[log] value[/Git/My Repository/Completed/Travel_Current_Project/Logs/2023/10-October/23-Monday/]
Response Commited [false] Redirect to Login Page [No]
 Request Path : /Booking
 PrintStream [java.io.PrintStream@eea03b5]
Properties key[log] value[/Git/My Repository/Completed/Travel_Current_Project/Logs/2023/10-October/23-Monday/]
Properties key[isLoggable] value[true]
Properties key[isLoggable] value[true]
Properties key[isLoggable] value[true]
Properties key[isLoggable] value[true]
Response Commited [true] Redirect to Login Page [No]
 Request Path : /Booking
 PrintStream [java.io.PrintStream@eea03b5]
Properties key[log] value[/Git/My Repository/Completed/Travel_Current_Project/Logs/2023/10-October/23-Monday/]
Properties key[isLoggable] value[true]
Properties key[isLoggable] value[true]
Properties key[isLoggable] value[true]
Properties key[isLoggable] value[true]
Properties key[isLoggable] value[true]
Properties key[isLoggable] value[true]
Properties key[isLoggable] value[true]
Properties key[isLoggable] value[true]
Properties key[isLoggable] value[true]
Properties key[isLoggable] value[true]
Properties key[isLoggable] value[true]
Response Commited [true] Redirect to Login Page [No]
 Request Path : /Booking
 PrintStream [java.io.PrintStream@eea03b5]
Properties key[log] value[/Git/My Repository/Completed/Travel_Current_Project/Logs/2023/10-October/23-Monday/]
Properties key[isLoggable] value[true]
Properties key[isLoggable] value[true]
Properties key[isLoggable] value[true]
Properties key[isLoggable] value[true]
Properties key[isLoggable] value[true]
Properties key[isLoggable] value[true]
Properties key[isLoggable] value[true]
Properties key[isLoggable] value[true]
Properties key[isLoggable] value[true]
Properties key[isLoggable] value[true]
Properties key[isLoggable] value[true]
Response Commited [true] Redirect to Login Page [No]
 Request Path : /Booking
 PrintStream [java.io.PrintStream@eea03b5]
Properties key[log] value[/Git/My Repository/Completed/Travel_Current_Project/Logs/2023/10-October/23-Monday/]
Properties key[isLoggable] value[true]
Properties key[isLoggable] value[true]
Properties key[isLoggable] value[true]
Properties key[isLoggable] value[true]
Properties key[isLoggable] value[true]
Properties key[isLoggable] value[true]
Properties key[isLoggable] value[true]
Properties key[isLoggable] value[true]
Properties key[isLoggable] value[true]
Properties key[isLoggable] value[true]
Properties key[isLoggable] value[true]
Properties key[isLoggable] value[true]
Properties key[isLoggable] value[true]
Properties key[isLoggable] value[true]
Properties key[isLoggable] value[true]
Properties key[isLoggable] value[true]
Properties key[isLoggable] value[true]
Properties key[isLoggable] value[true]
Properties key[isLoggable] value[true]
Properties key[isLoggable] value[true]
Response Commited [true] Redirect to Login Page [No]
