[17-08-2023 10:17:23:023 pm IST] DEBUG [Line:59] - [Generic             ] [jiyara              ] Get PrintStream [java.io.PrintStream@8c958ff] 
[17-08-2023 10:17:23:023 pm IST] DEBUG [Line:59] - [AuthFilter          ] [jiyara              ] Session Created 82651056827A9FD13D5F60E1EDD56472 
[17-08-2023 10:17:23:023 pm IST] DEBUG [Line:59] - [AuthFilter          ] [jiyara              ] Inside do fIletr 
[17-08-2023 10:17:23:023 pm IST] DEBUG [Line:59] - [LoginServlet        ] [jiyara              ]  mode                      =>  login  
[17-08-2023 10:17:23:023 pm IST] DEBUG [Line:59] - [LoginServlet        ] [jiyara              ]  encodePassword            =>  2703d74ffd1f0f06a2a58e614f0baeb81681eb0af21fd416dca47a68427c0b67  
[17-08-2023 10:17:23:023 pm IST] DEBUG [Line:59] - [LoginServlet        ] [jiyara              ]  txtUser                   =>  arul  
[17-08-2023 10:17:23:023 pm IST] DEBUG [Line:59] - [LoginServlet        ] [jiyara              ]  txtPassword               =>  arul  
[17-08-2023 10:17:23:023 pm IST] DEBUG [Line:59] - [LoginServlet        ] [jiyara              ]  username                  =>    
[17-08-2023 10:17:23:023 pm IST] DEBUG [Line:59] - [LoginServlet        ] [jiyara              ]  pass1                     =>    
[17-08-2023 10:17:23:023 pm IST] DEBUG [Line:59] - [LoginServlet        ] [jiyara              ]  pass2                     =>    
[17-08-2023 10:17:23:023 pm IST] DEBUG [Line:59] - [LoginServlet        ] [jiyara              ]  user_id                   =>    
[17-08-2023 10:17:23:023 pm IST] DEBUG [Line:59] - [Logindao            ] [jiyara              ] com.mysql.cj.jdbc.ClientPreparedStatement: SELECT li.*,concat(ui.image_path,'/',ui.image_name) image_path FROM login_info li LEFT OUTER JOIN user_image ui ON li.user_id = ui.user_id WHERE li.USER_ID='arul' 
[17-08-2023 10:17:23:023 pm IST] DEBUG [Line:59] - [LoginServlet        ] [jiyara              ]  Last Login 2023-08-17T22:16:33 
[17-08-2023 10:17:23:023 pm IST] DEBUG [Line:59] - [LoginServlet        ] [jiyara              ] DB UserId : arul Username : Arulmurugan Password : arul 
[17-08-2023 10:17:23:023 pm IST] DEBUG [Line:59] - [Logindao            ] [jiyara              ] com.mysql.cj.jdbc.ClientPreparedStatement: UPDATE login_info SET LAST_LOGIN=sysdate() WHERE USER_ID='arul' 
[17-08-2023 10:17:23:023 pm IST] DEBUG [Line:59] - [Generic             ] [jiyara              ] Access Log Entered true 
[17-08-2023 10:17:23:023 pm IST] DEBUG [Line:59] - [Dbmanager           ] [jiyara              ]  Connection Closed [true]  
[17-08-2023 10:18:09:009 pm IST] DEBUG [Line:59] - [Dbmanager           ] [jiyara              ]  Connection Closed [true]  
[17-08-2023 10:18:09:009 pm IST] DEBUG [Line:59] - [Generic             ] [jiyara              ]  Console File Path [null] 
[17-08-2023 10:18:09:009 pm IST] DEBUG [Line:59] - [Generic             ] [jiyara              ] Log File Path =>/Git/My Repository/Completed/Travel_Current_Project/Travel/Logs/2023/08/17/log4j 
[17-08-2023 10:18:09:009 pm IST] DEBUG [Line:59] - [Generic             ] [jiyara              ]  File Path Added to session  
[17-08-2023 10:18:09:009 pm IST] DEBUG [Line:59] - [Generic             ] [jiyara              ]  Console File Path [java.io.PrintStream@8c958ff] isLog [true]  
[17-08-2023 10:18:09:009 pm IST] DEBUG [Line:59] - [Generic             ] [jiyara              ] Get PrintStream [java.io.PrintStream@8c958ff] 
[17-08-2023 10:18:09:009 pm IST] DEBUG [Line:59] - [AuthFilter          ] [jiyara              ] Inside do fIletr 
[17-08-2023 10:18:09:009 pm IST] DEBUG [Line:59] - [LoginServlet        ] [jiyara              ]  mode                      =>  login  
[17-08-2023 10:18:09:009 pm IST] DEBUG [Line:59] - [LoginServlet        ] [jiyara              ]  encodePassword            =>  2703d74ffd1f0f06a2a58e614f0baeb81681eb0af21fd416dca47a68427c0b67  
[17-08-2023 10:18:09:009 pm IST] DEBUG [Line:59] - [LoginServlet        ] [jiyara              ]  txtUser                   =>  arul  
[17-08-2023 10:18:09:009 pm IST] DEBUG [Line:59] - [LoginServlet        ] [jiyara              ]  txtPassword               =>  arul  
[17-08-2023 10:18:09:009 pm IST] DEBUG [Line:59] - [LoginServlet        ] [jiyara              ]  username                  =>    
[17-08-2023 10:18:09:009 pm IST] DEBUG [Line:59] - [LoginServlet        ] [jiyara              ]  pass1                     =>    
[17-08-2023 10:18:09:009 pm IST] DEBUG [Line:59] - [LoginServlet        ] [jiyara              ]  pass2                     =>    
[17-08-2023 10:18:09:009 pm IST] DEBUG [Line:59] - [LoginServlet        ] [jiyara              ]  user_id                   =>    
[17-08-2023 10:18:09:009 pm IST] DEBUG [Line:59] - [Logindao            ] [jiyara              ] com.mysql.cj.jdbc.ClientPreparedStatement: SELECT li.*,concat(ui.image_path,'/',ui.image_name) image_path FROM login_info li LEFT OUTER JOIN user_image ui ON li.user_id = ui.user_id WHERE li.USER_ID='arul' 
[17-08-2023 10:18:09:009 pm IST] DEBUG [Line:59] - [LoginServlet        ] [jiyara              ]  Last Login 2023-08-17T22:17:23 
[17-08-2023 10:18:09:009 pm IST] DEBUG [Line:59] - [LoginServlet        ] [jiyara              ] DB UserId : arul Username : Arulmurugan Password : arul 
[17-08-2023 10:18:09:009 pm IST] DEBUG [Line:59] - [Logindao            ] [jiyara              ] com.mysql.cj.jdbc.ClientPreparedStatement: UPDATE login_info SET LAST_LOGIN=sysdate() WHERE USER_ID='arul' 
[17-08-2023 10:18:09:009 pm IST] DEBUG [Line:59] - [Generic             ] [jiyara              ] Access Log Entered true 
[17-08-2023 10:18:09:009 pm IST] DEBUG [Line:59] - [Dbmanager           ] [jiyara              ]  Connection Closed [true]  
