Properties key[isLoggable] value[true]
Properties key[isLoggable] value[true]
Properties key[isLoggable] value[true]
Log will be redirected to /Git/My Repository/Completed/Travel_Current_Project/Logs/2023/10-October/22/
Properties key[isLoggable] value[true]
Inside Login sERVLET
Properties key[isLoggable] value[true]
Properties key[isLoggable] value[true]
Properties key[isLoggable] value[true]
Properties key[isLoggable] value[true]
Properties key[isLoggable] value[true]
Properties key[isLoggable] value[true]
Properties key[isLoggable] value[true]
Properties key[isLoggable] value[true]
Properties key[isLoggable] value[true]
Properties key[isLoggable] value[true]
Properties key[isLoggable] value[true]
Properties key[isLoggable] value[true]
Properties key[isLoggable] value[true]
Properties key[isLoggable] value[true]
Properties key[isLoggable] value[true]
 Request Path : /Login
 User Id : from auth filter arul
Inside Log Path from Genericuser[arul]
KEY => [LOG_PATH => /Git/My Repository/Completed/Travel_Current_Project/Logs]
Properties key[isLoggable] value[true]
Inside setProperties() Log Path [/Git/My Repository/Completed/Travel_Current_Project/Logs] folder [2023/10-October/22/]
Log Properties Updated for Key [log] true value [/Git/My Repository/Completed/Travel_Current_Project/Logs/2023/10-October/22/]
Properties key[isLoggable] value[true]
Properties key[isLoggable] value[true]
Log will be redirected to /Git/My Repository/Completed/Travel_Current_Project/Logs/2023/10-October/22/
Properties key[isLoggable] value[true]
Inside Login sERVLET
Properties key[isLoggable] value[true]
Properties key[isLoggable] value[true]
Properties key[isLoggable] value[true]
Properties key[isLoggable] value[true]
Properties key[isLoggable] value[true]
Properties key[isLoggable] value[true]
Properties key[isLoggable] value[true]
Properties key[isLoggable] value[true]
Properties key[isLoggable] value[true]
Properties key[isLoggable] value[true]
Properties key[isLoggable] value[true]
Properties key[isLoggable] value[true]
Properties key[isLoggable] value[true]
Properties key[isLoggable] value[true]
 Request Path : /scripts/home.js
 Request Path : /Images/profileImages/arul/arul.jpg
 Request Path : /Images/Carousel/travel-logo-vector-19189674.jpg
 Request Path : /Images/Carousel/time-to-travel-wooden-sign-beach-background-49509295.jpg
 Request Path : /Images/Carousel/Travelling-in-2022.webp
 Request Path : /Images/Carousel/travel-world.jpg
 Request Path : /Images/Carousel/c029a13f80eca5c461644f003184b58c--mobile-backgrounds-desktop-backgrounds.jpg
 Request Path : /Images/Carousel/0x0.jpg
 Request Path : /Images/Carousel/pexels-photo-3278215.jpeg
Properties key[isLoggable] value[true]
Properties key[isLoggable] value[true]
Properties key[isLoggable] value[true]
Log will be redirected to /Git/My Repository/Completed/Travel_Current_Project/Logs/2023/10-October/22/
Properties key[isLoggable] value[true]
Inside Login sERVLET
Properties key[isLoggable] value[true]
Properties key[isLoggable] value[true]
Properties key[isLoggable] value[true]
Properties key[isLoggable] value[true]
Properties key[isLoggable] value[true]
Properties key[isLoggable] value[true]
Properties key[isLoggable] value[true]
Properties key[isLoggable] value[true]
Properties key[isLoggable] value[true]
Properties key[isLoggable] value[true]
Properties key[isLoggable] value[true]
Properties key[isLoggable] value[true]
Properties key[isLoggable] value[true]
Properties key[isLoggable] value[true]
Inside Login sERVLET
Properties key[isLoggable] value[true]
Properties key[isLoggable] value[true]
Properties key[isLoggable] value[true]
Properties key[isLoggable] value[true]
Properties key[isLoggable] value[true]
Properties key[isLoggable] value[true]
Properties key[isLoggable] value[true]
Properties key[isLoggable] value[true]
Properties key[isLoggable] value[true]
Properties key[isLoggable] value[true]
Properties key[isLoggable] value[true]
Properties key[isLoggable] value[true]
Properties key[isLoggable] value[true]
Properties key[isLoggable] value[true]
Properties key[isLoggable] value[true]
Properties key[isLoggable] value[true]
Properties key[isLoggable] value[true]
Properties key[isLoggable] value[true]
Log will be redirected to /Git/My Repository/Completed/Travel_Current_Project/Logs/2023/10-October/22/
Properties key[isLoggable] value[true]
Inside Login sERVLET
Properties key[isLoggable] value[true]
Properties key[isLoggable] value[true]
Properties key[isLoggable] value[true]
Properties key[isLoggable] value[true]
Properties key[isLoggable] value[true]
Properties key[isLoggable] value[true]
Properties key[isLoggable] value[true]
Properties key[isLoggable] value[true]
Properties key[isLoggable] value[true]
Properties key[isLoggable] value[true]
Properties key[isLoggable] value[true]
Properties key[isLoggable] value[true]
Properties key[isLoggable] value[true]
Properties key[isLoggable] value[true]
Inside Login sERVLET
Properties key[isLoggable] value[true]
Properties key[isLoggable] value[true]
Properties key[isLoggable] value[true]
Properties key[isLoggable] value[true]
Properties key[isLoggable] value[true]
Properties key[isLoggable] value[true]
Properties key[isLoggable] value[true]
Properties key[isLoggable] value[true]
Properties key[isLoggable] value[true]
Properties key[isLoggable] value[true]
Properties key[isLoggable] value[true]
Properties key[isLoggable] value[true]
Properties key[isLoggable] value[true]
Properties key[isLoggable] value[true]
Properties key[isLoggable] value[true]
 Request Path : /Images/Carousel/flight.jpg
 Request Path : /Images/Carousel/2.webp
 Request Path : /Images/Carousel/1.jpg
 Request Path : /Images/Carousel/6.jpeg
 Request Path : /Images/Carousel/3.jpg
 Request Path : /Images/Carousel/5.jpg
 Request Path : /Images/Carousel/4.jpg
 Request Path : /styleSheet/bootstrap.min.css.map
 Request Path : /styleSheet/bootstrap.min.css.map
 PrintStream [false]
Properties key[isLoggable] value[true]
Properties key[isLoggable] value[true]
Log will be redirected to /Git/My Repository/Completed/Travel_Current_Project/Logs/2023/10-October/22/
Properties key[isLoggable] value[true]
Inside Login sERVLET
Properties key[isLoggable] value[true]
Properties key[isLoggable] value[true]
Properties key[isLoggable] value[true]
Properties key[isLoggable] value[true]
Properties key[isLoggable] value[true]
Properties key[isLoggable] value[true]
Properties key[isLoggable] value[true]
Properties key[isLoggable] value[true]
Properties key[isLoggable] value[true]
Properties key[isLoggable] value[true]
Properties key[isLoggable] value[true]
Properties key[isLoggable] value[true]
Properties key[isLoggable] value[true]
Properties key[isLoggable] value[true]
Inside Login sERVLET
Properties key[isLoggable] value[true]
Properties key[isLoggable] value[true]
Properties key[isLoggable] value[true]
Properties key[isLoggable] value[true]
Properties key[isLoggable] value[true]
Properties key[isLoggable] value[true]
Properties key[isLoggable] value[true]
Properties key[isLoggable] value[true]
Properties key[isLoggable] value[true]
Properties key[isLoggable] value[true]
Properties key[isLoggable] value[true]
Properties key[isLoggable] value[true]
Properties key[isLoggable] value[true]
Properties key[isLoggable] value[true]
Properties key[isLoggable] value[true]
 Errors exists in PrintStream [false]
Properties key[isLoggable] value[true]
Properties key[isLoggable] value[true]
Log will be redirected to /Git/My Repository/Completed/Travel_Current_Project/Logs/2023/10-October/22/
Properties key[isLoggable] value[true]
Inside Login sERVLET
Properties key[isLoggable] value[true]
Properties key[isLoggable] value[true]
Properties key[isLoggable] value[true]
Properties key[isLoggable] value[true]
Properties key[isLoggable] value[true]
Properties key[isLoggable] value[true]
Properties key[isLoggable] value[true]
Properties key[isLoggable] value[true]
Properties key[isLoggable] value[true]
Properties key[isLoggable] value[true]
Properties key[isLoggable] value[true]
Properties key[isLoggable] value[true]
Properties key[isLoggable] value[true]
Properties key[isLoggable] value[true]
Inside Login sERVLET
Properties key[isLoggable] value[true]
Properties key[isLoggable] value[true]
Properties key[isLoggable] value[true]
Properties key[isLoggable] value[true]
Properties key[isLoggable] value[true]
Properties key[isLoggable] value[true]
Properties key[isLoggable] value[true]
Properties key[isLoggable] value[true]
Properties key[isLoggable] value[true]
Properties key[isLoggable] value[true]
Properties key[isLoggable] value[true]
Properties key[isLoggable] value[true]
Properties key[isLoggable] value[true]
Properties key[isLoggable] value[true]
Properties key[isLoggable] value[true]
 Request Path : /Booking
Properties key[isLoggable] value[true]
Properties key[isLoggable] value[true]
Properties key[isLoggable] value[true]
Properties key[isLoggable] value[true]
Properties key[isLoggable] value[true]
 Errors exists in PrintStream [false]
Properties key[isLoggable] value[true]
Properties key[isLoggable] value[true]
Log will be redirected to /Git/My Repository/Completed/Travel_Current_Project/Logs/2023/10-October/22/
Properties key[isLoggable] value[true]
Inside Login sERVLET
Properties key[isLoggable] value[true]
Properties key[isLoggable] value[true]
Properties key[isLoggable] value[true]
Properties key[isLoggable] value[true]
Properties key[isLoggable] value[true]
Properties key[isLoggable] value[true]
Properties key[isLoggable] value[true]
Properties key[isLoggable] value[true]
Properties key[isLoggable] value[true]
Properties key[isLoggable] value[true]
Properties key[isLoggable] value[true]
Properties key[isLoggable] value[true]
Properties key[isLoggable] value[true]
Properties key[isLoggable] value[true]
Inside Login sERVLET
Properties key[isLoggable] value[true]
Properties key[isLoggable] value[true]
Properties key[isLoggable] value[true]
Properties key[isLoggable] value[true]
Properties key[isLoggable] value[true]
Properties key[isLoggable] value[true]
Properties key[isLoggable] value[true]
Properties key[isLoggable] value[true]
Properties key[isLoggable] value[true]
Properties key[isLoggable] value[true]
Properties key[isLoggable] value[true]
Properties key[isLoggable] value[true]
Properties key[isLoggable] value[true]
Properties key[isLoggable] value[true]
Properties key[isLoggable] value[true]
 Errors exists in PrintStream [false]
Properties key[isLoggable] value[true]
Properties key[isLoggable] value[true]
Log will be redirected to /Git/My Repository/Completed/Travel_Current_Project/Logs/2023/10-October/22/
Properties key[isLoggable] value[true]
Inside Login sERVLET
Properties key[isLoggable] value[true]
Properties key[isLoggable] value[true]
Properties key[isLoggable] value[true]
Properties key[isLoggable] value[true]
Properties key[isLoggable] value[true]
Properties key[isLoggable] value[true]
Properties key[isLoggable] value[true]
Properties key[isLoggable] value[true]
Properties key[isLoggable] value[true]
Properties key[isLoggable] value[true]
Properties key[isLoggable] value[true]
Properties key[isLoggable] value[true]
Properties key[isLoggable] value[true]
Properties key[isLoggable] value[true]
Inside Login sERVLET
Properties key[isLoggable] value[true]
Properties key[isLoggable] value[true]
Properties key[isLoggable] value[true]
Properties key[isLoggable] value[true]
Properties key[isLoggable] value[true]
Properties key[isLoggable] value[true]
Properties key[isLoggable] value[true]
Properties key[isLoggable] value[true]
Properties key[isLoggable] value[true]
Properties key[isLoggable] value[true]
Properties key[isLoggable] value[true]
Properties key[isLoggable] value[true]
Properties key[isLoggable] value[true]
Properties key[isLoggable] value[true]
Properties key[isLoggable] value[true]
Response Commited [true] Redirect to Login Page [Yes]
 Request Path : /Images/Carousel/flight.jpg
Response Commited [false] Redirect to Login Page [No]
 Request Path : /Images/profileImages/arul/arul.jpg
Response Commited [false] Redirect to Login Page [No]
 Request Path : /Images/Carousel/3.jpg
 Request Path : /scripts/header.js
Response Commited [false] Redirect to Login Page [No]
Response Commited [true] Redirect to Login Page [No]
 Request Path : /Images/Carousel/2.webp
Response Commited [true] Redirect to Login Page [No]
 Request Path : /Images/Carousel/1.jpg
Response Commited [false] Redirect to Login Page [No]
 Request Path : /Images/Carousel/4.jpg
 Request Path : /scripts/home.js
Response Commited [false] Redirect to Login Page [No]
Response Commited [true] Redirect to Login Page [No]
 Request Path : /Images/Carousel/5.jpg
Response Commited [false] Redirect to Login Page [No]
 Request Path : /Images/Carousel/6.jpeg
Response Commited [true] Redirect to Login Page [No]
 Errors exists in PrintStream [false]
Properties key[isLoggable] value[true]
Properties key[isLoggable] value[true]
Log will be redirected to /Git/My Repository/Completed/Travel_Current_Project/Logs/2023/10-October/22/
Properties key[isLoggable] value[true]
Inside Login sERVLET
Properties key[isLoggable] value[true]
Properties key[isLoggable] value[true]
Properties key[isLoggable] value[true]
Properties key[isLoggable] value[true]
Properties key[isLoggable] value[true]
Properties key[isLoggable] value[true]
Properties key[isLoggable] value[true]
Properties key[isLoggable] value[true]
Properties key[isLoggable] value[true]
Properties key[isLoggable] value[true]
Properties key[isLoggable] value[true]
Properties key[isLoggable] value[true]
Properties key[isLoggable] value[true]
Properties key[isLoggable] value[true]
Properties key[isLoggable] value[true]
Inside Login sERVLET
Properties key[isLoggable] value[true]
Properties key[isLoggable] value[true]
Properties key[isLoggable] value[true]
Properties key[isLoggable] value[true]
Properties key[isLoggable] value[true]
Properties key[isLoggable] value[true]
Properties key[isLoggable] value[true]
Properties key[isLoggable] value[true]
Properties key[isLoggable] value[true]
Properties key[isLoggable] value[true]
Properties key[isLoggable] value[true]
Properties key[isLoggable] value[true]
Properties key[isLoggable] value[true]
Properties key[isLoggable] value[true]
Properties key[isLoggable] value[true]
Response Commited [true] Redirect to Login Page [Yes]
 Request Path : /styleSheet/index.css
Response Commited [true] Redirect to Login Page [No]
 Request Path : /styleSheet/Pagination.css
Response Commited [true] Redirect to Login Page [No]
 Request Path : /styleSheet/bootstrap.css
 Request Path : /styleSheet/searchBox.css
Response Commited [false] Redirect to Login Page [No]
Response Commited [true] Redirect to Login Page [No]
 Request Path : /styleSheet/header.css
 Request Path : /styleSheet/ajax-loader.css
Response Commited [true] Redirect to Login Page [No]
Response Commited [true] Redirect to Login Page [No]
 Request Path : /styleSheet/loader/loader.css
Response Commited [true] Redirect to Login Page [No]
 Request Path : /scripts/ajax/libs/jquery/3.5.1/jquery.min.js
Response Commited [false] Redirect to Login Page [No]
 Request Path : /scripts/ajax/libs/jquery/3.6.0/jquery.min.js
Response Commited [false] Redirect to Login Page [No]
 Request Path : /scripts/ajax/libs/jquery/1.9.1/jquery.min.js
Response Commited [false] Redirect to Login Page [No]
 Request Path : /scripts/Validator.js
 Request Path : /scripts/ajaxCall.js
Response Commited [true] Redirect to Login Page [No]
Response Commited [true] Redirect to Login Page [No]
 Request Path : /scripts/ajax/libs/jqueryUi/1.10.2/jquery-ui.min.js
Response Commited [false] Redirect to Login Page [No]
 Request Path : /scripts/loader/loader.js
Response Commited [true] Redirect to Login Page [No]
 Request Path : /scripts/Pagination.js
 Request Path : /scripts/search.js
Response Commited [true] Redirect to Login Page [No]
Response Commited [true] Redirect to Login Page [No]
 Request Path : /scripts/common.js
Response Commited [true] Redirect to Login Page [No]
 Request Path : /Images/profileImages/arul/arul.jpg
 Request Path : /Images/Carousel/flight.jpg
Response Commited [false] Redirect to Login Page [No]
Response Commited [false] Redirect to Login Page [No]
 Request Path : /Images/Carousel/2.webp
 Request Path : /Images/Carousel/1.jpg
Response Commited [true] Redirect to Login Page [No]
Response Commited [false] Redirect to Login Page [No]
 Request Path : /Images/Carousel/3.jpg
 Request Path : /scripts/header.js
Response Commited [false] Redirect to Login Page [No]
Response Commited [true] Redirect to Login Page [No]
 Request Path : /scripts/home.js
Response Commited [true] Redirect to Login Page [No]
 Request Path : /Images/Carousel/4.jpg
Response Commited [false] Redirect to Login Page [No]
 Request Path : /Images/Carousel/5.jpg
Response Commited [false] Redirect to Login Page [No]
 Request Path : /Images/Carousel/6.jpeg
Response Commited [true] Redirect to Login Page [No]
 Request Path : /Booking
Properties key[isLoggable] value[true]
Properties key[isLoggable] value[true]
Properties key[isLoggable] value[true]
Properties key[isLoggable] value[true]
Properties key[isLoggable] value[true]
Response Commited [true] Redirect to Login Page [Yes]
 Errors exists in PrintStream [false]
Properties key[isLoggable] value[true]
Properties key[isLoggable] value[true]
Log will be redirected to /Git/My Repository/Completed/Travel_Current_Project/Logs/2023/10-October/22/
Properties key[isLoggable] value[true]
Inside Login sERVLET
Properties key[isLoggable] value[true]
Properties key[isLoggable] value[true]
Properties key[isLoggable] value[true]
Properties key[isLoggable] value[true]
Properties key[isLoggable] value[true]
Properties key[isLoggable] value[true]
Properties key[isLoggable] value[true]
Properties key[isLoggable] value[true]
Properties key[isLoggable] value[true]
Properties key[isLoggable] value[true]
Properties key[isLoggable] value[true]
Properties key[isLoggable] value[true]
Properties key[isLoggable] value[true]
Properties key[isLoggable] value[true]
Inside Login sERVLET
Properties key[isLoggable] value[true]
Properties key[isLoggable] value[true]
Properties key[isLoggable] value[true]
Properties key[isLoggable] value[true]
Properties key[isLoggable] value[true]
Properties key[isLoggable] value[true]
Properties key[isLoggable] value[true]
Properties key[isLoggable] value[true]
Properties key[isLoggable] value[true]
Properties key[isLoggable] value[true]
Properties key[isLoggable] value[true]
Properties key[isLoggable] value[true]
Properties key[isLoggable] value[true]
Properties key[isLoggable] value[true]
Properties key[isLoggable] value[true]
Response Commited [true] Redirect to Login Page [Yes]
 Request Path : /Customer
Properties key[isLoggable] value[true]
Properties key[isLoggable] value[true]
Properties key[isLoggable] value[true]
Properties key[isLoggable] value[true]
Response Commited [true] Redirect to Login Page [No]
 Request Path : /home.jsp
Response Commited [false] Redirect to Login Page [No]
 Request Path : /Driver
Properties key[isLoggable] value[true]
Properties key[isLoggable] value[true]
Properties key[isLoggable] value[true]
Response Commited [true] Redirect to Login Page [No]
 Request Path : /home.jsp
Response Commited [false] Redirect to Login Page [No]
 Request Path : /Route
Properties key[isLoggable] value[true]
Properties key[isLoggable] value[true]
Properties key[isLoggable] value[true]
Response Commited [true] Redirect to Login Page [No]
 Request Path : /home.jsp
Response Commited [false] Redirect to Login Page [No]
 Request Path : /LoginInfo
Properties key[isLoggable] value[true]
Properties key[isLoggable] value[true]
Response Commited [true] Redirect to Login Page [No]
 Request Path : /styleSheet/UserDetails.css
 Request Path : /Images/user/female.png
Response Commited [false] Redirect to Login Page [No]
Response Commited [true] Redirect to Login Page [No]
 Request Path : /Images/user/male.png
Response Commited [false] Redirect to Login Page [No]
 Request Path : /Images/user/wanda.jpg
Response Commited [false] Redirect to Login Page [No]
 Request Path : /Images/user/spider-man.jpg
Response Commited [false] Redirect to Login Page [No]
 Request Path : /home.jsp
Response Commited [false] Redirect to Login Page [No]
 Request Path : /Booking
Properties key[isLoggable] value[true]
Properties key[isLoggable] value[true]
Properties key[isLoggable] value[true]
Properties key[isLoggable] value[true]
Properties key[isLoggable] value[true]
Response Commited [true] Redirect to Login Page [Yes]
 Request Path : /Booking
Properties key[isLoggable] value[true]
Properties key[isLoggable] value[true]
Properties key[isLoggable] value[true]
Properties key[isLoggable] value[true]
Response Commited [true] Redirect to Login Page [No]
 Request Path : /scripts/booking.js
Response Commited [true] Redirect to Login Page [No]
 Request Path : /Booking
Properties key[isLoggable] value[true]
Properties key[isLoggable] value[true]
Properties key[isLoggable] value[true]
Properties key[isLoggable] value[true]
 Request Path : /scripts/loader/loader.js
Response Commited [false] Redirect to Login Page [No]
Response Commited [true] Redirect to Login Page [No]
 Request Path : /Booking
Properties key[isLoggable] value[true]
Properties key[isLoggable] value[true]
Properties key[isLoggable] value[true]
Properties key[isLoggable] value[true]
Response Commited [true] Redirect to Login Page [No]
 Request Path : /home.jsp
Response Commited [false] Redirect to Login Page [No]
 Request Path : /Driver
Properties key[isLoggable] value[true]
Properties key[isLoggable] value[true]
Properties key[isLoggable] value[true]
Response Commited [true] Redirect to Login Page [No]
 Request Path : /home.jsp
Response Commited [false] Redirect to Login Page [No]
 Request Path : /LoginInfo
Properties key[isLoggable] value[true]
Properties key[isLoggable] value[true]
Response Commited [true] Redirect to Login Page [No]
 Request Path : /home.jsp
Response Commited [false] Redirect to Login Page [No]
 Request Path : /Login
 User Id : from auth filter null
 User Id : from Session filter null
 Redirect from propUser in Empty :)
Response Commited [false] Redirect to Login Page [Yes]
 Errors exists in PrintStream [false]
Properties key[isLoggable] value[true]
Properties key[isLoggable] value[true]
Properties key[isLoggable] value[true]
Properties key[isLoggable] value[true]
Response Commited [true] Redirect to Login Page [No]
 Request Path : /Booking
 PrintStream [java.io.PrintStream@5123b565]
Properties key[isLoggable] value[true]
Properties key[isLoggable] value[true]
Properties key[isLoggable] value[true]
Properties key[isLoggable] value[true]
Response Commited [true] Redirect to Login Page [No]
