 Errors exists in PrintStream [false]
Inside Login sERVLET
Properties key[isLoggable] value[]
com.mysql.cj.jdbc.ClientPreparedStatement:  select prop_value from properties where prop_key ='isLoggable'
KEY => [isLoggable => true]
KEY => [isLoggable => true]
Closing Operation call from Dbmanager CloseAll....  Connection Closed [true]  Statement Closed [true]  ResultSet Closed [true] 
Properties key[isLoggable] value[]
com.mysql.cj.jdbc.ClientPreparedStatement:  select prop_value from properties where prop_key ='isLoggable'
KEY => [isLoggable => true]
KEY => [isLoggable => true]
Closing Operation call from Dbmanager CloseAll....  Connection Closed [true]  Statement Closed [true]  ResultSet Closed [true] 
Properties key[isLoggable] value[]
com.mysql.cj.jdbc.ClientPreparedStatement:  select prop_value from properties where prop_key ='isLoggable'
KEY => [isLoggable => true]
KEY => [isLoggable => true]
Closing Operation call from Dbmanager CloseAll....  Connection Closed [true]  Statement Closed [true]  ResultSet Closed [true] 
Properties key[isLoggable] value[]
com.mysql.cj.jdbc.ClientPreparedStatement:  select prop_value from properties where prop_key ='isLoggable'
KEY => [isLoggable => true]
KEY => [isLoggable => true]
Closing Operation call from Dbmanager CloseAll....  Connection Closed [true]  Statement Closed [true]  ResultSet Closed [true] 
Properties key[isLoggable] value[]
com.mysql.cj.jdbc.ClientPreparedStatement:  select prop_value from properties where prop_key ='isLoggable'
KEY => [isLoggable => true]
KEY => [isLoggable => true]
Closing Operation call from Dbmanager CloseAll....  Connection Closed [true]  Statement Closed [true]  ResultSet Closed [true] 
Properties key[isLoggable] value[]
com.mysql.cj.jdbc.ClientPreparedStatement:  select prop_value from properties where prop_key ='isLoggable'
KEY => [isLoggable => true]
KEY => [isLoggable => true]
Closing Operation call from Dbmanager CloseAll....  Connection Closed [true]  Statement Closed [true]  ResultSet Closed [true] 
Properties key[isLoggable] value[]
com.mysql.cj.jdbc.ClientPreparedStatement:  select prop_value from properties where prop_key ='isLoggable'
KEY => [isLoggable => true]
KEY => [isLoggable => true]
Closing Operation call from Dbmanager CloseAll....  Connection Closed [true]  Statement Closed [true]  ResultSet Closed [true] 
Properties key[isLoggable] value[]
com.mysql.cj.jdbc.ClientPreparedStatement:  select prop_value from properties where prop_key ='isLoggable'
KEY => [isLoggable => true]
KEY => [isLoggable => true]
Closing Operation call from Dbmanager CloseAll....  Connection Closed [true]  Statement Closed [true]  ResultSet Closed [true] 
Properties key[isLoggable] value[]
com.mysql.cj.jdbc.ClientPreparedStatement:  select prop_value from properties where prop_key ='isLoggable'
KEY => [isLoggable => true]
KEY => [isLoggable => true]
Closing Operation call from Dbmanager CloseAll....  Connection Closed [true]  Statement Closed [true]  ResultSet Closed [true] 
Properties key[isLoggable] value[]
com.mysql.cj.jdbc.ClientPreparedStatement:  select prop_value from properties where prop_key ='isLoggable'
KEY => [isLoggable => true]
KEY => [isLoggable => true]
Closing Operation call from Dbmanager CloseAll....  Connection Closed [true]  Statement Closed [true]  ResultSet Closed [true] 
Properties key[isLoggable] value[]
com.mysql.cj.jdbc.ClientPreparedStatement:  select prop_value from properties where prop_key ='isLoggable'
KEY => [isLoggable => true]
KEY => [isLoggable => true]
Closing Operation call from Dbmanager CloseAll....  Connection Closed [true]  Statement Closed [true]  ResultSet Closed [true] 
Properties key[isLoggable] value[]
com.mysql.cj.jdbc.ClientPreparedStatement:  select prop_value from properties where prop_key ='isLoggable'
KEY => [isLoggable => true]
KEY => [isLoggable => true]
Closing Operation call from Dbmanager CloseAll....  Connection Closed [true]  Statement Closed [true]  ResultSet Closed [true] 
Properties key[isLoggable] value[]
com.mysql.cj.jdbc.ClientPreparedStatement:  select prop_value from properties where prop_key ='isLoggable'
KEY => [isLoggable => true]
KEY => [isLoggable => true]
Closing Operation call from Dbmanager CloseAll....  Connection Closed [true]  Statement Closed [true]  ResultSet Closed [true] 
Closing Operation call from closeOpenConnections....  Connection Closed [true]  Statement Closed [true]  ResultSet Closed [true] 
Response Commited for > /Travel/Login [true] Redirect to Login Page [No]
 Url [/Travel/] checkStatus :true
 session checkStatus :false
 Url [/Travel/styleSheet/Profile/editProfile.css] checkStatus :false
Response Commited for > /Travel/styleSheet/Profile/editProfile.css [false] Redirect to Login Page [No]
Response Commited for > /Travel/styleSheet/Profile/editProfile.css [false] Redirect to Login Page [No]
 Url [/Travel/scripts/profile/editProfile.js] checkStatus :false
 Url [/Travel/scripts/profile/editProfile.js] checkStatus :false
Response Commited for > /Travel/scripts/profile/editProfile.js [false] Redirect to Login Page [No]
Response Commited for > /Travel/scripts/profile/editProfile.js [false] Redirect to Login Page [No]
 Url [/Travel/upload.jsp] checkStatus :false
com.mysql.cj.jdbc.ClientPreparedStatement:  select prop_value from properties where prop_key ='PROFILE_IMAGE_PATH'
KEY => [PROFILE_IMAGE_PATH => /Git/My Repository/Completed/Travel_Current_Project/Travel/Travel/Images/profileImages/]
Closing Operation call from Dbmanager CloseAll....  Connection Closed [true]  Statement Closed [true]  ResultSet Closed [true] 
Response Commited for > /Travel/upload.jsp [false] Redirect to Login Page [No]
 Url [/Travel/styleSheet/bootstrap.min.css.map] checkStatus :false
Response Commited for > /Travel/styleSheet/bootstrap.min.css.map [true] Redirect to Login Page [No]
 Url [/Travel/upload.jsp] checkStatus :false
com.mysql.cj.jdbc.ClientPreparedStatement:  select prop_value from properties where prop_key ='PROFILE_IMAGE_PATH'
KEY => [PROFILE_IMAGE_PATH => /Git/My Repository/Completed/Travel_Current_Project/Travel/Travel/Images/profileImages/]
Closing Operation call from Dbmanager CloseAll....  Connection Closed [true]  Statement Closed [true]  ResultSet Closed [true] 
Response Commited for > /Travel/upload.jsp [false] Redirect to Login Page [No]
 Url [/Travel/Login] checkStatus :false
com.mysql.cj.jdbc.ClientPreparedStatement:  select prop_value from properties where prop_key ='LOG_PATH'
KEY => [LOG_PATH => /Git/My Repository/Completed/Travel_Current_Project/Logs]
Closing Operation call from Dbmanager CloseAll....  Connection Closed [true]  Statement Closed [true]  ResultSet Closed [true] 
 Today Log Date 2023-12-04
Inside getLogPathForToday() Log Path [/Git/My Repository/Completed/Travel_Current_Project/Logs] folder [2023/12-December/4-Monday/]
 LoggerFactory .... isLog4jInitiated [true]
 LoggerFactory .... isConsoleLogInitiated [true]
Inside Login sERVLET
Properties key[isLoggable] value[]
com.mysql.cj.jdbc.ClientPreparedStatement:  select prop_value from properties where prop_key ='isLoggable'
KEY => [isLoggable => true]
KEY => [isLoggable => true]
Closing Operation call from Dbmanager CloseAll....  Connection Closed [true]  Statement Closed [true]  ResultSet Closed [true] 
Properties key[isLoggable] value[]
com.mysql.cj.jdbc.ClientPreparedStatement:  select prop_value from properties where prop_key ='isLoggable'
KEY => [isLoggable => true]
KEY => [isLoggable => true]
Closing Operation call from Dbmanager CloseAll....  Connection Closed [true]  Statement Closed [true]  ResultSet Closed [true] 
Properties key[isLoggable] value[]
com.mysql.cj.jdbc.ClientPreparedStatement:  select prop_value from properties where prop_key ='isLoggable'
KEY => [isLoggable => true]
KEY => [isLoggable => true]
Closing Operation call from Dbmanager CloseAll....  Connection Closed [true]  Statement Closed [true]  ResultSet Closed [true] 
Properties key[isLoggable] value[]
com.mysql.cj.jdbc.ClientPreparedStatement:  select prop_value from properties where prop_key ='isLoggable'
KEY => [isLoggable => true]
KEY => [isLoggable => true]
Closing Operation call from Dbmanager CloseAll....  Connection Closed [true]  Statement Closed [true]  ResultSet Closed [true] 
Properties key[isLoggable] value[]
com.mysql.cj.jdbc.ClientPreparedStatement:  select prop_value from properties where prop_key ='isLoggable'
KEY => [isLoggable => true]
KEY => [isLoggable => true]
Closing Operation call from Dbmanager CloseAll....  Connection Closed [true]  Statement Closed [true]  ResultSet Closed [true] 
Properties key[isLoggable] value[]
com.mysql.cj.jdbc.ClientPreparedStatement:  select prop_value from properties where prop_key ='isLoggable'
KEY => [isLoggable => true]
KEY => [isLoggable => true]
Closing Operation call from Dbmanager CloseAll....  Connection Closed [true]  Statement Closed [true]  ResultSet Closed [true] 
Properties key[isLoggable] value[]
com.mysql.cj.jdbc.ClientPreparedStatement:  select prop_value from properties where prop_key ='isLoggable'
KEY => [isLoggable => true]
KEY => [isLoggable => true]
Closing Operation call from Dbmanager CloseAll....  Connection Closed [true]  Statement Closed [true]  ResultSet Closed [true] 
Properties key[isLoggable] value[]
com.mysql.cj.jdbc.ClientPreparedStatement:  select prop_value from properties where prop_key ='isLoggable'
KEY => [isLoggable => true]
KEY => [isLoggable => true]
Closing Operation call from Dbmanager CloseAll....  Connection Closed [true]  Statement Closed [true]  ResultSet Closed [true] 
Properties key[isLoggable] value[]
com.mysql.cj.jdbc.ClientPreparedStatement:  select prop_value from properties where prop_key ='isLoggable'
KEY => [isLoggable => true]
KEY => [isLoggable => true]
Closing Operation call from Dbmanager CloseAll....  Connection Closed [true]  Statement Closed [true]  ResultSet Closed [true] 
Properties key[isLoggable] value[]
com.mysql.cj.jdbc.ClientPreparedStatement:  select prop_value from properties where prop_key ='isLoggable'
KEY => [isLoggable => true]
KEY => [isLoggable => true]
Closing Operation call from Dbmanager CloseAll....  Connection Closed [true]  Statement Closed [true]  ResultSet Closed [true] 
Properties key[isLoggable] value[]
com.mysql.cj.jdbc.ClientPreparedStatement:  select prop_value from properties where prop_key ='isLoggable'
KEY => [isLoggable => true]
KEY => [isLoggable => true]
Closing Operation call from Dbmanager CloseAll....  Connection Closed [true]  Statement Closed [true]  ResultSet Closed [true] 
Properties key[isLoggable] value[]
com.mysql.cj.jdbc.ClientPreparedStatement:  select prop_value from properties where prop_key ='isLoggable'
KEY => [isLoggable => true]
KEY => [isLoggable => true]
Closing Operation call from Dbmanager CloseAll....  Connection Closed [true]  Statement Closed [true]  ResultSet Closed [true] 
Properties key[isLoggable] value[]
com.mysql.cj.jdbc.ClientPreparedStatement:  select prop_value from properties where prop_key ='isLoggable'
KEY => [isLoggable => true]
KEY => [isLoggable => true]
Closing Operation call from Dbmanager CloseAll....  Connection Closed [true]  Statement Closed [true]  ResultSet Closed [true] 
Closing Operation call from closeOpenConnections....  Connection Closed [true]  Statement Closed [true]  ResultSet Closed [true] 
Response Commited for > /Travel/Login [true] Redirect to Login Page [No]
 Url [/Travel/styleSheet/bootstrap.css] checkStatus :false
 Url [/Travel/styleSheet/index.css] checkStatus :false
Response Commited for > /Travel/styleSheet/index.css [false] Redirect to Login Page [No]
 Url [/Travel/styleSheet/Pagination.css] checkStatus :false
 Url [/Travel/styleSheet/searchBox.css] checkStatus :false
 Url [/Travel/styleSheet/ajax-loader.css] checkStatus :false
 Url [/Travel/styleSheet/header.css] checkStatus :false
Response Commited for > /Travel/styleSheet/header.css [true] Redirect to Login Page [No]
 Url [/Travel/styleSheet/loader/loader.css] checkStatus :false
Response Commited for > /Travel/styleSheet/loader/loader.css [true] Redirect to Login Page [No]
Response Commited for > /Travel/styleSheet/loader/loader.css [true] Redirect to Login Page [No]
 Url [/Travel/styleSheet/Profile/editProfile.css] checkStatus :false
 Url [/Travel/scripts/ajax/libs/jquery/3.5.1/jquery.min.js] checkStatus :false
Response Commited for > /Travel/scripts/ajax/libs/jquery/3.5.1/jquery.min.js [false] Redirect to Login Page [No]
Response Commited for > null [true] Redirect to Login Page [No]
 Url [/Travel/scripts/ajax/libs/jquery/3.6.0/jquery.min.js] checkStatus :false
 Url [/Travel/scripts/ajax/libs/jquery/1.9.1/jquery.min.js] checkStatus :false
Response Commited for > /Travel/scripts/ajax/libs/jquery/1.9.1/jquery.min.js [false] Redirect to Login Page [No]
 Url [/Travel/scripts/ajax/libs/jqueryUi/1.10.2/jquery-ui.min.js] checkStatus :false
Response Commited for > /Travel/scripts/ajax/libs/jqueryUi/1.10.2/jquery-ui.min.js [false] Redirect to Login Page [No]
Response Commited for > /Travel/scripts/ajax/libs/jqueryUi/1.10.2/jquery-ui.min.js [false] Redirect to Login Page [No]
 Url [/Travel/scripts/Validator.js] checkStatus :false
Response Commited for > /Travel/scripts/Validator.js [true] Redirect to Login Page [No]
 Url [/Travel/scripts/ajaxCall.js] checkStatus :false
Response Commited for > /Travel/scripts/ajaxCall.js [true] Redirect to Login Page [No]
 Url [/Travel/scripts/loader/loader.js] checkStatus :false
Response Commited for > /Travel/scripts/loader/loader.js [true] Redirect to Login Page [No]
 Url [/Travel/scripts/common.js] checkStatus :false
Response Commited for > /Travel/scripts/common.js [true] Redirect to Login Page [No]
 Url [/Travel/] checkStatus :true
 session checkStatus :false
Response Commited for > /Travel/ [true] Redirect to Login Page [No]
Response Commited for > /Travel/ [false] Redirect to Login Page [No]
Response Commited for > null [true] Redirect to Login Page [No]
 Url [/Travel/scripts/profile/editProfile.js] checkStatus :false
Response Commited for > /Travel/scripts/profile/editProfile.js [true] Redirect to Login Page [No]
Response Commited for > /Travel/scripts/profile/editProfile.js [true] Redirect to Login Page [No]
 Url [/Travel/Images/Carousel/flight.jpg] checkStatus :false
Response Commited for > /Travel/Images/Carousel/flight.jpg [false] Redirect to Login Page [No]
 Url [/Travel/Images/Carousel/1.jpg] checkStatus :false
Response Commited for > /Travel/Images/Carousel/1.jpg [false] Redirect to Login Page [No]
 Url [/Travel/Images/Carousel/2.webp] checkStatus :false
Response Commited for > /Travel/Images/Carousel/2.webp [true] Redirect to Login Page [No]
 Url [/Travel/Images/Carousel/3.jpg] checkStatus :false
Response Commited for > /Travel/Images/Carousel/3.jpg [false] Redirect to Login Page [No]
 Url [/Travel/scripts/header.js] checkStatus :false
Response Commited for > /Travel/scripts/header.js [true] Redirect to Login Page [No]
 Url [/Travel/scripts/home.js] checkStatus :false
Response Commited for > /Travel/scripts/home.js [true] Redirect to Login Page [No]
 Url [/Travel/styleSheet/bootstrap.min.css.map] checkStatus :false
Response Commited for > /Travel/styleSheet/bootstrap.min.css.map [true] Redirect to Login Page [No]
 Url [/Travel/Images/Carousel/4.jpg] checkStatus :false
Response Commited for > /Travel/Images/Carousel/4.jpg [false] Redirect to Login Page [No]
 Url [/Travel/Images/Carousel/5.jpg] checkStatus :false
Response Commited for > /Travel/Images/Carousel/5.jpg [false] Redirect to Login Page [No]
 Url [/Travel/Images/Carousel/6.jpeg] checkStatus :false
Response Commited for > /Travel/Images/Carousel/6.jpeg [true] Redirect to Login Page [No]
 Url [/Travel/Images/favIcon/fav.png] checkStatus :false
Response Commited for > /Travel/Images/favIcon/fav.png [true] Redirect to Login Page [No]
 Url [/Travel/upload.jsp] checkStatus :false
com.mysql.cj.jdbc.ClientPreparedStatement:  select prop_value from properties where prop_key ='PROFILE_IMAGE_PATH'
KEY => [PROFILE_IMAGE_PATH => /Git/My Repository/Completed/Travel_Current_Project/Travel/Travel/Images/profileImages/]
Closing Operation call from Dbmanager CloseAll....  Connection Closed [true]  Statement Closed [true]  ResultSet Closed [true] 
FilePath Created [M:\Git\My Repository\Completed\Travel_Current_Project\Travel\Travel\Images\profileImages\siva]
Auth Filter Exception : org.apache.jasper.JasperException: java.lang.IllegalStateException: Exception occurred when flushing data
org.apache.jasper.JasperException: java.lang.IllegalStateException: Exception occurred when flushing data
	at org.apache.jasper.servlet.JspServletWrapper.handleJspException(JspServletWrapper.java:623)
	at org.apache.jasper.servlet.JspServletWrapper.service(JspServletWrapper.java:489)
	at org.apache.jasper.servlet.JspServlet.serviceJspFile(JspServlet.java:379)
	at org.apache.jasper.servlet.JspServlet.service(JspServlet.java:327)
	at javax.servlet.http.HttpServlet.service(HttpServlet.java:764)
	at org.apache.catalina.core.ApplicationFilterChain.internalDoFilter(ApplicationFilterChain.java:227)
	at org.apache.catalina.core.ApplicationFilterChain.doFilter(ApplicationFilterChain.java:162)
	at org.apache.tomcat.websocket.server.WsFilter.doFilter(WsFilter.java:53)
	at org.apache.catalina.core.ApplicationFilterChain.internalDoFilter(ApplicationFilterChain.java:189)
	at org.apache.catalina.core.ApplicationFilterChain.doFilter(ApplicationFilterChain.java:162)
	at com.web.filter.AuthFilter.doFilter(AuthFilter.java:48)
	at org.apache.catalina.core.ApplicationFilterChain.internalDoFilter(ApplicationFilterChain.java:189)
	at org.apache.catalina.core.ApplicationFilterChain.doFilter(ApplicationFilterChain.java:162)
	at org.apache.catalina.core.StandardWrapperValve.invoke(StandardWrapperValve.java:197)
	at org.apache.catalina.core.StandardContextValve.invoke(StandardContextValve.java:97)
	at org.apache.catalina.authenticator.AuthenticatorBase.invoke(AuthenticatorBase.java:540)
	at org.apache.catalina.core.StandardHostValve.invoke(StandardHostValve.java:135)
	at org.apache.catalina.valves.ErrorReportValve.invoke(ErrorReportValve.java:92)
	at org.apache.catalina.valves.AbstractAccessLogValve.invoke(AbstractAccessLogValve.java:687)
	at org.apache.catalina.core.StandardEngineValve.invoke(StandardEngineValve.java:78)
	at org.apache.catalina.connector.CoyoteAdapter.service(CoyoteAdapter.java:357)
	at org.apache.coyote.http11.Http11Processor.service(Http11Processor.java:382)
	at org.apache.coyote.AbstractProcessorLight.process(AbstractProcessorLight.java:65)
	at org.apache.coyote.AbstractProtocol$ConnectionHandler.process(AbstractProtocol.java:893)
	at org.apache.tomcat.util.net.NioEndpoint$SocketProcessor.doRun(NioEndpoint.java:1726)
	at org.apache.tomcat.util.net.SocketProcessorBase.run(SocketProcessorBase.java:49)
	at org.apache.tomcat.util.threads.ThreadPoolExecutor.runWorker(ThreadPoolExecutor.java:1191)
	at org.apache.tomcat.util.threads.ThreadPoolExecutor$Worker.run(ThreadPoolExecutor.java:659)
	at org.apache.tomcat.util.threads.TaskThread$WrappingRunnable.run(TaskThread.java:61)
	at java.base/java.lang.Thread.run(Thread.java:833)
Caused by: java.lang.IllegalStateException: Exception occurred when flushing data
	at org.apache.jasper.runtime.PageContextImpl.release(PageContextImpl.java:169)
	at org.apache.jasper.runtime.JspFactoryImpl.internalReleasePageContext(JspFactoryImpl.java:120)
	at org.apache.jasper.runtime.JspFactoryImpl.releasePageContext(JspFactoryImpl.java:75)
	at org.apache.jsp.upload_jsp._jspService(upload_jsp.java:246)
	at org.apache.jasper.runtime.HttpJspBase.service(HttpJspBase.java:70)
	at javax.servlet.http.HttpServlet.service(HttpServlet.java:764)
	at org.apache.jasper.servlet.JspServletWrapper.service(JspServletWrapper.java:466)
	... 28 more
Caused by: java.io.IOException: Stream closed
	at org.apache.jasper.runtime.JspWriterImpl.ensureOpen(JspWriterImpl.java:195)
	at org.apache.jasper.runtime.JspWriterImpl.flushBuffer(JspWriterImpl.java:107)
	at org.apache.jasper.runtime.PageContextImpl.release(PageContextImpl.java:167)
	... 34 more
Response Commited for > /Travel/upload.jsp [true] Redirect to Login Page [Yes]
 Url [/Travel/Ajax] checkStatus :true
 session checkStatus :false
com.mysql.cj.jdbc.ClientPreparedStatement:  select prop_value from properties where prop_key ='LOG_PATH'
KEY => [LOG_PATH => /Git/My Repository/Completed/Travel_Current_Project/Logs]
Closing Operation call from Dbmanager CloseAll....  Connection Closed [true]  Statement Closed [true]  ResultSet Closed [true] 
 Today Log Date 2023-12-04
Inside getLogPathForToday() Log Path [/Git/My Repository/Completed/Travel_Current_Project/Logs] folder [2023/12-December/4-Monday/]
 LoggerFactory .... isLog4jInitiated [true]
 LoggerFactory .... isConsoleLogInitiated [true]
Properties key[isLoggable] value[]
com.mysql.cj.jdbc.ClientPreparedStatement:  select prop_value from properties where prop_key ='isLoggable'
KEY => [isLoggable => true]
KEY => [isLoggable => true]
Closing Operation call from Dbmanager CloseAll....  Connection Closed [true]  Statement Closed [true]  ResultSet Closed [true] 
Properties key[isLoggable] value[]
com.mysql.cj.jdbc.ClientPreparedStatement:  select prop_value from properties where prop_key ='isLoggable'
KEY => [isLoggable => true]
KEY => [isLoggable => true]
Closing Operation call from Dbmanager CloseAll....  Connection Closed [true]  Statement Closed [true]  ResultSet Closed [true] 
Properties key[isLoggable] value[]
com.mysql.cj.jdbc.ClientPreparedStatement:  select prop_value from properties where prop_key ='isLoggable'
KEY => [isLoggable => true]
KEY => [isLoggable => true]
Closing Operation call from Dbmanager CloseAll....  Connection Closed [true]  Statement Closed [true]  ResultSet Closed [true] 
Properties key[isLoggable] value[]
com.mysql.cj.jdbc.ClientPreparedStatement:  select prop_value from properties where prop_key ='isLoggable'
KEY => [isLoggable => true]
KEY => [isLoggable => true]
Closing Operation call from Dbmanager CloseAll....  Connection Closed [true]  Statement Closed [true]  ResultSet Closed [true] 
Properties key[isLoggable] value[]
com.mysql.cj.jdbc.ClientPreparedStatement:  select prop_value from properties where prop_key ='isLoggable'
KEY => [isLoggable => true]
KEY => [isLoggable => true]
Closing Operation call from Dbmanager CloseAll....  Connection Closed [true]  Statement Closed [true]  ResultSet Closed [true] 
Properties key[isLoggable] value[]
com.mysql.cj.jdbc.ClientPreparedStatement:  select prop_value from properties where prop_key ='isLoggable'
KEY => [isLoggable => true]
KEY => [isLoggable => true]
Closing Operation call from Dbmanager CloseAll....  Connection Closed [true]  Statement Closed [true]  ResultSet Closed [true] 
Properties key[isLoggable] value[]
com.mysql.cj.jdbc.ClientPreparedStatement:  select prop_value from properties where prop_key ='isLoggable'
KEY => [isLoggable => true]
KEY => [isLoggable => true]
Closing Operation call from Dbmanager CloseAll....  Connection Closed [true]  Statement Closed [true]  ResultSet Closed [true] 
Properties key[isLoggable] value[]
com.mysql.cj.jdbc.ClientPreparedStatement:  select prop_value from properties where prop_key ='isLoggable'
KEY => [isLoggable => true]
KEY => [isLoggable => true]
Closing Operation call from Dbmanager CloseAll....  Connection Closed [true]  Statement Closed [true]  ResultSet Closed [true] 
Properties key[isLoggable] value[]
com.mysql.cj.jdbc.ClientPreparedStatement:  select prop_value from properties where prop_key ='isLoggable'
KEY => [isLoggable => true]
KEY => [isLoggable => true]
Closing Operation call from Dbmanager CloseAll....  Connection Closed [true]  Statement Closed [true]  ResultSet Closed [true] 
Properties key[isLoggable] value[]
com.mysql.cj.jdbc.ClientPreparedStatement:  select prop_value from properties where prop_key ='isLoggable'
KEY => [isLoggable => true]
KEY => [isLoggable => true]
Closing Operation call from Dbmanager CloseAll....  Connection Closed [true]  Statement Closed [true]  ResultSet Closed [true] 
Properties key[isLoggable] value[]
com.mysql.cj.jdbc.ClientPreparedStatement:  select prop_value from properties where prop_key ='isLoggable'
KEY => [isLoggable => true]
KEY => [isLoggable => true]
Closing Operation call from Dbmanager CloseAll....  Connection Closed [true]  Statement Closed [true]  ResultSet Closed [true] 
Properties key[isLoggable] value[]
com.mysql.cj.jdbc.ClientPreparedStatement:  select prop_value from properties where prop_key ='isLoggable'
KEY => [isLoggable => true]
KEY => [isLoggable => true]
Closing Operation call from Dbmanager CloseAll....  Connection Closed [true]  Statement Closed [true]  ResultSet Closed [true] 
Properties key[isLoggable] value[]
com.mysql.cj.jdbc.ClientPreparedStatement:  select prop_value from properties where prop_key ='isLoggable'
KEY => [isLoggable => true]
KEY => [isLoggable => true]
Closing Operation call from Dbmanager CloseAll....  Connection Closed [true]  Statement Closed [true]  ResultSet Closed [true] 
Properties key[isLoggable] value[]
com.mysql.cj.jdbc.ClientPreparedStatement:  select prop_value from properties where prop_key ='isLoggable'
KEY => [isLoggable => true]
KEY => [isLoggable => true]
Closing Operation call from Dbmanager CloseAll....  Connection Closed [true]  Statement Closed [true]  ResultSet Closed [true] 
Closing Operation call from Generic closeAll....  Connection Closed [true]  Statement Closed [true]  ResultSet Closed [true] 
Response Commited for > /Travel/Ajax [true] Redirect to Login Page [No]
 Url [/Travel/styleSheet/bootstrap.min.css.map] checkStatus :false
Response Commited for > /Travel/styleSheet/bootstrap.min.css.map [true] Redirect to Login Page [No]
 Url [/Travel/Login] checkStatus :false
com.mysql.cj.jdbc.ClientPreparedStatement:  select prop_value from properties where prop_key ='LOG_PATH'
KEY => [LOG_PATH => /Git/My Repository/Completed/Travel_Current_Project/Logs]
Closing Operation call from Dbmanager CloseAll....  Connection Closed [true]  Statement Closed [true]  ResultSet Closed [true] 
 Today Log Date 2023-12-04
Inside getLogPathForToday() Log Path [/Git/My Repository/Completed/Travel_Current_Project/Logs] folder [2023/12-December/4-Monday/]
 LoggerFactory .... isLog4jInitiated [true]
 LoggerFactory .... isConsoleLogInitiated [true]
Inside Login sERVLET
Properties key[isLoggable] value[]
com.mysql.cj.jdbc.ClientPreparedStatement:  select prop_value from properties where prop_key ='isLoggable'
KEY => [isLoggable => true]
KEY => [isLoggable => true]
Closing Operation call from Dbmanager CloseAll....  Connection Closed [true]  Statement Closed [true]  ResultSet Closed [true] 
Properties key[isLoggable] value[]
com.mysql.cj.jdbc.ClientPreparedStatement:  select prop_value from properties where prop_key ='isLoggable'
KEY => [isLoggable => true]
KEY => [isLoggable => true]
Closing Operation call from Dbmanager CloseAll....  Connection Closed [true]  Statement Closed [true]  ResultSet Closed [true] 
Properties key[isLoggable] value[]
com.mysql.cj.jdbc.ClientPreparedStatement:  select prop_value from properties where prop_key ='isLoggable'
KEY => [isLoggable => true]
KEY => [isLoggable => true]
Closing Operation call from Dbmanager CloseAll....  Connection Closed [true]  Statement Closed [true]  ResultSet Closed [true] 
Properties key[isLoggable] value[]
com.mysql.cj.jdbc.ClientPreparedStatement:  select prop_value from properties where prop_key ='isLoggable'
KEY => [isLoggable => true]
KEY => [isLoggable => true]
Closing Operation call from Dbmanager CloseAll....  Connection Closed [true]  Statement Closed [true]  ResultSet Closed [true] 
Properties key[isLoggable] value[]
com.mysql.cj.jdbc.ClientPreparedStatement:  select prop_value from properties where prop_key ='isLoggable'
KEY => [isLoggable => true]
KEY => [isLoggable => true]
Closing Operation call from Dbmanager CloseAll....  Connection Closed [true]  Statement Closed [true]  ResultSet Closed [true] 
Properties key[isLoggable] value[]
com.mysql.cj.jdbc.ClientPreparedStatement:  select prop_value from properties where prop_key ='isLoggable'
KEY => [isLoggable => true]
KEY => [isLoggable => true]
Closing Operation call from Dbmanager CloseAll....  Connection Closed [true]  Statement Closed [true]  ResultSet Closed [true] 
Properties key[isLoggable] value[]
com.mysql.cj.jdbc.ClientPreparedStatement:  select prop_value from properties where prop_key ='isLoggable'
KEY => [isLoggable => true]
KEY => [isLoggable => true]
Closing Operation call from Dbmanager CloseAll....  Connection Closed [true]  Statement Closed [true]  ResultSet Closed [true] 
Properties key[isLoggable] value[]
com.mysql.cj.jdbc.ClientPreparedStatement:  select prop_value from properties where prop_key ='isLoggable'
KEY => [isLoggable => true]
KEY => [isLoggable => true]
Closing Operation call from Dbmanager CloseAll....  Connection Closed [true]  Statement Closed [true]  ResultSet Closed [true] 
Properties key[isLoggable] value[]
com.mysql.cj.jdbc.ClientPreparedStatement:  select prop_value from properties where prop_key ='isLoggable'
KEY => [isLoggable => true]
KEY => [isLoggable => true]
Closing Operation call from Dbmanager CloseAll....  Connection Closed [true]  Statement Closed [true]  ResultSet Closed [true] 
Properties key[isLoggable] value[]
com.mysql.cj.jdbc.ClientPreparedStatement:  select prop_value from properties where prop_key ='isLoggable'
KEY => [isLoggable => true]
KEY => [isLoggable => true]
Closing Operation call from Dbmanager CloseAll....  Connection Closed [true]  Statement Closed [true]  ResultSet Closed [true] 
Properties key[isLoggable] value[]
com.mysql.cj.jdbc.ClientPreparedStatement:  select prop_value from properties where prop_key ='isLoggable'
KEY => [isLoggable => true]
KEY => [isLoggable => true]
Closing Operation call from Dbmanager CloseAll....  Connection Closed [true]  Statement Closed [true]  ResultSet Closed [true] 
Properties key[isLoggable] value[]
com.mysql.cj.jdbc.ClientPreparedStatement:  select prop_value from properties where prop_key ='isLoggable'
KEY => [isLoggable => true]
KEY => [isLoggable => true]
Closing Operation call from Dbmanager CloseAll....  Connection Closed [true]  Statement Closed [true]  ResultSet Closed [true] 
Properties key[isLoggable] value[]
com.mysql.cj.jdbc.ClientPreparedStatement:  select prop_value from properties where prop_key ='isLoggable'
KEY => [isLoggable => true]
KEY => [isLoggable => true]
Closing Operation call from Dbmanager CloseAll....  Connection Closed [true]  Statement Closed [true]  ResultSet Closed [true] 
Closing Operation call from closeOpenConnections....  Connection Closed [true]  Statement Closed [true]  ResultSet Closed [true] 
Response Commited for > /Travel/Login [true] Redirect to Login Page [No]
 Url [/Travel/styleSheet/bootstrap.css] checkStatus :false
Response Commited for > /Travel/styleSheet/bootstrap.css [false] Redirect to Login Page [No]
 Url [/Travel/styleSheet/index.css] checkStatus :false
 Url [/Travel/styleSheet/searchBox.css] checkStatus :false
 Url [/Travel/styleSheet/Pagination.css] checkStatus :false
 Url [/Travel/styleSheet/header.css] checkStatus :false
 Url [/Travel/styleSheet/ajax-loader.css] checkStatus :false
Response Commited for > /Travel/styleSheet/ajax-loader.css [true] Redirect to Login Page [No]
Response Commited for > /Travel/styleSheet/ajax-loader.css [true] Redirect to Login Page [No]
Response Commited for > /Travel/styleSheet/ajax-loader.css [true] Redirect to Login Page [No]
Response Commited for > /Travel/styleSheet/ajax-loader.css [true] Redirect to Login Page [No]
Response Commited for > /Travel/styleSheet/ajax-loader.css [true] Redirect to Login Page [No]
 Url [/Travel/styleSheet/loader/loader.css] checkStatus :false
Response Commited for > /Travel/styleSheet/loader/loader.css [true] Redirect to Login Page [No]
 Url [/Travel/styleSheet/Profile/editProfile.css] checkStatus :false
 Url [/Travel/scripts/ajax/libs/jquery/3.5.1/jquery.min.js] checkStatus :false
 Url [/Travel/scripts/ajax/libs/jquery/3.6.0/jquery.min.js] checkStatus :false
Response Commited for > /Travel/scripts/ajax/libs/jquery/3.6.0/jquery.min.js [true] Redirect to Login Page [No]
Response Commited for > /Travel/scripts/ajax/libs/jquery/3.6.0/jquery.min.js [false] Redirect to Login Page [No]
Response Commited for > /Travel/scripts/ajax/libs/jquery/3.6.0/jquery.min.js [false] Redirect to Login Page [No]
 Url [/Travel/scripts/ajax/libs/jquery/1.9.1/jquery.min.js] checkStatus :false
 Url [/Travel/scripts/ajax/libs/jqueryUi/1.10.2/jquery-ui.min.js] checkStatus :false
Response Commited for > /Travel/scripts/ajax/libs/jqueryUi/1.10.2/jquery-ui.min.js [false] Redirect to Login Page [No]
Response Commited for > /Travel/scripts/ajax/libs/jqueryUi/1.10.2/jquery-ui.min.js [false] Redirect to Login Page [No]
 Url [/Travel/scripts/Validator.js] checkStatus :false
 Url [/Travel/scripts/ajaxCall.js] checkStatus :false
 Url [/Travel/scripts/loader/loader.js] checkStatus :false
 Url [/Travel/scripts/common.js] checkStatus :false
Response Commited for > /Travel/scripts/common.js [true] Redirect to Login Page [No]
 Url [/Travel/Images/profileImages/siva/DSC_0145.JPG] checkStatus :false
Response Commited for > /Travel/Images/profileImages/siva/DSC_0145.JPG [true] Redirect to Login Page [No]
Response Commited for > /Travel/Images/profileImages/siva/DSC_0145.JPG [true] Redirect to Login Page [No]
Response Commited for > /Travel/Images/profileImages/siva/DSC_0145.JPG [false] Redirect to Login Page [No]
Response Commited for > null [true] Redirect to Login Page [No]
 Url [/Travel/styleSheet/bootstrap.min.css.map] checkStatus :false
Response Commited for > /Travel/styleSheet/bootstrap.min.css.map [true] Redirect to Login Page [No]
 Url [/Travel/scripts/profile/editProfile.js] checkStatus :false
Response Commited for > /Travel/scripts/profile/editProfile.js [true] Redirect to Login Page [No]
 Url [/Travel/Images/Carousel/flight.jpg] checkStatus :false
Response Commited for > /Travel/Images/Carousel/flight.jpg [false] Redirect to Login Page [No]
 Url [/Travel/Images/Carousel/1.jpg] checkStatus :false
Response Commited for > /Travel/Images/Carousel/1.jpg [false] Redirect to Login Page [No]
 Url [/Travel/Images/Carousel/2.webp] checkStatus :false
Response Commited for > /Travel/Images/Carousel/2.webp [true] Redirect to Login Page [No]
 Url [/Travel/Images/Carousel/3.jpg] checkStatus :false
Response Commited for > /Travel/Images/Carousel/3.jpg [false] Redirect to Login Page [No]
 Url [/Travel/scripts/header.js] checkStatus :false
Response Commited for > /Travel/scripts/header.js [true] Redirect to Login Page [No]
 Url [/Travel/scripts/home.js] checkStatus :false
Response Commited for > /Travel/scripts/home.js [true] Redirect to Login Page [No]
 Url [/Travel/Images/Carousel/4.jpg] checkStatus :false
Response Commited for > /Travel/Images/Carousel/4.jpg [false] Redirect to Login Page [No]
 Url [/Travel/Images/Carousel/5.jpg] checkStatus :false
Response Commited for > /Travel/Images/Carousel/5.jpg [false] Redirect to Login Page [No]
 Url [/Travel/Images/Carousel/6.jpeg] checkStatus :false
Response Commited for > /Travel/Images/Carousel/6.jpeg [true] Redirect to Login Page [No]
 Url [/Travel/Images/favIcon/fav.png] checkStatus :false
Response Commited for > /Travel/Images/favIcon/fav.png [true] Redirect to Login Page [No]
 Url [/Travel/] checkStatus :true
 session checkStatus :false
Response Commited for > /Travel/ [false] Redirect to Login Page [No]
 Url [/Travel/scripts/index.js] checkStatus :false
Response Commited for > /Travel/scripts/index.js [true] Redirect to Login Page [No]
 Url [/Travel/scripts/ajaxCall.js] checkStatus :false
Response Commited for > /Travel/scripts/ajaxCall.js [false] Redirect to Login Page [No]
 Url [/Travel/styleSheet/bootstrap.min.css.map] checkStatus :false
Response Commited for > /Travel/styleSheet/bootstrap.min.css.map [true] Redirect to Login Page [No]
 Errors exists in PrintStream [false]
Inside Login sERVLET
Properties key[isLoggable] value[]
com.mysql.cj.jdbc.ClientPreparedStatement:  select prop_value from properties where prop_key ='isLoggable'
KEY => [isLoggable => true]
KEY => [isLoggable => true]
Closing Operation call from Dbmanager CloseAll....  Connection Closed [true]  Statement Closed [true]  ResultSet Closed [true] 
Properties key[isLoggable] value[]
com.mysql.cj.jdbc.ClientPreparedStatement:  select prop_value from properties where prop_key ='isLoggable'
KEY => [isLoggable => true]
KEY => [isLoggable => true]
Closing Operation call from Dbmanager CloseAll....  Connection Closed [true]  Statement Closed [true]  ResultSet Closed [true] 
Properties key[isLoggable] value[]
com.mysql.cj.jdbc.ClientPreparedStatement:  select prop_value from properties where prop_key ='isLoggable'
KEY => [isLoggable => true]
KEY => [isLoggable => true]
Closing Operation call from Dbmanager CloseAll....  Connection Closed [true]  Statement Closed [true]  ResultSet Closed [true] 
Properties key[isLoggable] value[]
com.mysql.cj.jdbc.ClientPreparedStatement:  select prop_value from properties where prop_key ='isLoggable'
KEY => [isLoggable => true]
KEY => [isLoggable => true]
Closing Operation call from Dbmanager CloseAll....  Connection Closed [true]  Statement Closed [true]  ResultSet Closed [true] 
Properties key[isLoggable] value[]
com.mysql.cj.jdbc.ClientPreparedStatement:  select prop_value from properties where prop_key ='isLoggable'
KEY => [isLoggable => true]
KEY => [isLoggable => true]
Closing Operation call from Dbmanager CloseAll....  Connection Closed [true]  Statement Closed [true]  ResultSet Closed [true] 
Properties key[isLoggable] value[]
com.mysql.cj.jdbc.ClientPreparedStatement:  select prop_value from properties where prop_key ='isLoggable'
KEY => [isLoggable => true]
KEY => [isLoggable => true]
Closing Operation call from Dbmanager CloseAll....  Connection Closed [true]  Statement Closed [true]  ResultSet Closed [true] 
Properties key[isLoggable] value[]
com.mysql.cj.jdbc.ClientPreparedStatement:  select prop_value from properties where prop_key ='isLoggable'
KEY => [isLoggable => true]
KEY => [isLoggable => true]
Closing Operation call from Dbmanager CloseAll....  Connection Closed [true]  Statement Closed [true]  ResultSet Closed [true] 
Properties key[isLoggable] value[]
com.mysql.cj.jdbc.ClientPreparedStatement:  select prop_value from properties where prop_key ='isLoggable'
KEY => [isLoggable => true]
KEY => [isLoggable => true]
Closing Operation call from Dbmanager CloseAll....  Connection Closed [true]  Statement Closed [true]  ResultSet Closed [true] 
Properties key[isLoggable] value[]
com.mysql.cj.jdbc.ClientPreparedStatement:  select prop_value from properties where prop_key ='isLoggable'
KEY => [isLoggable => true]
KEY => [isLoggable => true]
Closing Operation call from Dbmanager CloseAll....  Connection Closed [true]  Statement Closed [true]  ResultSet Closed [true] 
Properties key[isLoggable] value[]
com.mysql.cj.jdbc.ClientPreparedStatement:  select prop_value from properties where prop_key ='isLoggable'
KEY => [isLoggable => true]
KEY => [isLoggable => true]
Closing Operation call from Dbmanager CloseAll....  Connection Closed [true]  Statement Closed [true]  ResultSet Closed [true] 
Properties key[isLoggable] value[]
com.mysql.cj.jdbc.ClientPreparedStatement:  select prop_value from properties where prop_key ='isLoggable'
KEY => [isLoggable => true]
KEY => [isLoggable => true]
Closing Operation call from Dbmanager CloseAll....  Connection Closed [true]  Statement Closed [true]  ResultSet Closed [true] 
Properties key[isLoggable] value[]
com.mysql.cj.jdbc.ClientPreparedStatement:  select prop_value from properties where prop_key ='isLoggable'
KEY => [isLoggable => true]
KEY => [isLoggable => true]
Closing Operation call from Dbmanager CloseAll....  Connection Closed [true]  Statement Closed [true]  ResultSet Closed [true] 
Properties key[isLoggable] value[]
com.mysql.cj.jdbc.ClientPreparedStatement:  select prop_value from properties where prop_key ='isLoggable'
KEY => [isLoggable => true]
KEY => [isLoggable => true]
Closing Operation call from Dbmanager CloseAll....  Connection Closed [true]  Statement Closed [true]  ResultSet Closed [true] 
Closing Operation call from closeOpenConnections....  Connection Closed [true]  Statement Closed [true]  ResultSet Closed [true] 
Response Commited for > /Travel/Login [true] Redirect to Login Page [No]
 Url [/Travel/Images/profileImages/siva/DSC_0145.JPG] checkStatus :false
Response Commited for > /Travel/Images/profileImages/siva/DSC_0145.JPG [false] Redirect to Login Page [No]
 Url [/Travel/styleSheet/bootstrap.min.css.map] checkStatus :false
Response Commited for > /Travel/styleSheet/bootstrap.min.css.map [true] Redirect to Login Page [No]
 Url [/Travel/Login] checkStatus :false
com.mysql.cj.jdbc.ClientPreparedStatement:  select prop_value from properties where prop_key ='LOG_PATH'
KEY => [LOG_PATH => /Git/My Repository/Completed/Travel_Current_Project/Logs]
Closing Operation call from Dbmanager CloseAll....  Connection Closed [true]  Statement Closed [true]  ResultSet Closed [true] 
 Today Log Date 2023-12-04
Inside getLogPathForToday() Log Path [/Git/My Repository/Completed/Travel_Current_Project/Logs] folder [2023/12-December/4-Monday/]
 LoggerFactory .... isLog4jInitiated [true]
 LoggerFactory .... isConsoleLogInitiated [true]
Inside Login sERVLET
Properties key[isLoggable] value[]
com.mysql.cj.jdbc.ClientPreparedStatement:  select prop_value from properties where prop_key ='isLoggable'
KEY => [isLoggable => true]
KEY => [isLoggable => true]
Closing Operation call from Dbmanager CloseAll....  Connection Closed [true]  Statement Closed [true]  ResultSet Closed [true] 
Properties key[isLoggable] value[]
com.mysql.cj.jdbc.ClientPreparedStatement:  select prop_value from properties where prop_key ='isLoggable'
KEY => [isLoggable => true]
KEY => [isLoggable => true]
Closing Operation call from Dbmanager CloseAll....  Connection Closed [true]  Statement Closed [true]  ResultSet Closed [true] 
Closing Operation call from closeOpenConnections....  Connection Closed [true]  Statement Closed [true]  ResultSet Closed [true] 
Response Commited for > /Travel/Login [true] Redirect to Login Page [No]
 Url [/Travel/styleSheet/bootstrap.min.css.map] checkStatus :false
Response Commited for > /Travel/styleSheet/bootstrap.min.css.map [true] Redirect to Login Page [No]
 Url [/Travel/Login] checkStatus :false
com.mysql.cj.jdbc.ClientPreparedStatement:  select prop_value from properties where prop_key ='LOG_PATH'
KEY => [LOG_PATH => /Git/My Repository/Completed/Travel_Current_Project/Logs]
Closing Operation call from Dbmanager CloseAll....  Connection Closed [true]  Statement Closed [true]  ResultSet Closed [true] 
 Today Log Date 2023-12-04
Inside getLogPathForToday() Log Path [/Git/My Repository/Completed/Travel_Current_Project/Logs] folder [2023/12-December/4-Monday/]
 LoggerFactory .... isLog4jInitiated [true]
 LoggerFactory .... isConsoleLogInitiated [true]
 Inside setConsoleLog .. Console log Process starts .... 
 File Creation for Logger Starts ......
FilePath available [M:\Git\My Repository\Completed\Travel_Current_Project\Logs\2023\12-December\4-Monday]
 Log Path  Creation Failed  for [/Git/My Repository/Completed/Travel_Current_Project/Logs/2023/12-December/4-Monday/] 
File available [M:\eclipse\Console2023_12_December_4_Monday_.log]
 Generated Log File Name [log4j2023_12_December_4_Monday_.log]
 Generated Console File Name [Console2023_12_December_4_Monday_.log]
 Generated Log File Path [/Git/My Repository/Completed/Travel_Current_Project/Logs/2023/12-December/4-Monday/]
 File Creation for Logger Ends ......
Time taken to Complete .... 0 milli seconds  
Inside setSystemOutLogs filePath[/Git/My Repository/Completed/Travel_Current_Project/Logs/2023/12-December/4-Monday/] fileName [Console2023_12_December_4_Monday_.log]
 Inside setSystemOutLogs .. Console log Process starts .... 
Properties key[isLoggable] value[]
 Console Log [null] isLoggable [] 
 Errors exists in PrintStream [false]
Inside Login sERVLET
Properties key[isLoggable] value[]
com.mysql.cj.jdbc.ClientPreparedStatement:  select prop_value from properties where prop_key ='isLoggable'
KEY => [isLoggable => true]
KEY => [isLoggable => true]
Closing Operation call from Dbmanager CloseAll....  Connection Closed [true]  Statement Closed [true]  ResultSet Closed [true] 
Properties key[isLoggable] value[]
com.mysql.cj.jdbc.ClientPreparedStatement:  select prop_value from properties where prop_key ='isLoggable'
KEY => [isLoggable => true]
KEY => [isLoggable => true]
Closing Operation call from Dbmanager CloseAll....  Connection Closed [true]  Statement Closed [true]  ResultSet Closed [true] 
Properties key[isLoggable] value[]
com.mysql.cj.jdbc.ClientPreparedStatement:  select prop_value from properties where prop_key ='isLoggable'
KEY => [isLoggable => true]
KEY => [isLoggable => true]
Closing Operation call from Dbmanager CloseAll....  Connection Closed [true]  Statement Closed [true]  ResultSet Closed [true] 
Properties key[isLoggable] value[]
com.mysql.cj.jdbc.ClientPreparedStatement:  select prop_value from properties where prop_key ='isLoggable'
KEY => [isLoggable => true]
KEY => [isLoggable => true]
Closing Operation call from Dbmanager CloseAll....  Connection Closed [true]  Statement Closed [true]  ResultSet Closed [true] 
Properties key[isLoggable] value[]
com.mysql.cj.jdbc.ClientPreparedStatement:  select prop_value from properties where prop_key ='isLoggable'
KEY => [isLoggable => true]
KEY => [isLoggable => true]
Closing Operation call from Dbmanager CloseAll....  Connection Closed [true]  Statement Closed [true]  ResultSet Closed [true] 
Properties key[isLoggable] value[]
com.mysql.cj.jdbc.ClientPreparedStatement:  select prop_value from properties where prop_key ='isLoggable'
KEY => [isLoggable => true]
KEY => [isLoggable => true]
Closing Operation call from Dbmanager CloseAll....  Connection Closed [true]  Statement Closed [true]  ResultSet Closed [true] 
Properties key[isLoggable] value[]
com.mysql.cj.jdbc.ClientPreparedStatement:  select prop_value from properties where prop_key ='isLoggable'
KEY => [isLoggable => true]
KEY => [isLoggable => true]
Closing Operation call from Dbmanager CloseAll....  Connection Closed [true]  Statement Closed [true]  ResultSet Closed [true] 
Properties key[isLoggable] value[]
com.mysql.cj.jdbc.ClientPreparedStatement:  select prop_value from properties where prop_key ='isLoggable'
KEY => [isLoggable => true]
KEY => [isLoggable => true]
Closing Operation call from Dbmanager CloseAll....  Connection Closed [true]  Statement Closed [true]  ResultSet Closed [true] 
Properties key[isLoggable] value[]
com.mysql.cj.jdbc.ClientPreparedStatement:  select prop_value from properties where prop_key ='isLoggable'
KEY => [isLoggable => true]
KEY => [isLoggable => true]
Closing Operation call from Dbmanager CloseAll....  Connection Closed [true]  Statement Closed [true]  ResultSet Closed [true] 
Properties key[isLoggable] value[]
com.mysql.cj.jdbc.ClientPreparedStatement:  select prop_value from properties where prop_key ='isLoggable'
KEY => [isLoggable => true]
KEY => [isLoggable => true]
Closing Operation call from Dbmanager CloseAll....  Connection Closed [true]  Statement Closed [true]  ResultSet Closed [true] 
Properties key[isLoggable] value[]
com.mysql.cj.jdbc.ClientPreparedStatement:  select prop_value from properties where prop_key ='isLoggable'
KEY => [isLoggable => true]
KEY => [isLoggable => true]
Closing Operation call from Dbmanager CloseAll....  Connection Closed [true]  Statement Closed [true]  ResultSet Closed [true] 
Properties key[isLoggable] value[]
com.mysql.cj.jdbc.ClientPreparedStatement:  select prop_value from properties where prop_key ='isLoggable'
KEY => [isLoggable => true]
KEY => [isLoggable => true]
Closing Operation call from Dbmanager CloseAll....  Connection Closed [true]  Statement Closed [true]  ResultSet Closed [true] 
Properties key[isLoggable] value[]
com.mysql.cj.jdbc.ClientPreparedStatement:  select prop_value from properties where prop_key ='isLoggable'
KEY => [isLoggable => true]
KEY => [isLoggable => true]
Closing Operation call from Dbmanager CloseAll....  Connection Closed [true]  Statement Closed [true]  ResultSet Closed [true] 
Closing Operation call from closeOpenConnections....  Connection Closed [true]  Statement Closed [true]  ResultSet Closed [true] 
Response Commited for > /Travel/Login [true] Redirect to Login Page [No]
 Url [/Travel/Images/profileImages/ramya/DSC_0017.JPG] checkStatus :false
Response Commited for > /Travel/Images/profileImages/ramya/DSC_0017.JPG [false] Redirect to Login Page [No]
 Url [/Travel/styleSheet/bootstrap.min.css.map] checkStatus :false
Response Commited for > /Travel/styleSheet/bootstrap.min.css.map [true] Redirect to Login Page [No]
 Url [/Travel/upload.jsp] checkStatus :false
com.mysql.cj.jdbc.ClientPreparedStatement:  select prop_value from properties where prop_key ='PROFILE_IMAGE_PATH'
KEY => [PROFILE_IMAGE_PATH => /Git/My Repository/Completed/Travel_Current_Project/Travel/Travel/Images/profileImages/]
Closing Operation call from Dbmanager CloseAll....  Connection Closed [true]  Statement Closed [true]  ResultSet Closed [true] 
FilePath available [M:\Git\My Repository\Completed\Travel_Current_Project\Travel\Travel\Images\profileImages\ramya]
Response Commited for > /Travel/upload.jsp [false] Redirect to Login Page [No]
 Url [/Travel/upload.jsp] checkStatus :false
com.mysql.cj.jdbc.ClientPreparedStatement:  select prop_value from properties where prop_key ='PROFILE_IMAGE_PATH'
KEY => [PROFILE_IMAGE_PATH => /Git/My Repository/Completed/Travel_Current_Project/Travel/Travel/Images/profileImages/]
Closing Operation call from Dbmanager CloseAll....  Connection Closed [true]  Statement Closed [true]  ResultSet Closed [true] 
FilePath available [M:\Git\My Repository\Completed\Travel_Current_Project\Travel\Travel\Images\profileImages\ramya]
Response Commited for > /Travel/upload.jsp [false] Redirect to Login Page [No]
 Url [/Travel/styleSheet/bootstrap.min.css.map] checkStatus :false
Response Commited for > /Travel/styleSheet/bootstrap.min.css.map [true] Redirect to Login Page [No]
 Url [/Travel/upload.jsp] checkStatus :false
com.mysql.cj.jdbc.ClientPreparedStatement:  select prop_value from properties where prop_key ='PROFILE_IMAGE_PATH'
KEY => [PROFILE_IMAGE_PATH => /Git/My Repository/Completed/Travel_Current_Project/Travel/Travel/Images/profileImages/]
Closing Operation call from Dbmanager CloseAll....  Connection Closed [true]  Statement Closed [true]  ResultSet Closed [true] 
FilePath available [M:\Git\My Repository\Completed\Travel_Current_Project\Travel\Travel\Images\profileImages\ramya]
Response Commited for > /Travel/upload.jsp [false] Redirect to Login Page [No]
 Url [/Travel/upload.jsp] checkStatus :false
com.mysql.cj.jdbc.ClientPreparedStatement:  select prop_value from properties where prop_key ='PROFILE_IMAGE_PATH'
KEY => [PROFILE_IMAGE_PATH => /Git/My Repository/Completed/Travel_Current_Project/Travel/Travel/Images/profileImages/]
Closing Operation call from Dbmanager CloseAll....  Connection Closed [true]  Statement Closed [true]  ResultSet Closed [true] 
FilePath available [M:\Git\My Repository\Completed\Travel_Current_Project\Travel\Travel\Images\profileImages\ramya]
Response Commited for > /Travel/upload.jsp [false] Redirect to Login Page [No]
 Url [/Travel/upload.jsp] checkStatus :false
com.mysql.cj.jdbc.ClientPreparedStatement:  select prop_value from properties where prop_key ='PROFILE_IMAGE_PATH'
KEY => [PROFILE_IMAGE_PATH => /Git/My Repository/Completed/Travel_Current_Project/Travel/Travel/Images/profileImages/]
Closing Operation call from Dbmanager CloseAll....  Connection Closed [true]  Statement Closed [true]  ResultSet Closed [true] 
FilePath available [M:\Git\My Repository\Completed\Travel_Current_Project\Travel\Travel\Images\profileImages\ramya]
Response Commited for > /Travel/upload.jsp [false] Redirect to Login Page [No]
 Url [/Travel/styleSheet/bootstrap.min.css.map] checkStatus :false
Response Commited for > /Travel/styleSheet/bootstrap.min.css.map [true] Redirect to Login Page [No]
 Url [/Travel/upload.jsp] checkStatus :false
com.mysql.cj.jdbc.ClientPreparedStatement:  select prop_value from properties where prop_key ='PROFILE_IMAGE_PATH'
KEY => [PROFILE_IMAGE_PATH => /Git/My Repository/Completed/Travel_Current_Project/Travel/Travel/Images/profileImages/]
Closing Operation call from Dbmanager CloseAll....  Connection Closed [true]  Statement Closed [true]  ResultSet Closed [true] 
FilePath available [M:\Git\My Repository\Completed\Travel_Current_Project\Travel\Travel\Images\profileImages\ramya]
Response Commited for > /Travel/upload.jsp [false] Redirect to Login Page [No]
 Url [/Travel/Login] checkStatus :false
com.mysql.cj.jdbc.ClientPreparedStatement:  select prop_value from properties where prop_key ='LOG_PATH'
KEY => [LOG_PATH => /Git/My Repository/Completed/Travel_Current_Project/Logs]
Closing Operation call from Dbmanager CloseAll....  Connection Closed [true]  Statement Closed [true]  ResultSet Closed [true] 
 Today Log Date 2023-12-04
Inside getLogPathForToday() Log Path [/Git/My Repository/Completed/Travel_Current_Project/Logs] folder [2023/12-December/4-Monday/]
 LoggerFactory .... isLog4jInitiated [true]
 LoggerFactory .... isConsoleLogInitiated [true]
Inside Login sERVLET
Properties key[isLoggable] value[]
com.mysql.cj.jdbc.ClientPreparedStatement:  select prop_value from properties where prop_key ='isLoggable'
KEY => [isLoggable => true]
KEY => [isLoggable => true]
Closing Operation call from Dbmanager CloseAll....  Connection Closed [true]  Statement Closed [true]  ResultSet Closed [true] 
Properties key[isLoggable] value[]
com.mysql.cj.jdbc.ClientPreparedStatement:  select prop_value from properties where prop_key ='isLoggable'
KEY => [isLoggable => true]
KEY => [isLoggable => true]
Closing Operation call from Dbmanager CloseAll....  Connection Closed [true]  Statement Closed [true]  ResultSet Closed [true] 
Properties key[isLoggable] value[]
com.mysql.cj.jdbc.ClientPreparedStatement:  select prop_value from properties where prop_key ='isLoggable'
KEY => [isLoggable => true]
KEY => [isLoggable => true]
Closing Operation call from Dbmanager CloseAll....  Connection Closed [true]  Statement Closed [true]  ResultSet Closed [true] 
Properties key[isLoggable] value[]
com.mysql.cj.jdbc.ClientPreparedStatement:  select prop_value from properties where prop_key ='isLoggable'
KEY => [isLoggable => true]
KEY => [isLoggable => true]
Closing Operation call from Dbmanager CloseAll....  Connection Closed [true]  Statement Closed [true]  ResultSet Closed [true] 
Properties key[isLoggable] value[]
com.mysql.cj.jdbc.ClientPreparedStatement:  select prop_value from properties where prop_key ='isLoggable'
KEY => [isLoggable => true]
KEY => [isLoggable => true]
Closing Operation call from Dbmanager CloseAll....  Connection Closed [true]  Statement Closed [true]  ResultSet Closed [true] 
Properties key[isLoggable] value[]
com.mysql.cj.jdbc.ClientPreparedStatement:  select prop_value from properties where prop_key ='isLoggable'
KEY => [isLoggable => true]
KEY => [isLoggable => true]
Closing Operation call from Dbmanager CloseAll....  Connection Closed [true]  Statement Closed [true]  ResultSet Closed [true] 
Properties key[isLoggable] value[]
com.mysql.cj.jdbc.ClientPreparedStatement:  select prop_value from properties where prop_key ='isLoggable'
KEY => [isLoggable => true]
KEY => [isLoggable => true]
Closing Operation call from Dbmanager CloseAll....  Connection Closed [true]  Statement Closed [true]  ResultSet Closed [true] 
Properties key[isLoggable] value[]
com.mysql.cj.jdbc.ClientPreparedStatement:  select prop_value from properties where prop_key ='isLoggable'
KEY => [isLoggable => true]
KEY => [isLoggable => true]
Closing Operation call from Dbmanager CloseAll....  Connection Closed [true]  Statement Closed [true]  ResultSet Closed [true] 
Properties key[isLoggable] value[]
com.mysql.cj.jdbc.ClientPreparedStatement:  select prop_value from properties where prop_key ='isLoggable'
KEY => [isLoggable => true]
KEY => [isLoggable => true]
Closing Operation call from Dbmanager CloseAll....  Connection Closed [true]  Statement Closed [true]  ResultSet Closed [true] 
Properties key[isLoggable] value[]
com.mysql.cj.jdbc.ClientPreparedStatement:  select prop_value from properties where prop_key ='isLoggable'
KEY => [isLoggable => true]
KEY => [isLoggable => true]
Closing Operation call from Dbmanager CloseAll....  Connection Closed [true]  Statement Closed [true]  ResultSet Closed [true] 
Properties key[isLoggable] value[]
com.mysql.cj.jdbc.ClientPreparedStatement:  select prop_value from properties where prop_key ='isLoggable'
KEY => [isLoggable => true]
KEY => [isLoggable => true]
Closing Operation call from Dbmanager CloseAll....  Connection Closed [true]  Statement Closed [true]  ResultSet Closed [true] 
Properties key[isLoggable] value[]
com.mysql.cj.jdbc.ClientPreparedStatement:  select prop_value from properties where prop_key ='isLoggable'
KEY => [isLoggable => true]
KEY => [isLoggable => true]
Closing Operation call from Dbmanager CloseAll....  Connection Closed [true]  Statement Closed [true]  ResultSet Closed [true] 
Properties key[isLoggable] value[]
com.mysql.cj.jdbc.ClientPreparedStatement:  select prop_value from properties where prop_key ='isLoggable'
KEY => [isLoggable => true]
KEY => [isLoggable => true]
Closing Operation call from Dbmanager CloseAll....  Connection Closed [true]  Statement Closed [true]  ResultSet Closed [true] 
Closing Operation call from closeOpenConnections....  Connection Closed [true]  Statement Closed [true]  ResultSet Closed [true] 
Response Commited for > /Travel/Login [true] Redirect to Login Page [No]
 Url [/Travel/scripts/ajaxCall.js] checkStatus :false
Response Commited for > /Travel/scripts/ajaxCall.js [false] Redirect to Login Page [No]
 Url [/Travel/styleSheet/bootstrap.min.css.map] checkStatus :false
Response Commited for > /Travel/styleSheet/bootstrap.min.css.map [true] Redirect to Login Page [No]
 Url [/Travel/upload.jsp] checkStatus :false
com.mysql.cj.jdbc.ClientPreparedStatement:  select prop_value from properties where prop_key ='PROFILE_IMAGE_PATH'
KEY => [PROFILE_IMAGE_PATH => /Git/My Repository/Completed/Travel_Current_Project/Travel/Travel/Images/profileImages/]
Closing Operation call from Dbmanager CloseAll....  Connection Closed [true]  Statement Closed [true]  ResultSet Closed [true] 
FilePath available [M:\Git\My Repository\Completed\Travel_Current_Project\Travel\Travel\Images\profileImages\ramya]
Response Commited for > /Travel/upload.jsp [false] Redirect to Login Page [No]
 Url [/Travel/Login] checkStatus :false
com.mysql.cj.jdbc.ClientPreparedStatement:  select prop_value from properties where prop_key ='LOG_PATH'
KEY => [LOG_PATH => /Git/My Repository/Completed/Travel_Current_Project/Logs]
Closing Operation call from Dbmanager CloseAll....  Connection Closed [true]  Statement Closed [true]  ResultSet Closed [true] 
 Today Log Date 2023-12-04
Inside getLogPathForToday() Log Path [/Git/My Repository/Completed/Travel_Current_Project/Logs] folder [2023/12-December/4-Monday/]
 LoggerFactory .... isLog4jInitiated [true]
 LoggerFactory .... isConsoleLogInitiated [true]
Inside Login sERVLET
Properties key[isLoggable] value[]
com.mysql.cj.jdbc.ClientPreparedStatement:  select prop_value from properties where prop_key ='isLoggable'
KEY => [isLoggable => true]
KEY => [isLoggable => true]
Closing Operation call from Dbmanager CloseAll....  Connection Closed [true]  Statement Closed [true]  ResultSet Closed [true] 
Properties key[isLoggable] value[]
com.mysql.cj.jdbc.ClientPreparedStatement:  select prop_value from properties where prop_key ='isLoggable'
KEY => [isLoggable => true]
KEY => [isLoggable => true]
Closing Operation call from Dbmanager CloseAll....  Connection Closed [true]  Statement Closed [true]  ResultSet Closed [true] 
Properties key[isLoggable] value[]
com.mysql.cj.jdbc.ClientPreparedStatement:  select prop_value from properties where prop_key ='isLoggable'
KEY => [isLoggable => true]
KEY => [isLoggable => true]
Closing Operation call from Dbmanager CloseAll....  Connection Closed [true]  Statement Closed [true]  ResultSet Closed [true] 
Properties key[isLoggable] value[]
com.mysql.cj.jdbc.ClientPreparedStatement:  select prop_value from properties where prop_key ='isLoggable'
KEY => [isLoggable => true]
KEY => [isLoggable => true]
Closing Operation call from Dbmanager CloseAll....  Connection Closed [true]  Statement Closed [true]  ResultSet Closed [true] 
Properties key[isLoggable] value[]
com.mysql.cj.jdbc.ClientPreparedStatement:  select prop_value from properties where prop_key ='isLoggable'
KEY => [isLoggable => true]
KEY => [isLoggable => true]
Closing Operation call from Dbmanager CloseAll....  Connection Closed [true]  Statement Closed [true]  ResultSet Closed [true] 
Properties key[isLoggable] value[]
com.mysql.cj.jdbc.ClientPreparedStatement:  select prop_value from properties where prop_key ='isLoggable'
KEY => [isLoggable => true]
KEY => [isLoggable => true]
Closing Operation call from Dbmanager CloseAll....  Connection Closed [true]  Statement Closed [true]  ResultSet Closed [true] 
Properties key[isLoggable] value[]
com.mysql.cj.jdbc.ClientPreparedStatement:  select prop_value from properties where prop_key ='isLoggable'
KEY => [isLoggable => true]
KEY => [isLoggable => true]
Closing Operation call from Dbmanager CloseAll....  Connection Closed [true]  Statement Closed [true]  ResultSet Closed [true] 
Properties key[isLoggable] value[]
com.mysql.cj.jdbc.ClientPreparedStatement:  select prop_value from properties where prop_key ='isLoggable'
KEY => [isLoggable => true]
KEY => [isLoggable => true]
Closing Operation call from Dbmanager CloseAll....  Connection Closed [true]  Statement Closed [true]  ResultSet Closed [true] 
Properties key[isLoggable] value[]
com.mysql.cj.jdbc.ClientPreparedStatement:  select prop_value from properties where prop_key ='isLoggable'
KEY => [isLoggable => true]
KEY => [isLoggable => true]
Closing Operation call from Dbmanager CloseAll....  Connection Closed [true]  Statement Closed [true]  ResultSet Closed [true] 
Properties key[isLoggable] value[]
com.mysql.cj.jdbc.ClientPreparedStatement:  select prop_value from properties where prop_key ='isLoggable'
KEY => [isLoggable => true]
KEY => [isLoggable => true]
Closing Operation call from Dbmanager CloseAll....  Connection Closed [true]  Statement Closed [true]  ResultSet Closed [true] 
Properties key[isLoggable] value[]
com.mysql.cj.jdbc.ClientPreparedStatement:  select prop_value from properties where prop_key ='isLoggable'
KEY => [isLoggable => true]
KEY => [isLoggable => true]
Closing Operation call from Dbmanager CloseAll....  Connection Closed [true]  Statement Closed [true]  ResultSet Closed [true] 
Properties key[isLoggable] value[]
com.mysql.cj.jdbc.ClientPreparedStatement:  select prop_value from properties where prop_key ='isLoggable'
KEY => [isLoggable => true]
KEY => [isLoggable => true]
Closing Operation call from Dbmanager CloseAll....  Connection Closed [true]  Statement Closed [true]  ResultSet Closed [true] 
Properties key[isLoggable] value[]
com.mysql.cj.jdbc.ClientPreparedStatement:  select prop_value from properties where prop_key ='isLoggable'
KEY => [isLoggable => true]
KEY => [isLoggable => true]
Closing Operation call from Dbmanager CloseAll....  Connection Closed [true]  Statement Closed [true]  ResultSet Closed [true] 
Closing Operation call from closeOpenConnections....  Connection Closed [true]  Statement Closed [true]  ResultSet Closed [true] 
Response Commited for > /Travel/Login [true] Redirect to Login Page [No]
 Url [/Travel/styleSheet/bootstrap.css] checkStatus :false
Response Commited for > /Travel/styleSheet/bootstrap.css [false] Redirect to Login Page [No]
 Url [/Travel/styleSheet/index.css] checkStatus :false
Response Commited for > /Travel/styleSheet/index.css [true] Redirect to Login Page [No]
 Url [/Travel/styleSheet/Pagination.css] checkStatus :false
 Url [/Travel/styleSheet/searchBox.css] checkStatus :false
Response Commited for > /Travel/styleSheet/searchBox.css [true] Redirect to Login Page [No]
Response Commited for > /Travel/styleSheet/searchBox.css [true] Redirect to Login Page [No]
 Url [/Travel/styleSheet/header.css] checkStatus :false
Response Commited for > /Travel/styleSheet/header.css [true] Redirect to Login Page [No]
 Url [/Travel/styleSheet/ajax-loader.css] checkStatus :false
Response Commited for > /Travel/styleSheet/ajax-loader.css [true] Redirect to Login Page [No]
 Url [/Travel/styleSheet/loader/loader.css] checkStatus :false
Response Commited for > /Travel/styleSheet/loader/loader.css [true] Redirect to Login Page [No]
 Url [/Travel/styleSheet/Profile/editProfile.css] checkStatus :false
Response Commited for > /Travel/styleSheet/Profile/editProfile.css [true] Redirect to Login Page [No]
 Url [/Travel/scripts/ajax/libs/jquery/3.5.1/jquery.min.js] checkStatus :false
Response Commited for > /Travel/scripts/ajax/libs/jquery/3.5.1/jquery.min.js [false] Redirect to Login Page [No]
 Url [/Travel/scripts/ajax/libs/jquery/3.6.0/jquery.min.js] checkStatus :false
Response Commited for > /Travel/scripts/ajax/libs/jquery/3.6.0/jquery.min.js [false] Redirect to Login Page [No]
 Url [/Travel/scripts/ajax/libs/jquery/1.9.1/jquery.min.js] checkStatus :false
Response Commited for > /Travel/scripts/ajax/libs/jquery/1.9.1/jquery.min.js [false] Redirect to Login Page [No]
 Url [/Travel/scripts/ajax/libs/jqueryUi/1.10.2/jquery-ui.min.js] checkStatus :false
Response Commited for > /Travel/scripts/ajax/libs/jqueryUi/1.10.2/jquery-ui.min.js [false] Redirect to Login Page [No]
 Url [/Travel/scripts/Validator.js] checkStatus :false
Response Commited for > /Travel/scripts/Validator.js [true] Redirect to Login Page [No]
 Url [/Travel/scripts/ajaxCall.js] checkStatus :false
Response Commited for > /Travel/scripts/ajaxCall.js [true] Redirect to Login Page [No]
 Url [/Travel/scripts/loader/loader.js] checkStatus :false
 Url [/Travel/scripts/common.js] checkStatus :false
Response Commited for > /Travel/scripts/common.js [true] Redirect to Login Page [No]
 Url [/Travel/Images/profileImages/ramya/DSC_0017.JPG] checkStatus :false
Response Commited for > /Travel/Images/profileImages/ramya/DSC_0017.JPG [false] Redirect to Login Page [No]
Response Commited for > null [true] Redirect to Login Page [No]
 Url [/Travel/styleSheet/bootstrap.min.css.map] checkStatus :false
Response Commited for > /Travel/styleSheet/bootstrap.min.css.map [true] Redirect to Login Page [No]
 Url [/Travel/scripts/profile/editProfile.js] checkStatus :false
Response Commited for > /Travel/scripts/profile/editProfile.js [true] Redirect to Login Page [No]
 Url [/Travel/Images/Carousel/flight.jpg] checkStatus :false
Response Commited for > /Travel/Images/Carousel/flight.jpg [false] Redirect to Login Page [No]
 Url [/Travel/Images/Carousel/1.jpg] checkStatus :false
Response Commited for > /Travel/Images/Carousel/1.jpg [false] Redirect to Login Page [No]
 Url [/Travel/Images/Carousel/2.webp] checkStatus :false
Response Commited for > /Travel/Images/Carousel/2.webp [true] Redirect to Login Page [No]
 Url [/Travel/Images/Carousel/3.jpg] checkStatus :false
 Url [/Travel/scripts/header.js] checkStatus :false
Response Commited for > /Travel/scripts/header.js [false] Redirect to Login Page [No]
Response Commited for > /Travel/scripts/header.js [true] Redirect to Login Page [No]
 Url [/Travel/scripts/home.js] checkStatus :false
Response Commited for > /Travel/scripts/home.js [true] Redirect to Login Page [No]
 Url [/Travel/Images/Carousel/4.jpg] checkStatus :false
Response Commited for > /Travel/Images/Carousel/4.jpg [false] Redirect to Login Page [No]
 Url [/Travel/Images/Carousel/5.jpg] checkStatus :false
Response Commited for > /Travel/Images/Carousel/5.jpg [false] Redirect to Login Page [No]
 Url [/Travel/Images/Carousel/6.jpeg] checkStatus :false
Response Commited for > /Travel/Images/Carousel/6.jpeg [true] Redirect to Login Page [No]
 Url [/Travel/Images/favIcon/fav.png] checkStatus :false
Response Commited for > /Travel/Images/favIcon/fav.png [true] Redirect to Login Page [No]
 Url [/Travel/upload.jsp] checkStatus :false
com.mysql.cj.jdbc.ClientPreparedStatement:  select prop_value from properties where prop_key ='PROFILE_IMAGE_PATH'
KEY => [PROFILE_IMAGE_PATH => /Git/My Repository/Completed/Travel_Current_Project/Travel/Travel/Images/profileImages/]
Closing Operation call from Dbmanager CloseAll....  Connection Closed [true]  Statement Closed [true]  ResultSet Closed [true] 
FilePath available [M:\Git\My Repository\Completed\Travel_Current_Project\Travel\Travel\Images\profileImages\ramya]
Response Commited for > /Travel/upload.jsp [false] Redirect to Login Page [No]
 Errors exists in PrintStream [false]
Inside Login sERVLET
Properties key[isLoggable] value[]
com.mysql.cj.jdbc.ClientPreparedStatement:  select prop_value from properties where prop_key ='isLoggable'
KEY => [isLoggable => true]
KEY => [isLoggable => true]
Closing Operation call from Dbmanager CloseAll....  Connection Closed [true]  Statement Closed [true]  ResultSet Closed [true] 
Properties key[isLoggable] value[]
com.mysql.cj.jdbc.ClientPreparedStatement:  select prop_value from properties where prop_key ='isLoggable'
KEY => [isLoggable => true]
KEY => [isLoggable => true]
Closing Operation call from Dbmanager CloseAll....  Connection Closed [true]  Statement Closed [true]  ResultSet Closed [true] 
Closing Operation call from closeOpenConnections....  Connection Closed [true] 
Response Commited for > /Travel/Login [true] Redirect to Login Page [No]
 Url [/Travel/scripts/index.js] checkStatus :false
Response Commited for > /Travel/scripts/index.js [true] Redirect to Login Page [No]
 Url [/Travel/styleSheet/bootstrap.min.css.map] checkStatus :false
Response Commited for > /Travel/styleSheet/bootstrap.min.css.map [true] Redirect to Login Page [No]
